match
match_id 1639397274061_ar
match_time 1639397274072
num_bots 1
##MatchConfig
mode FRIENDLY
num_rounds 200
random_seed 42
move_time_limit 5000
coin_spawn_period 5
coin_spawn_volume 10
##MapConfig
map_size 62 26
view_radius 5
mining_radius 1
attack_radius 4
block 0 0
block 1 0
block 2 0
block 3 0
block 4 0
block 5 0
block 6 0
block 15 0
block 16 0
block 17 0
block 42 0
block 43 0
block 44 0
block 45 0
block 46 0
block 47 0
block 15 1
block 16 1
block 17 1
block 42 1
block 43 1
block 44 1
block 45 1
block 46 1
block 47 1
block 15 2
block 16 2
block 17 2
block 42 2
block 43 2
block 44 2
block 45 2
block 46 2
block 47 2
block 15 3
block 16 3
block 17 3
block 5 5
block 6 5
block 7 5
block 8 5
block 9 5
block 13 5
block 14 5
block 5 6
block 6 6
block 7 6
block 8 6
block 9 6
block 13 6
block 14 6
block 5 7
block 6 7
block 7 7
block 8 7
block 9 7
block 13 7
block 14 7
block 5 8
block 6 8
block 7 8
block 8 8
block 9 8
block 5 9
block 6 9
block 7 9
block 8 9
block 9 9
block 57 9
block 58 9
block 59 9
block 5 10
block 6 10
block 7 10
block 8 10
block 9 10
block 30 10
block 31 10
block 32 10
block 33 10
block 34 10
block 57 10
block 58 10
block 59 10
block 12 11
block 13 11
block 14 11
block 15 11
block 16 11
block 17 11
block 18 11
block 30 11
block 31 11
block 32 11
block 33 11
block 34 11
block 50 11
block 51 11
block 52 11
block 53 11
block 54 11
block 57 11
block 58 11
block 59 11
block 12 12
block 13 12
block 14 12
block 15 12
block 16 12
block 17 12
block 18 12
block 30 12
block 31 12
block 32 12
block 33 12
block 34 12
block 47 12
block 48 12
block 49 12
block 50 12
block 51 12
block 52 12
block 53 12
block 54 12
block 9 13
block 10 13
block 11 13
block 12 13
block 13 13
block 14 13
block 15 13
block 16 13
block 17 13
block 18 13
block 30 13
block 31 13
block 32 13
block 33 13
block 34 13
block 47 13
block 48 13
block 49 13
block 50 13
block 51 13
block 52 13
block 53 13
block 54 13
block 9 14
block 10 14
block 11 14
block 12 14
block 13 14
block 14 14
block 15 14
block 16 14
block 17 14
block 18 14
block 30 14
block 31 14
block 32 14
block 33 14
block 34 14
block 47 14
block 48 14
block 49 14
block 50 14
block 51 14
block 52 14
block 53 14
block 54 14
block 9 15
block 10 15
block 11 15
block 12 15
block 13 15
block 14 15
block 15 15
block 16 15
block 17 15
block 18 15
block 47 15
block 48 15
block 49 15
block 50 15
block 51 15
block 52 15
block 53 15
block 54 15
block 9 16
block 10 16
block 11 16
block 12 16
block 13 16
block 14 16
block 28 16
block 29 16
block 30 16
block 31 16
block 32 16
block 33 16
block 34 16
block 50 16
block 51 16
block 52 16
block 53 16
block 54 16
block 9 17
block 10 17
block 11 17
block 12 17
block 13 17
block 14 17
block 28 17
block 29 17
block 30 17
block 31 17
block 32 17
block 33 17
block 34 17
block 0 18
block 1 18
block 28 18
block 29 18
block 30 18
block 31 18
block 32 18
block 33 18
block 34 18
block 39 18
block 40 18
block 41 18
block 42 18
block 43 18
block 61 18
block 0 19
block 1 19
block 28 19
block 29 19
block 30 19
block 31 19
block 32 19
block 33 19
block 34 19
block 39 19
block 40 19
block 41 19
block 42 19
block 43 19
block 61 19
block 0 20
block 1 20
block 15 20
block 16 20
block 17 20
block 18 20
block 28 20
block 29 20
block 30 20
block 31 20
block 32 20
block 33 20
block 34 20
block 39 20
block 40 20
block 41 20
block 42 20
block 43 20
block 61 20
block 0 21
block 1 21
block 15 21
block 16 21
block 17 21
block 18 21
block 39 21
block 40 21
block 41 21
block 42 21
block 43 21
block 61 21
block 0 22
block 1 22
block 2 22
block 3 22
block 4 22
block 5 22
block 6 22
block 15 22
block 16 22
block 17 22
block 18 22
block 39 22
block 40 22
block 41 22
block 42 22
block 43 22
block 61 22
block 0 23
block 1 23
block 2 23
block 3 23
block 4 23
block 5 23
block 6 23
block 15 23
block 16 23
block 17 23
block 18 23
block 39 23
block 40 23
block 41 23
block 42 23
block 43 23
block 61 23
block 0 24
block 1 24
block 2 24
block 3 24
block 4 24
block 5 24
block 6 24
block 15 24
block 16 24
block 17 24
block 39 24
block 40 24
block 41 24
block 42 24
block 43 24
block 61 24
block 0 25
block 1 25
block 2 25
block 3 25
block 4 25
block 5 25
block 6 25
block 15 25
block 16 25
block 17 25
block 42 25
block 43 25
block 44 25
block 45 25
block 46 25
block 47 25
##BotsAndCoinsInfo
bot_name 0 starter-bot
bot 0 8 0
bot_coins 0 0
coin 4 7
coin 57 18
coin 35 12
coin 26 13
coin 2 17
coin 59 8
coin 3 16
coin 58 8
coin 23 15
coin 38 10
round 1
round 2
round 3
match_over 0
round 4
