match
match_id 1639343998269_ab
match_time 1639343998275
num_bots 1
##MatchConfig
mode FRIENDLY
num_rounds 200
random_seed 42
move_time_limit 5000
coin_spawn_period 5
coin_spawn_volume 10
##MapConfig
map_size 71 29
view_radius 5
mining_radius 2
attack_radius 3
block 30 0
block 31 0
block 32 0
block 33 0
block 34 0
block 35 0
block 36 0
block 30 1
block 31 1
block 32 1
block 33 1
block 34 1
block 35 1
block 36 1
block 57 1
block 58 1
block 30 2
block 31 2
block 32 2
block 33 2
block 34 2
block 35 2
block 36 2
block 57 2
block 58 2
block 7 3
block 8 3
block 9 3
block 10 3
block 11 3
block 7 4
block 8 4
block 9 4
block 10 4
block 11 4
block 44 4
block 45 4
block 46 4
block 47 4
block 7 5
block 8 5
block 9 5
block 10 5
block 11 5
block 44 5
block 45 5
block 46 5
block 47 5
block 18 9
block 19 9
block 20 9
block 21 9
block 18 10
block 19 10
block 20 10
block 21 10
block 18 11
block 19 11
block 20 11
block 21 11
block 39 11
block 40 11
block 41 11
block 42 11
block 45 11
block 46 11
block 47 11
block 48 11
block 18 12
block 19 12
block 20 12
block 21 12
block 39 12
block 40 12
block 41 12
block 42 12
block 45 12
block 46 12
block 47 12
block 48 12
block 39 13
block 40 13
block 41 13
block 42 13
block 45 13
block 46 13
block 47 13
block 48 13
block 39 14
block 40 14
block 41 14
block 42 14
block 45 14
block 46 14
block 47 14
block 48 14
block 26 15
block 27 15
block 28 15
block 29 15
block 30 15
block 31 15
block 32 15
block 35 15
block 36 15
block 37 15
block 38 15
block 39 15
block 40 15
block 41 15
block 42 15
block 45 15
block 46 15
block 47 15
block 48 15
block 26 16
block 27 16
block 28 16
block 29 16
block 30 16
block 31 16
block 32 16
block 35 16
block 36 16
block 37 16
block 38 16
block 39 16
block 45 16
block 46 16
block 47 16
block 48 16
block 26 17
block 27 17
block 28 17
block 29 17
block 30 17
block 31 17
block 32 17
block 35 17
block 36 17
block 37 17
block 38 17
block 39 17
block 45 17
block 46 17
block 47 17
block 48 17
block 26 18
block 27 18
block 28 18
block 29 18
block 30 18
block 31 18
block 32 18
block 35 18
block 36 18
block 37 18
block 38 18
block 39 18
block 46 18
block 47 18
block 48 18
block 49 18
block 63 18
block 64 18
block 65 18
block 66 18
block 13 19
block 14 19
block 46 19
block 47 19
block 48 19
block 49 19
block 63 19
block 64 19
block 65 19
block 66 19
block 13 20
block 14 20
block 33 20
block 34 20
block 45 20
block 46 20
block 47 20
block 48 20
block 49 20
block 63 20
block 64 20
block 65 20
block 66 20
block 33 21
block 34 21
block 45 21
block 46 21
block 47 21
block 48 21
block 49 21
block 63 21
block 64 21
block 65 21
block 66 21
block 25 22
block 26 22
block 27 22
block 28 22
block 29 22
block 30 22
block 31 22
block 33 22
block 34 22
block 45 22
block 46 22
block 47 22
block 48 22
block 49 22
block 63 22
block 64 22
block 65 22
block 66 22
block 25 23
block 26 23
block 27 23
block 28 23
block 29 23
block 30 23
block 31 23
block 33 23
block 34 23
block 45 23
block 46 23
block 47 23
block 48 23
block 49 23
block 63 23
block 64 23
block 65 23
block 66 23
block 25 24
block 26 24
block 27 24
block 28 24
block 29 24
block 30 24
block 31 24
block 33 24
block 34 24
block 45 24
block 46 24
block 47 24
block 48 24
block 49 24
block 25 25
block 26 25
block 27 25
block 28 25
block 29 25
block 30 25
block 31 25
block 33 25
block 34 25
block 45 25
block 46 25
block 47 25
block 48 25
block 49 25
block 25 26
block 26 26
block 27 26
block 28 26
block 29 26
block 30 26
block 31 26
block 32 26
block 33 26
block 34 26
block 35 26
block 36 26
block 45 26
block 46 26
block 47 26
block 48 26
block 49 26
block 25 27
block 26 27
block 27 27
block 28 27
block 29 27
block 30 27
block 31 27
block 32 27
block 33 27
block 34 27
block 35 27
block 36 27
block 45 27
block 46 27
block 47 27
block 48 27
block 49 27
block 25 28
block 26 28
block 27 28
block 28 28
block 29 28
block 30 28
block 31 28
block 32 28
block 33 28
block 34 28
block 35 28
block 36 28
##BotsAndCoinsInfo
bot_name 0 starter-bot
bot 0 17 19
bot_coins 0 0
coin 18 8
coin 52 20
coin 11 15
coin 59 13
coin 15 23
coin 55 5
coin 41 8
coin 29 20
coin 32 25
coin 38 3
round 1
round 2
round 3
round 4
round 5
coin 20 22
coin 50 6
coin 49 15
coin 21 13
coin 52 21
coin 18 7
coin 5 1
coin 65 27
coin 32 3
coin 38 25
round 6
round 7
round 8
bot 0 18 20
round 9
bot 0 19 21
coin_collected 20 22 0
bot_coins 0 1
round 10
bot 0 20 22
coin 64 27
coin 6 1
coin 32 19
coin 38 9
coin 35 19
coin 35 9
coin 43 8
coin 27 20
coin 44 11
coin 25 17
round 11
bot 0 21 23
round 12
bot 0 22 24
round 13
bot 0 23 25
round 14
bot 0 24 26
round 15
coin 25 1
coin 44 27
coin 8 16
coin 62 12
coin 19 8
coin 51 20
coin 46 28
coin 24 0
coin 59 22
coin 11 6
round 16
round 17
round 18
round 19
round 20
