match
match_id 1639342896777_aa
match_time 1639342896836
num_bots 1
##MatchConfig
mode FRIENDLY
num_rounds 200
random_seed 42
move_time_limit 5000
coin_spawn_period 5
coin_spawn_volume 10
##MapConfig
map_size 48 27
view_radius 6
mining_radius 1
attack_radius 4
block 0 0
block 1 0
block 2 0
block 3 0
block 4 0
block 46 0
block 47 0
block 0 1
block 1 1
block 2 1
block 3 1
block 4 1
block 46 1
block 47 1
block 0 2
block 1 2
block 2 2
block 3 2
block 4 2
block 46 2
block 47 2
block 16 3
block 17 3
block 18 3
block 35 3
block 36 3
block 16 4
block 17 4
block 18 4
block 35 4
block 36 4
block 16 5
block 17 5
block 18 5
block 35 5
block 36 5
block 37 5
block 38 5
block 39 5
block 16 6
block 17 6
block 18 6
block 35 6
block 36 6
block 37 6
block 38 6
block 39 6
block 35 7
block 36 7
block 37 7
block 38 7
block 39 7
block 35 8
block 36 8
block 37 8
block 38 8
block 39 8
block 12 9
block 13 9
block 14 9
block 15 9
block 16 9
block 17 9
block 18 9
block 19 9
block 20 9
block 21 9
block 22 9
block 23 9
block 35 9
block 36 9
block 37 9
block 38 9
block 39 9
block 12 10
block 13 10
block 14 10
block 15 10
block 16 10
block 17 10
block 18 10
block 19 10
block 20 10
block 21 10
block 22 10
block 23 10
block 26 10
block 27 10
block 12 11
block 13 11
block 14 11
block 15 11
block 16 11
block 17 11
block 18 11
block 19 11
block 20 11
block 21 11
block 22 11
block 23 11
block 26 11
block 27 11
block 0 12
block 1 12
block 12 12
block 13 12
block 14 12
block 15 12
block 16 12
block 17 12
block 18 12
block 19 12
block 20 12
block 21 12
block 22 12
block 23 12
block 26 12
block 27 12
block 43 12
block 44 12
block 45 12
block 46 12
block 47 12
block 0 13
block 1 13
block 12 13
block 13 13
block 14 13
block 15 13
block 16 13
block 17 13
block 18 13
block 19 13
block 20 13
block 21 13
block 22 13
block 23 13
block 26 13
block 27 13
block 34 13
block 35 13
block 36 13
block 43 13
block 44 13
block 45 13
block 46 13
block 47 13
block 0 14
block 1 14
block 12 14
block 13 14
block 14 14
block 15 14
block 16 14
block 17 14
block 18 14
block 19 14
block 20 14
block 21 14
block 22 14
block 23 14
block 32 14
block 33 14
block 34 14
block 35 14
block 36 14
block 37 14
block 38 14
block 43 14
block 44 14
block 45 14
block 46 14
block 47 14
block 0 15
block 1 15
block 12 15
block 13 15
block 14 15
block 15 15
block 16 15
block 17 15
block 18 15
block 19 15
block 20 15
block 21 15
block 22 15
block 23 15
block 32 15
block 33 15
block 34 15
block 35 15
block 36 15
block 37 15
block 38 15
block 43 15
block 44 15
block 45 15
block 46 15
block 47 15
block 0 16
block 1 16
block 32 16
block 33 16
block 34 16
block 35 16
block 36 16
block 37 16
block 38 16
block 43 16
block 44 16
block 45 16
block 46 16
block 47 16
block 0 17
block 1 17
block 32 17
block 33 17
block 34 17
block 35 17
block 36 17
block 37 17
block 38 17
block 43 17
block 44 17
block 45 17
block 46 17
block 47 17
block 32 18
block 33 18
block 34 18
block 35 18
block 36 18
block 37 18
block 38 18
block 32 19
block 33 19
block 34 19
block 35 19
block 36 19
block 37 19
block 38 19
block 32 20
block 33 20
block 34 20
block 35 20
block 36 20
block 37 20
block 38 20
##BotsAndCoinsInfo
bot_name 0 starter-bot
bot 0 5 2
bot_coins 0 0
coin 26 3
coin 21 23
coin 0 18
coin 47 8
coin 18 16
coin 29 10
coin 17 20
coin 30 6
coin 31 2
coin 16 24
round 1
round 2
round 3
match_over 0
round 4
