match
match_id 1639335352318_ai
match_time 1639335352321
num_bots 1
##MatchConfig
mode FRIENDLY
num_rounds 200
random_seed 42
move_time_limit 5000
coin_spawn_period 5
coin_spawn_volume 10
##MapConfig
map_size 70 26
view_radius 5
mining_radius 1
attack_radius 3
block 15 0
block 16 0
block 17 0
block 18 0
block 19 0
block 20 0
block 21 0
block 22 0
block 23 0
block 25 0
block 26 0
block 15 1
block 16 1
block 17 1
block 18 1
block 19 1
block 20 1
block 21 1
block 22 1
block 23 1
block 15 2
block 16 2
block 17 2
block 18 2
block 19 2
block 20 2
block 21 2
block 22 2
block 23 2
block 15 3
block 16 3
block 17 3
block 18 3
block 19 3
block 20 3
block 21 3
block 22 3
block 23 3
block 15 4
block 16 4
block 17 4
block 18 4
block 19 4
block 20 4
block 21 4
block 27 4
block 28 4
block 42 4
block 43 4
block 44 4
block 15 5
block 16 5
block 17 5
block 18 5
block 19 5
block 20 5
block 21 5
block 27 5
block 28 5
block 42 5
block 43 5
block 44 5
block 42 6
block 43 6
block 44 6
block 42 7
block 43 7
block 44 7
block 62 19
block 63 19
block 64 19
block 65 19
block 66 19
block 47 20
block 48 20
block 49 20
block 50 20
block 62 20
block 63 20
block 64 20
block 65 20
block 66 20
block 47 21
block 48 21
block 49 21
block 50 21
block 62 21
block 63 21
block 64 21
block 65 21
block 66 21
block 47 22
block 48 22
block 49 22
block 50 22
block 47 23
block 48 23
block 49 23
block 50 23
block 25 24
block 26 24
block 47 24
block 48 24
block 49 24
block 50 24
block 21 25
block 22 25
block 23 25
block 25 25
block 26 25
##BotsAndCoinsInfo
bot_name 0 starter-bot
bot 0 26 8
bot_coins 0 0
coin 50 7
coin 19 18
coin 48 12
coin 21 13
coin 40 17
coin 29 8
coin 15 16
coin 54 9
coin 69 15
coin 0 10
round 1
bot 0 25 8
round 2
bot 0 24 8
round 3
bot 0 23 8
round 4
round 5
coin 52 0
coin 17 25
coin 56 6
coin 13 19
coin 36 4
coin 33 21
coin 56 8
coin 13 17
coin 63 25
coin 6 0
round 6
match_over 0
round 7
