match
match_id 1639395620897_am
match_time 1639395620900
num_bots 1
##MatchConfig
mode FRIENDLY
num_rounds 200
random_seed 42
move_time_limit 5000
coin_spawn_period 5
coin_spawn_volume 10
##MapConfig
map_size 64 33
view_radius 5
mining_radius 1
attack_radius 4
block 10 0
block 11 0
block 12 0
block 13 0
block 31 0
block 32 0
block 33 0
block 34 0
block 35 0
block 36 0
block 37 0
block 38 0
block 44 0
block 45 0
block 46 0
block 47 0
block 48 0
block 49 0
block 50 0
block 31 1
block 32 1
block 33 1
block 34 1
block 35 1
block 36 1
block 37 1
block 38 1
block 44 1
block 45 1
block 46 1
block 47 1
block 48 1
block 49 1
block 50 1
block 31 2
block 32 2
block 33 2
block 34 2
block 35 2
block 36 2
block 44 2
block 45 2
block 46 2
block 47 2
block 48 2
block 49 2
block 50 2
block 31 3
block 32 3
block 33 3
block 34 3
block 35 3
block 36 3
block 44 3
block 45 3
block 46 3
block 47 3
block 48 3
block 49 3
block 50 3
block 0 4
block 1 4
block 2 4
block 47 4
block 48 4
block 49 4
block 50 4
block 62 4
block 63 4
block 0 5
block 1 5
block 2 5
block 62 5
block 63 5
block 8 7
block 9 7
block 10 7
block 11 7
block 31 7
block 32 7
block 33 7
block 34 7
block 35 7
block 36 7
block 8 8
block 9 8
block 10 8
block 11 8
block 31 8
block 32 8
block 33 8
block 34 8
block 35 8
block 36 8
block 8 9
block 9 9
block 10 9
block 11 9
block 31 9
block 32 9
block 33 9
block 34 9
block 35 9
block 36 9
block 8 10
block 9 10
block 10 10
block 11 10
block 31 10
block 32 10
block 33 10
block 34 10
block 35 10
block 36 10
block 50 10
block 51 10
block 52 10
block 53 10
block 54 10
block 55 10
block 56 10
block 31 11
block 32 11
block 33 11
block 34 11
block 35 11
block 36 11
block 50 11
block 51 11
block 52 11
block 53 11
block 54 11
block 55 11
block 56 11
block 31 12
block 32 12
block 33 12
block 34 12
block 35 12
block 36 12
block 50 12
block 51 12
block 52 12
block 53 12
block 54 12
block 55 12
block 56 12
block 54 13
block 55 13
block 56 13
block 57 13
block 58 13
block 59 13
block 60 13
block 21 14
block 22 14
block 23 14
block 54 14
block 55 14
block 56 14
block 57 14
block 58 14
block 59 14
block 60 14
block 21 15
block 22 15
block 23 15
block 54 15
block 55 15
block 56 15
block 57 15
block 58 15
block 59 15
block 60 15
block 61 15
block 62 15
block 21 16
block 22 16
block 23 16
block 24 16
block 54 16
block 55 16
block 56 16
block 57 16
block 58 16
block 59 16
block 60 16
block 61 16
block 62 16
block 21 17
block 22 17
block 23 17
block 24 17
block 54 17
block 55 17
block 56 17
block 57 17
block 58 17
block 59 17
block 60 17
block 61 17
block 62 17
block 47 18
block 48 18
block 54 18
block 55 18
block 56 18
block 57 18
block 58 18
block 59 18
block 60 18
block 61 18
block 62 18
block 47 19
block 48 19
block 54 19
block 55 19
block 56 19
block 57 19
block 58 19
block 59 19
block 60 19
block 61 19
block 62 19
block 47 20
block 48 20
block 57 20
block 58 20
block 59 20
block 60 20
block 61 20
block 62 20
block 47 21
block 48 21
block 49 21
block 50 21
block 51 21
block 57 21
block 58 21
block 59 21
block 60 21
block 61 21
block 62 21
block 20 22
block 21 22
block 22 22
block 23 22
block 24 22
block 25 22
block 36 22
block 37 22
block 38 22
block 39 22
block 40 22
block 47 22
block 48 22
block 49 22
block 50 22
block 51 22
block 18 23
block 19 23
block 20 23
block 21 23
block 22 23
block 23 23
block 24 23
block 25 23
block 27 23
block 28 23
block 29 23
block 30 23
block 31 23
block 32 23
block 36 23
block 37 23
block 38 23
block 39 23
block 40 23
block 47 23
block 48 23
block 49 23
block 50 23
block 51 23
block 55 23
block 56 23
block 57 23
block 58 23
block 18 24
block 19 24
block 20 24
block 21 24
block 22 24
block 23 24
block 27 24
block 28 24
block 29 24
block 30 24
block 31 24
block 32 24
block 36 24
block 37 24
block 38 24
block 39 24
block 40 24
block 47 24
block 48 24
block 49 24
block 50 24
block 51 24
block 55 24
block 56 24
block 57 24
block 58 24
block 27 25
block 28 25
block 29 25
block 30 25
block 31 25
block 32 25
block 35 25
block 36 25
block 37 25
block 38 25
block 39 25
block 40 25
block 47 25
block 48 25
block 49 25
block 50 25
block 51 25
block 55 25
block 56 25
block 57 25
block 58 25
block 59 25
block 60 25
block 61 25
block 62 25
block 63 25
block 27 26
block 28 26
block 29 26
block 30 26
block 31 26
block 32 26
block 35 26
block 36 26
block 37 26
block 38 26
block 39 26
block 40 26
block 47 26
block 48 26
block 49 26
block 50 26
block 51 26
block 59 26
block 60 26
block 61 26
block 62 26
block 63 26
block 47 27
block 48 27
block 49 27
block 50 27
block 51 27
block 52 27
block 53 27
block 37 28
block 38 28
block 39 28
block 40 28
block 41 28
block 47 28
block 48 28
block 49 28
block 50 28
block 51 28
block 52 28
block 53 28
block 10 29
block 11 29
block 12 29
block 13 29
block 30 29
block 31 29
block 37 29
block 38 29
block 39 29
block 40 29
block 41 29
block 47 29
block 48 29
block 49 29
block 50 29
block 51 29
block 52 29
block 53 29
block 10 30
block 11 30
block 12 30
block 13 30
block 30 30
block 31 30
block 37 30
block 38 30
block 39 30
block 40 30
block 41 30
block 47 30
block 48 30
block 49 30
block 50 30
block 51 30
block 52 30
block 53 30
block 10 31
block 11 31
block 12 31
block 13 31
block 30 31
block 31 31
block 47 31
block 48 31
block 49 31
block 50 31
block 51 31
block 52 31
block 53 31
block 10 32
block 11 32
block 12 32
block 13 32
block 31 32
block 32 32
block 33 32
block 34 32
block 35 32
block 36 32
block 47 32
block 48 32
block 49 32
block 50 32
block 51 32
##BotsAndCoinsInfo
bot_name 0 starter-bot
bot 0 11 6
bot_coins 0 0
coin 46 15
coin 17 17
coin 43 5
coin 20 27
coin 19 19
coin 44 13
coin 17 2
coin 46 30
coin 42 17
coin 20 15
round 1
round 2
round 3
match_over 0
round 4
