match
match_id 1639345771156_ab
match_time 1639345771186
num_bots 1
##MatchConfig
mode FRIENDLY
num_rounds 200
random_seed 42
move_time_limit 5000
coin_spawn_period 5
coin_spawn_volume 10
##MapConfig
map_size 78 22
view_radius 6
mining_radius 2
attack_radius 3
block 30 0
block 31 0
block 32 0
block 33 0
block 34 0
block 64 0
block 65 0
block 66 0
block 67 0
block 68 0
block 69 0
block 70 0
block 64 1
block 65 1
block 66 1
block 67 1
block 68 1
block 69 1
block 70 1
block 64 2
block 65 2
block 66 2
block 67 2
block 68 2
block 69 2
block 70 2
block 64 3
block 65 3
block 3 5
block 4 5
block 5 5
block 6 5
block 7 5
block 8 5
block 3 6
block 4 6
block 5 6
block 6 6
block 7 6
block 8 6
block 0 7
block 1 7
block 2 7
block 3 7
block 4 7
block 5 7
block 6 7
block 7 7
block 8 7
block 13 7
block 14 7
block 15 7
block 75 7
block 76 7
block 77 7
block 0 8
block 1 8
block 2 8
block 3 8
block 13 8
block 14 8
block 15 8
block 21 8
block 22 8
block 23 8
block 24 8
block 25 8
block 26 8
block 54 8
block 55 8
block 56 8
block 57 8
block 58 8
block 59 8
block 60 8
block 75 8
block 76 8
block 77 8
block 0 9
block 1 9
block 2 9
block 3 9
block 13 9
block 14 9
block 15 9
block 21 9
block 22 9
block 23 9
block 24 9
block 25 9
block 26 9
block 40 9
block 41 9
block 42 9
block 43 9
block 54 9
block 55 9
block 56 9
block 57 9
block 58 9
block 59 9
block 60 9
block 73 9
block 74 9
block 75 9
block 76 9
block 77 9
block 0 10
block 1 10
block 2 10
block 13 10
block 14 10
block 15 10
block 40 10
block 41 10
block 42 10
block 43 10
block 54 10
block 55 10
block 56 10
block 57 10
block 58 10
block 59 10
block 60 10
block 73 10
block 74 10
block 75 10
block 76 10
block 77 10
block 0 11
block 1 11
block 2 11
block 40 11
block 41 11
block 42 11
block 43 11
block 54 11
block 55 11
block 56 11
block 57 11
block 58 11
block 59 11
block 60 11
block 73 11
block 74 11
block 75 11
block 76 11
block 77 11
block 0 12
block 1 12
block 2 12
block 14 12
block 15 12
block 16 12
block 17 12
block 18 12
block 19 12
block 40 12
block 41 12
block 42 12
block 43 12
block 54 12
block 55 12
block 56 12
block 57 12
block 58 12
block 59 12
block 60 12
block 73 12
block 74 12
block 75 12
block 76 12
block 77 12
block 0 13
block 1 13
block 2 13
block 7 13
block 8 13
block 9 13
block 10 13
block 11 13
block 12 13
block 13 13
block 14 13
block 15 13
block 16 13
block 17 13
block 18 13
block 19 13
block 32 13
block 33 13
block 34 13
block 35 13
block 36 13
block 37 13
block 73 13
block 74 13
block 75 13
block 76 13
block 77 13
block 0 14
block 1 14
block 2 14
block 7 14
block 8 14
block 9 14
block 10 14
block 11 14
block 12 14
block 13 14
block 14 14
block 15 14
block 16 14
block 17 14
block 18 14
block 19 14
block 29 14
block 30 14
block 31 14
block 32 14
block 33 14
block 34 14
block 35 14
block 36 14
block 37 14
block 73 14
block 74 14
block 75 14
block 76 14
block 77 14
block 0 15
block 1 15
block 2 15
block 7 15
block 8 15
block 9 15
block 10 15
block 11 15
block 12 15
block 13 15
block 14 15
block 15 15
block 16 15
block 17 15
block 18 15
block 19 15
block 29 15
block 30 15
block 31 15
block 32 15
block 33 15
block 34 15
block 35 15
block 36 15
block 37 15
block 73 15
block 74 15
block 75 15
block 76 15
block 77 15
block 14 16
block 15 16
block 16 16
block 17 16
block 18 16
block 19 16
block 25 16
block 26 16
block 27 16
block 30 16
block 31 16
block 32 16
block 33 16
block 34 16
block 35 16
block 36 16
block 37 16
block 14 17
block 15 17
block 16 17
block 17 17
block 18 17
block 19 17
block 25 17
block 26 17
block 27 17
block 30 17
block 31 17
block 32 17
block 33 17
block 34 17
block 35 17
block 36 17
block 37 17
block 14 18
block 15 18
block 16 18
block 17 18
block 18 18
block 19 18
block 30 18
block 31 18
block 32 18
block 33 18
block 34 18
block 35 18
block 36 18
block 37 18
block 3 19
block 4 19
block 5 19
block 6 19
block 7 19
block 30 19
block 31 19
block 32 19
block 33 19
block 34 19
block 35 19
block 3 20
block 4 20
block 5 20
block 6 20
block 7 20
block 30 20
block 31 20
block 32 20
block 33 20
block 34 20
block 35 20
block 68 20
block 69 20
block 70 20
block 3 21
block 4 21
block 5 21
block 6 21
block 7 21
block 30 21
block 31 21
block 32 21
block 33 21
block 34 21
block 64 21
block 65 21
block 66 21
block 67 21
block 68 21
block 69 21
block 70 21
##BotsAndCoinsInfo
bot_name 0 starter-bot
bot 0 53 11
bot_coins 0 0
coin 26 15
coin 51 6
coin 48 16
coin 29 5
coin 0 19
coin 77 2
coin 66 3
coin 11 18
coin 55 17
coin 22 4
round 1
round 2
round 3
round 4
round 5
coin 26 18
coin 51 3
coin 60 0
coin 17 21
coin 20 0
coin 57 21
coin 48 20
coin 29 1
coin 37 9
coin 40 13
round 6
round 7
round 8
round 9
match_over 0
round 10
