match
match_id 1639150757687_aa
match_time 1639150757731
num_bots 1
##MatchConfig
mode FRIENDLY
num_rounds 200
random_seed 42
move_time_limit 1000
coin_spawn_period 5
coin_spawn_volume 2
##MapConfig
map_size 60 27
view_radius 6
mining_radius 2
attack_radius 4
block 4 0
block 5 0
block 6 0
block 12 0
block 13 0
block 14 0
block 15 0
block 35 0
block 36 0
block 37 0
block 55 0
block 56 0
block 57 0
block 58 0
block 4 1
block 5 1
block 6 1
block 13 1
block 14 1
block 15 1
block 16 1
block 17 1
block 18 1
block 19 1
block 35 1
block 36 1
block 37 1
block 51 1
block 52 1
block 53 1
block 54 1
block 55 1
block 56 1
block 57 1
block 58 1
block 4 2
block 5 2
block 6 2
block 13 2
block 14 2
block 15 2
block 16 2
block 17 2
block 18 2
block 19 2
block 51 2
block 52 2
block 53 2
block 54 2
block 55 2
block 56 2
block 13 3
block 14 3
block 15 3
block 16 3
block 17 3
block 18 3
block 19 3
block 20 3
block 21 3
block 22 3
block 23 3
block 24 3
block 34 3
block 35 3
block 36 3
block 37 3
block 38 3
block 39 3
block 40 3
block 51 3
block 52 3
block 53 3
block 54 3
block 55 3
block 56 3
block 13 4
block 14 4
block 15 4
block 16 4
block 17 4
block 18 4
block 19 4
block 20 4
block 21 4
block 22 4
block 23 4
block 24 4
block 34 4
block 35 4
block 36 4
block 37 4
block 38 4
block 39 4
block 40 4
block 51 4
block 52 4
block 53 4
block 54 4
block 55 4
block 56 4
block 13 5
block 14 5
block 15 5
block 16 5
block 17 5
block 18 5
block 19 5
block 20 5
block 21 5
block 22 5
block 23 5
block 24 5
block 34 5
block 35 5
block 36 5
block 37 5
block 38 5
block 39 5
block 40 5
block 4 6
block 5 6
block 6 6
block 7 6
block 12 6
block 13 6
block 14 6
block 15 6
block 16 6
block 17 6
block 18 6
block 19 6
block 20 6
block 21 6
block 22 6
block 23 6
block 24 6
block 4 7
block 5 7
block 6 7
block 7 7
block 12 7
block 13 7
block 14 7
block 15 7
block 16 7
block 17 7
block 18 7
block 19 7
block 20 7
block 21 7
block 22 7
block 4 8
block 5 8
block 6 8
block 7 8
block 17 8
block 18 8
block 19 8
block 20 8
block 21 8
block 22 8
block 4 9
block 5 9
block 6 9
block 7 9
block 17 9
block 18 9
block 19 9
block 20 9
block 21 9
block 22 9
block 49 9
block 50 9
block 51 9
block 52 9
block 53 9
block 4 10
block 5 10
block 6 10
block 7 10
block 17 10
block 18 10
block 19 10
block 20 10
block 21 10
block 22 10
block 23 10
block 24 10
block 49 10
block 50 10
block 51 10
block 52 10
block 53 10
block 4 11
block 5 11
block 6 11
block 7 11
block 18 11
block 19 11
block 20 11
block 21 11
block 22 11
block 23 11
block 24 11
block 26 11
block 27 11
block 28 11
block 29 11
block 30 11
block 31 11
block 32 11
block 26 12
block 27 12
block 28 12
block 29 12
block 30 12
block 31 12
block 32 12
block 9 13
block 10 13
block 11 13
block 12 13
block 26 13
block 27 13
block 28 13
block 29 13
block 30 13
block 31 13
block 32 13
block 54 13
block 55 13
block 56 13
block 57 13
block 58 13
block 59 13
block 9 14
block 10 14
block 11 14
block 12 14
block 28 14
block 29 14
block 30 14
block 31 14
block 54 14
block 55 14
block 56 14
block 57 14
block 58 14
block 59 14
block 0 15
block 1 15
block 9 15
block 10 15
block 11 15
block 12 15
block 18 15
block 19 15
block 20 15
block 21 15
block 28 15
block 29 15
block 30 15
block 31 15
block 42 15
block 43 15
block 44 15
block 54 15
block 55 15
block 56 15
block 57 15
block 58 15
block 59 15
block 0 16
block 1 16
block 9 16
block 10 16
block 11 16
block 12 16
block 18 16
block 19 16
block 20 16
block 21 16
block 28 16
block 29 16
block 30 16
block 31 16
block 32 16
block 33 16
block 34 16
block 35 16
block 36 16
block 37 16
block 38 16
block 39 16
block 40 16
block 42 16
block 43 16
block 44 16
block 54 16
block 55 16
block 56 16
block 57 16
block 58 16
block 59 16
block 0 17
block 1 17
block 18 17
block 19 17
block 20 17
block 21 17
block 28 17
block 29 17
block 30 17
block 31 17
block 32 17
block 33 17
block 34 17
block 35 17
block 36 17
block 37 17
block 38 17
block 39 17
block 40 17
block 42 17
block 43 17
block 44 17
block 54 17
block 55 17
block 56 17
block 57 17
block 58 17
block 59 17
block 0 18
block 1 18
block 32 18
block 33 18
block 34 18
block 35 18
block 36 18
block 37 18
block 42 18
block 43 18
block 44 18
block 56 18
block 57 18
block 58 18
block 59 18
block 42 19
block 43 19
block 44 19
block 0 20
block 1 20
block 39 20
block 40 20
block 42 20
block 43 20
block 44 20
block 58 20
block 59 20
block 0 21
block 1 21
block 39 21
block 40 21
block 43 21
block 44 21
block 45 21
block 46 21
block 58 21
block 59 21
block 0 22
block 1 22
block 35 22
block 36 22
block 37 22
block 39 22
block 40 22
block 43 22
block 44 22
block 45 22
block 46 22
block 58 22
block 59 22
block 0 23
block 1 23
block 35 23
block 36 23
block 37 23
block 39 23
block 40 23
block 43 23
block 44 23
block 45 23
block 46 23
block 58 23
block 59 23
block 0 24
block 35 24
block 36 24
block 37 24
block 39 24
block 40 24
block 59 24
block 0 25
block 35 25
block 36 25
block 37 25
block 59 25
block 12 26
block 13 26
block 14 26
block 15 26
block 35 26
block 36 26
block 37 26
block 55 26
block 56 26
block 57 26
block 58 26
##BotsAndCoinsInfo
bot_name 0 starter-bot
bot 0 30 1
bot_coins 0 0
coin 50 3
coin 9 23
round 1
bot 0 30 0
round 2
bot 0 30 26
round 3
bot 0 30 25
round 4
bot 0 30 24
round 5
bot 0 30 23
coin 48 17
coin 11 9
round 6
bot 0 30 22
round 7
bot 0 30 21
round 8
bot 0 30 20
round 9
bot 0 30 19
round 10
bot 0 30 18
coin 31 18
coin 28 8
round 11
coin_collected 31 18 0
bot_coins 0 1
round 12
round 13
round 14
round 15
coin 5 20
coin 54 6
round 16
bot 0 29 18
round 17
bot 0 28 18
round 18
bot 0 27 18
round 19
bot 0 26 18
round 20
bot 0 25 18
coin 20 2
coin 38 24
round 21
bot 0 24 18
round 22
bot 0 23 18
round 23
bot 0 22 18
round 24
bot 0 21 18
round 25
bot 0 22 17
coin 2 26
coin 59 0
round 26
bot 0 23 16
round 27
bot 0 24 15
round 28
bot 0 25 14
round 29
round 30
coin 36 9
coin 23 17
round 31
round 32
round 33
round 34
round 35
coin 56 5
coin 3 21
round 36
round 37
round 38
round 39
bot 0 26 15
round 40
bot 0 27 16
coin 36 6
coin 23 20
round 41
round 42
round 43
round 44
round 45
coin 43 8
coin 16 18
round 46
bot 0 26 16
round 47
bot 0 25 16
round 48
bot 0 24 16
coin_collected 23 17 0
bot_coins 0 2
round 49
bot 0 23 16
round 50
bot 0 22 16
coin 21 2
coin 38 25
round 51
round 52
round 53
round 54
round 55
coin 26 24
coin 33 2
round 56
round 57
round 58
round 59
round 60
coin 23 0
coin 38 26
round 61
round 62
bot 0 23 16
round 63
bot 0 24 16
round 64
bot 0 25 16
round 65
bot 0 26 16
coin 10 22
coin 49 4
round 66
bot 0 27 16
round 67
round 68
round 69
round 70
coin 7 3
coin 52 23
round 71
round 72
round 73
round 74
round 75
coin 10 21
coin 49 5
round 76
round 77
round 78
bot 0 26 15
round 79
bot 0 25 14
round 80
bot 0 24 13
coin 50 23
coin 9 3
round 81
bot 0 23 12
round 82
round 83
round 84
round 85
coin 17 14
coin 42 12
round 86
round 87
round 88
round 89
round 90
coin 12 8
coin 47 18
round 91
round 92
round 93
round 94
round 95
coin 13 21
coin 46 5
round 96
round 97
round 98
round 99
round 100
bot 0 22 13
coin 57 22
coin 2 4
round 101
bot 0 21 14
round 102
round 103
round 104
round 105
coin 23 25
coin 36 2
round 106
round 107
bot 0 20 13
round 108
bot 0 19 12
round 109
round 110
coin 34 24
coin 25 2
round 111
round 112
round 113
round 114
round 115
coin 7 20
coin 52 6
round 116
round 117
round 118
round 119
round 120
coin 37 7
coin 22 19
round 121
round 122
round 123
round 124
round 125
coin 13 14
coin 46 12
round 126
round 127
round 128
round 129
round 130
coin 38 6
coin 21 20
round 131
round 132
round 133
round 134
round 135
coin 23 7
coin 36 19
round 136
bot 0 19 13
round 137
bot 0 19 14
coin_collected 17 14 0
bot_coins 0 3
round 138
round 139
round 140
coin 12 4
coin 47 22
round 141
round 142
round 143
round 144
round 145
coin 21 18
coin 38 8
round 146
round 147
round 148
round 149
round 150
coin 37 14
coin 22 12
round 151
round 152
round 153
round 154
round 155
coin 33 13
coin 26 14
round 156
round 157
bot 0 18 14
round 158
bot 0 17 14
round 159
bot 0 16 14
round 160
bot 0 15 14
coin_collected 13 14 0
bot_coins 0 4
coin 14 23
coin 45 3
round 161
bot 0 14 14
round 162
bot 0 13 14
round 163
round 164
round 165
coin 38 22
coin 22 2
round 166
round 167
round 168
round 169
round 170
coin 15 9
coin 45 17
round 171
round 172
round 173
round 174
round 175
coin 10 5
coin 49 21
round 176
round 177
round 178
round 179
round 180
coin 13 8
coin 46 18
round 181
round 182
round 183
round 184
round 185
coin 13 23
coin 46 3
round 186
round 187
round 188
round 189
round 190
coin 26 25
coin 33 1
round 191
round 192
round 193
round 194
round 195
bot 0 14 15
coin 5 5
coin 54 21
round 196
bot 0 15 16
round 197
bot 0 16 17
coin_collected 16 18 0
bot_coins 0 5
round 198
bot 0 17 18
round 199
bot 0 18 19
round 200
bot 0 19 20
coin_collected 21 20 0
bot_coins 0 6
coin 0 19
coin 59 7
match_over 0
