match
match_id 1639151660832_al
match_time 1639151660837
num_bots 1
##MatchConfig
mode FRIENDLY
num_rounds 200
random_seed 42
move_time_limit 1000
coin_spawn_period 5
coin_spawn_volume 2
##MapConfig
map_size 54 38
view_radius 5
mining_radius 1
attack_radius 4
block 16 0
block 17 0
block 39 0
block 40 0
block 41 0
block 42 0
block 43 0
block 44 0
block 16 1
block 17 1
block 18 1
block 19 1
block 20 1
block 21 1
block 22 1
block 23 1
block 39 1
block 40 1
block 41 1
block 42 1
block 43 1
block 44 1
block 16 2
block 17 2
block 18 2
block 19 2
block 20 2
block 21 2
block 22 2
block 23 2
block 39 2
block 40 2
block 41 2
block 42 2
block 43 2
block 44 2
block 39 3
block 40 3
block 41 3
block 42 3
block 43 3
block 44 3
block 2 4
block 3 4
block 4 4
block 5 4
block 6 4
block 7 4
block 8 4
block 39 4
block 40 4
block 41 4
block 42 4
block 43 4
block 44 4
block 2 5
block 3 5
block 4 5
block 5 5
block 6 5
block 7 5
block 8 5
block 39 5
block 40 5
block 41 5
block 42 5
block 43 5
block 44 5
block 2 6
block 3 6
block 4 6
block 5 6
block 6 6
block 7 6
block 8 6
block 39 6
block 40 6
block 41 6
block 42 6
block 43 6
block 44 6
block 2 7
block 3 7
block 4 7
block 5 7
block 6 7
block 34 17
block 35 17
block 36 17
block 37 17
block 38 17
block 34 18
block 35 18
block 36 18
block 37 18
block 38 18
block 34 19
block 35 19
block 36 19
block 37 19
block 38 19
block 34 20
block 35 20
block 36 20
block 37 20
block 38 20
block 34 21
block 35 21
block 36 21
block 37 21
block 38 21
block 34 22
block 35 22
block 36 22
block 37 22
block 38 22
block 35 27
block 36 27
block 37 27
block 38 27
block 39 27
block 35 28
block 36 28
block 37 28
block 38 28
block 39 28
block 40 28
block 41 28
block 42 28
block 43 28
block 35 29
block 36 29
block 37 29
block 38 29
block 39 29
block 40 29
block 41 29
block 42 29
block 43 29
block 39 30
block 40 30
block 41 30
block 42 30
block 43 30
block 39 31
block 40 31
block 41 31
block 42 31
block 43 31
block 39 32
block 40 32
block 41 32
block 42 32
block 43 32
block 39 33
block 40 33
block 41 33
block 42 33
block 43 33
block 39 34
block 40 34
block 41 34
block 42 34
block 43 34
##BotsAndCoinsInfo
bot_name 0 starter-bot
bot 0 53 12
bot_coins 0 0
coin 44 9
coin 9 28
round 1
round 2
round 3
round 4
round 5
coin 36 6
coin 17 31
round 6
round 7
round 8
round 9
round 10
coin 36 15
coin 17 22
round 11
round 12
round 13
round 14
round 15
coin 41 27
coin 12 10
round 16
round 17
round 18
round 19
round 20
coin 43 17
coin 10 20
round 21
round 22
round 23
round 24
round 25
coin 20 14
coin 33 23
round 26
round 27
round 28
round 29
round 30
coin 24 34
coin 29 3
round 31
round 32
round 33
round 34
round 35
coin 44 36
coin 9 1
round 36
round 37
match_over 0
round 38
