match
match_id 1639353684362_ao
match_time 1639353684366
num_bots 1
##MatchConfig
mode FRIENDLY
num_rounds 200
random_seed 42
move_time_limit 5000
coin_spawn_period 5
coin_spawn_volume 10
##MapConfig
map_size 58 30
view_radius 5
mining_radius 2
attack_radius 3
block 0 0
block 1 0
block 2 0
block 56 0
block 57 0
block 0 1
block 1 1
block 2 1
block 56 1
block 57 1
block 0 2
block 1 2
block 2 2
block 46 2
block 47 2
block 56 2
block 57 2
block 0 3
block 1 3
block 2 3
block 46 3
block 47 3
block 56 3
block 57 3
block 0 4
block 1 4
block 2 4
block 46 4
block 47 4
block 56 4
block 57 4
block 0 5
block 1 5
block 2 5
block 46 5
block 47 5
block 56 5
block 57 5
block 0 6
block 1 6
block 2 6
block 46 6
block 47 6
block 56 6
block 57 6
block 46 7
block 47 7
block 9 8
block 10 8
block 11 8
block 12 8
block 13 8
block 14 8
block 9 9
block 10 9
block 11 9
block 12 9
block 13 9
block 14 9
block 18 9
block 19 9
block 20 9
block 38 9
block 39 9
block 40 9
block 41 9
block 9 10
block 10 10
block 11 10
block 12 10
block 13 10
block 14 10
block 18 10
block 19 10
block 20 10
block 38 10
block 39 10
block 40 10
block 41 10
block 10 11
block 11 11
block 12 11
block 13 11
block 14 11
block 18 11
block 19 11
block 20 11
block 38 11
block 39 11
block 40 11
block 41 11
block 51 11
block 52 11
block 53 11
block 54 11
block 10 12
block 11 12
block 12 12
block 13 12
block 14 12
block 18 12
block 19 12
block 20 12
block 38 12
block 39 12
block 40 12
block 41 12
block 51 12
block 52 12
block 53 12
block 54 12
block 10 13
block 11 13
block 12 13
block 13 13
block 14 13
block 18 13
block 19 13
block 20 13
block 38 13
block 39 13
block 40 13
block 41 13
block 51 13
block 52 13
block 53 13
block 54 13
block 10 14
block 11 14
block 12 14
block 13 14
block 14 14
block 18 14
block 19 14
block 20 14
block 38 14
block 39 14
block 40 14
block 41 14
block 51 14
block 52 14
block 53 14
block 54 14
block 10 15
block 11 15
block 12 15
block 13 15
block 14 15
block 18 15
block 19 15
block 20 15
block 51 15
block 52 15
block 53 15
block 54 15
block 10 16
block 11 16
block 12 16
block 13 16
block 14 16
block 51 16
block 52 16
block 53 16
block 54 16
block 29 20
block 30 20
block 31 20
block 32 20
block 29 21
block 30 21
block 31 21
block 32 21
block 29 22
block 30 22
block 31 22
block 32 22
block 43 22
block 44 22
block 45 22
block 46 22
block 47 22
block 29 23
block 30 23
block 31 23
block 32 23
block 35 23
block 36 23
block 37 23
block 38 23
block 39 23
block 43 23
block 44 23
block 45 23
block 46 23
block 47 23
block 25 24
block 26 24
block 27 24
block 28 24
block 29 24
block 30 24
block 31 24
block 32 24
block 35 24
block 36 24
block 37 24
block 38 24
block 39 24
block 43 24
block 44 24
block 45 24
block 46 24
block 47 24
block 25 25
block 26 25
block 27 25
block 28 25
block 29 25
block 30 25
block 31 25
block 32 25
block 35 25
block 36 25
block 37 25
block 38 25
block 39 25
block 43 25
block 44 25
block 45 25
block 46 25
block 47 25
block 25 26
block 26 26
block 27 26
block 28 26
block 29 26
block 30 26
block 31 26
block 32 26
block 35 26
block 36 26
block 37 26
block 38 26
block 39 26
block 43 26
block 44 26
block 45 26
block 46 26
block 47 26
block 25 27
block 26 27
block 27 27
block 28 27
block 29 27
block 30 27
block 35 27
block 36 27
block 37 27
block 38 27
block 39 27
block 25 28
block 26 28
block 27 28
block 28 28
block 29 28
block 30 28
block 35 28
block 36 28
block 37 28
block 38 28
block 39 28
block 25 29
block 26 29
block 27 29
block 28 29
block 29 29
block 30 29
##BotsAndCoinsInfo
bot_name 0 starter-bot
bot 0 22 21
bot_coins 0 0
coin 44 3
coin 13 26
coin 37 14
coin 21 15
coin 42 25
coin 15 4
coin 27 8
coin 30 19
coin 33 23
coin 24 6
round 1
bot 0 21 21
round 2
bot 0 20 21
round 3
bot 0 19 21
round 4
bot 0 18 21
round 5
bot 0 17 21
coin 26 2
coin 31 27
coin 17 12
coin 40 17
coin 20 2
coin 37 29
coin 20 0
coin 38 29
coin 7 29
coin 50 0
round 6
bot 0 16 21
round 7
bot 0 15 21
round 8
bot 0 14 21
round 9
bot 0 13 21
round 10
bot 0 12 21
coin 48 13
coin 9 16
coin 28 3
coin 31 28
coin 5 21
coin 52 8
coin 34 28
coin 23 1
coin 9 6
coin 48 23
round 11
bot 0 11 21
round 12
bot 0 10 21
round 13
bot 0 9 21
round 14
bot 0 8 21
round 15
bot 0 7 21
coin_collected 5 21 0
bot_coins 0 1
coin 30 6
coin 27 23
coin 3 5
coin 54 24
coin 47 17
coin 9 12
coin 9 13
coin 48 16
coin 51 24
coin 6 5
round 16
bot 0 6 21
round 17
bot 0 5 21
round 18
bot 0 4 21
round 19
bot 0 3 21
round 20
bot 0 2 21
coin 42 26
coin 15 3
coin 23 7
coin 34 22
coin 11 24
coin 45 5
coin 21 5
coin 36 22
coin 33 13
coin 24 16
round 21
bot 0 1 21
round 22
bot 0 0 21
round 23
bot 0 57 21
round 24
bot 0 56 21
round 25
bot 0 55 21
coin 57 20
coin 0 9
coin 10 17
coin 47 12
coin 26 10
coin 31 19
coin 25 19
coin 32 10
coin 21 3
coin 34 26
round 26
bot 0 54 21
round 27
bot 0 53 21
round 28
bot 0 52 21
round 29
bot 0 51 21
round 30
bot 0 50 21
coin 55 29
coin 3 0
coin 52 1
coin 5 28
coin 17 14
coin 40 15
coin 10 19
coin 47 10
coin 3 9
coin 54 20
round 31
bot 0 49 21
round 32
bot 0 48 21
coin_collected 48 23 0
bot_coins 0 2
round 33
bot 0 47 21
round 34
bot 0 46 21
round 35
bot 0 45 21
coin 44 11
coin 13 18
coin 43 19
coin 15 10
coin 49 23
coin 8 6
coin 46 10
coin 11 19
coin 29 3
coin 28 23
round 36
bot 0 44 21
round 37
bot 0 43 21
coin_collected 43 19 0
bot_coins 0 3
round 38
bot 0 42 21
round 39
bot 0 41 21
round 40
bot 0 40 21
coin 3 4
coin 54 25
coin 9 2
coin 48 27
coin 9 3
coin 48 26
coin 10 24
coin 48 5
coin 18 19
coin 39 8
round 41
bot 0 39 21
round 42
bot 0 38 21
round 43
bot 0 37 21
coin_collected 36 22 0
bot_coins 0 4
round 44
bot 0 36 21
round 45
bot 0 35 21
coin_collected 34 22 0
bot_coins 0 5
coin 27 6
coin 28 22
coin 19 16
coin 37 13
coin 43 3
coin 14 26
coin 39 6
coin 18 23
coin 18 28
coin 39 1
round 46
bot 0 35 20
round 47
bot 0 35 19
round 48
bot 0 34 19
round 49
bot 0 33 19
coin_collected 31 19 0
bot_coins 0 6
round 50
bot 0 32 19
coin_collected 30 19 0
bot_coins 0 7
coin 52 10
coin 5 19
coin 14 19
coin 43 10
coin 7 1
coin 50 28
coin 7 26
coin 50 3
coin 41 2
coin 16 27
round 51
bot 0 31 19
round 52
bot 0 30 19
round 53
bot 0 29 19
round 54
bot 0 28 19
round 55
bot 0 27 19
coin_collected 25 19 0
bot_coins 0 8
coin 36 4
coin 21 25
coin 19 1
coin 39 29
coin 41 0
coin 16 29
coin 4 25
coin 53 4
coin 30 9
coin 27 20
round 56
bot 0 26 19
coin_collected 27 20 0
bot_coins 0 9
round 57
bot 0 25 19
round 58
bot 0 24 19
round 59
bot 0 23 19
round 60
bot 0 22 19
coin 42 18
coin 15 11
coin 2 13
coin 55 16
coin 30 12
coin 27 17
coin 52 3
coin 5 26
coin 39 22
coin 18 7
round 61
bot 0 21 19
round 62
bot 0 20 19
coin_collected 18 19 0
bot_coins 0 10
round 63
bot 0 19 19
round 64
bot 0 18 19
round 65
bot 0 17 19
coin 44 2
coin 13 27
coin 28 21
coin 29 8
coin 50 8
coin 7 21
coin 51 2
coin 6 27
coin 25 13
coin 32 16
round 66
bot 0 16 19
coin_collected 14 19 0
bot_coins 0 11
round 67
bot 0 15 19
round 68
bot 0 14 19
coin_collected 13 18 0
bot_coins 0 12
round 69
bot 0 13 19
coin_collected 11 19 0
bot_coins 0 13
round 70
bot 0 12 19
coin_collected 10 19 0
bot_coins 0 14
coin 45 17
coin 15 12
coin 45 21
coin 12 7
coin 24 23
coin 33 6
coin 36 22
coin 21 7
coin 49 11
coin 8 18
round 71
bot 0 11 19
round 72
bot 0 10 19
coin_collected 10 17 0
bot_coins 0 15
round 73
bot 0 9 19
coin_collected 8 18 0
bot_coins 0 16
round 74
bot 0 8 19
round 75
bot 0 7 19
coin_collected 5 19 0
bot_coins 0 17
coin_collected 7 21 0
bot_coins 0 18
coin 22 5
coin 34 24
coin 23 15
coin 34 14
coin 19 19
coin 37 10
coin 46 11
coin 11 18
coin 54 21
coin 3 8
round 76
bot 0 6 19
round 77
bot 0 5 19
round 78
bot 0 4 19
round 79
bot 0 3 19
round 80
bot 0 2 19
coin 10 6
coin 48 23
coin 36 20
coin 21 9
coin 29 0
coin 28 0
coin 13 7
coin 44 21
coin 35 1
coin 22 28
round 81
bot 0 1 19
round 82
bot 0 0 19
coin_collected 57 20 0
bot_coins 0 19
round 83
bot 0 57 19
round 84
bot 0 56 19
round 85
bot 0 55 19
coin_collected 54 20 0
bot_coins 0 20
coin 17 15
coin 41 15
coin 57 18
coin 0 11
coin 6 21
coin 51 8
coin 24 7
coin 33 22
coin 46 21
coin 11 7
round 86
bot 0 54 19
coin_collected 54 21 0
bot_coins 0 21
round 87
bot 0 53 19
round 88
bot 0 52 19
round 89
bot 0 51 19
round 90
bot 0 50 19
coin 2 19
coin 55 10
coin 20 19
coin 36 10
coin 16 5
coin 41 24
coin 22 15
coin 35 14
coin 52 21
coin 5 8
round 91
bot 0 49 19
round 92
bot 0 48 19
round 93
bot 0 47 19
coin_collected 47 17 0
bot_coins 0 22
round 94
bot 0 46 19
coin_collected 46 21 0
bot_coins 0 23
round 95
bot 0 45 19
coin_collected 45 17 0
bot_coins 0 24
coin_collected 45 21 0
bot_coins 0 25
coin 34 3
coin 23 26
coin 46 28
coin 11 1
coin 44 29
coin 13 0
coin 21 23
coin 36 6
coin 13 24
coin 44 5
round 96
bot 0 44 19
coin_collected 44 21 0
bot_coins 0 26
round 97
bot 0 43 19
coin_collected 42 18 0
bot_coins 0 27
round 98
bot 0 42 19
round 99
bot 0 41 19
round 100
bot 0 40 19
coin_collected 40 17 0
bot_coins 0 28
coin 19 8
coin 38 21
coin 28 8
coin 28 20
coin 3 7
coin 54 22
coin 16 1
coin 41 28
coin 4 20
coin 53 9
round 101
bot 0 39 19
round 102
bot 0 38 19
coin_collected 38 21 0
bot_coins 0 29
round 103
bot 0 37 19
coin_collected 36 20 0
bot_coins 0 30
round 104
bot 0 36 19
round 105
bot 0 35 19
coin 15 13
coin 42 16
coin 6 28
coin 51 1
coin 50 25
coin 7 4
coin 9 11
coin 48 18
coin 3 13
coin 54 17
round 106
bot 0 34 19
round 107
bot 0 33 19
round 108
bot 0 32 19
round 109
bot 0 31 19
round 110
bot 0 30 19
coin 42 11
coin 15 18
coin 41 23
coin 16 6
coin 40 23
coin 17 6
coin 21 13
coin 36 16
coin 26 7
coin 33 21
round 111
bot 0 29 19
coin_collected 28 20 0
bot_coins 0 31
round 112
bot 0 28 19
coin_collected 28 21 0
bot_coins 0 32
round 113
bot 0 27 19
coin_collected 27 17 0
bot_coins 0 33
round 114
bot 0 26 19
round 115
bot 0 25 19
coin 49 7
coin 8 22
coin 24 27
coin 33 2
coin 28 9
coin 29 19
coin 27 0
coin 31 29
coin 21 0
coin 36 29
round 116
bot 0 24 19
round 117
bot 0 23 19
round 118
bot 0 22 19
coin_collected 20 19 0
bot_coins 0 34
round 119
bot 0 21 19
coin_collected 19 19 0
bot_coins 0 35
round 120
bot 0 20 19
coin 38 6
coin 19 23
coin 42 10
coin 15 19
coin 24 21
coin 33 8
coin 51 10
coin 6 19
coin 32 27
coin 25 2
round 121
bot 0 19 19
round 122
bot 0 18 19
round 123
bot 0 17 19
coin_collected 15 19 0
bot_coins 0 36
round 124
bot 0 16 19
coin_collected 15 18 0
bot_coins 0 37
round 125
bot 0 15 19
coin 29 15
coin 28 14
coin 3 15
coin 55 14
coin 31 15
coin 26 14
coin 33 9
coin 24 20
coin 25 1
coin 32 28
round 126
bot 0 14 19
round 127
bot 0 13 19
round 128
bot 0 12 19
coin_collected 11 18 0
bot_coins 0 38
round 129
bot 0 11 19
round 130
bot 0 10 19
coin 44 9
coin 13 20
coin 50 16
coin 7 13
coin 36 7
coin 21 22
coin 27 17
coin 31 12
coin 41 6
coin 16 23
round 131
bot 0 9 19
round 132
bot 0 8 19
coin_collected 6 19 0
bot_coins 0 39
round 133
bot 0 7 19
round 134
bot 0 6 19
coin_collected 6 21 0
bot_coins 0 40
round 135
bot 0 5 19
coin_collected 4 20 0
bot_coins 0 41
coin 52 0
coin 5 29
coin 18 1
coin 40 28
coin 38 8
coin 19 21
coin 15 16
coin 42 13
coin 57 22
coin 0 7
round 136
bot 0 4 19
coin_collected 2 19 0
bot_coins 0 42
round 137
bot 0 3 19
round 138
bot 0 2 19
round 139
bot 0 1 19
round 140
bot 0 0 19
coin_collected 57 18 0
bot_coins 0 43
coin 47 29
coin 10 0
coin 24 26
coin 33 3
coin 34 6
coin 23 23
coin 15 8
coin 42 21
coin 17 20
coin 40 8
round 141
bot 0 57 19
round 142
bot 0 56 19
round 143
bot 0 55 19
round 144
bot 0 54 19
coin_collected 54 17 0
bot_coins 0 44
round 145
bot 0 53 19
coin 20 18
coin 37 11
coin 34 2
coin 23 27
coin 7 17
coin 50 12
coin 42 24
coin 15 5
coin 55 13
coin 2 16
round 146
bot 0 52 19
coin_collected 52 21 0
bot_coins 0 45
round 147
bot 0 51 19
round 148
bot 0 50 19
round 149
bot 0 49 19
coin_collected 48 18 0
bot_coins 0 46
round 150
bot 0 48 19
coin 9 19
coin 48 10
coin 1 7
coin 56 22
coin 46 9
coin 11 20
coin 47 13
coin 10 17
coin 54 2
coin 3 27
round 151
bot 0 47 19
round 152
bot 0 46 19
round 153
bot 0 45 19
round 154
bot 0 44 19
round 155
bot 0 43 19
coin 47 8
coin 10 21
coin 46 14
coin 11 17
coin 3 14
coin 55 15
coin 1 13
coin 56 16
coin 55 20
coin 2 9
round 156
bot 0 42 19
coin_collected 42 21 0
bot_coins 0 47
round 157
bot 0 41 19
round 158
bot 0 40 19
round 159
bot 0 39 19
round 160
bot 0 38 19
coin 5 25
coin 52 4
coin 16 19
coin 42 9
coin 42 18
coin 16 11
coin 8 11
coin 49 18
coin 0 12
coin 57 17
round 161
bot 0 37 19
round 162
bot 0 36 19
round 163
bot 0 35 19
round 164
bot 0 34 19
round 165
bot 0 33 19
coin_collected 33 21 0
bot_coins 0 48
coin 17 23
coin 40 6
coin 19 7
coin 38 22
coin 8 26
coin 49 3
coin 21 12
coin 36 17
coin 34 25
coin 23 4
round 166
bot 0 32 19
round 167
bot 0 31 19
coin_collected 29 19 0
bot_coins 0 49
round 168
bot 0 30 19
round 169
bot 0 29 19
round 170
bot 0 28 19
coin 42 23
coin 15 6
coin 11 6
coin 46 21
coin 1 8
coin 56 21
coin 18 3
coin 40 26
coin 33 7
coin 24 22
round 171
bot 0 27 19
coin_collected 27 17 0
bot_coins 0 50
round 172
bot 0 26 19
round 173
bot 0 25 19
coin_collected 24 20 0
bot_coins 0 51
round 174
bot 0 24 19
coin_collected 24 21 0
bot_coins 0 52
round 175
bot 0 23 19
coin 2 7
coin 55 22
coin 55 6
coin 2 23
coin 42 19
coin 15 9
coin 38 2
coin 19 27
coin 41 22
coin 16 7
round 176
bot 0 22 19
round 177
bot 0 21 19
coin_collected 20 18 0
bot_coins 0 53
round 178
bot 0 20 19
round 179
bot 0 19 19
coin_collected 19 21 0
bot_coins 0 54
round 180
bot 0 18 19
coin_collected 16 19 0
bot_coins 0 55
coin_collected 17 20 0
bot_coins 0 56
coin 55 17
coin 2 12
coin 48 22
coin 9 7
coin 2 24
coin 55 5
coin 26 6
coin 33 24
coin 38 20
coin 20 8
round 181
bot 0 17 19
round 182
bot 0 16 19
round 183
bot 0 15 19
round 184
bot 0 14 19
coin_collected 13 20 0
bot_coins 0 57
round 185
bot 0 13 19
coin 55 21
coin 2 8
coin 56 20
coin 1 9
coin 38 16
coin 17 13
coin 5 14
coin 52 17
coin 53 28
coin 4 1
round 186
bot 0 12 19
coin_collected 11 20 0
bot_coins 0 58
round 187
bot 0 11 19
coin_collected 9 19 0
bot_coins 0 59
coin_collected 11 17 0
bot_coins 0 60
round 188
bot 0 10 19
coin_collected 10 17 0
bot_coins 0 61
coin_collected 10 21 0
bot_coins 0 62
round 189
bot 0 9 19
round 190
bot 0 8 19
coin 55 2
coin 2 27
coin 10 25
coin 48 4
coin 10 17
coin 47 11
coin 46 27
coin 11 2
coin 11 21
coin 46 8
round 191
bot 0 7 19
coin_collected 7 17 0
bot_coins 0 63
round 192
bot 0 6 19
round 193
bot 0 5 19
round 194
bot 0 4 19
round 195
bot 0 3 19
coin 33 10
coin 24 19
coin 18 29
coin 39 0
coin 57 26
coin 3 3
coin 51 26
coin 6 3
coin 8 10
coin 49 19
round 196
bot 0 2 19
round 197
bot 0 1 19
round 198
bot 0 0 19
round 199
bot 0 57 19
coin_collected 56 20 0
bot_coins 0 64
coin_collected 57 17 0
bot_coins 0 65
round 200
bot 0 56 19
coin_collected 55 20 0
bot_coins 0 66
coin_collected 56 21 0
bot_coins 0 67
coin 51 7
coin 6 22
coin 1 23
coin 56 7
coin 6 23
coin 51 6
coin 17 11
coin 40 18
coin 25 22
coin 32 7
match_over 0
