match
match_id 1639342949280_ab
match_time 1639342949283
num_bots 1
##MatchConfig
mode FRIENDLY
num_rounds 200
random_seed 42
move_time_limit 5000
coin_spawn_period 5
coin_spawn_volume 10
##MapConfig
map_size 62 20
view_radius 5
mining_radius 1
attack_radius 3
block 2 0
block 3 0
block 4 0
block 5 0
block 6 0
block 7 0
block 8 0
block 32 0
block 33 0
block 34 0
block 35 0
block 36 0
block 40 0
block 41 0
block 2 1
block 3 1
block 4 1
block 5 1
block 6 1
block 7 1
block 8 1
block 32 1
block 33 1
block 34 1
block 35 1
block 36 1
block 40 1
block 41 1
block 2 2
block 3 2
block 4 2
block 5 2
block 6 2
block 7 2
block 8 2
block 32 2
block 33 2
block 34 2
block 35 2
block 36 2
block 37 2
block 40 2
block 41 2
block 2 3
block 3 3
block 4 3
block 5 3
block 6 3
block 7 3
block 8 3
block 32 3
block 33 3
block 34 3
block 35 3
block 36 3
block 37 3
block 40 3
block 41 3
block 50 3
block 51 3
block 2 4
block 3 4
block 4 4
block 5 4
block 6 4
block 7 4
block 8 4
block 33 4
block 34 4
block 35 4
block 36 4
block 37 4
block 50 4
block 51 4
block 2 5
block 3 5
block 4 5
block 5 5
block 6 5
block 7 5
block 8 5
block 15 5
block 16 5
block 17 5
block 18 5
block 19 5
block 20 5
block 21 5
block 24 5
block 25 5
block 26 5
block 27 5
block 33 5
block 34 5
block 35 5
block 36 5
block 37 5
block 50 5
block 51 5
block 2 6
block 3 6
block 4 6
block 5 6
block 6 6
block 7 6
block 8 6
block 15 6
block 16 6
block 17 6
block 18 6
block 19 6
block 20 6
block 21 6
block 24 6
block 25 6
block 26 6
block 27 6
block 33 6
block 34 6
block 35 6
block 36 6
block 37 6
block 50 6
block 51 6
block 24 7
block 25 7
block 26 7
block 27 7
block 46 7
block 47 7
block 48 7
block 49 7
block 50 7
block 51 7
block 24 8
block 25 8
block 26 8
block 27 8
block 46 8
block 47 8
block 48 8
block 49 8
block 50 8
block 51 8
block 24 9
block 25 9
block 26 9
block 27 9
block 46 9
block 47 9
block 48 9
block 49 9
block 50 9
block 51 9
block 24 10
block 25 10
block 26 10
block 27 10
block 32 10
block 33 10
block 34 10
block 32 11
block 33 11
block 34 11
block 32 12
block 33 12
block 34 12
block 0 13
block 1 13
block 2 13
block 3 13
block 61 13
block 0 14
block 1 14
block 2 14
block 3 14
block 61 14
block 0 15
block 1 15
block 2 15
block 3 15
block 61 15
block 0 16
block 1 16
block 2 16
block 3 16
block 47 16
block 48 16
block 49 16
block 50 16
block 51 16
block 52 16
block 61 16
block 0 17
block 1 17
block 2 17
block 3 17
block 47 17
block 48 17
block 49 17
block 50 17
block 51 17
block 52 17
block 61 17
block 47 18
block 48 18
block 49 18
block 50 18
block 51 18
block 52 18
block 32 19
block 33 19
block 34 19
block 35 19
block 36 19
block 40 19
block 41 19
##BotsAndCoinsInfo
bot_name 0 starter-bot
bot 0 40 15
bot_coins 0 0
coin 9 3
coin 53 16
coin 32 4
coin 29 15
coin 1 5
coin 60 14
coin 3 18
coin 58 1
coin 23 13
coin 38 6
round 1
round 2
round 3
match_over 0
round 4
