match
match_id 1639334192644_ab
match_time 1639334192651
num_bots 1
##MatchConfig
mode FRIENDLY
num_rounds 200
random_seed 42
move_time_limit 5000
coin_spawn_period 5
coin_spawn_volume 10
##MapConfig
map_size 52 36
view_radius 5
mining_radius 2
attack_radius 4
block 0 0
block 1 0
block 2 0
block 14 0
block 15 0
block 48 0
block 49 0
block 50 0
block 51 0
block 0 1
block 1 1
block 2 1
block 14 1
block 15 1
block 48 1
block 49 1
block 50 1
block 51 1
block 14 2
block 15 2
block 48 2
block 49 2
block 50 2
block 14 3
block 15 3
block 28 3
block 29 3
block 30 3
block 28 4
block 29 4
block 30 4
block 12 5
block 13 5
block 14 5
block 15 5
block 16 5
block 17 5
block 18 5
block 24 5
block 25 5
block 26 5
block 27 5
block 28 5
block 29 5
block 30 5
block 31 5
block 12 6
block 13 6
block 14 6
block 15 6
block 16 6
block 17 6
block 18 6
block 24 6
block 25 6
block 26 6
block 27 6
block 28 6
block 29 6
block 30 6
block 31 6
block 24 7
block 25 7
block 26 7
block 27 7
block 28 7
block 29 7
block 30 7
block 31 7
block 24 8
block 25 8
block 26 8
block 27 8
block 28 8
block 29 8
block 30 8
block 31 8
block 4 9
block 5 9
block 24 9
block 25 9
block 26 9
block 27 9
block 28 9
block 29 9
block 30 9
block 31 9
block 4 10
block 5 10
block 24 10
block 25 10
block 26 10
block 27 10
block 28 10
block 29 10
block 23 11
block 24 11
block 25 11
block 26 11
block 27 11
block 4 12
block 5 12
block 23 12
block 24 12
block 25 12
block 26 12
block 27 12
block 4 13
block 5 13
block 23 13
block 24 13
block 25 13
block 26 13
block 27 13
block 23 14
block 24 14
block 25 14
block 26 14
block 27 14
block 23 15
block 24 15
block 25 15
block 26 15
block 27 15
block 23 16
block 24 16
block 25 16
block 26 16
block 27 16
block 23 17
block 24 17
block 25 17
block 26 17
block 27 17
block 38 19
block 39 19
block 40 19
block 41 19
block 42 19
block 43 19
block 44 19
block 38 20
block 39 20
block 40 20
block 41 20
block 42 20
block 43 20
block 44 20
block 38 21
block 39 21
block 40 21
block 41 21
block 42 21
block 43 21
block 44 21
block 45 21
block 46 21
block 47 21
block 43 22
block 44 22
block 45 22
block 46 22
block 47 22
block 43 23
block 44 23
block 45 23
block 46 23
block 47 23
block 43 24
block 44 24
block 45 24
block 46 24
block 47 24
block 42 25
block 43 25
block 44 25
block 45 25
block 46 25
block 47 25
block 0 26
block 1 26
block 2 26
block 42 26
block 43 26
block 44 26
block 45 26
block 46 26
block 47 26
block 51 26
block 0 27
block 1 27
block 2 27
block 34 27
block 35 27
block 36 27
block 37 27
block 38 27
block 42 27
block 43 27
block 44 27
block 45 27
block 46 27
block 47 27
block 48 27
block 49 27
block 51 27
block 0 28
block 1 28
block 2 28
block 34 28
block 35 28
block 36 28
block 37 28
block 38 28
block 42 28
block 43 28
block 44 28
block 45 28
block 46 28
block 47 28
block 48 28
block 49 28
block 51 28
block 0 29
block 1 29
block 2 29
block 34 29
block 35 29
block 36 29
block 37 29
block 38 29
block 45 29
block 46 29
block 47 29
block 48 29
block 49 29
block 51 29
block 0 30
block 1 30
block 2 30
block 31 30
block 32 30
block 33 30
block 34 30
block 35 30
block 36 30
block 37 30
block 38 30
block 45 30
block 46 30
block 47 30
block 48 30
block 49 30
block 51 30
block 0 31
block 1 31
block 2 31
block 31 31
block 32 31
block 33 31
block 34 31
block 35 31
block 36 31
block 37 31
block 38 31
block 45 31
block 46 31
block 47 31
block 48 31
block 49 31
block 51 31
block 0 32
block 1 32
block 2 32
block 31 32
block 32 32
block 33 32
block 34 32
block 35 32
block 36 32
block 37 32
block 38 32
block 45 32
block 46 32
block 47 32
block 48 32
block 49 32
block 51 32
block 13 33
block 14 33
block 15 33
block 16 33
block 17 33
block 18 33
block 19 33
block 45 33
block 46 33
block 47 33
block 13 34
block 14 34
block 15 34
block 16 34
block 17 34
block 18 34
block 19 34
block 48 34
block 49 34
block 50 34
block 14 35
block 15 35
block 48 35
block 49 35
block 50 35
##BotsAndCoinsInfo
bot_name 0 starter-bot
bot 0 28 34
bot_coins 0 0
coin 26 3
coin 25 32
coin 48 8
coin 3 27
coin 26 25
coin 23 10
coin 13 2
coin 38 33
coin 3 29
coin 48 6
round 1
bot 0 28 35
round 2
bot 0 28 0
round 3
bot 0 28 1
round 4
bot 0 28 2
round 5
coin 26 26
coin 23 9
coin 8 0
coin 43 35
coin 20 32
coin 31 3
coin 48 7
coin 3 28
coin 11 17
coin 40 18
round 6
round 7
round 8
bot 0 29 2
round 9
bot 0 30 2
coin_collected 31 3 0
bot_coins 0 1
round 10
bot 0 31 2
coin 40 31
coin 11 4
coin 26 33
coin 25 2
coin 51 9
coin 0 25
coin 38 22
coin 13 13
coin 19 30
coin 32 5
round 11
bot 0 32 2
round 12
bot 0 33 2
round 13
round 14
round 15
match_over 0
coin 38 12
coin 13 23
coin 19 5
coin 32 29
coin 33 23
coin 18 12
coin 32 25
coin 19 10
coin 41 12
coin 10 23
round 16
