match
match_id 1639152558845_bh
match_time 1639152558849
num_bots 1
##MatchConfig
mode FRIENDLY
num_rounds 200
random_seed 42
move_time_limit 1000
coin_spawn_period 5
coin_spawn_volume 2
##MapConfig
map_size 52 23
view_radius 6
mining_radius 1
attack_radius 4
block 18 0
block 19 0
block 20 0
block 21 0
block 22 0
block 23 0
block 24 0
block 25 0
block 32 0
block 33 0
block 34 0
block 35 0
block 36 0
block 44 0
block 45 0
block 46 0
block 47 0
block 48 0
block 15 1
block 16 1
block 17 1
block 18 1
block 19 1
block 20 1
block 21 1
block 22 1
block 23 1
block 24 1
block 25 1
block 41 1
block 42 1
block 43 1
block 44 1
block 45 1
block 46 1
block 47 1
block 48 1
block 15 2
block 16 2
block 17 2
block 18 2
block 19 2
block 20 2
block 21 2
block 22 2
block 23 2
block 24 2
block 25 2
block 41 2
block 42 2
block 43 2
block 44 2
block 45 2
block 46 2
block 47 2
block 48 2
block 11 3
block 12 3
block 13 3
block 14 3
block 15 3
block 16 3
block 17 3
block 18 3
block 19 3
block 20 3
block 21 3
block 41 3
block 42 3
block 43 3
block 44 3
block 45 3
block 46 3
block 47 3
block 48 3
block 5 4
block 6 4
block 11 4
block 12 4
block 13 4
block 14 4
block 15 4
block 16 4
block 18 4
block 19 4
block 20 4
block 21 4
block 41 4
block 42 4
block 43 4
block 44 4
block 5 5
block 6 5
block 11 5
block 12 5
block 13 5
block 14 5
block 15 5
block 16 5
block 40 5
block 41 5
block 42 5
block 5 6
block 6 6
block 11 6
block 12 6
block 13 6
block 14 6
block 15 6
block 16 6
block 40 6
block 41 6
block 42 6
block 5 7
block 6 7
block 11 7
block 12 7
block 13 7
block 14 7
block 15 7
block 16 7
block 5 8
block 6 8
block 11 8
block 12 8
block 13 8
block 14 8
block 15 8
block 16 8
block 0 9
block 11 9
block 12 9
block 13 9
block 14 9
block 15 9
block 16 9
block 50 9
block 51 9
block 0 10
block 24 10
block 25 10
block 26 10
block 27 10
block 28 10
block 29 10
block 30 10
block 44 10
block 45 10
block 46 10
block 47 10
block 48 10
block 49 10
block 50 10
block 51 10
block 24 11
block 25 11
block 26 11
block 27 11
block 28 11
block 29 11
block 30 11
block 33 11
block 34 11
block 44 11
block 45 11
block 46 11
block 47 11
block 48 11
block 49 11
block 50 11
block 24 12
block 25 12
block 26 12
block 27 12
block 28 12
block 29 12
block 30 12
block 33 12
block 34 12
block 44 12
block 45 12
block 46 12
block 47 12
block 48 12
block 49 12
block 50 12
block 24 13
block 25 13
block 26 13
block 27 13
block 28 13
block 29 13
block 30 13
block 33 13
block 34 13
block 44 13
block 45 13
block 46 13
block 47 13
block 48 13
block 49 13
block 50 13
block 24 14
block 25 14
block 26 14
block 27 14
block 28 14
block 29 14
block 30 14
block 0 15
block 1 15
block 23 15
block 24 15
block 25 15
block 26 15
block 27 15
block 28 15
block 29 15
block 30 15
block 49 15
block 50 15
block 51 15
block 0 16
block 1 16
block 23 16
block 24 16
block 25 16
block 26 16
block 27 16
block 28 16
block 49 16
block 50 16
block 51 16
block 0 17
block 1 17
block 23 17
block 24 17
block 25 17
block 26 17
block 27 17
block 28 17
block 49 17
block 50 17
block 51 17
block 0 18
block 1 18
block 23 18
block 24 18
block 25 18
block 26 18
block 45 18
block 46 18
block 47 18
block 48 18
block 49 18
block 50 18
block 51 18
block 0 19
block 1 19
block 18 19
block 19 19
block 20 19
block 45 19
block 46 19
block 47 19
block 48 19
block 49 19
block 50 19
block 51 19
block 0 20
block 1 20
block 18 20
block 19 20
block 20 20
block 32 20
block 33 20
block 34 20
block 35 20
block 36 20
block 45 20
block 46 20
block 47 20
block 48 20
block 49 20
block 50 20
block 51 20
block 0 21
block 1 21
block 18 21
block 19 21
block 20 21
block 21 21
block 22 21
block 23 21
block 24 21
block 25 21
block 32 21
block 33 21
block 34 21
block 35 21
block 36 21
block 45 21
block 46 21
block 47 21
block 48 21
block 49 21
block 50 21
block 51 21
block 18 22
block 19 22
block 20 22
block 21 22
block 22 22
block 23 22
block 24 22
block 25 22
block 32 22
block 33 22
block 34 22
block 35 22
block 36 22
block 44 22
block 45 22
block 46 22
block 47 22
block 48 22
##BotsAndCoinsInfo
bot_name 0 starter-bot
bot 0 43 19
bot_coins 0 0
coin 26 4
coin 25 19
round 1
round 2
round 3
round 4
round 5
coin 48 9
coin 3 13
round 6
round 7
bot 0 44 18
round 8
bot 0 45 17
round 9
bot 0 46 16
round 10
bot 0 47 15
coin 27 4
coin 24 19
round 11
bot 0 48 14
round 12
round 13
round 14
round 15
bot 0 47 14
coin 13 20
coin 38 2
round 16
bot 0 46 14
round 17
bot 0 45 14
round 18
bot 0 44 14
round 19
bot 0 43 14
round 20
bot 0 42 14
coin 3 14
coin 48 8
round 21
bot 0 41 14
round 22
bot 0 42 14
round 23
bot 0 43 14
round 24
bot 0 44 14
round 25
bot 0 45 14
coin 29 16
coin 22 6
round 26
bot 0 46 14
round 27
bot 0 47 14
round 28
bot 0 48 14
round 29
round 30
coin 8 21
coin 43 0
round 31
round 32
round 33
round 34
round 35
coin 20 6
coin 31 16
round 36
round 37
round 38
round 39
round 40
coin 48 15
coin 3 7
round 41
coin_collected 48 15 0
bot_coins 0 1
round 42
round 43
round 44
round 45
coin 11 16
coin 39 6
round 46
round 47
round 48
round 49
round 50
coin 40 22
coin 11 0
round 51
round 52
match_over 0
round 53
