match
match_id 1639153548813_aa
match_time 1639153548863
num_bots 1
##MatchConfig
mode FRIENDLY
num_rounds 200
random_seed 42
move_time_limit 5000
coin_spawn_period 5
coin_spawn_volume 2
##MapConfig
map_size 68 24
view_radius 5
mining_radius 2
attack_radius 3
block 12 0
block 13 0
block 14 0
block 15 0
block 16 0
block 42 0
block 43 0
block 44 0
block 45 0
block 46 0
block 47 0
block 48 0
block 49 0
block 50 0
block 51 0
block 52 0
block 53 0
block 54 0
block 55 0
block 59 0
block 60 0
block 61 0
block 62 0
block 63 0
block 64 0
block 65 0
block 66 0
block 12 1
block 13 1
block 14 1
block 15 1
block 16 1
block 33 1
block 34 1
block 35 1
block 36 1
block 37 1
block 38 1
block 42 1
block 43 1
block 44 1
block 45 1
block 46 1
block 47 1
block 48 1
block 49 1
block 50 1
block 51 1
block 52 1
block 53 1
block 54 1
block 55 1
block 59 1
block 60 1
block 61 1
block 62 1
block 63 1
block 64 1
block 65 1
block 66 1
block 12 2
block 13 2
block 14 2
block 15 2
block 16 2
block 33 2
block 34 2
block 35 2
block 36 2
block 37 2
block 38 2
block 42 2
block 43 2
block 44 2
block 45 2
block 46 2
block 47 2
block 48 2
block 49 2
block 50 2
block 51 2
block 52 2
block 53 2
block 54 2
block 55 2
block 59 2
block 60 2
block 61 2
block 62 2
block 63 2
block 64 2
block 65 2
block 66 2
block 7 3
block 8 3
block 9 3
block 10 3
block 11 3
block 12 3
block 13 3
block 42 3
block 43 3
block 44 3
block 45 3
block 46 3
block 47 3
block 48 3
block 49 3
block 50 3
block 59 3
block 60 3
block 61 3
block 62 3
block 63 3
block 64 3
block 65 3
block 66 3
block 7 4
block 8 4
block 9 4
block 10 4
block 11 4
block 12 4
block 13 4
block 47 4
block 48 4
block 49 4
block 50 4
block 59 4
block 60 4
block 61 4
block 62 4
block 63 4
block 64 4
block 65 4
block 66 4
block 7 5
block 8 5
block 9 5
block 10 5
block 11 5
block 12 5
block 13 5
block 47 5
block 48 5
block 49 5
block 50 5
block 57 5
block 58 5
block 59 5
block 60 5
block 7 6
block 8 6
block 9 6
block 10 6
block 11 6
block 12 6
block 13 6
block 31 6
block 32 6
block 33 6
block 47 6
block 48 6
block 49 6
block 50 6
block 57 6
block 58 6
block 59 6
block 60 6
block 7 7
block 8 7
block 9 7
block 10 7
block 11 7
block 12 7
block 13 7
block 24 7
block 25 7
block 26 7
block 27 7
block 28 7
block 31 7
block 32 7
block 33 7
block 47 7
block 48 7
block 49 7
block 50 7
block 57 7
block 58 7
block 59 7
block 60 7
block 7 8
block 8 8
block 9 8
block 10 8
block 11 8
block 12 8
block 13 8
block 24 8
block 25 8
block 26 8
block 27 8
block 28 8
block 31 8
block 32 8
block 33 8
block 59 8
block 60 8
block 7 9
block 8 9
block 9 9
block 10 9
block 11 9
block 12 9
block 13 9
block 24 9
block 25 9
block 26 9
block 27 9
block 28 9
block 31 9
block 32 9
block 33 9
block 59 9
block 60 9
block 24 10
block 25 10
block 26 10
block 27 10
block 28 10
block 17 11
block 18 11
block 19 11
block 20 11
block 21 11
block 22 11
block 24 11
block 25 11
block 26 11
block 27 11
block 28 11
block 50 11
block 51 11
block 52 11
block 53 11
block 9 12
block 10 12
block 11 12
block 17 12
block 18 12
block 19 12
block 20 12
block 21 12
block 22 12
block 50 12
block 51 12
block 52 12
block 53 12
block 9 13
block 10 13
block 11 13
block 47 13
block 48 13
block 49 13
block 50 13
block 51 13
block 52 13
block 53 13
block 9 14
block 10 14
block 11 14
block 47 14
block 48 14
block 49 14
block 50 14
block 51 14
block 52 14
block 53 14
block 54 14
block 55 14
block 56 14
block 9 15
block 10 15
block 11 15
block 47 15
block 48 15
block 49 15
block 50 15
block 51 15
block 52 15
block 53 15
block 54 15
block 55 15
block 56 15
block 9 16
block 10 16
block 11 16
block 12 16
block 33 16
block 34 16
block 35 16
block 36 16
block 37 16
block 38 16
block 39 16
block 40 16
block 47 16
block 48 16
block 49 16
block 50 16
block 51 16
block 52 16
block 53 16
block 54 16
block 55 16
block 56 16
block 9 17
block 10 17
block 11 17
block 12 17
block 16 17
block 17 17
block 18 17
block 19 17
block 30 17
block 31 17
block 32 17
block 33 17
block 34 17
block 35 17
block 36 17
block 37 17
block 38 17
block 39 17
block 40 17
block 47 17
block 48 17
block 49 17
block 50 17
block 51 17
block 54 17
block 55 17
block 56 17
block 9 18
block 10 18
block 11 18
block 16 18
block 17 18
block 18 18
block 19 18
block 30 18
block 31 18
block 32 18
block 33 18
block 34 18
block 35 18
block 36 18
block 37 18
block 38 18
block 39 18
block 40 18
block 49 18
block 50 18
block 51 18
block 16 19
block 17 19
block 18 19
block 19 19
block 32 19
block 33 19
block 34 19
block 35 19
block 36 19
block 37 19
block 38 19
block 39 19
block 40 19
block 49 19
block 50 19
block 51 19
block 12 20
block 13 20
block 14 20
block 15 20
block 16 20
block 17 20
block 18 20
block 19 20
block 27 20
block 28 20
block 29 20
block 30 20
block 31 20
block 32 20
block 33 20
block 35 20
block 36 20
block 37 20
block 38 20
block 39 20
block 40 20
block 12 21
block 13 21
block 14 21
block 15 21
block 16 21
block 27 21
block 28 21
block 29 21
block 30 21
block 31 21
block 32 21
block 33 21
block 35 21
block 36 21
block 37 21
block 38 21
block 39 21
block 40 21
block 42 21
block 43 21
block 44 21
block 45 21
block 46 21
block 47 21
block 48 21
block 49 21
block 50 21
block 51 21
block 52 21
block 53 21
block 54 21
block 55 21
block 12 22
block 13 22
block 14 22
block 15 22
block 16 22
block 35 22
block 36 22
block 37 22
block 38 22
block 39 22
block 40 22
block 42 22
block 43 22
block 44 22
block 45 22
block 46 22
block 47 22
block 48 22
block 49 22
block 50 22
block 51 22
block 52 22
block 53 22
block 54 22
block 55 22
block 65 22
block 66 22
block 12 23
block 13 23
block 14 23
block 15 23
block 16 23
block 42 23
block 43 23
block 44 23
block 45 23
block 46 23
block 47 23
block 48 23
block 49 23
block 50 23
block 51 23
block 52 23
block 53 23
block 54 23
block 55 23
block 59 23
block 60 23
block 61 23
block 62 23
block 63 23
block 64 23
block 65 23
block 66 23
##BotsAndCoinsInfo
bot_name 0 starter-bot
bot 0 21 16
bot_coins 0 0
coin 26 3
coin 41 20
round 1
bot 0 20 15
round 2
bot 0 19 14
round 3
bot 0 18 13
round 4
round 5
coin 0 20
coin 67 3
round 6
round 7
round 8
round 9
round 10
bot 0 17 13
coin 26 13
coin 41 10
round 11
bot 0 16 13
round 12
bot 0 15 13
round 13
round 14
round 15
match_over 0
coin 17 14
coin 50 9
round 16
