match
match_id 1639397339588_at
match_time 1639397339603
num_bots 1
##MatchConfig
mode FRIENDLY
num_rounds 200
random_seed 42
move_time_limit 5000
coin_spawn_period 5
coin_spawn_volume 10
##MapConfig
map_size 63 27
view_radius 6
mining_radius 1
attack_radius 3
block 0 0
block 1 0
block 38 0
block 39 0
block 40 0
block 0 1
block 1 1
block 38 1
block 39 1
block 40 1
block 24 6
block 25 6
block 26 6
block 24 7
block 25 7
block 26 7
block 11 8
block 12 8
block 13 8
block 14 8
block 15 8
block 16 8
block 18 8
block 19 8
block 20 8
block 21 8
block 22 8
block 23 8
block 24 8
block 25 8
block 26 8
block 5 9
block 6 9
block 7 9
block 8 9
block 9 9
block 10 9
block 11 9
block 12 9
block 13 9
block 14 9
block 15 9
block 16 9
block 18 9
block 19 9
block 20 9
block 21 9
block 22 9
block 23 9
block 29 9
block 30 9
block 5 10
block 6 10
block 7 10
block 8 10
block 9 10
block 10 10
block 11 10
block 12 10
block 13 10
block 14 10
block 15 10
block 16 10
block 18 10
block 19 10
block 20 10
block 21 10
block 22 10
block 23 10
block 29 10
block 30 10
block 31 10
block 32 10
block 33 10
block 34 10
block 35 10
block 5 11
block 6 11
block 7 11
block 8 11
block 9 11
block 10 11
block 11 11
block 12 11
block 13 11
block 14 11
block 15 11
block 16 11
block 18 11
block 19 11
block 20 11
block 21 11
block 22 11
block 23 11
block 29 11
block 30 11
block 31 11
block 32 11
block 33 11
block 34 11
block 35 11
block 5 12
block 6 12
block 7 12
block 8 12
block 9 12
block 10 12
block 11 12
block 12 12
block 13 12
block 14 12
block 15 12
block 16 12
block 20 12
block 21 12
block 22 12
block 23 12
block 24 12
block 25 12
block 26 12
block 29 12
block 30 12
block 31 12
block 32 12
block 33 12
block 34 12
block 35 12
block 52 12
block 53 12
block 54 12
block 55 12
block 5 13
block 6 13
block 7 13
block 8 13
block 9 13
block 10 13
block 11 13
block 12 13
block 13 13
block 14 13
block 15 13
block 16 13
block 20 13
block 21 13
block 22 13
block 23 13
block 24 13
block 25 13
block 26 13
block 29 13
block 30 13
block 31 13
block 32 13
block 33 13
block 34 13
block 35 13
block 52 13
block 53 13
block 54 13
block 55 13
block 5 14
block 6 14
block 7 14
block 8 14
block 9 14
block 10 14
block 11 14
block 12 14
block 13 14
block 14 14
block 15 14
block 16 14
block 29 14
block 30 14
block 31 14
block 32 14
block 33 14
block 34 14
block 35 14
block 52 14
block 53 14
block 54 14
block 55 14
block 0 15
block 1 15
block 2 15
block 5 15
block 6 15
block 7 15
block 8 15
block 9 15
block 10 15
block 11 15
block 12 15
block 13 15
block 14 15
block 15 15
block 16 15
block 29 15
block 30 15
block 52 15
block 53 15
block 54 15
block 55 15
block 0 16
block 1 16
block 2 16
block 10 16
block 11 16
block 12 16
block 13 16
block 14 16
block 15 16
block 16 16
block 52 16
block 53 16
block 54 16
block 55 16
block 0 17
block 1 17
block 2 17
block 10 17
block 11 17
block 12 17
block 13 17
block 14 17
block 15 17
block 16 17
block 0 18
block 1 18
block 2 18
block 10 18
block 11 18
block 12 18
block 13 18
block 14 18
block 15 18
block 16 18
block 23 18
block 24 18
block 25 18
block 26 18
block 27 18
block 28 18
block 10 19
block 11 19
block 12 19
block 13 19
block 14 19
block 15 19
block 16 19
block 19 19
block 20 19
block 21 19
block 23 19
block 24 19
block 25 19
block 26 19
block 27 19
block 28 19
block 10 20
block 11 20
block 12 20
block 13 20
block 14 20
block 15 20
block 16 20
block 17 20
block 18 20
block 19 20
block 20 20
block 21 20
block 23 20
block 24 20
block 25 20
block 26 20
block 27 20
block 28 20
block 15 21
block 16 21
block 17 21
block 18 21
block 19 21
block 20 21
block 21 21
block 23 21
block 24 21
block 25 21
block 26 21
block 27 21
block 28 21
block 0 22
block 1 22
block 15 22
block 16 22
block 17 22
block 18 22
block 19 22
block 20 22
block 21 22
block 23 22
block 24 22
block 25 22
block 26 22
block 27 22
block 28 22
block 0 23
block 1 23
block 15 23
block 16 23
block 17 23
block 18 23
block 19 23
block 20 23
block 21 23
block 23 23
block 24 23
block 25 23
block 26 23
block 27 23
block 28 23
block 38 23
block 39 23
block 40 23
block 0 24
block 1 24
block 15 24
block 16 24
block 17 24
block 18 24
block 19 24
block 20 24
block 21 24
block 38 24
block 39 24
block 40 24
block 0 25
block 1 25
block 15 25
block 16 25
block 17 25
block 18 25
block 19 25
block 20 25
block 21 25
block 38 25
block 39 25
block 40 25
block 0 26
block 1 26
block 15 26
block 16 26
block 17 26
block 18 26
block 38 26
block 39 26
block 40 26
##BotsAndCoinsInfo
bot_name 0 starter-bot
bot 0 54 7
bot_coins 0 0
coin 8 3
coin 54 23
coin 27 17
coin 35 9
coin 54 17
coin 8 8
coin 50 20
coin 12 6
coin 34 2
coin 28 24
round 1
bot 0 53 6
round 2
bot 0 52 5
round 3
bot 0 51 4
round 4
bot 0 50 3
round 5
bot 0 49 2
coin 37 26
coin 25 0
coin 42 9
coin 20 17
coin 8 5
coin 54 21
coin 42 6
coin 20 18
coin 28 8
coin 34 18
round 6
bot 0 48 1
round 7
bot 0 47 0
round 8
bot 0 46 1
round 9
bot 0 45 0
round 10
bot 0 44 1
coin 5 4
coin 57 22
coin 8 24
coin 54 2
coin 14 0
coin 48 26
coin 7 22
coin 55 4
coin 46 3
coin 14 23
round 11
bot 0 45 2
round 12
bot 0 46 3
coin_collected 46 3 0
bot_coins 0 1
round 13
bot 0 45 3
round 14
bot 0 44 4
round 15
bot 0 43 5
coin 40 21
coin 22 5
coin 2 23
coin 60 3
coin 38 14
coin 24 11
coin 12 7
coin 50 19
coin 7 21
coin 55 5
round 16
bot 0 42 6
coin_collected 42 6 0
bot_coins 0 2
round 17
bot 0 41 7
round 18
bot 0 41 8
round 19
bot 0 42 9
coin_collected 42 9 0
bot_coins 0 3
round 20
bot 0 43 10
coin 41 22
coin 21 4
coin 35 25
coin 27 1
coin 59 24
coin 3 2
coin 13 21
coin 49 5
coin 55 7
coin 7 19
round 21
bot 0 44 11
round 22
bot 0 45 12
round 23
bot 0 46 13
round 24
bot 0 47 14
round 25
bot 0 46 15
coin 40 14
coin 22 14
coin 44 4
coin 18 19
coin 44 7
coin 18 18
coin 28 4
coin 34 22
coin 57 18
coin 5 8
round 26
bot 0 47 16
round 27
bot 0 48 17
round 28
bot 0 49 18
round 29
bot 0 50 19
coin_collected 50 19 0
bot_coins 0 4
coin_collected 50 20 0
bot_coins 0 5
round 30
bot 0 51 18
coin 28 14
coin 36 12
coin 9 16
coin 53 10
coin 8 23
coin 54 3
coin 41 23
coin 21 3
coin 48 9
coin 17 17
round 31
bot 0 52 17
round 32
bot 0 53 17
coin_collected 54 17 0
bot_coins 0 6
round 33
bot 0 52 18
round 34
bot 0 52 19
round 35
bot 0 53 20
coin 10 5
coin 52 21
coin 4 7
coin 58 19
coin 43 23
coin 19 3
coin 5 25
coin 57 1
coin 38 6
coin 22 20
round 36
bot 0 52 21
coin_collected 52 21 0
bot_coins 0 7
round 37
bot 0 53 21
coin_collected 54 21 0
bot_coins 0 8
round 38
bot 0 53 22
round 39
bot 0 54 23
coin_collected 54 23 0
bot_coins 0 9
round 40
bot 0 55 22
coin 30 19
coin 32 7
coin 41 20
coin 21 6
coin 10 24
coin 52 2
coin 30 3
coin 32 23
coin 32 25
coin 30 1
round 41
bot 0 56 21
round 42
bot 0 57 22
coin_collected 57 22 0
bot_coins 0 10
round 43
bot 0 58 23
round 44
bot 0 59 24
coin_collected 59 24 0
bot_coins 0 11
round 45
bot 0 58 25
coin 0 12
coin 62 14
coin 3 9
coin 59 17
coin 59 6
coin 3 20
coin 3 6
coin 59 20
coin 8 4
coin 54 22
round 46
bot 0 57 26
round 47
bot 0 56 0
round 48
bot 0 57 1
coin_collected 57 1 0
bot_coins 0 12
round 49
bot 0 56 1
round 50
bot 0 55 1
coin 31 9
coin 31 17
coin 17 19
coin 45 7
coin 53 4
coin 9 22
coin 28 17
coin 34 9
coin 40 2
coin 22 24
round 51
bot 0 54 2
coin_collected 54 2 0
bot_coins 0 13
coin_collected 54 3 0
bot_coins 0 14
round 52
bot 0 53 1
round 53
bot 0 52 2
coin_collected 52 2 0
bot_coins 0 15
round 54
bot 0 52 3
round 55
bot 0 53 4
coin_collected 53 4 0
bot_coins 0 16
coin 52 10
coin 9 17
coin 57 25
coin 5 1
coin 39 21
coin 23 5
coin 43 16
coin 19 12
coin 17 6
coin 45 20
round 56
bot 0 54 3
round 57
bot 0 55 4
coin_collected 55 4 0
bot_coins 0 17
coin_collected 55 5 0
bot_coins 0 18
round 58
bot 0 54 5
round 59
bot 0 54 6
round 60
bot 0 55 7
coin_collected 55 7 0
bot_coins 0 19
coin 48 6
coin 14 21
coin 29 4
coin 33 22
coin 53 11
coin 8 16
coin 49 18
coin 13 7
coin 52 19
coin 10 7
round 61
bot 0 54 8
round 62
bot 0 53 9
coin_collected 53 10 0
bot_coins 0 20
round 63
bot 0 52 10
coin_collected 52 10 0
bot_coins 0 21
round 64
bot 0 53 11
coin_collected 53 11 0
bot_coins 0 22
round 65
bot 0 52 11
coin 22 26
coin 41 0
coin 31 4
coin 31 22
coin 27 14
coin 36 13
coin 60 2
coin 2 24
coin 62 13
coin 0 13
round 66
bot 0 51 10
round 67
bot 0 50 9
round 68
bot 0 49 8
round 69
bot 0 48 9
coin_collected 48 9 0
bot_coins 0 23
round 70
bot 0 47 8
coin 47 5
coin 14 22
coin 4 26
coin 58 0
coin 17 5
coin 45 21
coin 62 17
coin 0 9
coin 32 9
coin 30 17
round 71
bot 0 46 7
coin_collected 45 7 0
bot_coins 0 24
round 72
bot 0 45 6
round 73
bot 0 44 7
coin_collected 44 7 0
bot_coins 0 25
round 74
bot 0 43 6
round 75
bot 0 43 5
coin 4 11
coin 58 15
coin 47 21
coin 15 5
coin 46 22
coin 16 4
coin 32 26
coin 30 0
coin 19 13
coin 43 13
round 76
bot 0 44 4
coin_collected 44 4 0
bot_coins 0 26
round 77
bot 0 45 3
round 78
bot 0 46 4
round 79
bot 0 47 5
coin_collected 47 5 0
bot_coins 0 27
round 80
bot 0 48 6
coin_collected 48 6 0
bot_coins 0 28
coin 23 14
coin 39 12
coin 11 5
coin 51 21
coin 1 14
coin 61 12
coin 41 6
coin 22 21
coin 56 22
coin 6 4
round 81
bot 0 49 5
coin_collected 49 5 0
bot_coins 0 29
round 82
bot 0 50 6
round 83
bot 0 51 7
round 84
bot 0 52 8
round 85
bot 0 53 9
coin 23 26
coin 37 0
coin 54 6
coin 8 20
coin 22 3
coin 40 22
coin 54 3
coin 7 23
coin 17 13
coin 45 13
round 86
bot 0 53 8
round 87
bot 0 53 7
round 88
bot 0 54 6
coin_collected 54 6 0
bot_coins 0 30
round 89
bot 0 53 5
round 90
bot 0 53 4
coin 8 17
coin 54 9
coin 56 25
coin 6 1
coin 36 26
coin 26 0
coin 62 15
coin 0 11
coin 3 24
coin 59 2
round 91
bot 0 54 3
coin_collected 54 3 0
bot_coins 0 31
round 92
bot 0 55 2
round 93
bot 0 56 1
round 94
bot 0 57 0
coin_collected 58 0 0
bot_coins 0 32
round 95
bot 0 56 26
coin_collected 56 25 0
bot_coins 0 33
coin 17 18
coin 45 8
coin 47 19
coin 15 7
coin 0 20
coin 62 6
coin 5 5
coin 57 21
coin 52 21
coin 10 6
round 96
bot 0 57 25
coin_collected 57 25 0
bot_coins 0 34
round 97
bot 0 56 24
round 98
bot 0 55 23
round 99
bot 0 54 22
coin_collected 54 22 0
bot_coins 0 35
round 100
bot 0 53 21
coin_collected 52 21 0
bot_coins 0 36
coin 57 26
coin 5 0
coin 39 17
coin 24 9
coin 11 25
coin 51 1
coin 11 7
coin 51 19
coin 31 26
coin 31 0
round 101
bot 0 52 20
coin_collected 52 19 0
bot_coins 0 37
round 102
bot 0 51 19
coin_collected 51 19 0
bot_coins 0 38
round 103
bot 0 50 18
coin_collected 49 18 0
bot_coins 0 39
round 104
bot 0 49 17
round 105
bot 0 48 18
coin 3 25
coin 59 1
coin 13 22
coin 49 4
coin 28 7
coin 34 19
coin 56 17
coin 6 8
coin 47 13
coin 17 14
round 106
bot 0 47 19
coin_collected 47 19 0
bot_coins 0 40
round 107
bot 0 46 19
round 108
bot 0 45 20
coin_collected 45 20 0
bot_coins 0 41
coin_collected 45 21 0
bot_coins 0 42
round 109
bot 0 45 21
round 110
bot 0 46 22
coin_collected 46 22 0
bot_coins 0 43
coin 27 8
coin 35 18
coin 34 23
coin 28 3
coin 39 8
coin 23 17
coin 40 19
coin 22 7
coin 19 4
coin 43 22
round 111
bot 0 47 21
coin_collected 47 21 0
bot_coins 0 44
round 112
bot 0 46 20
round 113
bot 0 45 20
round 114
bot 0 44 21
round 115
bot 0 43 22
coin_collected 43 22 0
bot_coins 0 45
coin_collected 43 23 0
bot_coins 0 46
coin 3 22
coin 59 4
coin 40 15
coin 24 10
coin 26 17
coin 36 9
coin 34 24
coin 28 2
coin 35 21
coin 27 5
round 116
bot 0 42 21
round 117
bot 0 41 20
coin_collected 41 20 0
bot_coins 0 47
round 118
bot 0 40 19
coin_collected 40 19 0
bot_coins 0 48
round 119
bot 0 39 18
coin_collected 39 17 0
bot_coins 0 49
round 120
bot 0 38 17
coin 33 9
coin 29 17
coin 4 10
coin 58 16
coin 48 3
coin 13 23
coin 16 5
coin 46 21
coin 48 22
coin 14 4
round 121
bot 0 39 16
round 122
bot 0 40 15
coin_collected 40 14 0
bot_coins 0 50
coin_collected 40 15 0
bot_coins 0 51
round 123
bot 0 39 14
coin_collected 38 14 0
bot_coins 0 52
round 124
bot 0 38 13
round 125
bot 0 39 12
coin_collected 39 12 0
bot_coins 0 53
coin 27 6
coin 35 20
coin 28 12
coin 34 15
coin 22 22
coin 40 4
coin 29 6
coin 33 20
coin 4 13
coin 58 13
round 126
bot 0 38 11
round 127
bot 0 37 10
round 128
bot 0 36 9
coin_collected 35 9 0
bot_coins 0 54
coin_collected 36 9 0
bot_coins 0 55
round 129
bot 0 35 8
round 130
bot 0 34 9
coin_collected 33 9 0
bot_coins 0 56
coin_collected 34 9 0
bot_coins 0 57
coin 59 9
coin 3 17
coin 12 25
coin 50 1
coin 7 16
coin 55 10
coin 62 20
coin 0 6
coin 9 0
coin 53 26
round 131
bot 0 33 8
round 132
bot 0 32 7
coin_collected 32 7 0
bot_coins 0 58
round 133
bot 0 31 8
coin_collected 31 9 0
bot_coins 0 59
round 134
bot 0 32 9
coin_collected 32 9 0
bot_coins 0 60
round 135
bot 0 31 9
coin 5 21
coin 57 5
coin 39 10
coin 23 16
coin 25 11
coin 37 15
coin 57 22
coin 5 3
coin 41 25
coin 21 1
round 136
bot 0 30 8
round 137
bot 0 29 7
coin_collected 28 7 0
bot_coins 0 61
coin_collected 29 6 0
bot_coins 0 62
round 138
bot 0 28 8
coin_collected 27 8 0
bot_coins 0 63
coin_collected 28 8 0
bot_coins 0 64
round 139
bot 0 27 7
coin_collected 27 6 0
bot_coins 0 65
round 140
bot 0 27 6
coin_collected 27 5 0
bot_coins 0 66
coin 40 20
coin 22 6
coin 51 9
coin 9 18
coin 49 15
coin 17 11
coin 58 2
coin 4 24
coin 25 9
coin 37 17
round 141
bot 0 27 5
round 142
bot 0 28 4
coin_collected 28 3 0
bot_coins 0 67
coin_collected 28 4 0
bot_coins 0 68
coin_collected 29 4 0
bot_coins 0 69
round 143
bot 0 27 3
round 144
bot 0 28 2
coin_collected 28 2 0
bot_coins 0 70
round 145
bot 0 27 1
coin_collected 27 1 0
bot_coins 0 71
coin 42 9
coin 21 17
coin 31 15
coin 31 9
coin 11 26
coin 51 0
coin 30 2
coin 32 24
coin 59 25
coin 3 1
round 146
bot 0 26 0
coin_collected 25 0 0
bot_coins 0 72
coin_collected 26 0 0
bot_coins 0 73
round 147
bot 0 25 26
round 148
bot 0 24 25
round 149
bot 0 23 26
coin_collected 22 26 0
bot_coins 0 74
coin_collected 23 26 0
bot_coins 0 75
round 150
bot 0 22 25
coin_collected 22 24 0
bot_coins 0 76
coin 11 22
coin 51 4
coin 3 12
coin 59 14
coin 1 9
coin 61 17
coin 1 7
coin 61 19
coin 10 8
coin 52 18
round 151
bot 0 21 26
round 152
bot 0 20 0
round 153
bot 0 21 1
coin_collected 21 1 0
bot_coins 0 77
round 154
round 155
coin 2 2
coin 60 24
coin 23 7
coin 39 19
coin 56 23
coin 6 3
coin 52 25
coin 10 1
coin 33 5
coin 29 21
round 156
match_over 0
round 157
