match
match_id 1639352871729_ak
match_time 1639352871736
num_bots 1
##MatchConfig
mode FRIENDLY
num_rounds 200
random_seed 42
move_time_limit 5000
coin_spawn_period 5
coin_spawn_volume 10
##MapConfig
map_size 76 30
view_radius 5
mining_radius 1
attack_radius 3
block 10 0
block 11 0
block 12 0
block 13 0
block 42 0
block 43 0
block 44 0
block 45 0
block 46 0
block 69 0
block 70 0
block 71 0
block 72 0
block 37 2
block 38 2
block 39 2
block 40 2
block 41 2
block 42 2
block 37 3
block 38 3
block 39 3
block 40 3
block 41 3
block 42 3
block 45 3
block 46 3
block 47 3
block 48 3
block 49 3
block 64 3
block 65 3
block 66 3
block 67 3
block 68 3
block 69 3
block 70 3
block 14 4
block 15 4
block 16 4
block 17 4
block 18 4
block 19 4
block 20 4
block 37 4
block 38 4
block 39 4
block 40 4
block 41 4
block 42 4
block 45 4
block 46 4
block 47 4
block 48 4
block 49 4
block 64 4
block 65 4
block 66 4
block 67 4
block 68 4
block 69 4
block 70 4
block 14 5
block 15 5
block 16 5
block 17 5
block 18 5
block 19 5
block 20 5
block 37 5
block 38 5
block 39 5
block 40 5
block 41 5
block 42 5
block 64 5
block 65 5
block 66 5
block 67 5
block 68 5
block 69 5
block 70 5
block 14 6
block 15 6
block 16 6
block 17 6
block 18 6
block 19 6
block 20 6
block 64 6
block 65 6
block 66 6
block 67 6
block 68 6
block 69 6
block 70 6
block 14 7
block 15 7
block 16 7
block 17 7
block 18 7
block 19 7
block 20 7
block 32 7
block 33 7
block 34 7
block 35 7
block 36 7
block 37 7
block 64 7
block 65 7
block 66 7
block 67 7
block 68 7
block 69 7
block 70 7
block 14 8
block 15 8
block 16 8
block 17 8
block 18 8
block 19 8
block 20 8
block 32 8
block 33 8
block 34 8
block 35 8
block 36 8
block 37 8
block 14 9
block 15 9
block 16 9
block 17 9
block 18 9
block 19 9
block 20 9
block 53 9
block 54 9
block 55 9
block 56 9
block 57 9
block 58 9
block 66 9
block 67 9
block 68 9
block 69 9
block 70 9
block 71 9
block 72 9
block 14 10
block 15 10
block 16 10
block 17 10
block 18 10
block 19 10
block 20 10
block 32 10
block 33 10
block 34 10
block 35 10
block 36 10
block 53 10
block 54 10
block 55 10
block 56 10
block 57 10
block 58 10
block 66 10
block 67 10
block 68 10
block 69 10
block 70 10
block 71 10
block 72 10
block 32 11
block 33 11
block 34 11
block 35 11
block 36 11
block 53 11
block 54 11
block 55 11
block 56 11
block 57 11
block 58 11
block 66 11
block 67 11
block 68 11
block 69 11
block 70 11
block 71 11
block 72 11
block 32 12
block 33 12
block 34 12
block 35 12
block 36 12
block 66 12
block 67 12
block 68 12
block 69 12
block 70 12
block 71 12
block 72 12
block 10 13
block 11 13
block 12 13
block 13 13
block 14 13
block 32 13
block 33 13
block 34 13
block 35 13
block 36 13
block 37 13
block 66 13
block 67 13
block 68 13
block 69 13
block 70 13
block 71 13
block 72 13
block 10 14
block 11 14
block 12 14
block 13 14
block 14 14
block 32 14
block 33 14
block 34 14
block 35 14
block 36 14
block 37 14
block 66 14
block 67 14
block 68 14
block 69 14
block 70 14
block 71 14
block 72 14
block 10 15
block 11 15
block 12 15
block 13 15
block 14 15
block 63 15
block 64 15
block 65 15
block 66 15
block 67 15
block 68 15
block 69 15
block 70 15
block 71 15
block 72 15
block 10 16
block 11 16
block 12 16
block 13 16
block 14 16
block 35 16
block 36 16
block 37 16
block 38 16
block 39 16
block 40 16
block 41 16
block 63 16
block 64 16
block 65 16
block 66 16
block 67 16
block 68 16
block 10 17
block 11 17
block 12 17
block 13 17
block 14 17
block 20 17
block 21 17
block 22 17
block 23 17
block 35 17
block 36 17
block 37 17
block 38 17
block 39 17
block 40 17
block 41 17
block 49 17
block 50 17
block 51 17
block 52 17
block 53 17
block 54 17
block 10 18
block 11 18
block 12 18
block 13 18
block 14 18
block 15 18
block 16 18
block 20 18
block 21 18
block 22 18
block 23 18
block 35 18
block 36 18
block 37 18
block 38 18
block 39 18
block 40 18
block 41 18
block 49 18
block 50 18
block 51 18
block 52 18
block 53 18
block 54 18
block 68 18
block 69 18
block 70 18
block 71 18
block 72 18
block 10 19
block 11 19
block 12 19
block 13 19
block 14 19
block 15 19
block 16 19
block 20 19
block 21 19
block 22 19
block 23 19
block 49 19
block 50 19
block 51 19
block 52 19
block 53 19
block 54 19
block 68 19
block 69 19
block 70 19
block 71 19
block 72 19
block 12 20
block 13 20
block 14 20
block 15 20
block 16 20
block 20 20
block 21 20
block 22 20
block 23 20
block 49 20
block 50 20
block 51 20
block 52 20
block 53 20
block 54 20
block 68 20
block 69 20
block 70 20
block 71 20
block 72 20
block 20 21
block 21 21
block 22 21
block 23 21
block 42 21
block 43 21
block 44 21
block 49 21
block 50 21
block 51 21
block 52 21
block 53 21
block 54 21
block 68 21
block 69 21
block 70 21
block 71 21
block 72 21
block 20 22
block 21 22
block 22 22
block 23 22
block 42 22
block 43 22
block 44 22
block 49 22
block 50 22
block 51 22
block 52 22
block 53 22
block 54 22
block 2 23
block 3 23
block 4 23
block 42 23
block 43 23
block 44 23
block 2 24
block 3 24
block 4 24
block 42 24
block 43 24
block 44 24
block 45 24
block 46 24
block 2 25
block 3 25
block 4 25
block 42 25
block 43 25
block 44 25
block 45 25
block 46 25
block 52 25
block 53 25
block 54 25
block 55 25
block 2 26
block 3 26
block 4 26
block 42 26
block 43 26
block 44 26
block 45 26
block 46 26
block 52 26
block 53 26
block 54 26
block 55 26
block 2 27
block 3 27
block 4 27
block 10 27
block 11 27
block 12 27
block 13 27
block 42 27
block 43 27
block 44 27
block 45 27
block 46 27
block 52 27
block 53 27
block 54 27
block 55 27
block 69 27
block 70 27
block 71 27
block 72 27
block 2 28
block 3 28
block 4 28
block 10 28
block 11 28
block 12 28
block 13 28
block 42 28
block 43 28
block 44 28
block 45 28
block 46 28
block 69 28
block 70 28
block 71 28
block 72 28
block 10 29
block 11 29
block 12 29
block 13 29
block 42 29
block 43 29
block 44 29
block 45 29
block 46 29
block 69 29
block 70 29
block 71 29
block 72 29
##BotsAndCoinsInfo
bot_name 0 starter-bot
bot 0 67 25
bot_coins 0 0
coin 26 3
coin 49 26
coin 12 12
coin 63 17
coin 6 25
coin 69 2
coin 25 8
coin 48 21
coin 51 23
coin 24 6
round 1
bot 0 66 25
round 2
bot 0 65 25
round 3
bot 0 64 25
round 4
bot 0 63 25
round 5
bot 0 62 25
coin 43 2
coin 32 27
coin 12 11
coin 63 18
coin 64 2
coin 11 26
coin 68 0
coin 7 29
coin 11 1
coin 64 28
round 6
bot 0 61 25
round 7
bot 0 60 25
round 8
bot 0 59 25
round 9
bot 0 58 25
round 10
bot 0 58 24
coin 40 13
coin 35 15
coin 54 3
coin 21 26
coin 47 21
coin 28 8
coin 6 28
coin 69 1
coin 67 8
coin 8 21
round 11
bot 0 57 24
round 12
bot 0 56 24
round 13
bot 0 55 24
round 14
bot 0 54 24
round 15
bot 0 53 24
coin 38 6
coin 37 23
coin 62 5
coin 13 24
coin 25 17
coin 50 12
coin 60 13
coin 15 16
coin 1 24
coin 74 5
round 16
bot 0 52 24
round 17
bot 0 51 24
coin_collected 51 23 0
bot_coins 0 1
round 18
bot 0 50 24
round 19
bot 0 49 24
round 20
bot 0 49 25
coin_collected 49 26 0
bot_coins 0 2
coin 27 25
coin 48 5
coin 75 7
coin 0 22
coin 31 24
coin 44 5
coin 63 5
coin 12 24
coin 17 13
coin 58 16
round 21
bot 0 49 26
round 22
bot 0 49 25
round 23
bot 0 49 26
round 24
bot 0 49 25
round 25
bot 0 49 26
coin 55 20
coin 21 9
coin 66 17
coin 9 12
coin 4 10
coin 73 19
coin 57 19
coin 18 11
coin 44 3
coin 31 26
round 26
bot 0 49 25
round 27
bot 0 49 26
round 28
bot 0 49 25
round 29
bot 0 49 26
round 30
bot 0 49 25
coin 9 29
coin 66 0
coin 0 1
coin 75 28
coin 26 14
coin 49 15
coin 58 19
coin 17 11
coin 13 9
coin 62 20
round 31
bot 0 49 26
round 32
bot 0 49 25
round 33
bot 0 49 26
round 34
bot 0 49 25
round 35
bot 0 49 26
coin 34 9
coin 41 20
coin 61 19
coin 14 11
coin 57 23
coin 21 6
coin 19 11
coin 56 18
coin 45 2
coin 30 27
round 36
bot 0 49 25
round 37
bot 0 49 26
round 38
bot 0 49 25
round 39
bot 0 49 26
round 40
bot 0 49 25
coin 4 4
coin 71 25
coin 55 2
coin 20 27
coin 55 3
coin 20 26
coin 57 24
coin 18 3
coin 14 21
coin 61 8
round 41
bot 0 49 26
round 42
bot 0 49 25
round 43
bot 0 49 26
round 44
bot 0 49 25
round 45
bot 0 49 26
coin 3 6
coin 72 23
coin 62 15
coin 13 12
coin 19 3
coin 56 26
coin 71 6
coin 4 22
coin 41 28
coin 34 1
round 46
bot 0 49 25
round 47
bot 0 49 26
round 48
bot 0 49 25
round 49
bot 0 49 26
round 50
bot 0 49 25
coin 65 10
coin 10 20
coin 8 19
coin 65 9
coin 23 1
coin 52 28
coin 49 26
coin 25 3
coin 39 1
coin 36 28
round 51
bot 0 49 26
coin_collected 49 26 0
bot_coins 0 3
round 52
bot 0 49 25
round 53
bot 0 49 26
round 54
bot 0 49 25
round 55
bot 0 49 26
coin 36 4
coin 39 25
coin 37 1
coin 38 28
coin 55 0
coin 20 29
coin 74 25
coin 1 4
coin 22 9
coin 55 19
round 56
bot 0 49 25
round 57
bot 0 49 26
round 58
bot 0 49 25
round 59
bot 0 49 26
round 60
bot 0 49 25
coin 58 18
coin 16 11
coin 15 13
coin 60 16
coin 24 12
coin 51 16
coin 22 3
coin 51 26
coin 73 22
coin 2 7
round 61
bot 0 49 26
round 62
bot 0 49 25
round 63
bot 0 49 26
round 64
bot 0 49 25
round 65
bot 0 49 26
coin 24 2
coin 51 27
coin 58 22
coin 21 7
coin 21 8
coin 55 21
coin 73 2
coin 1 27
coin 16 13
coin 59 16
round 66
bot 0 49 25
round 67
bot 0 49 26
round 68
bot 0 49 25
round 69
bot 0 49 26
round 70
bot 0 49 25
coin 48 17
coin 27 12
coin 73 23
coin 2 6
coin 60 23
coin 13 6
coin 10 23
coin 65 8
coin 73 11
coin 2 18
round 71
bot 0 49 26
round 72
bot 0 49 25
round 73
bot 0 49 26
round 74
bot 0 49 25
round 75
bot 0 49 26
coin 13 5
coin 62 24
coin 41 15
coin 34 15
coin 55 18
coin 20 11
coin 60 11
coin 15 17
coin 10 21
coin 66 8
round 76
bot 0 49 25
round 77
bot 0 49 26
round 78
bot 0 49 25
round 79
bot 0 49 26
round 80
bot 0 49 25
coin 36 6
coin 39 23
coin 8 20
coin 68 8
coin 5 0
coin 68 29
coin 10 9
coin 65 20
coin 38 1
coin 37 28
round 81
bot 0 49 26
round 82
bot 0 49 25
round 83
bot 0 49 26
round 84
bot 0 49 25
round 85
bot 0 49 26
coin 20 14
coin 55 15
coin 69 17
coin 6 12
coin 6 21
coin 69 8
coin 48 6
coin 27 23
coin 29 22
coin 46 7
round 86
bot 0 49 25
round 87
bot 0 49 26
round 88
bot 0 49 25
round 89
bot 0 49 26
round 90
bot 0 49 25
coin 48 19
coin 27 10
coin 2 19
coin 73 10
coin 22 5
coin 53 24
coin 64 14
coin 9 15
coin 67 21
coin 8 8
round 91
bot 0 49 26
round 92
bot 0 49 25
round 93
bot 0 49 26
round 94
bot 0 49 25
round 95
bot 0 49 26
coin 10 3
coin 65 26
coin 47 28
coin 28 1
coin 2 29
coin 73 0
coin 49 23
coin 26 6
coin 49 24
coin 26 5
round 96
bot 0 49 25
coin_collected 49 24 0
bot_coins 0 4
round 97
bot 0 49 26
round 98
bot 0 49 25
round 99
bot 0 49 26
round 100
bot 0 49 25
coin 38 8
coin 37 21
coin 54 8
coin 19 21
coin 33 6
coin 41 23
coin 18 1
coin 57 28
coin 38 20
coin 37 9
round 101
bot 0 49 26
round 102
bot 0 49 25
round 103
bot 0 49 26
round 104
bot 0 49 25
round 105
bot 0 49 26
coin 14 12
coin 61 17
coin 56 28
coin 19 1
coin 10 25
coin 65 2
coin 55 12
coin 20 16
coin 27 13
coin 48 16
round 106
bot 0 49 25
round 107
bot 0 49 26
round 108
bot 0 49 25
round 109
bot 0 49 26
round 110
bot 0 49 25
coin 63 11
coin 11 20
coin 59 23
coin 16 3
coin 9 23
coin 64 8
coin 0 13
coin 75 16
coin 13 7
coin 62 22
round 111
bot 0 49 26
round 112
bot 0 49 25
round 113
bot 0 49 26
round 114
bot 0 49 25
round 115
bot 0 49 26
coin 34 6
coin 41 24
coin 34 27
coin 41 1
coin 23 9
coin 52 23
coin 12 1
coin 63 28
coin 57 0
coin 18 29
round 116
bot 0 49 25
round 117
bot 0 49 26
round 118
bot 0 49 25
round 119
bot 0 49 26
round 120
bot 0 49 25
coin 10 6
coin 65 23
coin 51 10
coin 24 19
coin 60 21
coin 13 8
coin 25 11
coin 48 18
coin 1 25
coin 74 4
round 121
round 122
round 123
match_over 0
round 124
