match
match_id 1639351304691_ab
match_time 1639351304699
num_bots 1
##MatchConfig
mode FRIENDLY
num_rounds 200
random_seed 42
move_time_limit 5000
coin_spawn_period 5
coin_spawn_volume 10
##MapConfig
map_size 72 26
view_radius 6
mining_radius 2
attack_radius 4
block 23 1
block 24 1
block 25 1
block 26 1
block 27 1
block 28 1
block 64 1
block 65 1
block 66 1
block 67 1
block 68 1
block 23 2
block 24 2
block 25 2
block 26 2
block 27 2
block 28 2
block 64 2
block 65 2
block 66 2
block 67 2
block 68 2
block 23 3
block 24 3
block 25 3
block 26 3
block 27 3
block 28 3
block 23 4
block 24 4
block 25 4
block 26 4
block 27 4
block 28 4
block 49 4
block 50 4
block 51 4
block 52 4
block 53 4
block 54 4
block 55 4
block 23 5
block 24 5
block 25 5
block 26 5
block 27 5
block 28 5
block 31 5
block 32 5
block 33 5
block 34 5
block 35 5
block 36 5
block 37 5
block 49 5
block 50 5
block 51 5
block 52 5
block 53 5
block 54 5
block 55 5
block 17 6
block 18 6
block 19 6
block 23 6
block 24 6
block 25 6
block 26 6
block 27 6
block 28 6
block 31 6
block 32 6
block 33 6
block 34 6
block 35 6
block 36 6
block 37 6
block 50 6
block 51 6
block 52 6
block 53 6
block 54 6
block 55 6
block 0 7
block 1 7
block 2 7
block 3 7
block 4 7
block 17 7
block 18 7
block 19 7
block 31 7
block 32 7
block 33 7
block 34 7
block 35 7
block 36 7
block 37 7
block 70 7
block 71 7
block 0 8
block 1 8
block 2 8
block 3 8
block 4 8
block 17 8
block 18 8
block 19 8
block 31 8
block 32 8
block 33 8
block 34 8
block 35 8
block 36 8
block 37 8
block 43 8
block 44 8
block 45 8
block 46 8
block 70 8
block 71 8
block 0 9
block 1 9
block 2 9
block 3 9
block 4 9
block 17 9
block 18 9
block 19 9
block 31 9
block 32 9
block 33 9
block 34 9
block 35 9
block 36 9
block 37 9
block 43 9
block 44 9
block 45 9
block 46 9
block 70 9
block 71 9
block 17 10
block 18 10
block 19 10
block 31 10
block 32 10
block 33 10
block 34 10
block 35 10
block 36 10
block 37 10
block 38 10
block 39 10
block 40 10
block 41 10
block 42 10
block 43 10
block 44 10
block 45 10
block 46 10
block 17 11
block 18 11
block 19 11
block 37 11
block 38 11
block 39 11
block 40 11
block 41 11
block 42 11
block 43 11
block 44 11
block 45 11
block 46 11
block 57 11
block 58 11
block 59 11
block 60 11
block 61 11
block 62 11
block 17 12
block 18 12
block 19 12
block 37 12
block 38 12
block 39 12
block 40 12
block 41 12
block 42 12
block 43 12
block 44 12
block 45 12
block 46 12
block 57 12
block 58 12
block 59 12
block 60 12
block 61 12
block 62 12
block 37 13
block 38 13
block 39 13
block 40 13
block 41 13
block 42 13
block 43 13
block 44 13
block 45 13
block 46 13
block 57 13
block 58 13
block 59 13
block 60 13
block 61 13
block 62 13
block 1 14
block 2 14
block 29 14
block 30 14
block 31 14
block 32 14
block 33 14
block 34 14
block 35 14
block 37 14
block 38 14
block 39 14
block 40 14
block 41 14
block 42 14
block 43 14
block 44 14
block 45 14
block 46 14
block 47 14
block 48 14
block 49 14
block 50 14
block 57 14
block 58 14
block 59 14
block 60 14
block 61 14
block 62 14
block 1 15
block 2 15
block 29 15
block 30 15
block 31 15
block 32 15
block 33 15
block 34 15
block 35 15
block 37 15
block 38 15
block 39 15
block 40 15
block 41 15
block 42 15
block 46 15
block 47 15
block 48 15
block 49 15
block 50 15
block 57 15
block 58 15
block 59 15
block 60 15
block 61 15
block 62 15
block 1 16
block 2 16
block 29 16
block 30 16
block 31 16
block 32 16
block 33 16
block 34 16
block 35 16
block 46 16
block 47 16
block 48 16
block 49 16
block 50 16
block 1 17
block 2 17
block 11 17
block 12 17
block 13 17
block 14 17
block 15 17
block 16 17
block 29 17
block 30 17
block 31 17
block 32 17
block 33 17
block 34 17
block 35 17
block 46 17
block 47 17
block 48 17
block 49 17
block 50 17
block 53 17
block 54 17
block 55 17
block 56 17
block 57 17
block 58 17
block 59 17
block 1 18
block 2 18
block 11 18
block 12 18
block 13 18
block 14 18
block 15 18
block 16 18
block 29 18
block 30 18
block 31 18
block 32 18
block 33 18
block 34 18
block 35 18
block 46 18
block 47 18
block 48 18
block 49 18
block 50 18
block 53 18
block 54 18
block 55 18
block 56 18
block 57 18
block 58 18
block 59 18
block 29 19
block 30 19
block 31 19
block 32 19
block 33 19
block 34 19
block 35 19
block 44 19
block 45 19
block 46 19
block 47 19
block 48 19
block 49 19
block 50 19
block 53 19
block 54 19
block 55 19
block 56 19
block 57 19
block 58 19
block 59 19
block 30 20
block 31 20
block 32 20
block 33 20
block 34 20
block 35 20
block 44 20
block 45 20
block 46 20
block 47 20
block 48 20
block 49 20
block 50 20
block 53 20
block 54 20
block 55 20
block 56 20
block 57 20
block 58 20
block 59 20
block 44 21
block 45 21
block 46 21
block 53 21
block 54 21
block 55 21
block 56 21
block 57 21
block 58 21
block 59 21
block 44 22
block 45 22
block 46 22
block 53 22
block 54 22
block 55 22
block 56 22
block 57 22
block 58 22
block 59 22
block 44 23
block 45 23
block 46 23
block 53 23
block 54 23
block 55 23
block 56 23
block 57 23
block 58 23
block 59 23
block 44 24
block 45 24
block 46 24
##BotsAndCoinsInfo
bot_name 0 starter-bot
bot 0 40 21
bot_coins 0 0
coin 26 7
coin 45 18
coin 0 12
coin 71 13
coin 18 17
coin 53 8
coin 41 16
coin 30 9
coin 7 15
coin 64 10
round 1
round 2
round 3
round 4
round 5
coin 38 0
coin 33 25
coin 60 6
coin 11 19
coin 44 4
coin 27 21
coin 24 8
coin 45 17
coin 55 25
coin 16 0
round 6
match_over 0
round 7
