match
match_id 1639153495756_bq
match_time 1639153495758
num_bots 1
##MatchConfig
mode FRIENDLY
num_rounds 200
random_seed 42
move_time_limit 1000
coin_spawn_period 5
coin_spawn_volume 2
##MapConfig
map_size 60 28
view_radius 5
mining_radius 2
attack_radius 3
block 22 5
block 23 5
block 24 5
block 25 5
block 26 5
block 27 5
block 28 5
block 22 6
block 23 6
block 24 6
block 25 6
block 26 6
block 27 6
block 28 6
block 22 7
block 23 7
block 24 7
block 25 7
block 26 7
block 27 7
block 28 7
block 45 7
block 46 7
block 47 7
block 48 7
block 49 7
block 50 7
block 22 8
block 23 8
block 24 8
block 25 8
block 26 8
block 27 8
block 28 8
block 45 8
block 46 8
block 47 8
block 48 8
block 49 8
block 50 8
block 45 9
block 46 9
block 47 9
block 48 9
block 49 9
block 50 9
block 45 10
block 46 10
block 47 10
block 48 10
block 49 10
block 50 10
block 28 11
block 29 11
block 30 11
block 31 11
block 45 11
block 46 11
block 47 11
block 48 11
block 49 11
block 50 11
block 58 11
block 59 11
block 28 12
block 29 12
block 30 12
block 31 12
block 38 12
block 39 12
block 40 12
block 41 12
block 45 12
block 46 12
block 47 12
block 48 12
block 49 12
block 50 12
block 58 12
block 59 12
block 28 13
block 29 13
block 30 13
block 31 13
block 38 13
block 39 13
block 40 13
block 41 13
block 49 13
block 50 13
block 58 13
block 59 13
block 28 14
block 29 14
block 30 14
block 31 14
block 38 14
block 39 14
block 40 14
block 41 14
block 49 14
block 50 14
block 58 14
block 59 14
block 28 15
block 29 15
block 30 15
block 31 15
block 49 15
block 50 15
block 51 15
block 52 15
block 58 15
block 59 15
block 28 16
block 29 16
block 30 16
block 31 16
block 49 16
block 50 16
block 51 16
block 52 16
block 55 16
block 56 16
block 57 16
block 58 16
block 59 16
block 28 17
block 29 17
block 30 17
block 31 17
block 43 17
block 44 17
block 45 17
block 46 17
block 47 17
block 50 17
block 51 17
block 52 17
block 55 17
block 56 17
block 57 17
block 58 17
block 59 17
block 33 18
block 34 18
block 35 18
block 36 18
block 37 18
block 43 18
block 44 18
block 45 18
block 46 18
block 47 18
block 50 18
block 51 18
block 52 18
block 55 18
block 56 18
block 57 18
block 58 18
block 33 19
block 34 19
block 35 19
block 36 19
block 37 19
block 43 19
block 44 19
block 45 19
block 46 19
block 47 19
block 50 19
block 51 19
block 52 19
block 55 19
block 56 19
block 57 19
block 58 19
block 59 19
block 33 20
block 34 20
block 35 20
block 36 20
block 37 20
block 43 20
block 44 20
block 45 20
block 46 20
block 47 20
block 50 20
block 51 20
block 52 20
block 55 20
block 56 20
block 57 20
block 58 20
block 59 20
block 14 21
block 15 21
block 16 21
block 17 21
block 33 21
block 34 21
block 35 21
block 36 21
block 37 21
block 43 21
block 44 21
block 45 21
block 46 21
block 50 21
block 51 21
block 52 21
block 57 21
block 58 21
block 59 21
block 14 22
block 15 22
block 16 22
block 17 22
block 33 22
block 34 22
block 35 22
block 36 22
block 37 22
block 43 22
block 44 22
block 45 22
block 46 22
block 57 22
block 58 22
block 59 22
block 14 23
block 15 23
block 16 23
block 17 23
block 33 23
block 34 23
block 35 23
block 36 23
block 37 23
block 57 23
block 58 23
block 59 23
block 14 24
block 15 24
block 16 24
block 17 24
block 57 24
block 58 24
block 59 24
block 14 25
block 15 25
block 16 25
block 17 25
block 57 25
block 58 25
block 59 25
##BotsAndCoinsInfo
bot_name 0 starter-bot
bot 0 36 25
bot_coins 0 0
coin 49 19
coin 10 8
round 1
round 2
round 3
round 4
round 5
coin 48 24
coin 11 3
round 6
round 7
round 8
round 9
round 10
coin 30 25
coin 29 2
round 11
round 12
match_over 0
round 13
