match
match_id 1639351537225_ad
match_time 1639351537231
num_bots 1
##MatchConfig
mode FRIENDLY
num_rounds 200
random_seed 42
move_time_limit 5000
coin_spawn_period 5
coin_spawn_volume 10
##MapConfig
map_size 65 36
view_radius 5
mining_radius 2
attack_radius 4
block 39 0
block 40 0
block 41 0
block 42 0
block 43 0
block 44 0
block 39 1
block 40 1
block 41 1
block 42 1
block 43 1
block 44 1
block 39 2
block 40 2
block 41 2
block 42 2
block 43 2
block 44 2
block 0 3
block 5 3
block 6 3
block 7 3
block 8 3
block 9 3
block 39 3
block 40 3
block 41 3
block 42 3
block 43 3
block 44 3
block 59 3
block 60 3
block 61 3
block 62 3
block 63 3
block 64 3
block 0 4
block 5 4
block 6 4
block 7 4
block 8 4
block 9 4
block 39 4
block 40 4
block 41 4
block 42 4
block 43 4
block 44 4
block 51 4
block 52 4
block 53 4
block 54 4
block 55 4
block 56 4
block 59 4
block 60 4
block 61 4
block 62 4
block 63 4
block 64 4
block 0 5
block 39 5
block 40 5
block 41 5
block 42 5
block 43 5
block 44 5
block 46 5
block 47 5
block 48 5
block 49 5
block 50 5
block 51 5
block 52 5
block 53 5
block 54 5
block 55 5
block 56 5
block 59 5
block 60 5
block 61 5
block 62 5
block 63 5
block 64 5
block 0 6
block 1 6
block 2 6
block 46 6
block 47 6
block 48 6
block 49 6
block 50 6
block 51 6
block 52 6
block 53 6
block 54 6
block 55 6
block 56 6
block 59 6
block 60 6
block 61 6
block 62 6
block 63 6
block 64 6
block 0 7
block 1 7
block 2 7
block 46 7
block 47 7
block 48 7
block 49 7
block 50 7
block 51 7
block 52 7
block 53 7
block 54 7
block 55 7
block 56 7
block 59 7
block 60 7
block 61 7
block 62 7
block 63 7
block 64 7
block 0 8
block 1 8
block 2 8
block 17 8
block 18 8
block 19 8
block 20 8
block 21 8
block 22 8
block 46 8
block 47 8
block 48 8
block 49 8
block 50 8
block 51 8
block 53 8
block 54 8
block 55 8
block 0 9
block 1 9
block 2 9
block 17 9
block 18 9
block 19 9
block 20 9
block 21 9
block 22 9
block 46 9
block 47 9
block 48 9
block 49 9
block 50 9
block 51 9
block 53 9
block 54 9
block 55 9
block 0 10
block 1 10
block 2 10
block 17 10
block 18 10
block 19 10
block 20 10
block 21 10
block 22 10
block 53 10
block 54 10
block 55 10
block 0 11
block 1 11
block 2 11
block 5 11
block 6 11
block 17 11
block 18 11
block 19 11
block 20 11
block 21 11
block 22 11
block 37 11
block 38 11
block 39 11
block 40 11
block 41 11
block 42 11
block 43 11
block 53 11
block 54 11
block 55 11
block 5 12
block 6 12
block 17 12
block 18 12
block 19 12
block 20 12
block 21 12
block 22 12
block 37 12
block 38 12
block 39 12
block 40 12
block 41 12
block 42 12
block 43 12
block 5 13
block 6 13
block 11 13
block 12 13
block 13 13
block 14 13
block 15 13
block 16 13
block 37 13
block 38 13
block 39 13
block 40 13
block 41 13
block 42 13
block 43 13
block 5 14
block 6 14
block 11 14
block 12 14
block 13 14
block 14 14
block 15 14
block 16 14
block 37 14
block 38 14
block 39 14
block 40 14
block 41 14
block 42 14
block 43 14
block 50 14
block 51 14
block 52 14
block 53 14
block 54 14
block 5 15
block 6 15
block 11 15
block 12 15
block 13 15
block 14 15
block 15 15
block 16 15
block 37 15
block 38 15
block 39 15
block 40 15
block 41 15
block 42 15
block 43 15
block 50 15
block 51 15
block 52 15
block 53 15
block 54 15
block 0 16
block 1 16
block 2 16
block 3 16
block 4 16
block 5 16
block 6 16
block 17 16
block 18 16
block 19 16
block 63 16
block 64 16
block 0 17
block 1 17
block 2 17
block 3 17
block 4 17
block 5 17
block 6 17
block 17 17
block 18 17
block 19 17
block 63 17
block 64 17
block 0 18
block 1 18
block 2 18
block 3 18
block 4 18
block 17 18
block 18 18
block 19 18
block 25 18
block 26 18
block 27 18
block 28 18
block 29 18
block 63 18
block 64 18
block 0 19
block 1 19
block 2 19
block 3 19
block 4 19
block 25 19
block 26 19
block 27 19
block 28 19
block 29 19
block 63 19
block 64 19
block 25 20
block 26 20
block 27 20
block 28 20
block 29 20
block 39 20
block 40 20
block 41 20
block 42 20
block 8 21
block 9 21
block 10 21
block 25 21
block 26 21
block 27 21
block 28 21
block 29 21
block 39 21
block 40 21
block 41 21
block 42 21
block 0 22
block 1 22
block 2 22
block 3 22
block 4 22
block 5 22
block 6 22
block 8 22
block 9 22
block 10 22
block 16 22
block 17 22
block 0 23
block 1 23
block 2 23
block 3 23
block 4 23
block 5 23
block 6 23
block 8 23
block 9 23
block 10 23
block 16 23
block 17 23
block 21 23
block 22 23
block 33 23
block 34 23
block 35 23
block 36 23
block 37 23
block 38 23
block 0 24
block 1 24
block 2 24
block 3 24
block 4 24
block 5 24
block 6 24
block 8 24
block 9 24
block 10 24
block 21 24
block 22 24
block 33 24
block 34 24
block 35 24
block 36 24
block 37 24
block 38 24
block 0 25
block 1 25
block 2 25
block 3 25
block 4 25
block 5 25
block 6 25
block 8 25
block 9 25
block 10 25
block 21 25
block 22 25
block 33 25
block 34 25
block 35 25
block 36 25
block 37 25
block 38 25
block 39 25
block 40 25
block 33 26
block 34 26
block 35 26
block 36 26
block 37 26
block 38 26
block 39 26
block 40 26
block 45 26
block 46 26
block 47 26
block 33 27
block 34 27
block 35 27
block 36 27
block 37 27
block 38 27
block 39 27
block 40 27
block 45 27
block 46 27
block 47 27
block 33 28
block 34 28
block 35 28
block 36 28
block 37 28
block 38 28
block 45 28
block 46 28
block 47 28
block 10 29
block 11 29
block 12 29
block 13 29
block 14 29
block 49 29
block 50 29
block 51 29
block 52 29
block 53 29
block 54 29
block 55 29
block 58 29
block 59 29
block 60 29
block 61 29
block 10 30
block 11 30
block 12 30
block 13 30
block 14 30
block 29 30
block 30 30
block 31 30
block 32 30
block 33 30
block 49 30
block 50 30
block 51 30
block 52 30
block 53 30
block 54 30
block 55 30
block 58 30
block 59 30
block 60 30
block 61 30
block 10 31
block 11 31
block 12 31
block 13 31
block 14 31
block 29 31
block 30 31
block 31 31
block 32 31
block 33 31
block 58 31
block 59 31
block 60 31
block 61 31
block 10 32
block 11 32
block 12 32
block 13 32
block 14 32
block 29 32
block 30 32
block 31 32
block 32 32
block 33 32
block 10 33
block 11 33
block 12 33
block 13 33
block 14 33
block 39 35
block 40 35
block 41 35
block 42 35
block 43 35
block 44 35
##BotsAndCoinsInfo
bot_name 0 starter-bot
bot 0 6 28
bot_coins 0 0
coin 1 3
coin 63 32
coin 48 10
coin 16 25
coin 64 25
coin 64 10
coin 0 2
coin 64 33
coin 29 29
coin 35 6
round 1
bot 0 5 28
round 2
bot 0 4 28
round 3
bot 0 3 28
round 4
bot 0 2 28
round 5
bot 0 1 28
coin 52 26
coin 12 9
coin 21 0
coin 43 34
coin 46 32
coin 18 3
coin 61 8
coin 3 27
coin 62 17
coin 2 20
round 6
bot 0 0 28
round 7
round 8
round 9
match_over 0
round 10
