match
match_id 1639397305463_as
match_time 1639397305471
num_bots 1
##MatchConfig
mode FRIENDLY
num_rounds 200
random_seed 42
move_time_limit 5000
coin_spawn_period 5
coin_spawn_volume 10
##MapConfig
map_size 59 26
view_radius 6
mining_radius 2
attack_radius 3
block 0 0
block 1 0
block 2 0
block 3 0
block 12 0
block 13 0
block 14 0
block 15 0
block 16 0
block 20 0
block 21 0
block 22 0
block 23 0
block 24 0
block 25 0
block 57 0
block 58 0
block 0 1
block 1 1
block 2 1
block 3 1
block 15 1
block 16 1
block 18 1
block 19 1
block 20 1
block 21 1
block 22 1
block 23 1
block 24 1
block 25 1
block 26 1
block 27 1
block 28 1
block 57 1
block 58 1
block 0 2
block 1 2
block 2 2
block 3 2
block 7 2
block 8 2
block 9 2
block 10 2
block 11 2
block 15 2
block 16 2
block 18 2
block 19 2
block 20 2
block 21 2
block 22 2
block 23 2
block 24 2
block 25 2
block 26 2
block 27 2
block 28 2
block 57 2
block 58 2
block 0 3
block 1 3
block 2 3
block 3 3
block 7 3
block 8 3
block 9 3
block 10 3
block 11 3
block 15 3
block 16 3
block 18 3
block 19 3
block 20 3
block 21 3
block 22 3
block 23 3
block 24 3
block 25 3
block 26 3
block 27 3
block 28 3
block 57 3
block 58 3
block 7 4
block 8 4
block 9 4
block 10 4
block 11 4
block 15 4
block 16 4
block 18 4
block 19 4
block 20 4
block 21 4
block 22 4
block 23 4
block 24 4
block 25 4
block 26 4
block 27 4
block 28 4
block 57 4
block 58 4
block 13 5
block 14 5
block 15 5
block 18 5
block 19 5
block 20 5
block 21 5
block 22 5
block 23 5
block 24 5
block 25 5
block 26 5
block 27 5
block 28 5
block 46 5
block 47 5
block 48 5
block 49 5
block 50 5
block 57 5
block 58 5
block 13 6
block 14 6
block 15 6
block 18 6
block 19 6
block 20 6
block 21 6
block 22 6
block 23 6
block 24 6
block 25 6
block 26 6
block 27 6
block 28 6
block 46 6
block 47 6
block 48 6
block 49 6
block 50 6
block 57 6
block 58 6
block 3 7
block 4 7
block 13 7
block 14 7
block 15 7
block 18 7
block 19 7
block 20 7
block 21 7
block 22 7
block 23 7
block 31 7
block 32 7
block 33 7
block 34 7
block 35 7
block 46 7
block 47 7
block 48 7
block 49 7
block 50 7
block 51 7
block 52 7
block 53 7
block 54 7
block 55 7
block 3 8
block 4 8
block 13 8
block 14 8
block 15 8
block 31 8
block 32 8
block 33 8
block 34 8
block 35 8
block 46 8
block 47 8
block 48 8
block 49 8
block 50 8
block 51 8
block 52 8
block 53 8
block 54 8
block 55 8
block 3 9
block 4 9
block 13 9
block 14 9
block 15 9
block 31 9
block 32 9
block 33 9
block 34 9
block 35 9
block 36 9
block 37 9
block 45 9
block 46 9
block 47 9
block 48 9
block 49 9
block 50 9
block 51 9
block 52 9
block 53 9
block 54 9
block 55 9
block 3 10
block 4 10
block 31 10
block 32 10
block 33 10
block 34 10
block 35 10
block 36 10
block 37 10
block 38 10
block 39 10
block 40 10
block 45 10
block 46 10
block 47 10
block 48 10
block 49 10
block 50 10
block 51 10
block 52 10
block 53 10
block 54 10
block 55 10
block 3 11
block 4 11
block 5 11
block 6 11
block 7 11
block 8 11
block 31 11
block 32 11
block 33 11
block 34 11
block 35 11
block 36 11
block 37 11
block 38 11
block 39 11
block 40 11
block 43 11
block 44 11
block 45 11
block 46 11
block 47 11
block 48 11
block 49 11
block 50 11
block 51 11
block 52 11
block 53 11
block 54 11
block 55 11
block 4 12
block 5 12
block 6 12
block 7 12
block 8 12
block 22 12
block 23 12
block 31 12
block 32 12
block 33 12
block 34 12
block 35 12
block 36 12
block 37 12
block 38 12
block 39 12
block 40 12
block 43 12
block 44 12
block 45 12
block 46 12
block 47 12
block 48 12
block 49 12
block 50 12
block 4 13
block 5 13
block 6 13
block 7 13
block 8 13
block 22 13
block 23 13
block 24 13
block 25 13
block 26 13
block 27 13
block 28 13
block 33 13
block 34 13
block 35 13
block 36 13
block 37 13
block 38 13
block 39 13
block 40 13
block 45 13
block 46 13
block 47 13
block 48 13
block 49 13
block 50 13
block 4 14
block 5 14
block 6 14
block 7 14
block 8 14
block 22 14
block 23 14
block 24 14
block 25 14
block 26 14
block 27 14
block 28 14
block 33 14
block 34 14
block 35 14
block 36 14
block 37 14
block 38 14
block 39 14
block 40 14
block 43 14
block 44 14
block 45 14
block 46 14
block 47 14
block 48 14
block 49 14
block 50 14
block 4 15
block 5 15
block 6 15
block 7 15
block 8 15
block 37 15
block 38 15
block 39 15
block 40 15
block 43 15
block 44 15
block 45 15
block 46 15
block 47 15
block 48 15
block 49 15
block 50 15
block 4 16
block 5 16
block 6 16
block 7 16
block 8 16
block 22 16
block 23 16
block 24 16
block 43 16
block 44 16
block 45 16
block 46 16
block 47 16
block 48 16
block 19 17
block 20 17
block 21 17
block 22 17
block 23 17
block 24 17
block 25 17
block 35 17
block 36 17
block 37 17
block 38 17
block 43 17
block 44 17
block 45 17
block 46 17
block 47 17
block 48 17
block 19 18
block 20 18
block 21 18
block 22 18
block 23 18
block 24 18
block 25 18
block 35 18
block 36 18
block 37 18
block 38 18
block 22 19
block 23 19
block 24 19
block 35 19
block 36 19
block 37 19
block 38 19
block 7 20
block 8 20
block 9 20
block 10 20
block 11 20
block 12 20
block 13 20
block 14 20
block 22 20
block 23 20
block 24 20
block 35 20
block 36 20
block 37 20
block 38 20
block 7 21
block 8 21
block 9 21
block 10 21
block 11 21
block 12 21
block 13 21
block 14 21
block 22 21
block 23 21
block 24 21
block 35 21
block 36 21
block 37 21
block 38 21
block 39 21
block 40 21
block 41 21
block 42 21
block 53 21
block 54 21
block 55 21
block 56 21
block 57 21
block 58 21
block 7 22
block 8 22
block 9 22
block 10 22
block 11 22
block 12 22
block 13 22
block 14 22
block 22 22
block 23 22
block 24 22
block 35 22
block 36 22
block 37 22
block 38 22
block 39 22
block 40 22
block 41 22
block 42 22
block 53 22
block 54 22
block 55 22
block 56 22
block 57 22
block 58 22
block 7 23
block 8 23
block 9 23
block 10 23
block 11 23
block 12 23
block 13 23
block 14 23
block 17 23
block 18 23
block 19 23
block 20 23
block 21 23
block 35 23
block 36 23
block 37 23
block 38 23
block 39 23
block 40 23
block 41 23
block 42 23
block 0 24
block 1 24
block 2 24
block 3 24
block 7 24
block 8 24
block 9 24
block 10 24
block 11 24
block 12 24
block 13 24
block 14 24
block 15 24
block 16 24
block 17 24
block 18 24
block 19 24
block 20 24
block 21 24
block 57 24
block 58 24
block 0 25
block 1 25
block 2 25
block 3 25
block 12 25
block 13 25
block 14 25
block 15 25
block 16 25
block 17 25
block 18 25
block 19 25
block 20 25
block 21 25
block 22 25
block 23 25
block 24 25
block 25 25
block 57 25
block 58 25
##BotsAndCoinsInfo
bot_name 0 starter-bot
bot 0 27 25
bot_coins 0 0
coin 33 6
coin 25 19
coin 15 12
coin 43 13
coin 9 17
coin 51 6
coin 15 16
coin 43 9
coin 49 16
coin 9 9
round 1
bot 0 27 24
round 2
bot 0 26 23
round 3
bot 0 25 22
round 4
bot 0 25 21
coin_collected 25 19 0
bot_coins 0 1
round 5
bot 0 26 20
coin 11 0
coin 47 25
coin 45 6
coin 13 19
coin 2 4
coin 56 20
coin 30 8
coin 28 17
coin 23 24
coin 35 1
round 6
bot 0 26 19
round 7
bot 0 27 18
coin_collected 28 17 0
bot_coins 0 2
round 8
bot 0 26 17
round 9
bot 0 27 16
round 10
bot 0 28 15
coin 39 17
coin 19 8
coin 36 16
coin 22 9
coin 48 21
coin 10 5
coin 41 6
coin 17 19
coin 53 24
coin 5 1
round 11
bot 0 27 15
round 12
bot 0 26 15
round 13
bot 0 25 15
round 14
bot 0 24 15
round 15
bot 0 23 15
coin 56 10
coin 2 15
coin 56 7
coin 2 18
coin 6 21
coin 52 4
coin 25 11
coin 33 15
coin 30 10
coin 28 15
round 16
bot 0 22 15
round 17
bot 0 21 14
round 18
bot 0 20 13
round 19
bot 0 19 12
round 20
bot 0 20 11
coin 4 5
coin 54 20
coin 45 3
coin 15 22
coin 17 2
coin 41 24
coin 5 21
coin 53 4
coin 58 23
coin 0 4
round 21
bot 0 21 10
coin_collected 22 9 0
bot_coins 0 3
round 22
bot 0 20 9
coin_collected 19 8 0
bot_coins 0 4
round 23
bot 0 19 8
round 24
bot 0 18 9
round 25
bot 0 17 10
coin 32 18
coin 26 7
coin 53 2
coin 5 23
coin 42 16
coin 16 9
coin 11 15
coin 45 8
coin 41 1
coin 16 23
round 26
bot 0 16 9
coin_collected 16 9 0
bot_coins 0 5
round 27
bot 0 15 10
coin_collected 15 12 0
bot_coins 0 6
round 28
bot 0 14 11
round 29
bot 0 13 12
round 30
bot 0 12 13
coin 21 9
coin 37 16
coin 13 10
coin 44 13
coin 29 6
coin 29 19
coin 42 15
coin 16 10
coin 21 8
coin 38 16
round 31
bot 0 11 14
coin_collected 11 15 0
bot_coins 0 7
round 32
bot 0 10 15
round 33
bot 0 9 16
coin_collected 9 17 0
bot_coins 0 8
round 34
bot 0 10 16
round 35
bot 0 11 17
coin 44 21
coin 14 4
coin 0 13
coin 58 12
coin 19 8
coin 40 17
coin 26 20
coin 32 5
coin 50 21
coin 8 5
round 36
bot 0 12 18
coin_collected 13 19 0
bot_coins 0 9
round 37
bot 0 13 17
round 38
bot 0 14 16
coin_collected 15 16 0
bot_coins 0 10
round 39
bot 0 15 17
round 40
bot 0 16 18
coin_collected 17 19 0
bot_coins 0 11
coin 54 24
coin 4 1
coin 7 5
coin 51 20
coin 56 1
coin 2 23
coin 35 16
coin 23 9
coin 2 13
coin 56 12
round 41
bot 0 15 19
round 42
bot 0 15 20
coin_collected 15 22 0
bot_coins 0 12
round 43
bot 0 15 21
round 44
bot 0 15 22
coin_collected 16 23 0
bot_coins 0 13
round 45
bot 0 15 23
coin 54 4
coin 4 21
coin 34 15
coin 24 10
coin 18 15
coin 41 10
coin 1 14
coin 57 11
coin 16 6
coin 42 19
round 46
bot 0 16 22
round 47
bot 0 17 22
round 48
bot 0 16 21
round 49
bot 0 15 20
round 50
bot 0 14 19
coin 10 19
coin 48 4
coin 25 21
coin 33 4
coin 17 19
coin 42 6
coin 3 14
coin 56 11
coin 7 18
coin 52 6
round 51
bot 0 15 18
round 52
bot 0 16 18
coin_collected 17 19 0
bot_coins 0 14
round 53
bot 0 16 17
round 54
bot 0 17 16
coin_collected 18 15 0
bot_coins 0 15
round 55
bot 0 16 16
coin 2 5
coin 55 20
coin 9 15
coin 51 12
coin 28 22
coin 30 3
coin 45 7
coin 13 18
coin 28 0
coin 30 25
round 56
bot 0 15 16
round 57
bot 0 14 17
coin_collected 13 18 0
bot_coins 0 16
round 58
bot 0 13 16
round 59
bot 0 12 17
round 60
bot 0 11 18
coin_collected 10 19 0
bot_coins 0 17
coin 44 18
coin 16 7
coin 57 20
coin 1 5
coin 58 20
coin 0 5
coin 51 5
coin 7 19
coin 45 18
coin 12 7
round 61
bot 0 10 17
round 62
bot 0 9 16
coin_collected 9 15 0
bot_coins 0 18
round 63
bot 0 8 17
coin_collected 7 18 0
bot_coins 0 19
round 64
bot 0 7 18
coin_collected 7 19 0
bot_coins 0 20
round 65
bot 0 6 19
coin_collected 6 21 0
bot_coins 0 21
coin 31 20
coin 29 5
coin 36 24
coin 22 24
coin 30 14
coin 28 11
coin 33 16
coin 25 9
coin 3 17
coin 56 8
round 66
bot 0 5 20
coin_collected 4 21 0
bot_coins 0 22
coin_collected 5 21 0
bot_coins 0 23
round 67
bot 0 4 19
round 68
bot 0 3 18
coin_collected 2 18 0
bot_coins 0 24
coin_collected 3 17 0
bot_coins 0 25
round 69
bot 0 2 17
coin_collected 2 15 0
bot_coins 0 26
round 70
bot 0 1 16
coin_collected 1 14 0
bot_coins 0 27
coin 11 13
coin 44 10
coin 42 11
coin 16 14
coin 28 19
coin 30 6
coin 20 16
coin 38 9
coin 39 9
coin 19 16
round 71
bot 0 2 15
coin_collected 2 13 0
bot_coins 0 28
coin_collected 3 14 0
bot_coins 0 29
round 72
bot 0 1 14
coin_collected 0 13 0
bot_coins 0 30
round 73
bot 0 0 13
coin_collected 58 12 0
bot_coins 0 31
round 74
bot 0 58 12
coin_collected 56 12 0
bot_coins 0 32
coin_collected 57 11 0
bot_coins 0 33
round 75
bot 0 57 11
coin_collected 56 10 0
bot_coins 0 34
coin_collected 56 11 0
bot_coins 0 35
coin 22 23
coin 36 2
coin 3 13
coin 55 12
coin 56 9
coin 2 16
coin 29 11
coin 29 14
coin 31 19
coin 27 7
round 76
bot 0 56 10
coin_collected 56 8 0
bot_coins 0 36
coin_collected 56 9 0
bot_coins 0 37
round 77
bot 0 56 11
coin_collected 55 12 0
bot_coins 0 38
round 78
bot 0 57 10
round 79
bot 0 56 9
coin_collected 56 7 0
bot_coins 0 39
round 80
bot 0 57 8
coin 38 4
coin 20 21
coin 7 8
coin 51 17
coin 55 24
coin 4 2
coin 16 19
coin 42 7
coin 52 21
coin 6 4
round 81
bot 0 58 7
round 82
bot 0 0 6
coin_collected 0 4 0
bot_coins 0 40
coin_collected 0 5 0
bot_coins 0 41
coin_collected 1 5 0
bot_coins 0 42
round 83
bot 0 1 5
coin_collected 2 4 0
bot_coins 0 43
coin_collected 2 5 0
bot_coins 0 44
round 84
bot 0 2 4
round 85
bot 0 3 4
coin_collected 4 5 0
bot_coins 0 45
coin 44 8
coin 14 17
coin 41 4
coin 17 21
coin 24 24
coin 34 1
coin 9 6
coin 49 19
coin 56 10
coin 2 15
round 86
bot 0 4 3
coin_collected 4 1 0
bot_coins 0 46
coin_collected 4 2 0
bot_coins 0 47
round 87
bot 0 4 2
coin_collected 5 1 0
bot_coins 0 48
round 88
bot 0 5 3
coin_collected 6 4 0
bot_coins 0 49
round 89
bot 0 6 4
coin_collected 7 5 0
bot_coins 0 50
round 90
bot 0 7 5
coin_collected 8 5 0
bot_coins 0 51
coin 32 17
coin 26 8
coin 25 24
coin 33 1
coin 17 20
coin 41 5
coin 46 25
coin 12 1
coin 30 5
coin 28 20
round 91
bot 0 8 5
coin_collected 9 6 0
bot_coins 0 52
coin_collected 10 5 0
bot_coins 0 53
round 92
bot 0 7 6
coin_collected 7 8 0
bot_coins 0 54
round 93
bot 0 7 7
round 94
bot 0 8 8
coin_collected 9 9 0
bot_coins 0 55
round 95
bot 0 9 7
coin 51 3
coin 6 22
coin 31 0
coin 27 25
coin 46 19
coin 12 6
coin 43 23
coin 14 2
coin 34 6
coin 25 19
round 96
bot 0 10 6
coin_collected 12 6 0
bot_coins 0 56
round 97
bot 0 9 5
round 98
bot 0 10 5
round 99
bot 0 11 6
coin_collected 12 7 0
bot_coins 0 57
round 100
bot 0 12 5
coin 10 16
coin 44 9
coin 39 24
coin 19 0
coin 25 20
coin 33 5
coin 37 3
coin 21 22
coin 18 14
coin 41 11
round 101
bot 0 13 4
coin_collected 14 4 0
bot_coins 0 58
round 102
bot 0 12 3
coin_collected 12 1 0
bot_coins 0 59
round 103
bot 0 12 2
coin_collected 14 2 0
bot_coins 0 60
round 104
bot 0 11 1
coin_collected 11 0 0
bot_coins 0 61
round 105
bot 0 10 1
coin 39 18
coin 20 8
coin 12 2
coin 46 23
coin 9 1
coin 49 24
coin 30 11
coin 27 15
coin 41 15
coin 17 10
round 106
bot 0 9 1
coin_collected 9 1 0
bot_coins 0 62
round 107
bot 0 10 0
round 108
bot 0 11 1
coin_collected 12 2 0
bot_coins 0 63
round 109
bot 0 12 2
round 110
bot 0 12 1
coin 49 25
coin 9 0
coin 27 23
coin 31 2
coin 46 24
coin 13 1
coin 51 13
coin 9 12
coin 34 17
coin 24 8
round 111
bot 0 11 0
coin_collected 9 0 0
bot_coins 0 64
round 112
bot 0 11 1
coin_collected 13 1 0
bot_coins 0 65
round 113
bot 0 12 2
round 114
bot 0 12 1
round 115
bot 0 11 0
coin 18 9
coin 40 16
coin 29 13
coin 29 12
coin 27 11
coin 31 14
coin 22 10
coin 36 15
coin 53 25
coin 5 0
round 116
bot 0 10 25
round 117
bot 0 9 25
round 118
bot 0 8 25
round 119
bot 0 7 25
round 120
bot 0 6 24
coin_collected 5 23 0
bot_coins 0 66
coin_collected 6 22 0
bot_coins 0 67
coin 57 12
coin 1 13
coin 42 12
coin 16 13
coin 26 19
coin 32 6
coin 38 25
coin 18 0
coin 29 3
coin 29 22
round 121
bot 0 5 25
coin_collected 5 0 0
bot_coins 0 68
round 122
bot 0 4 24
round 123
bot 0 3 23
coin_collected 2 23 0
bot_coins 0 69
round 124
bot 0 2 22
round 125
bot 0 1 21
coin 27 0
coin 31 25
coin 42 3
coin 16 22
coin 51 21
coin 6 4
coin 34 18
coin 24 7
coin 25 7
coin 33 18
round 126
bot 0 0 20
coin_collected 57 20 0
bot_coins 0 70
coin_collected 58 20 0
bot_coins 0 71
round 127
bot 0 58 19
round 128
bot 0 57 19
coin_collected 56 20 0
bot_coins 0 72
round 129
bot 0 56 19
coin_collected 55 20 0
bot_coins 0 73
round 130
bot 0 55 19
coin_collected 54 20 0
bot_coins 0 74
coin 42 4
coin 16 21
coin 32 13
coin 26 12
coin 40 9
coin 18 16
coin 6 23
coin 52 2
coin 30 20
coin 29 4
round 131
bot 0 54 19
round 132
bot 0 53 20
coin_collected 51 20 0
bot_coins 0 75
coin_collected 52 21 0
bot_coins 0 76
round 133
bot 0 52 20
coin_collected 51 21 0
bot_coins 0 77
round 134
bot 0 51 20
coin_collected 50 21 0
bot_coins 0 78
round 135
bot 0 50 19
coin_collected 49 19 0
bot_coins 0 79
coin 29 18
coin 29 7
coin 6 9
coin 52 16
coin 12 19
coin 45 5
coin 49 17
coin 9 8
coin 1 8
coin 57 17
round 136
bot 0 49 18
coin_collected 49 16 0
bot_coins 0 80
coin_collected 49 17 0
bot_coins 0 81
round 137
bot 0 50 17
coin_collected 51 17 0
bot_coins 0 82
round 138
bot 0 51 16
coin_collected 52 16 0
bot_coins 0 83
round 139
bot 0 51 15
coin_collected 51 13 0
bot_coins 0 84
round 140
bot 0 51 14
coin_collected 51 12 0
bot_coins 0 85
coin 20 11
coin 39 16
coin 5 9
coin 53 16
coin 55 4
coin 3 21
coin 0 10
coin 58 15
coin 25 10
coin 32 15
round 141
bot 0 52 15
coin_collected 53 16 0
bot_coins 0 86
round 142
bot 0 53 14
round 143
bot 0 54 13
round 144
bot 0 55 12
coin_collected 57 12 0
bot_coins 0 87
round 145
bot 0 56 11
coin_collected 56 10 0
bot_coins 0 88
coin 36 25
coin 23 23
coin 58 10
coin 0 15
coin 54 19
coin 4 6
coin 9 17
coin 49 4
coin 33 3
coin 25 22
round 146
bot 0 57 10
coin_collected 58 10 0
bot_coins 0 89
coin_collected 0 10 0
bot_coins 0 90
round 147
bot 0 58 9
round 148
bot 0 57 8
round 149
bot 0 58 7
round 150
bot 0 0 7
coin_collected 1 8 0
bot_coins 0 91
coin 55 1
coin 4 24
coin 29 2
coin 29 23
coin 56 0
coin 4 25
coin 28 21
coin 30 4
coin 52 18
coin 6 7
round 151
bot 0 1 6
round 152
bot 0 2 5
round 153
bot 0 3 5
coin_collected 4 6 0
bot_coins 0 92
round 154
bot 0 4 4
coin_collected 6 4 0
bot_coins 0 93
round 155
bot 0 4 5
coin 43 4
coin 15 21
coin 10 17
coin 44 7
coin 54 23
coin 4 2
coin 55 13
coin 3 12
coin 26 10
coin 32 16
round 156
bot 0 5 6
coin_collected 6 7 0
bot_coins 0 94
round 157
bot 0 5 7
coin_collected 5 9 0
bot_coins 0 95
round 158
bot 0 5 8
coin_collected 6 9 0
bot_coins 0 96
round 159
bot 0 6 7
round 160
bot 0 7 6
coin 1 5
coin 57 20
coin 26 25
coin 32 0
coin 34 19
coin 25 8
coin 11 25
coin 47 0
coin 15 10
coin 42 14
round 161
bot 0 8 7
coin_collected 9 8 0
bot_coins 0 97
round 162
bot 0 7 8
round 163
bot 0 7 9
round 164
bot 0 8 10
round 165
bot 0 7 10
coin 44 19
coin 14 4
coin 43 10
coin 15 15
coin 30 21
coin 30 2
coin 26 15
coin 30 9
coin 47 4
coin 11 19
round 166
bot 0 8 9
round 167
bot 0 7 8
round 168
bot 0 7 9
round 169
bot 0 8 10
round 170
bot 0 7 10
coin 56 8
coin 2 17
coin 52 3
coin 6 22
coin 42 13
coin 16 12
coin 51 12
coin 9 13
coin 34 24
coin 26 0
round 171
bot 0 8 9
round 172
bot 0 7 8
round 173
bot 0 7 9
round 174
bot 0 8 10
round 175
bot 0 7 10
coin 15 23
coin 43 2
coin 48 18
coin 10 7
coin 33 21
coin 28 7
coin 32 4
coin 26 21
coin 17 3
coin 43 22
round 176
bot 0 8 9
round 177
bot 0 7 8
round 178
bot 0 8 7
coin_collected 10 7 0
bot_coins 0 98
round 179
bot 0 8 8
round 180
bot 0 7 9
coin 33 23
coin 29 1
coin 30 12
coin 28 12
coin 27 22
coin 31 3
coin 17 6
coin 41 19
coin 32 3
coin 26 22
round 181
bot 0 8 10
round 182
bot 0 7 10
round 183
bot 0 8 9
round 184
bot 0 7 8
round 185
bot 0 7 9
coin 24 23
coin 34 2
coin 31 5
coin 27 20
coin 8 19
coin 50 4
coin 9 14
coin 51 13
coin 51 14
coin 7 10
round 186
bot 0 7 10
coin_collected 7 10 0
bot_coins 0 99
round 187
bot 0 8 10
round 188
bot 0 8 9
round 189
bot 0 7 8
round 190
bot 0 7 9
coin 16 20
coin 42 5
coin 38 5
coin 20 20
coin 31 13
coin 27 12
coin 46 18
coin 12 7
coin 49 16
coin 9 9
round 191
bot 0 8 8
coin_collected 9 9 0
bot_coins 0 100
round 192
bot 0 8 9
round 193
bot 0 7 8
round 194
bot 0 7 9
round 195
bot 0 8 10
coin 31 4
coin 27 21
coin 17 17
coin 41 8
coin 35 15
coin 23 10
coin 30 18
coin 28 8
coin 15 22
coin 43 3
round 196
bot 0 7 10
round 197
bot 0 8 9
round 198
bot 0 7 8
round 199
bot 0 7 9
round 200
bot 0 8 10
coin 42 1
coin 16 23
coin 41 16
coin 17 9
coin 49 23
coin 9 1
coin 42 9
coin 16 16
coin 54 5
coin 4 20
match_over 0
