match
match_id 1639153466030_bp
match_time 1639153466035
num_bots 1
##MatchConfig
mode FRIENDLY
num_rounds 200
random_seed 42
move_time_limit 1000
coin_spawn_period 5
coin_spawn_volume 2
##MapConfig
map_size 71 38
view_radius 6
mining_radius 2
attack_radius 3
block 5 0
block 6 0
block 7 0
block 8 0
block 9 0
block 10 0
block 43 0
block 44 0
block 45 0
block 46 0
block 47 0
block 48 0
block 5 1
block 6 1
block 7 1
block 8 1
block 9 1
block 10 1
block 5 2
block 6 2
block 7 2
block 8 2
block 9 2
block 10 2
block 5 3
block 6 3
block 7 3
block 8 3
block 9 3
block 10 3
block 5 4
block 6 4
block 7 4
block 8 4
block 9 4
block 10 4
block 5 5
block 6 5
block 7 5
block 5 6
block 6 6
block 7 6
block 7 8
block 8 8
block 9 8
block 10 8
block 7 9
block 8 9
block 9 9
block 10 9
block 7 10
block 8 10
block 9 10
block 10 10
block 17 10
block 18 10
block 19 10
block 20 10
block 7 11
block 8 11
block 9 11
block 10 11
block 17 11
block 18 11
block 19 11
block 20 11
block 7 12
block 8 12
block 9 12
block 10 12
block 17 12
block 18 12
block 19 12
block 20 12
block 17 13
block 18 13
block 19 13
block 20 13
block 11 15
block 12 15
block 13 15
block 14 15
block 15 15
block 16 15
block 42 15
block 43 15
block 44 15
block 45 15
block 46 15
block 11 16
block 12 16
block 13 16
block 14 16
block 15 16
block 16 16
block 42 16
block 43 16
block 44 16
block 45 16
block 46 16
block 47 16
block 48 16
block 49 16
block 59 16
block 60 16
block 61 16
block 62 16
block 63 16
block 64 16
block 65 16
block 11 17
block 12 17
block 13 17
block 14 17
block 15 17
block 16 17
block 17 17
block 42 17
block 43 17
block 44 17
block 45 17
block 46 17
block 47 17
block 48 17
block 49 17
block 50 17
block 51 17
block 59 17
block 60 17
block 61 17
block 62 17
block 63 17
block 64 17
block 65 17
block 11 18
block 12 18
block 13 18
block 14 18
block 15 18
block 16 18
block 17 18
block 42 18
block 43 18
block 44 18
block 45 18
block 46 18
block 47 18
block 48 18
block 49 18
block 50 18
block 51 18
block 11 19
block 12 19
block 13 19
block 14 19
block 15 19
block 16 19
block 17 19
block 42 19
block 43 19
block 44 19
block 45 19
block 46 19
block 47 19
block 48 19
block 49 19
block 50 19
block 51 19
block 14 20
block 15 20
block 16 20
block 17 20
block 25 20
block 26 20
block 42 20
block 43 20
block 44 20
block 45 20
block 46 20
block 50 20
block 51 20
block 8 21
block 9 21
block 14 21
block 15 21
block 16 21
block 17 21
block 25 21
block 26 21
block 32 21
block 33 21
block 50 21
block 51 21
block 8 22
block 9 22
block 25 22
block 26 22
block 32 22
block 33 22
block 50 22
block 51 22
block 8 23
block 9 23
block 25 23
block 26 23
block 32 23
block 33 23
block 8 24
block 9 24
block 25 24
block 26 24
block 32 24
block 33 24
block 8 25
block 9 25
block 26 25
block 27 25
block 28 25
block 29 25
block 30 25
block 31 25
block 32 25
block 33 25
block 26 26
block 27 26
block 28 26
block 29 26
block 30 26
block 31 26
block 32 26
block 33 26
block 26 27
block 27 27
block 28 27
block 29 27
block 30 27
block 31 27
block 32 27
block 33 27
block 26 28
block 27 28
block 28 28
block 29 28
block 30 28
block 31 28
block 32 28
block 41 28
block 42 28
block 43 28
block 44 28
block 45 28
block 46 28
block 47 28
block 26 29
block 27 29
block 28 29
block 29 29
block 30 29
block 31 29
block 32 29
block 41 29
block 42 29
block 43 29
block 44 29
block 45 29
block 46 29
block 47 29
block 0 31
block 1 31
block 2 31
block 33 31
block 34 31
block 35 31
block 36 31
block 37 31
block 42 31
block 43 31
block 44 31
block 45 31
block 46 31
block 47 31
block 68 31
block 69 31
block 70 31
block 0 32
block 1 32
block 2 32
block 33 32
block 34 32
block 35 32
block 36 32
block 37 32
block 42 32
block 43 32
block 44 32
block 45 32
block 46 32
block 47 32
block 68 32
block 69 32
block 70 32
block 0 33
block 1 33
block 2 33
block 33 33
block 34 33
block 35 33
block 36 33
block 37 33
block 68 33
block 69 33
block 70 33
block 0 34
block 1 34
block 2 34
block 33 34
block 34 34
block 35 34
block 36 34
block 37 34
block 68 34
block 69 34
block 70 34
block 0 35
block 1 35
block 2 35
block 68 35
block 69 35
block 70 35
block 0 36
block 1 36
block 2 36
block 43 36
block 44 36
block 45 36
block 46 36
block 47 36
block 48 36
block 68 36
block 69 36
block 70 36
block 0 37
block 1 37
block 2 37
block 5 37
block 6 37
block 7 37
block 8 37
block 9 37
block 10 37
block 43 37
block 44 37
block 45 37
block 46 37
block 47 37
block 48 37
block 68 37
block 69 37
block 70 37
##BotsAndCoinsInfo
bot_name 0 starter-bot
bot 0 34 25
bot_coins 0 0
coin 18 9
coin 52 28
round 1
bot 0 35 24
round 2
bot 0 36 23
round 3
bot 0 37 22
round 4
bot 0 38 21
round 5
bot 0 39 20
coin 11 6
coin 59 31
round 6
bot 0 40 19
round 7
bot 0 41 18
round 8
round 9
round 10
bot 0 41 19
coin 15 14
coin 55 23
round 11
bot 0 41 20
round 12
bot 0 41 21
round 13
bot 0 41 22
round 14
bot 0 41 23
round 15
bot 0 41 24
coin 41 27
coin 29 10
round 16
bot 0 41 25
coin_collected 41 27 0
bot_coins 0 1
round 17
bot 0 41 26
round 18
bot 0 40 25
round 19
bot 0 39 24
round 20
bot 0 38 23
coin 30 17
coin 40 20
round 21
bot 0 37 22
round 22
bot 0 36 21
round 23
bot 0 35 20
round 24
bot 0 34 19
round 25
bot 0 33 18
coin 20 14
coin 50 23
round 26
bot 0 32 17
coin_collected 30 17 0
bot_coins 0 2
round 27
bot 0 31 16
round 28
bot 0 30 15
round 29
round 30
coin 47 34
coin 23 3
round 31
match_over 0
round 32
