match
match_id 1639385952412_ad
match_time 1639385952414
num_bots 1
##MatchConfig
mode FRIENDLY
num_rounds 200
random_seed 42
move_time_limit 5000
coin_spawn_period 5
coin_spawn_volume 10
##MapConfig
map_size 55 24
view_radius 5
mining_radius 1
attack_radius 4
block 0 0
block 1 0
block 2 0
block 3 0
block 4 0
block 5 0
block 6 0
block 7 0
block 31 0
block 32 0
block 33 0
block 34 0
block 35 0
block 36 0
block 49 0
block 50 0
block 51 0
block 52 0
block 53 0
block 54 0
block 0 1
block 1 1
block 2 1
block 3 1
block 4 1
block 5 1
block 6 1
block 7 1
block 31 1
block 32 1
block 33 1
block 34 1
block 35 1
block 36 1
block 49 1
block 50 1
block 51 1
block 52 1
block 53 1
block 54 1
block 0 2
block 1 2
block 2 2
block 3 2
block 4 2
block 5 2
block 6 2
block 7 2
block 26 2
block 27 2
block 28 2
block 29 2
block 30 2
block 31 2
block 32 2
block 33 2
block 34 2
block 35 2
block 36 2
block 52 2
block 53 2
block 54 2
block 2 3
block 3 3
block 4 3
block 5 3
block 6 3
block 7 3
block 26 3
block 27 3
block 28 3
block 29 3
block 30 3
block 31 3
block 2 4
block 3 4
block 4 4
block 5 4
block 26 4
block 27 4
block 28 4
block 29 4
block 30 4
block 31 4
block 43 4
block 44 4
block 45 4
block 46 4
block 47 4
block 48 4
block 2 5
block 3 5
block 4 5
block 5 5
block 12 5
block 13 5
block 14 5
block 15 5
block 26 5
block 27 5
block 28 5
block 29 5
block 30 5
block 31 5
block 36 5
block 37 5
block 38 5
block 43 5
block 44 5
block 45 5
block 46 5
block 47 5
block 48 5
block 12 6
block 13 6
block 14 6
block 15 6
block 22 6
block 23 6
block 24 6
block 25 6
block 26 6
block 27 6
block 28 6
block 29 6
block 30 6
block 31 6
block 36 6
block 37 6
block 38 6
block 43 6
block 44 6
block 45 6
block 46 6
block 47 6
block 48 6
block 49 6
block 50 6
block 51 6
block 22 7
block 23 7
block 24 7
block 25 7
block 26 7
block 27 7
block 28 7
block 29 7
block 30 7
block 31 7
block 43 7
block 44 7
block 45 7
block 46 7
block 47 7
block 48 7
block 49 7
block 50 7
block 51 7
block 22 8
block 23 8
block 24 8
block 25 8
block 26 8
block 27 8
block 28 8
block 29 8
block 30 8
block 31 8
block 43 8
block 44 8
block 45 8
block 46 8
block 47 8
block 48 8
block 49 8
block 50 8
block 51 8
block 22 9
block 23 9
block 24 9
block 25 9
block 26 9
block 27 9
block 28 9
block 29 9
block 30 9
block 31 9
block 43 9
block 44 9
block 45 9
block 46 9
block 47 9
block 48 9
block 49 9
block 50 9
block 51 9
block 22 10
block 23 10
block 24 10
block 25 10
block 26 10
block 27 10
block 28 10
block 29 10
block 30 10
block 31 10
block 43 10
block 44 10
block 45 10
block 46 10
block 47 10
block 48 10
block 49 10
block 50 10
block 51 10
block 8 11
block 9 11
block 10 11
block 11 11
block 43 11
block 44 11
block 45 11
block 46 11
block 47 11
block 48 11
block 49 11
block 8 12
block 9 12
block 10 12
block 11 12
block 43 12
block 44 12
block 45 12
block 46 12
block 47 12
block 48 12
block 49 12
block 8 13
block 9 13
block 10 13
block 11 13
block 43 13
block 44 13
block 45 13
block 46 13
block 47 13
block 48 13
block 49 13
block 8 14
block 9 14
block 10 14
block 11 14
block 46 14
block 47 14
block 48 14
block 13 15
block 14 15
block 15 15
block 16 15
block 44 15
block 45 15
block 46 15
block 47 15
block 48 15
block 49 15
block 50 15
block 13 16
block 14 16
block 15 16
block 16 16
block 22 16
block 23 16
block 44 16
block 45 16
block 46 16
block 47 16
block 48 16
block 49 16
block 50 16
block 13 17
block 14 17
block 15 17
block 16 17
block 22 17
block 23 17
block 41 17
block 42 17
block 43 17
block 44 17
block 45 17
block 46 17
block 47 17
block 48 17
block 49 17
block 50 17
block 13 18
block 14 18
block 15 18
block 16 18
block 22 18
block 23 18
block 41 18
block 42 18
block 43 18
block 44 18
block 45 18
block 46 18
block 47 18
block 48 18
block 49 18
block 50 18
block 13 19
block 14 19
block 15 19
block 16 19
block 22 19
block 23 19
block 41 19
block 42 19
block 43 19
block 44 19
block 45 19
block 46 19
block 47 19
block 48 19
block 49 19
block 50 19
block 13 20
block 14 20
block 15 20
block 16 20
block 22 20
block 23 20
block 41 20
block 42 20
block 43 20
block 44 20
block 45 20
block 46 20
block 47 20
block 48 20
block 49 20
block 50 20
block 13 21
block 14 21
block 15 21
block 16 21
block 41 21
block 42 21
block 43 21
block 0 22
block 1 22
block 2 22
block 3 22
block 4 22
block 5 22
block 6 22
block 7 22
block 31 22
block 32 22
block 33 22
block 34 22
block 35 22
block 36 22
block 41 22
block 42 22
block 43 22
block 53 22
block 54 22
block 0 23
block 1 23
block 2 23
block 3 23
block 4 23
block 5 23
block 6 23
block 7 23
block 31 23
block 32 23
block 33 23
block 34 23
block 35 23
block 36 23
block 41 23
block 42 23
block 43 23
block 52 23
block 53 23
block 54 23
##BotsAndCoinsInfo
bot_name 0 starter-bot
bot 0 3 19
bot_coins 0 0
coin 40 3
coin 14 22
coin 8 20
coin 46 3
coin 25 13
coin 29 11
coin 45 14
coin 9 9
coin 54 5
coin 0 18
round 1
bot 0 2 20
round 2
bot 0 1 20
round 3
bot 0 0 20
round 4
bot 0 54 20
round 5
bot 0 53 21
coin 22 14
coin 32 9
coin 44 14
coin 10 9
coin 42 8
coin 12 15
coin 26 18
coin 25 5
coin 33 17
coin 21 6
round 6
bot 0 52 22
round 7
bot 0 51 22
round 8
bot 0 50 22
round 9
bot 0 49 23
round 10
bot 0 48 0
coin 10 7
coin 43 16
coin 36 9
coin 18 14
coin 21 9
coin 33 14
coin 10 10
coin 43 14
coin 37 7
coin 17 16
round 11
bot 0 47 1
round 12
bot 0 46 0
round 13
bot 0 45 1
round 14
bot 0 44 1
round 15
bot 0 43 1
coin 0 12
coin 54 11
coin 45 3
coin 9 20
coin 30 23
coin 24 0
coin 32 13
coin 21 10
coin 42 12
coin 12 11
round 16
bot 0 42 1
round 17
bot 0 41 0
round 18
bot 0 40 1
round 19
bot 0 39 0
round 20
bot 0 38 1
coin 24 1
coin 30 22
coin 23 1
coin 31 21
coin 10 6
coin 42 16
coin 12 23
coin 42 0
coin 7 19
coin 47 3
round 21
bot 0 37 2
round 22
bot 0 36 3
round 23
bot 0 35 3
round 24
bot 0 34 3
round 25
bot 0 33 4
coin 49 5
coin 5 18
coin 8 4
coin 46 21
coin 35 10
coin 19 13
coin 33 19
coin 21 4
coin 16 3
coin 38 20
round 26
bot 0 33 5
round 27
bot 0 33 6
round 28
bot 0 33 7
round 29
bot 0 33 8
round 30
bot 0 33 9
coin_collected 32 9 0
bot_coins 0 1
coin 12 12
coin 42 11
coin 37 1
coin 17 22
coin 6 4
coin 48 21
coin 38 7
coin 17 17
coin 44 3
coin 10 20
round 31
bot 0 32 10
round 32
bot 0 31 11
round 33
bot 0 30 11
coin_collected 29 11 0
bot_coins 0 2
round 34
bot 0 29 11
round 35
bot 0 28 11
coin 5 6
coin 51 17
coin 13 13
coin 41 10
coin 23 5
coin 31 18
coin 51 4
coin 3 19
coin 10 21
coin 44 2
round 36
bot 0 27 11
round 37
bot 0 26 11
round 38
bot 0 25 11
round 39
bot 0 24 11
round 40
bot 0 23 11
coin 11 10
coin 42 13
coin 32 14
coin 21 8
coin 2 9
coin 52 14
coin 19 0
coin 37 23
coin 32 7
coin 22 15
round 41
bot 0 22 11
round 42
bot 0 21 10
coin_collected 21 9 0
bot_coins 0 3
coin_collected 21 10 0
bot_coins 0 4
round 43
bot 0 20 9
round 44
bot 0 19 8
round 45
bot 0 18 7
coin 12 0
coin 43 0
coin 8 15
coin 42 9
coin 14 14
coin 40 9
coin 49 23
coin 5 21
coin 36 16
coin 19 7
round 46
bot 0 17 6
round 47
bot 0 16 5
round 48
bot 0 15 4
round 49
bot 0 14 3
round 50
bot 0 13 2
coin 40 4
coin 12 19
coin 31 13
coin 23 11
coin 33 7
coin 21 16
coin 15 14
coin 39 9
coin 0 3
coin 54 20
round 51
bot 0 12 1
coin_collected 12 0 0
bot_coins 0 5
round 52
bot 0 11 0
round 53
bot 0 10 1
round 54
bot 0 9 2
round 55
bot 0 8 3
coin_collected 8 4 0
bot_coins 0 6
coin 31 16
coin 21 7
coin 7 20
coin 48 3
coin 24 5
coin 30 18
coin 6 19
coin 49 4
coin 6 15
coin 50 11
round 56
bot 0 7 4
coin_collected 6 4 0
bot_coins 0 7
round 57
bot 0 6 5
round 58
bot 0 5 6
coin_collected 5 6 0
bot_coins 0 8
round 59
bot 0 4 6
round 60
bot 0 3 6
coin 16 12
coin 38 11
coin 12 20
coin 42 3
coin 37 12
coin 17 11
coin 47 2
coin 7 21
coin 18 10
coin 36 13
round 61
bot 0 2 6
round 62
bot 0 1 5
round 63
bot 0 0 6
round 64
bot 0 54 7
round 65
bot 0 53 6
coin 17 20
coin 37 3
coin 8 4
coin 47 21
coin 32 8
coin 21 15
coin 30 1
coin 24 22
coin 47 1
coin 8 22
round 66
bot 0 52 5
round 67
bot 0 51 5
coin_collected 51 4 0
bot_coins 0 9
round 68
bot 0 50 4
coin_collected 49 4 0
bot_coins 0 10
round 69
bot 0 49 3
coin_collected 48 3 0
bot_coins 0 11
round 70
bot 0 48 3
coin_collected 47 3 0
bot_coins 0 12
coin 42 10
coin 12 13
coin 50 12
coin 4 11
coin 39 11
coin 15 12
coin 33 5
coin 21 18
coin 37 4
coin 17 19
round 71
bot 0 49 4
coin_collected 49 5 0
bot_coins 0 13
round 72
bot 0 50 4
round 73
bot 0 51 5
round 74
bot 0 52 6
round 75
bot 0 52 7
coin 51 11
coin 3 12
coin 11 3
coin 44 21
coin 31 19
coin 23 4
coin 4 21
coin 50 2
coin 37 9
coin 17 14
round 76
bot 0 52 8
round 77
bot 0 52 9
round 78
bot 0 52 10
round 79
bot 0 51 11
coin_collected 50 11 0
bot_coins 0 14
coin_collected 51 11 0
bot_coins 0 15
round 80
bot 0 51 12
coin_collected 50 12 0
bot_coins 0 16
coin 29 12
coin 25 11
coin 10 2
coin 45 21
coin 20 6
coin 34 17
coin 32 9
coin 22 13
coin 34 19
coin 20 4
round 81
bot 0 50 13
round 82
bot 0 51 13
round 83
bot 0 52 14
coin_collected 52 14 0
bot_coins 0 17
round 84
bot 0 53 13
round 85
bot 0 54 12
coin_collected 54 11 0
bot_coins 0 18
coin_collected 0 12 0
bot_coins 0 19
coin 24 2
coin 30 21
coin 26 12
coin 28 11
coin 1 9
coin 53 14
coin 17 12
coin 37 11
coin 14 23
coin 40 0
round 86
bot 0 0 13
round 87
bot 0 1 12
round 88
bot 0 2 11
round 89
bot 0 3 12
coin_collected 3 12 0
bot_coins 0 20
round 90
bot 0 4 11
coin_collected 4 11 0
bot_coins 0 21
coin 36 14
coin 18 9
coin 40 7
coin 12 16
coin 19 17
coin 35 6
coin 52 9
coin 2 14
coin 17 3
coin 37 20
round 91
bot 0 5 10
round 92
bot 0 6 9
round 93
bot 0 7 8
round 94
bot 0 8 9
coin_collected 9 9 0
bot_coins 0 22
round 95
bot 0 9 9
coin_collected 10 9 0
bot_coins 0 23
coin 12 21
coin 42 2
coin 36 10
coin 18 13
coin 1 11
coin 53 12
coin 14 0
coin 40 23
coin 22 5
coin 32 18
round 96
bot 0 8 10
round 97
bot 0 7 11
round 98
bot 0 7 12
round 99
bot 0 7 13
round 100
bot 0 7 14
coin 29 20
coin 25 3
coin 49 21
coin 6 4
coin 39 1
coin 15 22
coin 52 7
coin 2 16
coin 50 21
coin 1 3
round 101
bot 0 8 15
coin_collected 8 15 0
bot_coins 0 24
round 102
bot 0 9 15
round 103
bot 0 10 15
round 104
bot 0 11 16
coin_collected 12 16 0
bot_coins 0 25
round 105
bot 0 12 15
coin_collected 12 15 0
bot_coins 0 26
coin 0 13
coin 54 10
coin 3 6
coin 51 18
coin 48 1
coin 6 21
coin 54 11
coin 0 12
coin 2 19
coin 52 4
round 106
bot 0 13 14
coin_collected 13 13 0
bot_coins 0 27
coin_collected 14 14 0
bot_coins 0 28
round 107
bot 0 14 14
coin_collected 15 14 0
bot_coins 0 29
round 108
bot 0 15 14
round 109
bot 0 16 14
coin_collected 17 14 0
bot_coins 0 30
round 110
bot 0 17 15
coin_collected 17 16 0
bot_coins 0 31
coin 25 4
coin 29 19
coin 0 11
coin 54 12
coin 12 17
coin 42 6
coin 12 14
coin 41 9
coin 19 19
coin 35 4
round 111
bot 0 17 16
coin_collected 17 17 0
bot_coins 0 32
round 112
bot 0 18 17
coin_collected 19 17 0
bot_coins 0 33
round 113
bot 0 19 18
coin_collected 19 19 0
bot_coins 0 34
round 114
bot 0 20 17
round 115
bot 0 21 16
coin_collected 21 15 0
bot_coins 0 35
coin_collected 21 16 0
bot_coins 0 36
coin 35 3
coin 19 20
coin 53 3
coin 1 20
coin 7 4
coin 47 22
coin 32 6
coin 21 17
coin 33 18
coin 21 5
round 116
bot 0 22 15
coin_collected 22 14 0
bot_coins 0 37
coin_collected 22 15 0
bot_coins 0 38
round 117
bot 0 23 15
round 118
bot 0 24 16
round 119
bot 0 25 17
round 120
bot 0 26 18
coin_collected 26 18 0
bot_coins 0 39
coin 32 5
coin 21 19
coin 16 22
coin 38 1
coin 29 11
coin 25 12
coin 21 11
coin 33 12
coin 20 19
coin 34 4
round 121
bot 0 27 17
round 122
bot 0 28 16
round 123
bot 0 29 17
round 124
bot 0 30 16
coin_collected 31 16 0
bot_coins 0 40
round 125
bot 0 31 15
coin 23 21
coin 32 3
coin 16 9
coin 38 14
coin 18 15
coin 36 8
coin 19 3
coin 35 20
coin 51 19
coin 1 4
round 126
bot 0 32 14
coin_collected 32 13 0
bot_coins 0 41
coin_collected 32 14 0
bot_coins 0 42
coin_collected 33 14 0
bot_coins 0 43
round 127
bot 0 33 13
coin_collected 33 12 0
bot_coins 0 44
round 128
bot 0 34 12
round 129
bot 0 35 11
coin_collected 35 10 0
bot_coins 0 45
round 130
bot 0 36 10
coin_collected 36 9 0
bot_coins 0 46
coin_collected 36 10 0
bot_coins 0 47
coin 13 22
coin 41 1
coin 35 16
coin 20 7
coin 30 19
coin 24 4
coin 5 11
coin 50 12
coin 42 7
coin 12 16
round 131
bot 0 37 9
coin_collected 37 9 0
bot_coins 0 48
round 132
bot 0 38 8
coin_collected 38 7 0
bot_coins 0 49
round 133
bot 0 39 7
coin_collected 40 7 0
bot_coins 0 50
round 134
bot 0 40 8
coin_collected 40 9 0
bot_coins 0 51
round 135
bot 0 41 9
coin_collected 41 9 0
bot_coins 0 52
coin_collected 41 10 0
bot_coins 0 53
coin_collected 42 9 0
bot_coins 0 54
coin 9 10
coin 43 15
coin 13 7
coin 41 16
coin 20 15
coin 34 8
coin 37 22
coin 17 1
coin 33 10
coin 21 13
round 136
bot 0 40 10
round 137
round 138
round 139
match_over 0
round 140
