match
match_id 1639334159135_aa
match_time 1639334159168
num_bots 1
##MatchConfig
mode FRIENDLY
num_rounds 200
random_seed 42
move_time_limit 5000
coin_spawn_period 5
coin_spawn_volume 10
##MapConfig
map_size 56 34
view_radius 5
mining_radius 1
attack_radius 3
block 18 0
block 19 0
block 18 1
block 19 1
block 18 2
block 19 2
block 26 3
block 27 3
block 28 3
block 29 3
block 30 3
block 26 4
block 27 4
block 28 4
block 29 4
block 30 4
block 25 5
block 26 5
block 27 5
block 28 5
block 29 5
block 30 5
block 25 6
block 26 6
block 27 6
block 28 6
block 29 6
block 30 6
block 26 7
block 27 7
block 28 7
block 29 7
block 30 7
block 26 8
block 27 8
block 28 8
block 29 8
block 30 8
block 26 9
block 27 9
block 28 9
block 29 9
block 30 9
block 44 13
block 45 13
block 46 13
block 47 13
block 48 13
block 49 13
block 44 14
block 45 14
block 46 14
block 47 14
block 48 14
block 49 14
block 44 15
block 45 15
block 46 15
block 47 15
block 48 15
block 49 15
block 38 16
block 39 16
block 40 16
block 41 16
block 42 16
block 43 16
block 44 16
block 45 16
block 46 16
block 47 16
block 48 16
block 49 16
block 38 17
block 39 17
block 40 17
block 41 17
block 42 17
block 43 17
block 44 17
block 45 17
block 46 17
block 47 17
block 48 17
block 49 17
block 23 18
block 24 18
block 25 18
block 26 18
block 38 18
block 39 18
block 40 18
block 41 18
block 42 18
block 43 18
block 23 19
block 24 19
block 25 19
block 26 19
block 38 19
block 39 19
block 40 19
block 41 19
block 42 19
block 43 19
block 38 20
block 39 20
block 40 20
block 41 20
block 42 20
block 43 20
block 38 21
block 39 21
block 40 21
block 41 21
block 42 21
block 43 21
block 21 23
block 22 23
block 23 23
block 24 23
block 25 23
block 26 23
block 21 24
block 22 24
block 23 24
block 24 24
block 25 24
block 26 24
block 26 25
block 27 25
block 28 25
block 26 26
block 27 26
block 28 26
block 21 27
block 22 27
block 23 27
block 24 27
block 25 27
block 26 27
block 27 27
block 28 27
block 21 28
block 22 28
block 23 28
block 24 28
block 25 28
block 21 29
block 22 29
block 23 29
block 24 29
block 25 29
block 21 30
block 22 30
block 23 30
block 24 30
block 25 30
block 21 31
block 22 31
block 23 31
block 24 31
block 25 31
block 18 33
block 19 33
##BotsAndCoinsInfo
bot_name 0 starter-bot
bot 0 47 21
bot_coins 0 0
coin 50 11
coin 5 22
coin 48 12
coin 7 21
coin 26 10
coin 29 23
coin 1 12
coin 54 21
coin 55 7
coin 0 26
round 1
bot 0 46 21
round 2
bot 0 45 21
round 3
bot 0 44 21
round 4
round 5
coin 38 12
coin 17 21
coin 28 14
coin 27 19
coin 36 14
coin 19 19
coin 0 8
coin 55 25
coin 7 15
coin 48 18
round 6
round 7
round 8
round 9
round 10
coin 40 11
coin 15 22
coin 50 33
coin 5 0
coin 35 1
coin 20 32
coin 14 20
coin 41 13
coin 11 32
coin 44 1
round 11
bot 0 45 20
round 12
bot 0 46 19
round 13
bot 0 47 18
coin_collected 48 18 0
bot_coins 0 1
round 14
round 15
coin 26 14
coin 29 19
coin 30 25
coin 25 8
coin 17 27
coin 38 6
coin 12 9
coin 43 24
coin 49 2
coin 6 31
round 16
round 17
round 18
round 19
round 20
coin 27 31
coin 28 2
coin 7 29
coin 48 4
coin 31 10
coin 24 22
coin 55 19
coin 0 14
coin 13 9
coin 42 24
round 21
round 22
round 23
round 24
round 25
coin 33 8
coin 22 25
coin 30 14
coin 25 20
coin 16 20
coin 39 13
coin 49 1
coin 6 32
coin 30 23
coin 25 10
round 26
round 27
round 28
round 29
round 30
coin 49 7
coin 6 26
coin 32 9
coin 23 25
coin 22 2
coin 33 31
coin 6 11
coin 49 22
coin 55 3
coin 0 30
round 31
round 32
match_over 0
round 33
