match
match_id 1639388829696_ah
match_time 1639388829701
num_bots 1
##MatchConfig
mode FRIENDLY
num_rounds 200
random_seed 42
move_time_limit 5000
coin_spawn_period 5
coin_spawn_volume 10
##MapConfig
map_size 70 30
view_radius 6
mining_radius 2
attack_radius 4
block 4 0
block 5 0
block 6 0
block 7 0
block 8 0
block 9 0
block 10 0
block 11 0
block 19 0
block 20 0
block 21 0
block 37 0
block 38 0
block 39 0
block 46 0
block 47 0
block 48 0
block 49 0
block 50 0
block 51 0
block 57 0
block 58 0
block 63 0
block 64 0
block 4 1
block 5 1
block 6 1
block 7 1
block 8 1
block 9 1
block 10 1
block 11 1
block 19 1
block 20 1
block 21 1
block 37 1
block 38 1
block 39 1
block 46 1
block 47 1
block 48 1
block 49 1
block 50 1
block 51 1
block 63 1
block 64 1
block 19 2
block 20 2
block 21 2
block 46 2
block 47 2
block 48 2
block 49 2
block 50 2
block 51 2
block 63 2
block 64 2
block 19 3
block 20 3
block 21 3
block 46 3
block 47 3
block 48 3
block 49 3
block 50 3
block 51 3
block 63 3
block 64 3
block 19 4
block 20 4
block 21 4
block 46 4
block 47 4
block 48 4
block 49 4
block 50 4
block 51 4
block 63 4
block 64 4
block 63 5
block 64 5
block 6 8
block 7 8
block 8 8
block 9 8
block 6 9
block 7 9
block 8 9
block 9 9
block 6 10
block 7 10
block 8 10
block 9 10
block 10 10
block 9 11
block 10 11
block 9 12
block 10 12
block 9 13
block 10 13
block 12 13
block 13 13
block 9 14
block 10 14
block 12 14
block 13 14
block 26 14
block 27 14
block 28 14
block 29 14
block 26 15
block 27 15
block 28 15
block 29 15
block 0 16
block 1 16
block 26 16
block 27 16
block 28 16
block 29 16
block 37 16
block 38 16
block 59 16
block 60 16
block 61 16
block 62 16
block 63 16
block 68 16
block 69 16
block 0 17
block 1 17
block 26 17
block 27 17
block 28 17
block 29 17
block 37 17
block 38 17
block 44 17
block 45 17
block 46 17
block 59 17
block 60 17
block 61 17
block 62 17
block 63 17
block 68 17
block 69 17
block 0 18
block 1 18
block 24 18
block 25 18
block 26 18
block 27 18
block 28 18
block 29 18
block 37 18
block 38 18
block 40 18
block 41 18
block 42 18
block 44 18
block 45 18
block 46 18
block 49 18
block 50 18
block 51 18
block 52 18
block 53 18
block 54 18
block 55 18
block 59 18
block 60 18
block 61 18
block 62 18
block 63 18
block 68 18
block 69 18
block 0 19
block 1 19
block 2 19
block 3 19
block 4 19
block 5 19
block 24 19
block 25 19
block 26 19
block 27 19
block 28 19
block 29 19
block 37 19
block 38 19
block 40 19
block 41 19
block 42 19
block 44 19
block 45 19
block 46 19
block 49 19
block 50 19
block 51 19
block 52 19
block 53 19
block 54 19
block 55 19
block 59 19
block 60 19
block 61 19
block 62 19
block 63 19
block 69 19
block 0 20
block 1 20
block 2 20
block 3 20
block 4 20
block 5 20
block 24 20
block 25 20
block 26 20
block 27 20
block 28 20
block 29 20
block 37 20
block 38 20
block 44 20
block 45 20
block 46 20
block 49 20
block 50 20
block 51 20
block 52 20
block 53 20
block 54 20
block 55 20
block 59 20
block 60 20
block 61 20
block 62 20
block 63 20
block 69 20
block 0 21
block 1 21
block 2 21
block 3 21
block 4 21
block 5 21
block 24 21
block 25 21
block 26 21
block 37 21
block 38 21
block 43 21
block 44 21
block 45 21
block 46 21
block 47 21
block 49 21
block 50 21
block 51 21
block 52 21
block 53 21
block 54 21
block 55 21
block 59 21
block 60 21
block 61 21
block 62 21
block 63 21
block 69 21
block 0 22
block 1 22
block 2 22
block 3 22
block 4 22
block 5 22
block 37 22
block 38 22
block 43 22
block 44 22
block 45 22
block 46 22
block 47 22
block 49 22
block 50 22
block 51 22
block 52 22
block 53 22
block 54 22
block 55 22
block 59 22
block 60 22
block 61 22
block 62 22
block 63 22
block 0 23
block 1 23
block 2 23
block 3 23
block 4 23
block 5 23
block 37 23
block 38 23
block 39 23
block 43 23
block 44 23
block 45 23
block 46 23
block 47 23
block 49 23
block 50 23
block 51 23
block 52 23
block 53 23
block 54 23
block 55 23
block 0 24
block 1 24
block 2 24
block 3 24
block 4 24
block 5 24
block 25 24
block 26 24
block 27 24
block 28 24
block 29 24
block 37 24
block 38 24
block 39 24
block 43 24
block 44 24
block 45 24
block 46 24
block 47 24
block 49 24
block 50 24
block 51 24
block 52 24
block 53 24
block 54 24
block 55 24
block 0 25
block 1 25
block 2 25
block 3 25
block 4 25
block 5 25
block 8 25
block 9 25
block 10 25
block 11 25
block 25 25
block 26 25
block 27 25
block 28 25
block 29 25
block 37 25
block 38 25
block 39 25
block 43 25
block 44 25
block 45 25
block 46 25
block 47 25
block 0 26
block 1 26
block 2 26
block 3 26
block 4 26
block 5 26
block 6 26
block 7 26
block 8 26
block 9 26
block 10 26
block 11 26
block 37 26
block 38 26
block 39 26
block 43 26
block 44 26
block 45 26
block 46 26
block 47 26
block 57 26
block 58 26
block 0 27
block 1 27
block 2 27
block 3 27
block 4 27
block 5 27
block 6 27
block 7 27
block 8 27
block 9 27
block 10 27
block 11 27
block 37 27
block 38 27
block 39 27
block 57 27
block 58 27
block 0 28
block 1 28
block 2 28
block 3 28
block 4 28
block 5 28
block 6 28
block 7 28
block 8 28
block 9 28
block 10 28
block 11 28
block 19 28
block 20 28
block 21 28
block 37 28
block 38 28
block 39 28
block 46 28
block 47 28
block 48 28
block 49 28
block 50 28
block 51 28
block 57 28
block 58 28
block 0 29
block 1 29
block 2 29
block 3 29
block 4 29
block 5 29
block 6 29
block 7 29
block 8 29
block 9 29
block 10 29
block 11 29
block 19 29
block 20 29
block 21 29
block 37 29
block 38 29
block 39 29
block 46 29
block 47 29
block 48 29
block 49 29
block 50 29
block 51 29
block 57 29
block 58 29
##BotsAndCoinsInfo
bot_name 0 starter-bot
bot 0 34 11
bot_coins 0 0
coin 52 3
coin 17 26
coin 48 14
coin 21 15
coin 40 25
coin 29 4
coin 15 8
coin 56 21
coin 69 23
coin 0 6
round 1
bot 0 33 10
round 2
bot 0 32 9
round 3
bot 0 31 8
round 4
bot 0 30 7
round 5
bot 0 29 6
coin_collected 29 4 0
bot_coins 0 1
coin 52 2
coin 17 27
coin 56 12
coin 13 17
coin 36 2
coin 33 27
coin 56 0
coin 13 29
coin 63 29
coin 6 2
round 6
bot 0 28 5
round 7
bot 0 27 4
round 8
bot 0 26 3
round 9
bot 0 25 2
round 10
bot 0 24 1
coin 40 13
coin 30 16
coin 36 3
coin 33 26
coin 64 21
coin 5 8
coin 69 28
coin 0 1
coin 67 6
coin 69 22
round 11
bot 0 24 0
round 12
bot 0 23 29
round 13
bot 0 22 28
round 14
bot 0 21 27
round 15
bot 0 20 26
coin 40 6
coin 29 23
coin 30 5
coin 40 24
coin 17 17
coin 52 12
coin 12 12
coin 57 17
coin 63 24
coin 6 5
round 16
bot 0 19 25
round 17
bot 0 18 24
round 18
bot 0 17 23
round 19
bot 0 16 22
round 20
bot 0 15 21
coin 69 25
coin 0 4
coin 63 7
coin 6 22
coin 45 27
coin 24 2
coin 27 5
coin 42 24
coin 27 13
coin 42 16
round 21
bot 0 14 20
round 22
bot 0 13 19
coin_collected 13 17 0
bot_coins 0 2
round 23
bot 0 12 18
round 24
bot 0 11 17
round 25
bot 0 10 16
coin 33 20
coin 36 9
coin 58 16
coin 11 13
coin 30 10
coin 39 19
coin 64 19
coin 5 10
coin 1 3
coin 68 26
round 26
bot 0 9 15
round 27
bot 0 8 14
round 28
bot 0 7 13
round 29
bot 0 6 12
round 30
bot 0 5 11
coin_collected 5 10 0
bot_coins 0 3
coin 7 2
coin 62 27
coin 32 1
coin 36 28
coin 64 14
coin 5 15
coin 48 19
coin 21 10
coin 55 9
coin 14 20
round 31
bot 0 4 10
round 32
bot 0 3 9
round 33
bot 0 2 8
round 34
bot 0 1 7
coin_collected 0 6 0
bot_coins 0 4
round 35
bot 0 0 6
coin_collected 0 4 0
bot_coins 0 5
coin 11 11
coin 58 18
coin 53 17
coin 16 12
coin 42 23
coin 27 6
coin 26 10
coin 43 19
coin 45 3
coin 24 26
round 36
bot 0 1 5
coin_collected 1 3 0
bot_coins 0 6
round 37
bot 0 2 4
round 38
bot 0 3 4
round 39
bot 0 4 4
round 40
bot 0 5 4
coin_collected 6 5 0
bot_coins 0 7
coin 30 4
coin 40 26
coin 13 2
coin 56 27
coin 17 3
coin 52 26
coin 9 24
coin 60 5
coin 18 19
coin 51 10
round 41
bot 0 6 4
coin_collected 6 2 0
bot_coins 0 8
round 42
bot 0 7 4
coin_collected 7 2 0
bot_coins 0 9
round 43
bot 0 8 4
round 44
bot 0 9 4
round 45
bot 0 10 3
coin 7 6
coin 62 23
coin 3 15
coin 66 14
coin 59 3
coin 12 26
coin 59 6
coin 10 23
coin 36 29
coin 33 0
round 46
bot 0 11 2
coin_collected 13 2 0
bot_coins 0 10
round 47
bot 0 12 3
round 48
bot 0 13 4
round 49
bot 0 14 5
round 50
bot 0 15 6
coin_collected 15 8 0
bot_coins 0 11
coin 31 10
coin 39 18
coin 22 19
coin 47 10
coin 53 1
coin 16 28
coin 69 26
coin 0 3
coin 5 2
coin 64 27
round 51
bot 0 16 7
round 52
bot 0 17 8
round 53
bot 0 18 9
round 54
bot 0 19 10
coin_collected 21 10 0
bot_coins 0 12
round 55
bot 0 20 11
coin 46 5
coin 23 24
coin 57 1
coin 12 28
coin 12 0
coin 56 29
coin 36 25
coin 33 4
coin 66 9
coin 3 18
round 56
bot 0 21 12
round 57
bot 0 22 13
round 58
bot 0 23 14
round 59
bot 0 24 13
round 60
bot 0 25 13
coin_collected 27 13 0
bot_coins 0 13
coin 6 18
coin 63 11
coin 8 13
coin 61 15
coin 32 12
coin 36 17
coin 42 3
coin 27 26
coin 6 23
coin 63 6
round 61
bot 0 25 14
round 62
bot 0 24 15
round 63
bot 0 23 16
round 64
bot 0 23 17
round 65
bot 0 23 18
coin_collected 22 19 0
bot_coins 0 14
coin 22 2
coin 47 27
coin 39 22
coin 30 7
coin 62 8
coin 7 21
coin 25 2
coin 44 27
coin 27 13
coin 42 17
round 66
bot 0 23 19
round 67
bot 0 23 20
round 68
bot 0 23 21
round 69
bot 0 23 22
coin_collected 23 24 0
bot_coins 0 15
round 70
bot 0 24 22
coin 33 17
coin 36 12
coin 11 23
coin 58 6
coin 24 23
coin 45 6
coin 28 23
coin 41 6
coin 17 11
coin 52 17
round 71
bot 0 25 22
coin_collected 24 23 0
bot_coins 0 16
round 72
bot 0 26 22
round 73
bot 0 27 22
coin_collected 28 23 0
bot_coins 0 17
round 74
bot 0 28 22
coin_collected 29 23 0
bot_coins 0 18
round 75
bot 0 29 21
coin 59 5
coin 10 24
coin 62 15
coin 7 14
coin 11 19
coin 58 10
coin 60 11
coin 9 18
coin 64 22
coin 5 7
round 76
bot 0 30 20
round 77
bot 0 31 19
round 78
bot 0 32 18
coin_collected 33 17 0
bot_coins 0 19
round 79
bot 0 33 17
round 80
bot 0 34 16
coin 64 6
coin 6 24
coin 58 20
coin 11 9
coin 15 0
coin 54 29
coin 20 9
coin 48 20
coin 52 1
coin 17 28
round 81
bot 0 35 15
round 82
bot 0 36 14
coin_collected 36 12 0
bot_coins 0 20
round 83
bot 0 37 13
round 84
bot 0 38 12
round 85
bot 0 39 11
coin 44 14
coin 25 15
coin 64 18
coin 5 11
coin 36 21
coin 33 8
coin 12 6
coin 57 23
coin 9 22
coin 60 7
round 86
bot 0 38 10
round 87
bot 0 37 9
coin_collected 36 9 0
bot_coins 0 21
round 88
bot 0 36 8
round 89
bot 0 35 7
round 90
bot 0 34 6
coin 47 19
coin 22 10
coin 68 19
coin 1 10
coin 65 5
coin 6 25
coin 56 15
coin 13 15
coin 52 25
coin 17 4
round 91
bot 0 33 5
coin_collected 33 4 0
bot_coins 0 22
round 92
bot 0 32 4
coin_collected 30 4 0
bot_coins 0 23
round 93
bot 0 31 3
round 94
bot 0 32 2
coin_collected 32 1 0
bot_coins 0 24
round 95
bot 0 33 1
coin_collected 33 0 0
bot_coins 0 25
coin 38 3
coin 31 26
coin 26 28
coin 43 1
coin 56 28
coin 13 1
coin 19 23
coin 50 6
coin 7 24
coin 62 5
round 96
bot 0 34 0
round 97
bot 0 35 1
coin_collected 36 2 0
bot_coins 0 26
round 98
bot 0 36 2
coin_collected 36 3 0
bot_coins 0 27
round 99
bot 0 37 2
coin_collected 38 3 0
bot_coins 0 28
round 100
bot 0 38 2
coin 29 8
coin 40 21
coin 18 8
coin 48 21
coin 39 7
coin 30 22
coin 12 1
coin 59 28
coin 23 20
coin 46 9
round 101
bot 0 39 2
round 102
bot 0 40 1
round 103
bot 0 41 0
round 104
bot 0 42 1
coin_collected 42 3 0
bot_coins 0 29
coin_collected 43 1 0
bot_coins 0 30
round 105
bot 0 43 0
coin 11 14
coin 58 15
coin 28 28
coin 41 1
coin 14 25
coin 55 4
coin 49 11
coin 20 18
coin 33 13
coin 36 16
round 106
bot 0 44 29
coin_collected 44 27 0
bot_coins 0 31
round 107
bot 0 44 0
round 108
bot 0 44 1
round 109
bot 0 44 2
coin_collected 45 3 0
bot_coins 0 32
round 110
bot 0 44 3
coin 6 11
coin 64 17
coin 41 23
coin 28 6
coin 53 25
coin 16 4
coin 26 13
coin 43 16
coin 54 7
coin 15 22
round 111
bot 0 45 4
coin_collected 45 6 0
bot_coins 0 33
coin_collected 46 5 0
bot_coins 0 34
round 112
bot 0 46 5
round 113
bot 0 47 5
round 114
bot 0 48 5
round 115
bot 0 49 5
coin_collected 50 6 0
bot_coins 0 35
coin 45 7
coin 24 22
coin 68 27
coin 1 2
coin 5 9
coin 64 20
coin 27 0
coin 42 29
coin 62 0
coin 7 2
round 116
bot 0 50 5
round 117
bot 0 51 5
round 118
bot 0 52 4
coin_collected 52 2 0
bot_coins 0 36
coin_collected 52 3 0
bot_coins 0 37
round 119
bot 0 53 3
coin_collected 53 1 0
bot_coins 0 38
round 120
bot 0 54 2
coin 26 6
coin 42 22
coin 61 10
coin 8 19
coin 48 22
coin 21 7
coin 51 11
coin 18 18
coin 20 25
coin 49 5
round 121
bot 0 55 2
coin_collected 55 4 0
bot_coins 0 39
round 122
bot 0 56 2
coin_collected 56 0 0
bot_coins 0 40
coin_collected 57 1 0
bot_coins 0 41
round 123
bot 0 57 2
round 124
bot 0 58 1
round 125
bot 0 59 0
coin_collected 59 28 0
bot_coins 0 42
coin 14 15
coin 55 14
coin 1 15
coin 68 14
coin 63 15
coin 6 14
coin 29 9
coin 40 20
coin 55 1
coin 14 28
round 126
bot 0 60 1
round 127
bot 0 61 0
coin_collected 62 0 0
bot_coins 0 43
round 128
bot 0 61 29
coin_collected 63 29 0
bot_coins 0 44
round 129
bot 0 61 28
coin_collected 62 27 0
bot_coins 0 45
round 130
bot 0 60 27
coin 38 9
coin 31 20
coin 40 16
coin 29 13
coin 24 7
coin 47 20
coin 55 17
coin 14 12
coin 9 6
coin 60 23
round 131
bot 0 59 26
round 132
bot 0 58 25
round 133
bot 0 58 24
coin_collected 57 23 0
bot_coins 0 46
round 134
bot 0 58 23
coin_collected 60 23 0
bot_coins 0 47
round 135
bot 0 58 22
coin_collected 58 20 0
bot_coins 0 48
coin 54 0
coin 15 29
coin 18 1
coin 52 28
coin 30 9
coin 39 20
coin 35 16
coin 34 13
coin 56 22
coin 13 7
round 136
bot 0 58 21
coin_collected 56 21 0
bot_coins 0 49
round 137
bot 0 58 20
coin_collected 58 18 0
bot_coins 0 50
round 138
bot 0 57 19
coin_collected 57 17 0
bot_coins 0 51
round 139
bot 0 56 18
coin_collected 55 17 0
bot_coins 0 52
round 140
bot 0 55 17
coin_collected 53 17 0
bot_coins 0 53
coin 45 29
coin 24 0
coin 2 0
coin 67 29
coin 0 6
coin 69 24
coin 9 7
coin 60 23
coin 43 20
coin 26 9
round 141
bot 0 54 16
round 142
bot 0 55 15
coin_collected 55 14 0
bot_coins 0 54
coin_collected 56 15 0
bot_coins 0 55
round 143
bot 0 56 14
coin_collected 56 12 0
bot_coins 0 56
round 144
bot 0 57 13
round 145
bot 0 58 12
coin_collected 58 10 0
bot_coins 0 57
coin 2 18
coin 67 11
coin 59 2
coin 12 27
coin 67 17
coin 2 12
coin 23 25
coin 46 5
coin 31 13
coin 39 16
round 146
bot 0 59 11
coin_collected 60 11 0
bot_coins 0 58
round 147
bot 0 60 10
coin_collected 61 10 0
bot_coins 0 59
round 148
bot 0 61 11
coin_collected 63 11 0
bot_coins 0 60
round 149
bot 0 62 12
round 150
bot 0 63 13
coin_collected 63 15 0
bot_coins 0 61
coin_collected 64 14 0
bot_coins 0 62
coin 67 19
coin 2 10
coin 24 6
coin 48 23
coin 0 9
coin 68 20
coin 43 13
coin 25 16
coin 66 2
coin 3 0
round 151
bot 0 64 14
coin_collected 66 14 0
bot_coins 0 63
round 152
bot 0 65 15
round 153
bot 0 66 15
round 154
bot 0 66 16
coin_collected 67 17 0
bot_coins 0 64
round 155
bot 0 67 15
coin_collected 68 14 0
bot_coins 0 65
coin 65 8
coin 6 21
coin 64 14
coin 6 15
coin 63 14
coin 7 15
coin 45 13
coin 24 16
coin 6 20
coin 63 9
round 156
bot 0 68 15
round 157
bot 0 67 16
round 158
bot 0 67 17
coin_collected 67 19 0
bot_coins 0 66
round 159
bot 0 66 18
coin_collected 64 18 0
bot_coins 0 67
round 160
bot 0 66 19
coin_collected 68 19 0
bot_coins 0 68
coin_collected 64 19 0
bot_coins 0 69
coin 28 26
coin 41 3
coin 34 19
coin 35 10
coin 8 18
coin 61 11
coin 59 11
coin 10 18
coin 56 12
coin 13 17
round 161
bot 0 67 20
coin_collected 68 20 0
bot_coins 0 70
round 162
bot 0 67 19
round 163
bot 0 67 18
round 164
bot 0 67 17
round 165
bot 0 66 18
coin 8 23
coin 61 6
coin 51 7
coin 18 22
coin 66 26
coin 3 3
coin 17 13
coin 52 16
coin 41 26
coin 28 3
round 166
bot 0 66 19
round 167
bot 0 67 20
round 168
bot 0 67 21
round 169
bot 0 67 22
coin_collected 69 22 0
bot_coins 0 71
round 170
bot 0 67 23
coin_collected 69 23 0
bot_coins 0 72
coin 48 24
coin 21 5
coin 17 6
coin 51 25
coin 11 8
coin 58 21
coin 2 3
coin 67 26
coin 69 8
coin 69 22
round 171
bot 0 67 24
coin_collected 69 24 0
bot_coins 0 73
coin_collected 67 26 0
bot_coins 0 74
round 172
bot 0 67 25
coin_collected 68 26 0
bot_coins 0 75
coin_collected 69 25 0
bot_coins 0 76
coin_collected 66 26 0
bot_coins 0 77
round 173
bot 0 67 26
coin_collected 68 27 0
bot_coins 0 78
coin_collected 69 26 0
bot_coins 0 79
round 174
bot 0 67 27
coin_collected 67 29 0
bot_coins 0 80
round 175
bot 0 68 28
coin_collected 69 28 0
bot_coins 0 81
coin 34 7
coin 35 22
coin 51 6
coin 18 23
coin 20 19
coin 49 10
coin 45 2
coin 24 27
coin 57 22
coin 12 7
round 176
bot 0 69 29
round 177
bot 0 0 0
coin_collected 0 1 0
bot_coins 0 82
coin_collected 2 0 0
bot_coins 0 83
round 178
bot 0 1 1
coin_collected 1 2 0
bot_coins 0 84
round 179
bot 0 2 2
coin_collected 2 3 0
bot_coins 0 85
coin_collected 3 3 0
bot_coins 0 86
round 180
bot 0 3 2
coin_collected 3 0 0
bot_coins 0 87
coin_collected 5 2 0
bot_coins 0 88
coin 13 18
coin 56 11
coin 30 23
coin 39 6
coin 48 25
coin 22 4
coin 65 6
coin 7 23
coin 27 21
coin 42 8
round 181
bot 0 4 2
round 182
bot 0 5 2
coin_collected 7 2 0
bot_coins 0 89
round 183
bot 0 6 2
round 184
bot 0 7 2
round 185
bot 0 8 2
coin 15 21
coin 54 8
coin 48 18
coin 21 11
coin 22 16
coin 47 13
coin 59 14
coin 10 15
coin 25 28
coin 44 1
round 186
bot 0 9 2
round 187
bot 0 10 2
round 188
bot 0 11 2
coin_collected 12 1 0
bot_coins 0 90
round 189
bot 0 12 1
coin_collected 12 0 0
bot_coins 0 91
coin_collected 13 1 0
bot_coins 0 92
round 190
bot 0 12 0
coin_collected 12 28 0
bot_coins 0 93
coin_collected 13 29 0
bot_coins 0 94
coin 23 2
coin 46 27
coin 51 26
coin 18 3
coin 64 16
coin 5 13
coin 69 25
coin 0 4
coin 7 22
coin 62 7
round 191
bot 0 12 29
coin_collected 12 27 0
bot_coins 0 95
round 192
bot 0 12 28
coin_collected 12 26 0
bot_coins 0 96
coin_collected 14 28 0
bot_coins 0 97
round 193
bot 0 12 27
round 194
bot 0 12 26
round 195
bot 0 12 25
coin_collected 14 25 0
bot_coins 0 98
coin 62 10
coin 7 19
coin 59 29
coin 12 0
coin 44 27
coin 25 3
coin 18 26
coin 52 3
coin 22 11
coin 47 18
round 196
bot 0 11 24
coin_collected 9 24 0
bot_coins 0 99
coin_collected 10 23 0
bot_coins 0 100
coin_collected 10 24 0
bot_coins 0 101
coin_collected 11 23 0
bot_coins 0 102
round 197
bot 0 10 23
coin_collected 8 23 0
bot_coins 0 103
coin_collected 9 22 0
bot_coins 0 104
round 198
bot 0 9 22
coin_collected 7 22 0
bot_coins 0 105
round 199
bot 0 10 22
round 200
bot 0 11 23
coin 23 7
coin 42 21
coin 49 25
coin 20 5
coin 36 23
coin 33 6
coin 8 11
coin 64 18
coin 40 22
coin 29 7
match_over 0
