match
match_id 1639337009458_aq
match_time 1639337009463
num_bots 1
##MatchConfig
mode FRIENDLY
num_rounds 200
random_seed 42
move_time_limit 5000
coin_spawn_period 5
coin_spawn_volume 10
##MapConfig
map_size 61 33
view_radius 5
mining_radius 1
attack_radius 4
block 4 0
block 5 0
block 6 0
block 7 0
block 8 0
block 19 0
block 20 0
block 21 0
block 22 0
block 23 0
block 24 0
block 25 0
block 26 0
block 44 0
block 45 0
block 46 0
block 47 0
block 48 0
block 49 0
block 50 0
block 4 1
block 5 1
block 6 1
block 7 1
block 8 1
block 24 1
block 25 1
block 26 1
block 4 2
block 5 2
block 6 2
block 7 2
block 8 2
block 24 2
block 25 2
block 26 2
block 4 3
block 5 3
block 6 3
block 7 3
block 8 3
block 22 3
block 23 3
block 24 3
block 25 3
block 26 3
block 27 3
block 28 3
block 32 3
block 33 3
block 22 4
block 23 4
block 24 4
block 25 4
block 26 4
block 27 4
block 28 4
block 32 4
block 33 4
block 35 4
block 36 4
block 37 4
block 38 4
block 39 4
block 9 5
block 10 5
block 11 5
block 12 5
block 13 5
block 14 5
block 15 5
block 22 5
block 23 5
block 24 5
block 25 5
block 26 5
block 27 5
block 28 5
block 32 5
block 33 5
block 35 5
block 36 5
block 37 5
block 38 5
block 39 5
block 9 6
block 10 6
block 11 6
block 12 6
block 13 6
block 14 6
block 15 6
block 32 6
block 33 6
block 9 7
block 10 7
block 11 7
block 12 7
block 13 7
block 14 7
block 15 7
block 31 7
block 32 7
block 33 7
block 34 7
block 35 7
block 36 7
block 0 8
block 1 8
block 2 8
block 9 8
block 10 8
block 11 8
block 12 8
block 13 8
block 14 8
block 15 8
block 17 8
block 18 8
block 19 8
block 31 8
block 32 8
block 33 8
block 34 8
block 35 8
block 36 8
block 57 8
block 58 8
block 59 8
block 60 8
block 0 9
block 1 9
block 2 9
block 3 9
block 4 9
block 5 9
block 9 9
block 10 9
block 11 9
block 12 9
block 13 9
block 14 9
block 15 9
block 17 9
block 18 9
block 19 9
block 31 9
block 32 9
block 33 9
block 34 9
block 35 9
block 36 9
block 42 9
block 43 9
block 44 9
block 57 9
block 58 9
block 59 9
block 60 9
block 0 10
block 1 10
block 2 10
block 3 10
block 4 10
block 5 10
block 9 10
block 10 10
block 11 10
block 12 10
block 13 10
block 14 10
block 15 10
block 17 10
block 18 10
block 19 10
block 31 10
block 32 10
block 33 10
block 34 10
block 35 10
block 36 10
block 42 10
block 43 10
block 44 10
block 57 10
block 58 10
block 59 10
block 60 10
block 0 11
block 1 11
block 2 11
block 3 11
block 4 11
block 5 11
block 17 11
block 18 11
block 19 11
block 23 11
block 24 11
block 25 11
block 26 11
block 27 11
block 31 11
block 32 11
block 33 11
block 34 11
block 35 11
block 36 11
block 41 11
block 42 11
block 57 11
block 58 11
block 59 11
block 60 11
block 2 12
block 3 12
block 4 12
block 5 12
block 17 12
block 18 12
block 19 12
block 23 12
block 24 12
block 25 12
block 26 12
block 27 12
block 31 12
block 32 12
block 33 12
block 34 12
block 35 12
block 36 12
block 41 12
block 42 12
block 4 13
block 5 13
block 17 13
block 18 13
block 19 13
block 23 13
block 24 13
block 25 13
block 26 13
block 27 13
block 29 13
block 30 13
block 31 13
block 32 13
block 33 13
block 34 13
block 35 13
block 36 13
block 41 13
block 42 13
block 11 14
block 12 14
block 13 14
block 14 14
block 15 14
block 16 14
block 17 14
block 23 14
block 24 14
block 25 14
block 26 14
block 27 14
block 29 14
block 30 14
block 31 14
block 32 14
block 41 14
block 42 14
block 52 14
block 53 14
block 54 14
block 55 14
block 56 14
block 57 14
block 11 15
block 12 15
block 13 15
block 14 15
block 15 15
block 16 15
block 17 15
block 23 15
block 24 15
block 26 15
block 27 15
block 29 15
block 30 15
block 31 15
block 32 15
block 39 15
block 40 15
block 41 15
block 42 15
block 52 15
block 53 15
block 54 15
block 55 15
block 56 15
block 57 15
block 11 16
block 12 16
block 13 16
block 14 16
block 15 16
block 16 16
block 17 16
block 29 16
block 30 16
block 31 16
block 32 16
block 39 16
block 40 16
block 41 16
block 42 16
block 52 16
block 53 16
block 54 16
block 55 16
block 56 16
block 57 16
block 11 17
block 12 17
block 13 17
block 14 17
block 15 17
block 16 17
block 17 17
block 29 17
block 30 17
block 31 17
block 32 17
block 39 17
block 40 17
block 41 17
block 42 17
block 52 17
block 53 17
block 54 17
block 55 17
block 56 17
block 57 17
block 11 18
block 12 18
block 13 18
block 14 18
block 15 18
block 16 18
block 17 18
block 29 18
block 30 18
block 31 18
block 32 18
block 39 18
block 40 18
block 41 18
block 42 18
block 52 18
block 53 18
block 54 18
block 55 18
block 56 18
block 57 18
block 52 19
block 53 19
block 54 19
block 55 19
block 56 19
block 57 19
block 8 21
block 9 21
block 8 22
block 9 22
block 8 23
block 9 23
block 8 24
block 9 24
block 8 25
block 9 25
block 3 26
block 4 26
block 5 26
block 6 26
block 7 26
block 8 26
block 9 26
block 3 27
block 4 27
block 5 27
block 6 27
block 7 27
block 8 27
block 9 27
block 19 27
block 20 27
block 21 27
block 22 27
block 23 27
block 24 27
block 25 27
block 3 28
block 4 28
block 5 28
block 6 28
block 7 28
block 19 28
block 20 28
block 21 28
block 22 28
block 23 28
block 24 28
block 25 28
block 0 29
block 1 29
block 3 29
block 4 29
block 5 29
block 6 29
block 7 29
block 19 29
block 20 29
block 21 29
block 22 29
block 23 29
block 24 29
block 25 29
block 0 30
block 1 30
block 3 30
block 4 30
block 5 30
block 6 30
block 7 30
block 19 30
block 20 30
block 21 30
block 22 30
block 23 30
block 24 30
block 25 30
block 44 30
block 45 30
block 46 30
block 47 30
block 48 30
block 49 30
block 50 30
block 0 31
block 1 31
block 3 31
block 4 31
block 5 31
block 6 31
block 7 31
block 19 31
block 20 31
block 21 31
block 22 31
block 23 31
block 24 31
block 25 31
block 44 31
block 45 31
block 46 31
block 47 31
block 48 31
block 49 31
block 50 31
block 0 32
block 1 32
block 3 32
block 4 32
block 5 32
block 6 32
block 7 32
block 8 32
block 19 32
block 20 32
block 21 32
block 22 32
block 23 32
block 24 32
block 25 32
block 44 32
block 45 32
block 46 32
block 47 32
block 48 32
block 49 32
block 50 32
##BotsAndCoinsInfo
bot_name 0 starter-bot
bot 0 43 12
bot_coins 0 0
coin 5 15
coin 58 17
coin 25 6
coin 35 26
coin 10 19
coin 50 13
coin 55 2
coin 8 30
coin 21 17
coin 39 14
round 1
bot 0 44 11
round 2
round 3
round 4
match_over 0
round 5
