match
match_id 1639335438906_al
match_time 1639335438912
num_bots 1
##MatchConfig
mode FRIENDLY
num_rounds 200
random_seed 42
move_time_limit 5000
coin_spawn_period 5
coin_spawn_volume 10
##MapConfig
map_size 77 31
view_radius 6
mining_radius 1
attack_radius 4
block 6 0
block 7 0
block 8 0
block 9 0
block 10 0
block 24 0
block 25 0
block 26 0
block 27 0
block 28 0
block 29 0
block 30 0
block 38 0
block 39 0
block 40 0
block 41 0
block 42 0
block 49 0
block 50 0
block 6 1
block 7 1
block 8 1
block 9 1
block 10 1
block 24 1
block 25 1
block 26 1
block 27 1
block 28 1
block 29 1
block 30 1
block 38 1
block 39 1
block 40 1
block 41 1
block 42 1
block 6 2
block 7 2
block 8 2
block 9 2
block 10 2
block 24 2
block 25 2
block 26 2
block 27 2
block 28 2
block 29 2
block 30 2
block 38 2
block 39 2
block 40 2
block 41 2
block 42 2
block 6 3
block 7 3
block 8 3
block 9 3
block 10 3
block 24 3
block 25 3
block 26 3
block 27 3
block 28 3
block 29 3
block 30 3
block 38 3
block 39 3
block 40 3
block 41 3
block 42 3
block 24 4
block 25 4
block 26 4
block 27 4
block 28 4
block 29 4
block 30 4
block 38 4
block 39 4
block 40 4
block 41 4
block 42 4
block 24 5
block 25 5
block 26 5
block 27 5
block 28 5
block 38 5
block 39 5
block 40 5
block 41 5
block 42 5
block 68 5
block 69 5
block 70 5
block 71 5
block 24 6
block 25 6
block 26 6
block 27 6
block 28 6
block 68 6
block 69 6
block 70 6
block 71 6
block 61 7
block 62 7
block 63 7
block 64 7
block 68 7
block 69 7
block 70 7
block 71 7
block 61 8
block 62 8
block 63 8
block 64 8
block 68 8
block 69 8
block 70 8
block 71 8
block 61 9
block 62 9
block 63 9
block 64 9
block 68 9
block 69 9
block 70 9
block 71 9
block 38 10
block 39 10
block 40 10
block 57 10
block 58 10
block 59 10
block 60 10
block 61 10
block 62 10
block 63 10
block 64 10
block 68 10
block 69 10
block 70 10
block 71 10
block 38 11
block 39 11
block 40 11
block 57 11
block 58 11
block 59 11
block 60 11
block 61 11
block 62 11
block 63 11
block 64 11
block 25 12
block 26 12
block 27 12
block 28 12
block 38 12
block 39 12
block 40 12
block 57 12
block 58 12
block 59 12
block 60 12
block 61 12
block 62 12
block 63 12
block 64 12
block 25 13
block 26 13
block 27 13
block 28 13
block 38 13
block 39 13
block 40 13
block 57 13
block 58 13
block 59 13
block 60 13
block 61 13
block 62 13
block 63 13
block 64 13
block 25 14
block 26 14
block 27 14
block 28 14
block 38 14
block 39 14
block 40 14
block 60 14
block 61 14
block 28 15
block 29 15
block 30 15
block 31 15
block 38 15
block 39 15
block 40 15
block 60 15
block 61 15
block 28 16
block 29 16
block 30 16
block 31 16
block 38 16
block 39 16
block 40 16
block 60 16
block 61 16
block 28 17
block 29 17
block 30 17
block 31 17
block 60 17
block 61 17
block 28 18
block 29 18
block 30 18
block 31 18
block 60 18
block 61 18
block 28 19
block 29 19
block 30 19
block 31 19
block 47 19
block 48 19
block 49 19
block 63 19
block 64 19
block 65 19
block 28 20
block 29 20
block 30 20
block 31 20
block 47 20
block 48 20
block 49 20
block 63 20
block 64 20
block 65 20
block 28 21
block 29 21
block 30 21
block 31 21
block 47 21
block 48 21
block 49 21
block 63 21
block 64 21
block 65 21
block 12 22
block 13 22
block 14 22
block 15 22
block 16 22
block 17 22
block 20 22
block 21 22
block 22 22
block 23 22
block 24 22
block 25 22
block 26 22
block 47 22
block 48 22
block 49 22
block 63 22
block 64 22
block 65 22
block 12 23
block 13 23
block 14 23
block 15 23
block 16 23
block 17 23
block 20 23
block 21 23
block 22 23
block 23 23
block 24 23
block 25 23
block 26 23
block 47 23
block 48 23
block 49 23
block 63 23
block 64 23
block 65 23
block 12 24
block 13 24
block 14 24
block 15 24
block 16 24
block 17 24
block 20 24
block 21 24
block 22 24
block 23 24
block 24 24
block 25 24
block 26 24
block 47 24
block 48 24
block 49 24
block 20 25
block 21 25
block 22 25
block 23 25
block 24 25
block 25 25
block 26 25
block 63 25
block 64 25
block 0 26
block 20 26
block 21 26
block 22 26
block 23 26
block 24 26
block 25 26
block 26 26
block 63 26
block 64 26
block 74 26
block 75 26
block 76 26
block 0 27
block 17 27
block 18 27
block 19 27
block 20 27
block 21 27
block 22 27
block 23 27
block 24 27
block 25 27
block 26 27
block 63 27
block 64 27
block 74 27
block 75 27
block 76 27
block 0 28
block 17 28
block 18 28
block 19 28
block 20 28
block 21 28
block 74 28
block 75 28
block 76 28
block 0 29
block 28 29
block 29 29
block 30 29
block 74 29
block 75 29
block 76 29
block 0 30
block 28 30
block 29 30
block 30 30
block 38 30
block 39 30
block 40 30
block 41 30
block 42 30
block 49 30
block 50 30
block 74 30
block 75 30
block 76 30
##BotsAndCoinsInfo
bot_name 0 starter-bot
bot 0 15 27
bot_coins 0 0
coin 29 10
coin 46 20
coin 41 23
coin 35 7
coin 47 28
coin 31 2
coin 1 1
coin 75 0
coin 76 3
coin 1 27
round 1
bot 0 16 26
round 2
bot 0 17 25
round 3
bot 0 18 24
round 4
bot 0 19 23
round 5
coin 66 0
coin 10 30
coin 35 27
coin 43 3
coin 57 19
coin 19 11
coin 70 21
coin 6 9
coin 0 19
coin 76 11
round 6
round 7
match_over 0
round 8
