match
match_id 1639343060608_aa
match_time 1639343060666
num_bots 1
##MatchConfig
mode FRIENDLY
num_rounds 200
random_seed 42
move_time_limit 5000
coin_spawn_period 5
coin_spawn_volume 10
##MapConfig
map_size 75 23
view_radius 5
mining_radius 1
attack_radius 4
block 0 0
block 1 0
block 2 0
block 3 0
block 14 0
block 15 0
block 16 0
block 17 0
block 18 0
block 19 0
block 24 0
block 25 0
block 26 0
block 27 0
block 28 0
block 29 0
block 30 0
block 31 0
block 32 0
block 33 0
block 59 0
block 60 0
block 61 0
block 62 0
block 63 0
block 0 1
block 1 1
block 2 1
block 3 1
block 24 1
block 25 1
block 26 1
block 27 1
block 60 1
block 61 1
block 62 1
block 63 1
block 0 2
block 1 2
block 2 2
block 3 2
block 24 2
block 25 2
block 26 2
block 27 2
block 60 2
block 61 2
block 62 2
block 63 2
block 0 3
block 1 3
block 2 3
block 3 3
block 10 3
block 11 3
block 12 3
block 13 3
block 14 3
block 15 3
block 27 3
block 28 3
block 29 3
block 30 3
block 31 3
block 32 3
block 60 3
block 61 3
block 62 3
block 63 3
block 69 3
block 70 3
block 71 3
block 72 3
block 0 4
block 1 4
block 2 4
block 3 4
block 10 4
block 11 4
block 12 4
block 13 4
block 14 4
block 15 4
block 27 4
block 28 4
block 29 4
block 30 4
block 31 4
block 32 4
block 69 4
block 70 4
block 71 4
block 72 4
block 0 5
block 1 5
block 2 5
block 3 5
block 10 5
block 11 5
block 12 5
block 13 5
block 14 5
block 15 5
block 27 5
block 28 5
block 29 5
block 30 5
block 31 5
block 32 5
block 69 5
block 70 5
block 71 5
block 72 5
block 10 6
block 11 6
block 12 6
block 13 6
block 14 6
block 15 6
block 27 6
block 28 6
block 29 6
block 30 6
block 31 6
block 32 6
block 66 6
block 67 6
block 68 6
block 69 6
block 70 6
block 71 6
block 72 6
block 10 7
block 11 7
block 12 7
block 13 7
block 14 7
block 15 7
block 27 7
block 28 7
block 29 7
block 30 7
block 31 7
block 32 7
block 35 7
block 36 7
block 37 7
block 66 7
block 67 7
block 68 7
block 27 8
block 28 8
block 29 8
block 30 8
block 31 8
block 32 8
block 35 8
block 36 8
block 37 8
block 66 8
block 67 8
block 68 8
block 16 9
block 17 9
block 18 9
block 19 9
block 20 9
block 29 9
block 30 9
block 31 9
block 32 9
block 35 9
block 36 9
block 37 9
block 41 9
block 42 9
block 43 9
block 44 9
block 66 9
block 67 9
block 68 9
block 16 10
block 17 10
block 18 10
block 19 10
block 20 10
block 29 10
block 30 10
block 31 10
block 32 10
block 35 10
block 36 10
block 37 10
block 41 10
block 42 10
block 43 10
block 44 10
block 66 10
block 67 10
block 68 10
block 8 11
block 9 11
block 10 11
block 11 11
block 12 11
block 16 11
block 17 11
block 18 11
block 19 11
block 20 11
block 29 11
block 30 11
block 31 11
block 32 11
block 35 11
block 36 11
block 37 11
block 41 11
block 42 11
block 43 11
block 44 11
block 45 11
block 66 11
block 67 11
block 68 11
block 8 12
block 9 12
block 10 12
block 11 12
block 12 12
block 16 12
block 17 12
block 18 12
block 19 12
block 20 12
block 29 12
block 30 12
block 31 12
block 32 12
block 35 12
block 36 12
block 37 12
block 41 12
block 42 12
block 43 12
block 44 12
block 45 12
block 66 12
block 67 12
block 68 12
block 8 13
block 9 13
block 10 13
block 11 13
block 12 13
block 16 13
block 17 13
block 18 13
block 19 13
block 20 13
block 29 13
block 30 13
block 31 13
block 32 13
block 35 13
block 36 13
block 37 13
block 41 13
block 42 13
block 43 13
block 44 13
block 51 13
block 52 13
block 53 13
block 8 14
block 9 14
block 10 14
block 11 14
block 12 14
block 41 14
block 42 14
block 43 14
block 44 14
block 51 14
block 52 14
block 53 14
block 8 15
block 9 15
block 10 15
block 11 15
block 12 15
block 28 15
block 29 15
block 30 15
block 42 15
block 43 15
block 44 15
block 45 15
block 51 15
block 52 15
block 53 15
block 62 15
block 63 15
block 64 15
block 65 15
block 66 15
block 67 15
block 68 15
block 69 15
block 70 15
block 8 16
block 9 16
block 10 16
block 11 16
block 12 16
block 26 16
block 27 16
block 28 16
block 29 16
block 30 16
block 41 16
block 42 16
block 43 16
block 44 16
block 45 16
block 46 16
block 47 16
block 51 16
block 52 16
block 53 16
block 62 16
block 63 16
block 64 16
block 65 16
block 66 16
block 67 16
block 68 16
block 69 16
block 70 16
block 2 17
block 3 17
block 4 17
block 5 17
block 6 17
block 7 17
block 8 17
block 9 17
block 10 17
block 11 17
block 12 17
block 13 17
block 14 17
block 15 17
block 16 17
block 17 17
block 18 17
block 19 17
block 26 17
block 27 17
block 28 17
block 29 17
block 30 17
block 41 17
block 42 17
block 43 17
block 44 17
block 45 17
block 46 17
block 47 17
block 51 17
block 52 17
block 53 17
block 62 17
block 63 17
block 64 17
block 65 17
block 66 17
block 67 17
block 68 17
block 69 17
block 70 17
block 2 18
block 3 18
block 4 18
block 5 18
block 6 18
block 7 18
block 10 18
block 11 18
block 12 18
block 13 18
block 14 18
block 15 18
block 16 18
block 17 18
block 18 18
block 19 18
block 26 18
block 27 18
block 28 18
block 29 18
block 30 18
block 41 18
block 42 18
block 43 18
block 44 18
block 45 18
block 46 18
block 47 18
block 51 18
block 52 18
block 53 18
block 67 18
block 68 18
block 69 18
block 70 18
block 71 18
block 72 18
block 2 19
block 3 19
block 4 19
block 5 19
block 6 19
block 7 19
block 14 19
block 15 19
block 16 19
block 17 19
block 18 19
block 19 19
block 24 19
block 25 19
block 26 19
block 27 19
block 28 19
block 29 19
block 30 19
block 67 19
block 68 19
block 69 19
block 70 19
block 71 19
block 72 19
block 2 20
block 3 20
block 4 20
block 5 20
block 6 20
block 7 20
block 14 20
block 15 20
block 16 20
block 17 20
block 18 20
block 19 20
block 24 20
block 25 20
block 26 20
block 27 20
block 28 20
block 29 20
block 30 20
block 31 20
block 32 20
block 33 20
block 60 20
block 61 20
block 62 20
block 63 20
block 67 20
block 68 20
block 69 20
block 70 20
block 71 20
block 72 20
block 2 21
block 3 21
block 4 21
block 5 21
block 6 21
block 7 21
block 14 21
block 15 21
block 16 21
block 17 21
block 18 21
block 19 21
block 24 21
block 25 21
block 26 21
block 27 21
block 28 21
block 29 21
block 30 21
block 31 21
block 32 21
block 33 21
block 59 21
block 60 21
block 61 21
block 62 21
block 63 21
block 0 22
block 1 22
block 2 22
block 3 22
block 4 22
block 5 22
block 6 22
block 7 22
block 14 22
block 15 22
block 16 22
block 17 22
block 18 22
block 19 22
block 24 22
block 25 22
block 26 22
block 27 22
block 28 22
block 29 22
block 30 22
block 31 22
block 32 22
block 33 22
block 59 22
block 60 22
block 61 22
block 62 22
block 63 22
##BotsAndCoinsInfo
bot_name 0 starter-bot
bot 0 37 19
bot_coins 0 0
coin 5 4
coin 71 17
coin 48 10
coin 26 12
coin 45 4
coin 31 18
coin 5 0
coin 69 22
coin 19 14
coin 55 8
round 1
round 2
round 3
match_over 0
round 4
