match
match_id 1639343076735_aa
match_time 1639343076765
num_bots 1
##MatchConfig
mode FRIENDLY
num_rounds 200
random_seed 42
move_time_limit 5000
coin_spawn_period 5
coin_spawn_volume 10
##MapConfig
map_size 54 30
view_radius 5
mining_radius 1
attack_radius 3
block 8 1
block 9 1
block 10 1
block 11 1
block 12 1
block 13 1
block 8 2
block 9 2
block 10 2
block 11 2
block 12 2
block 13 2
block 8 3
block 9 3
block 10 3
block 11 3
block 12 3
block 13 3
block 44 4
block 45 4
block 46 4
block 44 5
block 45 5
block 46 5
block 9 6
block 10 6
block 11 6
block 12 6
block 44 6
block 45 6
block 46 6
block 9 7
block 10 7
block 11 7
block 12 7
block 9 8
block 10 8
block 11 8
block 12 8
block 44 8
block 45 8
block 46 8
block 47 8
block 48 8
block 9 9
block 10 9
block 11 9
block 12 9
block 44 9
block 45 9
block 46 9
block 47 9
block 48 9
block 9 10
block 10 10
block 11 10
block 12 10
block 44 10
block 45 10
block 46 10
block 47 10
block 48 10
block 9 11
block 10 11
block 11 11
block 12 11
block 44 11
block 45 11
block 46 11
block 47 11
block 48 11
block 9 12
block 10 12
block 11 12
block 12 12
block 44 12
block 45 12
block 46 12
block 47 12
block 48 12
block 46 13
block 47 13
block 48 13
block 15 14
block 16 14
block 17 14
block 18 14
block 46 14
block 47 14
block 48 14
block 15 15
block 16 15
block 17 15
block 18 15
block 38 15
block 39 15
block 46 15
block 47 15
block 48 15
block 38 16
block 39 16
block 46 16
block 47 16
block 48 16
block 38 17
block 39 17
block 38 18
block 39 18
block 24 19
block 25 19
block 26 19
block 27 19
block 28 19
block 38 19
block 39 19
block 24 20
block 25 20
block 26 20
block 27 20
block 28 20
block 38 20
block 39 20
block 6 25
block 7 25
block 8 25
block 9 25
block 10 25
block 6 26
block 7 26
block 8 26
block 9 26
block 10 26
block 6 27
block 7 27
block 8 27
block 9 27
block 10 27
block 6 28
block 7 28
block 8 28
block 9 28
block 10 28
##BotsAndCoinsInfo
bot_name 0 starter-bot
bot 0 25 28
bot_coins 0 0
coin 44 3
coin 9 24
coin 36 14
coin 17 16
coin 36 25
coin 17 4
coin 41 8
coin 12 21
coin 43 23
coin 10 5
round 1
bot 0 24 27
round 2
bot 0 23 26
round 3
bot 0 22 25
round 4
bot 0 21 24
round 5
bot 0 20 23
coin 20 2
coin 33 27
coin 24 12
coin 29 17
coin 44 2
coin 9 29
coin 6 0
coin 47 29
coin 19 29
coin 34 0
round 6
bot 0 19 22
round 7
bot 0 18 21
round 8
round 9
round 10
coin 50 13
coin 3 16
coin 8 4
coin 45 25
coin 23 21
coin 30 8
coin 34 28
coin 19 1
coin 37 6
coin 16 23
round 11
round 12
round 13
round 14
round 15
coin 40 6
coin 13 23
coin 2 5
coin 51 24
coin 11 17
coin 42 12
coin 12 13
coin 41 16
coin 7 24
coin 47 5
round 16
bot 0 17 22
round 17
bot 0 16 23
coin_collected 16 23 0
bot_coins 0 1
round 18
bot 0 15 24
round 19
round 20
coin 5 25
coin 48 4
coin 53 7
coin 0 22
coin 5 24
coin 48 5
coin 49 5
coin 4 24
coin 19 13
coin 34 16
round 21
match_over 0
round 22
