match
match_id 1639355171451_au
match_time 1639355171455
num_bots 1
##MatchConfig
mode FRIENDLY
num_rounds 200
random_seed 42
move_time_limit 5000
coin_spawn_period 5
coin_spawn_volume 10
##MapConfig
map_size 63 24
view_radius 6
mining_radius 1
attack_radius 3
block 0 0
block 1 0
block 2 0
block 3 0
block 4 0
block 21 0
block 22 0
block 23 0
block 24 0
block 25 0
block 26 0
block 59 0
block 60 0
block 61 0
block 62 0
block 0 1
block 1 1
block 2 1
block 3 1
block 4 1
block 21 1
block 22 1
block 23 1
block 24 1
block 25 1
block 26 1
block 59 1
block 60 1
block 61 1
block 62 1
block 0 2
block 1 2
block 2 2
block 3 2
block 4 2
block 21 2
block 22 2
block 23 2
block 24 2
block 25 2
block 26 2
block 61 2
block 62 2
block 21 3
block 22 3
block 23 3
block 24 3
block 25 3
block 26 3
block 27 4
block 28 4
block 29 4
block 30 4
block 31 4
block 32 4
block 33 4
block 34 4
block 56 4
block 57 4
block 58 4
block 59 4
block 60 4
block 27 5
block 28 5
block 29 5
block 30 5
block 31 5
block 32 5
block 33 5
block 34 5
block 56 5
block 57 5
block 58 5
block 59 5
block 60 5
block 19 6
block 20 6
block 21 6
block 22 6
block 23 6
block 24 6
block 27 6
block 28 6
block 29 6
block 30 6
block 31 6
block 32 6
block 33 6
block 34 6
block 56 6
block 57 6
block 58 6
block 59 6
block 60 6
block 0 7
block 19 7
block 20 7
block 21 7
block 22 7
block 23 7
block 24 7
block 27 7
block 28 7
block 29 7
block 30 7
block 31 7
block 32 7
block 33 7
block 34 7
block 56 7
block 57 7
block 58 7
block 59 7
block 60 7
block 62 7
block 0 8
block 19 8
block 20 8
block 21 8
block 22 8
block 23 8
block 24 8
block 27 8
block 28 8
block 29 8
block 30 8
block 31 8
block 32 8
block 33 8
block 34 8
block 56 8
block 57 8
block 58 8
block 59 8
block 60 8
block 62 8
block 0 9
block 19 9
block 20 9
block 21 9
block 22 9
block 23 9
block 24 9
block 29 9
block 30 9
block 31 9
block 32 9
block 33 9
block 34 9
block 51 9
block 52 9
block 53 9
block 54 9
block 55 9
block 56 9
block 57 9
block 58 9
block 59 9
block 60 9
block 62 9
block 19 10
block 20 10
block 21 10
block 22 10
block 23 10
block 24 10
block 51 10
block 52 10
block 53 10
block 54 10
block 55 10
block 56 10
block 57 10
block 58 10
block 59 10
block 60 10
block 19 11
block 20 11
block 21 11
block 22 11
block 23 11
block 24 11
block 51 11
block 52 11
block 53 11
block 54 11
block 55 11
block 10 12
block 11 12
block 12 12
block 13 12
block 14 12
block 15 12
block 16 12
block 10 13
block 11 13
block 12 13
block 13 13
block 14 13
block 15 13
block 16 13
block 10 14
block 11 14
block 12 14
block 13 14
block 14 14
block 15 14
block 16 14
block 10 15
block 11 15
block 12 15
block 13 15
block 14 15
block 15 15
block 16 15
block 10 16
block 11 16
block 12 16
block 13 16
block 14 16
block 15 16
block 16 16
block 10 17
block 11 17
block 12 17
block 13 17
block 14 17
block 15 17
block 16 17
block 10 18
block 11 18
block 12 18
block 13 18
block 14 18
block 15 18
block 16 18
block 57 18
block 58 18
block 57 19
block 58 19
block 7 20
block 8 20
block 57 20
block 58 20
block 0 21
block 1 21
block 2 21
block 3 21
block 4 21
block 5 21
block 7 21
block 8 21
block 9 21
block 31 21
block 32 21
block 33 21
block 57 21
block 58 21
block 61 21
block 62 21
block 0 22
block 1 22
block 2 22
block 3 22
block 4 22
block 5 22
block 7 22
block 8 22
block 9 22
block 31 22
block 32 22
block 33 22
block 57 22
block 58 22
block 59 22
block 60 22
block 61 22
block 62 22
block 0 23
block 1 23
block 2 23
block 3 23
block 4 23
block 7 23
block 8 23
block 31 23
block 32 23
block 33 23
block 57 23
block 58 23
block 59 23
block 60 23
block 61 23
block 62 23
##BotsAndCoinsInfo
bot_name 0 starter-bot
bot 0 20 12
bot_coins 0 0
coin 8 3
coin 54 20
coin 27 20
coin 35 3
coin 54 13
coin 8 10
coin 50 14
coin 12 9
coin 35 5
coin 27 18
round 1
bot 0 21 12
round 2
bot 0 22 12
round 3
bot 0 23 12
round 4
bot 0 24 12
round 5
bot 0 25 11
coin 38 14
coin 25 9
coin 42 12
coin 20 12
coin 8 8
coin 54 15
coin 42 18
coin 20 5
coin 28 17
coin 35 6
round 6
bot 0 25 10
coin_collected 25 9 0
bot_coins 0 1
round 7
bot 0 25 9
round 8
bot 0 25 8
round 9
bot 0 25 7
round 10
bot 0 25 8
coin 5 7
coin 57 16
coin 8 9
coin 54 14
coin 14 9
coin 48 14
coin 7 10
coin 55 13
coin 46 6
coin 17 17
round 11
bot 0 25 7
round 12
bot 0 25 8
round 13
bot 0 25 7
round 14
bot 0 25 8
round 15
bot 0 25 7
coin 40 12
coin 22 12
coin 2 5
coin 60 18
coin 38 23
coin 24 23
coin 12 11
coin 50 12
coin 7 12
coin 55 12
round 16
bot 0 25 8
round 17
bot 0 25 7
round 18
bot 0 25 8
round 19
bot 0 25 7
round 20
bot 0 25 8
coin 41 1
coin 21 22
coin 35 1
coin 27 22
coin 61 6
coin 1 17
coin 13 23
coin 49 0
coin 55 19
coin 7 4
round 21
bot 0 25 7
round 22
bot 0 25 8
round 23
bot 0 25 7
round 24
bot 0 25 8
round 25
bot 0 25 7
coin 40 8
coin 22 15
coin 44 4
coin 18 19
coin 44 10
coin 18 13
coin 28 19
coin 34 3
coin 57 3
coin 5 20
round 26
bot 0 25 8
round 27
bot 0 25 7
round 28
bot 0 25 8
round 29
bot 0 25 7
round 30
bot 0 25 8
coin 28 11
coin 34 12
coin 11 1
coin 51 22
coin 8 2
coin 54 21
coin 41 7
coin 21 16
coin 48 3
coin 14 20
round 31
bot 0 25 7
round 32
bot 0 25 8
round 33
bot 0 25 7
round 34
bot 0 25 8
round 35
bot 0 25 7
coin 10 5
coin 52 18
coin 4 13
coin 58 11
coin 43 5
coin 19 18
coin 5 4
coin 56 19
coin 38 21
coin 24 4
round 36
bot 0 25 8
round 37
bot 0 25 7
round 38
bot 0 25 8
round 39
bot 0 25 7
round 40
bot 0 25 8
coin 30 10
coin 32 13
coin 41 14
coin 18 9
coin 10 9
coin 52 14
coin 30 0
coin 32 0
coin 35 7
coin 27 16
round 41
bot 0 25 7
round 42
bot 0 25 8
round 43
bot 0 25 7
round 44
bot 0 25 8
round 45
bot 0 25 7
coin 0 3
coin 62 20
coin 3 15
coin 61 8
coin 59 15
coin 3 8
coin 5 0
coin 56 23
coin 8 16
coin 54 7
round 46
bot 0 25 8
round 47
bot 0 25 7
round 48
bot 0 25 8
round 49
bot 0 25 7
round 50
bot 0 25 8
coin 30 3
coin 32 20
coin 17 13
coin 45 10
coin 53 7
coin 9 16
coin 27 14
coin 35 9
coin 40 2
coin 22 21
round 51
bot 0 25 7
round 52
bot 0 25 8
round 53
bot 0 25 7
round 54
bot 0 25 8
round 55
bot 0 25 7
coin 53 16
coin 9 7
coin 56 20
coin 6 3
coin 39 6
coin 23 17
coin 43 19
coin 19 4
coin 17 15
coin 45 8
round 56
bot 0 25 8
round 57
bot 0 25 7
round 58
bot 0 25 8
round 59
bot 0 25 7
round 60
bot 0 25 8
coin 48 12
coin 14 11
coin 29 19
coin 33 3
coin 53 12
coin 9 11
coin 49 3
coin 13 20
coin 52 8
coin 9 15
round 61
round 62
round 63
match_over 0
round 64
