match
match_id 1639335333894_ah
match_time 1639335333906
num_bots 1
##MatchConfig
mode FRIENDLY
num_rounds 200
random_seed 42
move_time_limit 5000
coin_spawn_period 5
coin_spawn_volume 10
##MapConfig
map_size 54 35
view_radius 5
mining_radius 1
attack_radius 3
block 4 0
block 5 0
block 6 0
block 7 0
block 8 0
block 9 0
block 15 0
block 16 0
block 17 0
block 18 0
block 19 0
block 20 0
block 21 0
block 24 0
block 25 0
block 39 0
block 40 0
block 41 0
block 4 1
block 5 1
block 6 1
block 7 1
block 8 1
block 9 1
block 15 1
block 16 1
block 17 1
block 18 1
block 19 1
block 20 1
block 21 1
block 41 1
block 42 1
block 43 1
block 44 1
block 45 1
block 46 1
block 47 1
block 48 1
block 49 1
block 50 1
block 4 2
block 5 2
block 6 2
block 7 2
block 8 2
block 9 2
block 17 2
block 18 2
block 19 2
block 20 2
block 21 2
block 41 2
block 42 2
block 43 2
block 44 2
block 45 2
block 46 2
block 47 2
block 48 2
block 49 2
block 50 2
block 17 3
block 18 3
block 19 3
block 20 3
block 21 3
block 44 3
block 45 3
block 17 4
block 18 4
block 19 4
block 20 4
block 21 4
block 44 4
block 45 4
block 44 5
block 45 5
block 44 6
block 45 6
block 44 7
block 45 7
block 0 8
block 1 8
block 2 8
block 44 8
block 45 8
block 0 9
block 1 9
block 2 9
block 13 9
block 14 9
block 15 9
block 16 9
block 17 9
block 44 9
block 45 9
block 1 10
block 2 10
block 13 10
block 14 10
block 15 10
block 16 10
block 17 10
block 1 11
block 2 11
block 13 11
block 14 11
block 15 11
block 16 11
block 17 11
block 24 11
block 25 11
block 26 11
block 27 11
block 28 11
block 1 12
block 2 12
block 3 12
block 4 12
block 5 12
block 6 12
block 7 12
block 13 12
block 14 12
block 15 12
block 16 12
block 17 12
block 20 12
block 21 12
block 22 12
block 23 12
block 24 12
block 25 12
block 26 12
block 27 12
block 28 12
block 1 13
block 2 13
block 3 13
block 4 13
block 5 13
block 6 13
block 7 13
block 20 13
block 21 13
block 22 13
block 23 13
block 24 13
block 39 13
block 40 13
block 41 13
block 42 13
block 43 13
block 1 14
block 2 14
block 20 14
block 21 14
block 22 14
block 23 14
block 24 14
block 39 14
block 40 14
block 41 14
block 42 14
block 43 14
block 20 15
block 21 15
block 22 15
block 23 15
block 24 15
block 39 15
block 40 15
block 41 15
block 42 15
block 43 15
block 44 15
block 45 15
block 20 16
block 21 16
block 22 16
block 23 16
block 24 16
block 39 16
block 40 16
block 41 16
block 42 16
block 43 16
block 44 16
block 45 16
block 20 17
block 21 17
block 22 17
block 23 17
block 24 17
block 39 17
block 40 17
block 41 17
block 42 17
block 43 17
block 44 17
block 45 17
block 39 18
block 40 18
block 41 18
block 42 18
block 43 18
block 44 18
block 45 18
block 34 19
block 35 19
block 36 19
block 37 19
block 29 20
block 30 20
block 31 20
block 32 20
block 34 20
block 35 20
block 36 20
block 37 20
block 29 21
block 30 21
block 31 21
block 32 21
block 34 21
block 35 21
block 36 21
block 37 21
block 29 22
block 30 22
block 31 22
block 32 22
block 34 22
block 35 22
block 36 22
block 37 22
block 33 23
block 34 23
block 35 23
block 33 24
block 34 24
block 35 24
block 33 25
block 34 25
block 35 25
block 33 26
block 34 26
block 35 26
block 38 26
block 39 26
block 40 26
block 41 26
block 42 26
block 43 26
block 0 27
block 33 27
block 34 27
block 35 27
block 38 27
block 39 27
block 40 27
block 41 27
block 42 27
block 43 27
block 48 27
block 49 27
block 50 27
block 51 27
block 52 27
block 53 27
block 0 28
block 33 28
block 34 28
block 35 28
block 38 28
block 39 28
block 40 28
block 41 28
block 42 28
block 43 28
block 48 28
block 49 28
block 50 28
block 51 28
block 52 28
block 53 28
block 0 29
block 33 29
block 34 29
block 35 29
block 38 29
block 39 29
block 40 29
block 41 29
block 42 29
block 43 29
block 48 29
block 49 29
block 50 29
block 51 29
block 52 29
block 53 29
block 0 30
block 15 30
block 16 30
block 17 30
block 18 30
block 19 30
block 48 30
block 49 30
block 50 30
block 51 30
block 52 30
block 53 30
block 15 31
block 16 31
block 17 31
block 18 31
block 19 31
block 42 31
block 43 31
block 44 31
block 45 31
block 9 32
block 10 32
block 11 32
block 13 32
block 14 32
block 15 32
block 16 32
block 17 32
block 18 32
block 19 32
block 42 32
block 43 32
block 44 32
block 45 32
block 9 33
block 10 33
block 11 33
block 13 33
block 14 33
block 15 33
block 16 33
block 17 33
block 18 33
block 19 33
block 24 33
block 25 33
block 39 33
block 40 33
block 41 33
block 9 34
block 10 34
block 11 34
block 15 34
block 16 34
block 17 34
block 18 34
block 19 34
block 20 34
block 21 34
block 24 34
block 25 34
block 39 34
block 40 34
block 41 34
##BotsAndCoinsInfo
bot_name 0 starter-bot
bot 0 52 31
bot_coins 0 0
coin 44 33
coin 10 1
coin 36 24
coin 18 10
coin 36 25
coin 18 9
coin 41 3
coin 12 31
coin 43 3
coin 10 31
round 1
bot 0 51 31
round 2
bot 0 50 31
round 3
round 4
round 5
match_over 0
coin 20 32
coin 33 2
coin 24 7
coin 29 27
coin 46 17
coin 7 17
coin 6 5
coin 47 29
coin 19 9
coin 32 25
round 6
