match
match_id 1639338649276_af
match_time 1639338649280
num_bots 1
##MatchConfig
mode FRIENDLY
num_rounds 200
random_seed 42
move_time_limit 5000
coin_spawn_period 5
coin_spawn_volume 10
##MapConfig
map_size 55 34
view_radius 5
mining_radius 2
attack_radius 3
block 5 0
block 6 0
block 7 0
block 8 0
block 9 0
block 41 0
block 42 0
block 43 0
block 44 0
block 45 0
block 46 0
block 5 1
block 6 1
block 7 1
block 8 1
block 9 1
block 41 1
block 42 1
block 43 1
block 44 1
block 45 1
block 46 1
block 5 2
block 6 2
block 7 2
block 8 2
block 9 2
block 43 2
block 44 2
block 45 2
block 46 2
block 5 3
block 6 3
block 7 3
block 8 3
block 9 3
block 36 3
block 37 3
block 38 3
block 39 3
block 40 3
block 43 3
block 44 3
block 45 3
block 46 3
block 36 4
block 37 4
block 38 4
block 39 4
block 40 4
block 43 4
block 44 4
block 45 4
block 46 4
block 36 5
block 37 5
block 38 5
block 39 5
block 40 5
block 43 5
block 44 5
block 45 5
block 46 5
block 36 6
block 37 6
block 38 6
block 39 6
block 40 6
block 43 6
block 44 6
block 45 6
block 46 6
block 36 7
block 37 7
block 38 7
block 39 7
block 40 7
block 46 7
block 47 7
block 48 7
block 49 7
block 50 7
block 51 7
block 36 8
block 37 8
block 38 8
block 39 8
block 40 8
block 46 8
block 47 8
block 48 8
block 49 8
block 50 8
block 51 8
block 46 9
block 47 9
block 48 9
block 49 9
block 50 9
block 51 9
block 46 10
block 47 10
block 48 10
block 49 10
block 50 10
block 51 10
block 28 13
block 29 13
block 30 13
block 31 13
block 32 13
block 33 13
block 28 14
block 29 14
block 30 14
block 31 14
block 32 14
block 33 14
block 35 14
block 36 14
block 37 14
block 38 14
block 39 14
block 28 15
block 29 15
block 30 15
block 31 15
block 32 15
block 33 15
block 35 15
block 36 15
block 37 15
block 38 15
block 39 15
block 35 16
block 36 16
block 37 16
block 38 16
block 39 16
block 0 18
block 1 18
block 2 18
block 3 18
block 53 18
block 54 18
block 0 19
block 1 19
block 2 19
block 3 19
block 53 19
block 54 19
block 0 20
block 1 20
block 2 20
block 3 20
block 11 20
block 12 20
block 13 20
block 14 20
block 15 20
block 16 20
block 53 20
block 54 20
block 0 21
block 1 21
block 2 21
block 3 21
block 11 21
block 12 21
block 13 21
block 14 21
block 15 21
block 16 21
block 53 21
block 54 21
block 0 22
block 1 22
block 2 22
block 3 22
block 11 22
block 12 22
block 13 22
block 14 22
block 15 22
block 16 22
block 30 22
block 31 22
block 53 22
block 54 22
block 0 23
block 1 23
block 2 23
block 3 23
block 11 23
block 12 23
block 13 23
block 14 23
block 15 23
block 16 23
block 30 23
block 31 23
block 53 23
block 54 23
block 0 24
block 1 24
block 2 24
block 3 24
block 11 24
block 12 24
block 13 24
block 14 24
block 15 24
block 16 24
block 30 24
block 31 24
block 53 24
block 54 24
block 11 25
block 12 25
block 13 25
block 14 25
block 15 25
block 16 25
block 30 25
block 31 25
block 0 27
block 1 27
block 2 27
block 3 27
block 4 27
block 54 27
block 0 28
block 1 28
block 2 28
block 3 28
block 4 28
block 52 28
block 53 28
block 54 28
block 0 29
block 1 29
block 2 29
block 3 29
block 4 29
block 52 29
block 53 29
block 54 29
block 0 30
block 1 30
block 2 30
block 3 30
block 4 30
block 52 30
block 53 30
block 54 30
block 0 31
block 1 31
block 2 31
block 3 31
block 4 31
block 52 31
block 53 31
block 54 31
block 0 32
block 1 32
block 2 32
block 3 32
block 4 32
block 41 32
block 42 32
block 43 32
block 44 32
block 45 32
block 54 32
block 0 33
block 1 33
block 2 33
block 3 33
block 4 33
block 41 33
block 42 33
block 43 33
block 44 33
block 45 33
block 54 33
##BotsAndCoinsInfo
bot_name 0 starter-bot
bot 0 33 9
bot_coins 0 0
coin 40 11
coin 17 22
coin 8 12
coin 46 21
coin 25 9
coin 29 24
coin 45 12
coin 9 21
coin 54 7
coin 0 26
round 1
bot 0 32 8
round 2
bot 0 31 7
round 3
bot 0 30 6
round 4
bot 0 29 5
round 5
bot 0 28 4
coin 22 12
coin 32 21
coin 46 14
coin 8 19
coin 45 14
coin 9 19
coin 26 8
coin 28 25
coin 33 16
coin 21 17
round 6
bot 0 27 3
round 7
bot 0 26 2
round 8
bot 0 27 3
round 9
bot 0 28 4
round 10
bot 0 29 5
coin 10 11
coin 44 22
coin 36 33
coin 18 0
coin 23 1
coin 31 32
coin 10 20
coin 44 13
coin 37 32
coin 17 1
round 11
bot 0 30 6
round 12
bot 0 31 7
round 13
bot 0 32 8
round 14
round 15
coin 0 14
coin 52 19
coin 45 25
coin 9 8
coin 32 27
coin 22 6
coin 32 9
coin 22 24
coin 42 2
coin 12 31
round 16
match_over 0
round 17
