match
match_id 1639356354632_ay
match_time 1639356354636
num_bots 1
##MatchConfig
mode FRIENDLY
num_rounds 200
random_seed 42
move_time_limit 5000
coin_spawn_period 5
coin_spawn_volume 10
##MapConfig
map_size 59 32
view_radius 6
mining_radius 1
attack_radius 4
block 7 0
block 8 0
block 9 0
block 10 0
block 11 0
block 16 0
block 17 0
block 18 0
block 19 0
block 20 0
block 21 0
block 49 0
block 50 0
block 51 0
block 52 0
block 53 0
block 54 0
block 55 0
block 7 1
block 8 1
block 9 1
block 10 1
block 11 1
block 16 1
block 17 1
block 18 1
block 19 1
block 20 1
block 21 1
block 49 1
block 50 1
block 51 1
block 52 1
block 53 1
block 54 1
block 55 1
block 5 2
block 6 2
block 7 2
block 8 2
block 9 2
block 10 2
block 11 2
block 41 2
block 42 2
block 43 2
block 49 2
block 50 2
block 51 2
block 52 2
block 53 2
block 54 2
block 55 2
block 0 3
block 1 3
block 5 3
block 6 3
block 7 3
block 8 3
block 9 3
block 10 3
block 11 3
block 41 3
block 42 3
block 43 3
block 49 3
block 50 3
block 51 3
block 52 3
block 53 3
block 54 3
block 55 3
block 56 3
block 57 3
block 58 3
block 0 4
block 1 4
block 49 4
block 50 4
block 51 4
block 52 4
block 53 4
block 54 4
block 55 4
block 56 4
block 57 4
block 58 4
block 0 5
block 1 5
block 56 5
block 57 5
block 58 5
block 0 6
block 1 6
block 5 6
block 6 6
block 7 6
block 8 6
block 9 6
block 56 6
block 57 6
block 58 6
block 0 7
block 1 7
block 5 7
block 6 7
block 7 7
block 8 7
block 9 7
block 56 7
block 57 7
block 58 7
block 0 8
block 1 8
block 5 8
block 6 8
block 7 8
block 8 8
block 9 8
block 56 8
block 57 8
block 58 8
block 5 9
block 6 9
block 7 9
block 8 9
block 9 9
block 18 9
block 19 9
block 20 9
block 21 9
block 18 10
block 19 10
block 20 10
block 21 10
block 52 10
block 53 10
block 54 10
block 55 10
block 56 10
block 57 10
block 58 10
block 22 11
block 23 11
block 24 11
block 25 11
block 26 11
block 52 11
block 53 11
block 54 11
block 55 11
block 56 11
block 57 11
block 58 11
block 22 12
block 23 12
block 24 12
block 25 12
block 26 12
block 38 12
block 39 12
block 40 12
block 41 12
block 42 12
block 43 12
block 38 13
block 39 13
block 40 13
block 41 13
block 42 13
block 43 13
block 15 14
block 16 14
block 17 14
block 18 14
block 19 14
block 20 14
block 38 14
block 39 14
block 40 14
block 41 14
block 42 14
block 43 14
block 15 15
block 16 15
block 17 15
block 18 15
block 19 15
block 20 15
block 38 15
block 39 15
block 40 15
block 41 15
block 42 15
block 43 15
block 15 16
block 16 16
block 17 16
block 18 16
block 19 16
block 20 16
block 15 17
block 16 17
block 17 17
block 18 17
block 19 17
block 20 17
block 0 18
block 1 18
block 2 18
block 57 18
block 58 18
block 0 19
block 1 19
block 2 19
block 57 19
block 58 19
block 0 20
block 1 20
block 2 20
block 39 20
block 40 20
block 41 20
block 57 20
block 58 20
block 0 21
block 1 21
block 2 21
block 34 21
block 35 21
block 36 21
block 37 21
block 38 21
block 39 21
block 40 21
block 41 21
block 57 21
block 58 21
block 34 22
block 35 22
block 36 22
block 37 22
block 38 22
block 39 22
block 40 22
block 41 22
block 34 23
block 35 23
block 36 23
block 37 23
block 38 23
block 39 23
block 40 23
block 41 23
block 34 24
block 35 24
block 36 24
block 37 24
block 38 24
block 39 24
block 40 24
block 41 24
block 34 25
block 35 25
block 36 25
block 37 25
block 38 25
block 39 25
block 40 25
block 41 25
block 34 26
block 35 26
block 36 26
block 37 26
block 38 26
block 39 26
block 40 26
block 41 26
block 28 27
block 29 27
block 30 27
block 31 27
block 32 27
block 33 27
block 28 28
block 29 28
block 30 28
block 31 28
block 32 28
block 33 28
block 28 29
block 29 29
block 30 29
block 31 29
block 32 29
block 33 29
block 49 30
block 50 30
block 51 30
block 52 30
block 53 30
block 54 30
block 55 30
block 16 31
block 17 31
block 18 31
block 19 31
block 20 31
block 21 31
block 49 31
block 50 31
block 51 31
block 52 31
block 53 31
block 54 31
block 55 31
##BotsAndCoinsInfo
bot_name 0 starter-bot
bot 0 27 22
bot_coins 0 0
coin 33 1
coin 25 30
coin 15 1
coin 43 30
coin 9 30
coin 48 1
coin 15 22
coin 43 9
coin 48 2
coin 10 29
round 1
bot 0 26 21
round 2
bot 0 25 20
round 3
bot 0 24 19
round 4
bot 0 23 18
round 5
bot 0 23 17
coin 11 14
coin 47 17
coin 46 12
coin 12 19
coin 2 22
coin 56 9
coin 31 24
coin 27 7
coin 23 31
coin 35 0
round 6
bot 0 23 16
round 7
bot 0 22 15
round 8
round 9
round 10
match_over 0
coin 38 4
coin 20 27
coin 36 14
coin 22 17
coin 48 29
coin 12 2
coin 42 25
coin 16 6
coin 53 5
coin 5 26
round 11
