match
match_id 1639353660628_am
match_time 1639353660643
num_bots 1
##MatchConfig
mode FRIENDLY
num_rounds 200
random_seed 42
move_time_limit 5000
coin_spawn_period 5
coin_spawn_volume 10
##MapConfig
map_size 57 31
view_radius 6
mining_radius 1
attack_radius 3
block 0 0
block 1 0
block 2 0
block 3 0
block 4 0
block 43 0
block 44 0
block 56 0
block 43 1
block 44 1
block 43 2
block 44 2
block 43 3
block 44 3
block 43 4
block 44 4
block 32 6
block 33 6
block 34 6
block 32 7
block 33 7
block 34 7
block 32 8
block 33 8
block 34 8
block 32 9
block 33 9
block 34 9
block 24 10
block 25 10
block 26 10
block 27 10
block 28 10
block 29 10
block 30 10
block 32 10
block 33 10
block 34 10
block 12 11
block 13 11
block 24 11
block 25 11
block 26 11
block 27 11
block 28 11
block 29 11
block 30 11
block 0 12
block 1 12
block 2 12
block 3 12
block 4 12
block 5 12
block 12 12
block 13 12
block 0 13
block 1 13
block 2 13
block 3 13
block 4 13
block 5 13
block 12 13
block 13 13
block 24 13
block 25 13
block 26 13
block 27 13
block 0 14
block 1 14
block 2 14
block 3 14
block 4 14
block 5 14
block 24 14
block 25 14
block 26 14
block 27 14
block 0 15
block 1 15
block 2 15
block 3 15
block 4 15
block 5 15
block 6 15
block 7 15
block 8 15
block 24 15
block 25 15
block 26 15
block 27 15
block 0 16
block 1 16
block 2 16
block 3 16
block 4 16
block 5 16
block 6 16
block 7 16
block 8 16
block 24 16
block 25 16
block 26 16
block 27 16
block 3 17
block 4 17
block 5 17
block 6 17
block 7 17
block 8 17
block 24 17
block 25 17
block 26 17
block 27 17
block 3 18
block 4 18
block 5 18
block 6 18
block 7 18
block 8 18
block 24 18
block 25 18
block 26 18
block 27 18
block 3 19
block 4 19
block 5 19
block 6 19
block 7 19
block 8 19
block 24 19
block 25 19
block 26 19
block 27 19
block 36 19
block 37 19
block 38 19
block 36 20
block 37 20
block 38 20
block 46 20
block 47 20
block 48 20
block 36 21
block 37 21
block 38 21
block 46 21
block 47 21
block 48 21
block 42 22
block 43 22
block 46 22
block 47 22
block 48 22
block 42 23
block 43 23
block 42 24
block 43 24
block 0 25
block 1 25
block 2 25
block 3 25
block 4 25
block 42 25
block 43 25
block 56 25
block 0 26
block 1 26
block 2 26
block 3 26
block 4 26
block 42 26
block 43 26
block 56 26
block 0 27
block 1 27
block 2 27
block 3 27
block 4 27
block 56 27
block 0 28
block 1 28
block 2 28
block 3 28
block 4 28
block 56 28
block 0 29
block 1 29
block 2 29
block 3 29
block 4 29
block 56 29
block 0 30
block 1 30
block 2 30
block 3 30
block 4 30
block 56 30
##BotsAndCoinsInfo
bot_name 0 starter-bot
bot 0 35 2
bot_coins 0 0
coin 26 9
coin 30 21
coin 12 23
coin 44 7
coin 6 28
coin 50 2
coin 45 1
coin 11 29
coin 13 3
coin 43 27
round 1
round 2
round 3
match_over 0
round 4
