match
match_id 1639225767407_aa
match_time 1639225767462
num_bots 1
##MatchConfig
mode FRIENDLY
num_rounds 200
random_seed 42
move_time_limit 5000
coin_spawn_period 5
coin_spawn_volume 10
##MapConfig
map_size 57 34
view_radius 6
mining_radius 1
attack_radius 3
block 10 0
block 11 0
block 12 0
block 10 1
block 11 1
block 12 1
block 20 1
block 21 1
block 10 2
block 11 2
block 12 2
block 17 2
block 18 2
block 19 2
block 20 2
block 21 2
block 22 2
block 10 3
block 11 3
block 12 3
block 16 3
block 17 3
block 18 3
block 19 3
block 20 3
block 21 3
block 22 3
block 16 4
block 17 4
block 18 4
block 19 4
block 20 4
block 21 4
block 13 5
block 14 5
block 15 5
block 16 5
block 17 5
block 18 5
block 19 5
block 20 5
block 21 5
block 13 6
block 14 6
block 15 6
block 16 6
block 17 6
block 18 6
block 19 6
block 20 6
block 13 7
block 14 7
block 15 7
block 16 7
block 17 7
block 18 7
block 19 7
block 20 7
block 27 7
block 28 7
block 29 7
block 13 8
block 14 8
block 15 8
block 16 8
block 17 8
block 18 8
block 19 8
block 20 8
block 27 8
block 28 8
block 29 8
block 16 9
block 17 9
block 18 9
block 19 9
block 20 9
block 51 12
block 52 12
block 53 12
block 54 12
block 55 12
block 51 13
block 52 13
block 53 13
block 54 13
block 55 13
block 2 15
block 3 15
block 4 15
block 5 15
block 6 15
block 7 15
block 8 15
block 2 16
block 3 16
block 4 16
block 5 16
block 6 16
block 7 16
block 8 16
block 37 16
block 38 16
block 39 16
block 40 16
block 37 17
block 38 17
block 39 17
block 40 17
block 7 18
block 8 18
block 9 18
block 10 18
block 11 18
block 36 18
block 37 18
block 38 18
block 39 18
block 7 19
block 8 19
block 9 19
block 10 19
block 11 19
block 12 19
block 36 19
block 37 19
block 38 19
block 39 19
block 7 20
block 8 20
block 9 20
block 10 20
block 11 20
block 12 20
block 36 20
block 37 20
block 38 20
block 39 20
block 7 21
block 8 21
block 9 21
block 10 21
block 11 21
block 12 21
block 36 21
block 37 21
block 38 21
block 39 21
block 7 22
block 8 22
block 9 22
block 10 22
block 11 22
block 12 22
block 7 23
block 8 23
block 9 23
block 10 23
block 11 23
block 12 23
block 7 24
block 8 24
block 9 24
block 10 24
block 11 24
block 12 24
block 10 25
block 11 25
block 12 25
block 0 26
block 1 26
block 2 26
block 10 26
block 11 26
block 12 26
block 53 26
block 54 26
block 55 26
block 56 26
block 0 27
block 1 27
block 2 27
block 3 27
block 4 27
block 5 27
block 6 27
block 7 27
block 29 27
block 30 27
block 53 27
block 54 27
block 55 27
block 56 27
block 0 28
block 1 28
block 2 28
block 3 28
block 4 28
block 5 28
block 6 28
block 7 28
block 29 28
block 30 28
block 53 28
block 54 28
block 55 28
block 56 28
block 0 29
block 1 29
block 2 29
block 3 29
block 4 29
block 5 29
block 6 29
block 7 29
block 29 29
block 30 29
block 53 29
block 54 29
block 55 29
block 56 29
block 0 30
block 1 30
block 2 30
block 3 30
block 4 30
block 5 30
block 6 30
block 7 30
block 53 30
block 54 30
block 55 30
block 56 30
block 0 31
block 1 31
block 2 31
block 3 31
block 4 31
block 5 31
block 6 31
block 7 31
block 53 31
block 54 31
block 55 31
block 56 31
block 1 32
block 2 32
block 3 32
block 4 32
block 5 32
block 6 32
block 7 32
##BotsAndCoinsInfo
bot_name 0 starter-bot
bot 0 13 27
bot_coins 0 0
coin 26 11
coin 30 22
coin 12 12
coin 44 21
coin 6 9
coin 50 24
coin 44 12
coin 13 21
coin 12 7
coin 44 26
round 1
bot 0 12 27
round 2
bot 0 11 27
round 3
bot 0 10 27
round 4
bot 0 9 27
round 5
bot 0 8 27
coin 23 12
coin 33 21
coin 12 14
coin 44 19
coin 26 14
coin 30 19
coin 30 8
coin 26 25
coin 49 15
coin 7 17
round 6
round 7
bot 0 8 26
round 8
bot 0 8 25
round 9
round 10
coin 2 11
coin 54 22
coin 35 33
coin 21 0
coin 47 1
coin 9 32
coin 25 20
coin 31 13
coin 10 32
coin 46 1
round 11
round 12
round 13
bot 0 7 26
round 14
round 15
coin 19 14
coin 35 19
coin 5 25
coin 51 8
coin 44 27
coin 12 6
coin 3 9
coin 53 24
coin 1 2
coin 55 32
round 16
round 17
round 18
round 19
round 20
match_over 0
coin 8 31
coin 48 2
coin 56 32
coin 0 1
coin 50 10
coin 6 23
coin 25 19
coin 31 14
coin 55 9
coin 1 24
round 21
