match
match_id 1639153038804_bn
match_time 1639153038806
num_bots 1
##MatchConfig
mode FRIENDLY
num_rounds 200
random_seed 42
move_time_limit 1000
coin_spawn_period 5
coin_spawn_volume 2
##MapConfig
map_size 49 35
view_radius 6
mining_radius 2
attack_radius 4
block 18 0
block 19 0
block 20 0
block 21 0
block 31 0
block 32 0
block 33 0
block 35 0
block 36 0
block 37 0
block 38 0
block 39 0
block 42 0
block 43 0
block 44 0
block 45 0
block 46 0
block 18 1
block 19 1
block 20 1
block 21 1
block 31 1
block 32 1
block 33 1
block 35 1
block 36 1
block 37 1
block 38 1
block 39 1
block 18 2
block 19 2
block 20 2
block 21 2
block 30 2
block 31 2
block 32 2
block 33 2
block 34 2
block 40 2
block 41 2
block 42 2
block 43 2
block 18 3
block 19 3
block 20 3
block 21 3
block 30 3
block 31 3
block 32 3
block 33 3
block 34 3
block 40 3
block 41 3
block 42 3
block 43 3
block 18 4
block 19 4
block 20 4
block 21 4
block 30 4
block 31 4
block 32 4
block 33 4
block 34 4
block 40 4
block 41 4
block 42 4
block 43 4
block 30 5
block 31 5
block 32 5
block 33 5
block 34 5
block 40 5
block 41 5
block 42 5
block 43 5
block 40 6
block 41 6
block 42 6
block 43 6
block 37 7
block 38 7
block 39 7
block 40 7
block 41 7
block 42 7
block 43 7
block 37 8
block 38 8
block 39 8
block 40 8
block 41 8
block 42 8
block 43 8
block 35 9
block 36 9
block 37 9
block 38 9
block 39 9
block 42 9
block 43 9
block 35 10
block 36 10
block 37 10
block 38 10
block 39 10
block 35 11
block 36 11
block 37 11
block 38 11
block 39 11
block 16 12
block 17 12
block 18 12
block 19 12
block 20 12
block 21 12
block 22 12
block 35 12
block 36 12
block 37 12
block 38 12
block 16 13
block 17 13
block 18 13
block 19 13
block 20 13
block 21 13
block 22 13
block 33 13
block 34 13
block 35 13
block 36 13
block 16 14
block 17 14
block 18 14
block 19 14
block 20 14
block 21 14
block 22 14
block 33 14
block 34 14
block 35 14
block 36 14
block 16 15
block 17 15
block 18 15
block 19 15
block 20 15
block 21 15
block 22 15
block 33 15
block 34 15
block 35 15
block 36 15
block 16 16
block 17 16
block 18 16
block 19 16
block 20 16
block 21 16
block 22 16
block 33 16
block 34 16
block 35 16
block 36 16
block 16 17
block 17 17
block 18 17
block 19 17
block 20 17
block 21 17
block 22 17
block 5 23
block 6 23
block 7 23
block 8 23
block 0 24
block 1 24
block 2 24
block 5 24
block 6 24
block 7 24
block 8 24
block 48 24
block 0 25
block 1 25
block 2 25
block 3 25
block 4 25
block 5 25
block 6 25
block 7 25
block 8 25
block 16 25
block 17 25
block 48 25
block 0 26
block 1 26
block 2 26
block 3 26
block 4 26
block 5 26
block 6 26
block 7 26
block 8 26
block 16 26
block 17 26
block 30 26
block 31 26
block 48 26
block 0 27
block 1 27
block 2 27
block 3 27
block 4 27
block 5 27
block 6 27
block 7 27
block 8 27
block 16 27
block 17 27
block 28 27
block 29 27
block 30 27
block 31 27
block 46 27
block 47 27
block 48 27
block 0 28
block 1 28
block 2 28
block 3 28
block 4 28
block 5 28
block 6 28
block 7 28
block 8 28
block 16 28
block 17 28
block 20 28
block 21 28
block 22 28
block 23 28
block 28 28
block 29 28
block 30 28
block 31 28
block 46 28
block 47 28
block 48 28
block 0 29
block 1 29
block 2 29
block 3 29
block 4 29
block 5 29
block 6 29
block 7 29
block 16 29
block 17 29
block 20 29
block 21 29
block 22 29
block 23 29
block 30 29
block 31 29
block 46 29
block 47 29
block 48 29
block 0 30
block 1 30
block 2 30
block 3 30
block 4 30
block 5 30
block 6 30
block 7 30
block 16 30
block 17 30
block 30 30
block 31 30
block 42 30
block 43 30
block 44 30
block 45 30
block 46 30
block 47 30
block 48 30
block 0 31
block 1 31
block 2 31
block 3 31
block 42 31
block 43 31
block 44 31
block 45 31
block 46 31
block 47 31
block 48 31
block 0 32
block 1 32
block 2 32
block 3 32
block 31 32
block 32 32
block 33 32
block 42 32
block 43 32
block 44 32
block 45 32
block 46 32
block 47 32
block 48 32
block 31 33
block 32 33
block 33 33
block 42 33
block 43 33
block 44 33
block 45 33
block 46 33
block 31 34
block 32 34
block 33 34
block 42 34
block 43 34
block 44 34
block 45 34
block 46 34
##BotsAndCoinsInfo
bot_name 0 starter-bot
bot 0 46 21
bot_coins 0 0
coin 29 33
coin 19 34
round 1
round 2
round 3
round 4
round 5
coin 34 24
coin 14 10
round 6
round 7
round 8
round 9
match_over 0
round 10
