match
match_id 1639167464648_aa
match_time 1639167464684
num_bots 1
##MatchConfig
mode FRIENDLY
num_rounds 200
random_seed 42
move_time_limit 5000
coin_spawn_period 5
coin_spawn_volume 10
##MapConfig
map_size 66 37
view_radius 5
mining_radius 1
attack_radius 4
block 15 0
block 16 0
block 17 0
block 46 0
block 47 0
block 48 0
block 49 0
block 50 0
block 51 0
block 52 0
block 53 0
block 59 0
block 60 0
block 61 0
block 62 0
block 63 0
block 64 0
block 65 0
block 15 1
block 16 1
block 17 1
block 46 1
block 47 1
block 48 1
block 49 1
block 50 1
block 51 1
block 52 1
block 53 1
block 15 2
block 16 2
block 17 2
block 46 2
block 47 2
block 48 2
block 49 2
block 50 2
block 51 2
block 52 2
block 53 2
block 15 3
block 16 3
block 17 3
block 18 3
block 19 3
block 20 3
block 46 3
block 47 3
block 48 3
block 49 3
block 50 3
block 51 3
block 52 3
block 5 4
block 6 4
block 7 4
block 8 4
block 9 4
block 10 4
block 15 4
block 16 4
block 17 4
block 18 4
block 19 4
block 20 4
block 5 5
block 6 5
block 7 5
block 8 5
block 9 5
block 10 5
block 15 5
block 16 5
block 17 5
block 18 5
block 19 5
block 20 5
block 0 6
block 1 6
block 5 6
block 6 6
block 7 6
block 8 6
block 9 6
block 10 6
block 15 6
block 16 6
block 17 6
block 18 6
block 19 6
block 20 6
block 63 6
block 64 6
block 65 6
block 0 7
block 1 7
block 5 7
block 6 7
block 7 7
block 8 7
block 9 7
block 10 7
block 15 7
block 16 7
block 17 7
block 18 7
block 19 7
block 20 7
block 25 7
block 26 7
block 63 7
block 64 7
block 65 7
block 0 8
block 1 8
block 25 8
block 26 8
block 63 8
block 64 8
block 65 8
block 9 9
block 10 9
block 25 9
block 26 9
block 9 10
block 10 10
block 25 10
block 26 10
block 0 11
block 9 11
block 10 11
block 65 11
block 0 12
block 9 12
block 10 12
block 37 12
block 38 12
block 39 12
block 40 12
block 41 12
block 42 12
block 57 12
block 58 12
block 65 12
block 0 13
block 37 13
block 38 13
block 39 13
block 40 13
block 41 13
block 42 13
block 57 13
block 58 13
block 65 13
block 0 14
block 37 14
block 38 14
block 39 14
block 40 14
block 41 14
block 42 14
block 57 14
block 58 14
block 65 14
block 37 15
block 38 15
block 39 15
block 40 15
block 41 15
block 42 15
block 57 15
block 58 15
block 37 16
block 38 16
block 39 16
block 40 16
block 41 16
block 42 16
block 51 19
block 52 19
block 53 19
block 54 19
block 55 19
block 56 19
block 57 19
block 47 20
block 48 20
block 49 20
block 50 20
block 51 20
block 52 20
block 53 20
block 54 20
block 55 20
block 56 20
block 57 20
block 47 21
block 48 21
block 49 21
block 50 21
block 51 21
block 52 21
block 47 22
block 48 22
block 49 22
block 50 22
block 51 22
block 52 22
block 36 23
block 37 23
block 38 23
block 39 23
block 40 23
block 41 23
block 42 23
block 47 23
block 48 23
block 49 23
block 50 23
block 51 23
block 52 23
block 36 24
block 37 24
block 38 24
block 39 24
block 40 24
block 41 24
block 42 24
block 47 24
block 48 24
block 49 24
block 50 24
block 51 24
block 52 24
block 36 25
block 37 25
block 38 25
block 39 25
block 40 25
block 41 25
block 42 25
block 21 28
block 22 28
block 23 28
block 24 28
block 25 28
block 21 29
block 22 29
block 23 29
block 24 29
block 25 29
block 21 30
block 22 30
block 23 30
block 24 30
block 25 30
block 36 32
block 37 32
block 38 32
block 39 32
block 40 32
block 41 32
block 36 33
block 37 33
block 38 33
block 39 33
block 40 33
block 41 33
block 47 33
block 48 33
block 49 33
block 50 33
block 51 33
block 52 33
block 53 33
block 36 34
block 37 34
block 38 34
block 39 34
block 40 34
block 41 34
block 47 34
block 48 34
block 49 34
block 50 34
block 51 34
block 52 34
block 53 34
block 59 34
block 60 34
block 61 34
block 62 34
block 63 34
block 64 34
block 65 34
block 36 35
block 37 35
block 38 35
block 39 35
block 40 35
block 41 35
block 46 35
block 47 35
block 48 35
block 49 35
block 50 35
block 51 35
block 52 35
block 53 35
block 59 35
block 60 35
block 61 35
block 62 35
block 63 35
block 64 35
block 65 35
block 46 36
block 47 36
block 48 36
block 49 36
block 50 36
block 51 36
block 52 36
block 53 36
block 59 36
block 60 36
block 61 36
block 62 36
block 63 36
block 64 36
block 65 36
##BotsAndCoinsInfo
bot_name 0 starter-bot
bot 0 12 25
bot_coins 0 0
coin 62 14
coin 3 22
coin 30 10
coin 35 26
coin 36 8
coin 29 28
coin 23 14
coin 42 22
coin 43 0
coin 22 36
round 1
bot 0 11 25
round 2
bot 0 10 25
round 3
bot 0 9 25
round 4
bot 0 8 25
round 5
bot 0 7 25
coin 44 21
coin 21 15
coin 24 18
coin 41 18
coin 2 9
coin 63 27
coin 48 14
coin 17 22
coin 55 1
coin 10 35
round 6
bot 0 6 25
round 7
bot 0 5 25
round 8
bot 0 4 25
round 9
bot 0 3 24
round 10
bot 0 2 23
coin 32 36
coin 33 0
coin 14 25
coin 51 11
coin 23 16
coin 42 20
coin 10 0
coin 55 36
coin 36 16
coin 29 20
round 11
bot 0 1 22
round 12
bot 0 0 21
round 13
bot 0 65 20
round 14
bot 0 64 19
round 15
bot 0 63 18
coin 22 31
coin 43 5
coin 56 26
coin 8 10
coin 65 23
coin 1 13
coin 54 31
coin 11 5
coin 43 16
coin 22 20
round 16
bot 0 62 17
round 17
bot 0 61 16
round 18
bot 0 60 16
round 19
bot 0 59 16
round 20
bot 0 58 16
coin 35 24
coin 30 12
coin 23 26
coin 42 10
coin 65 22
coin 1 14
coin 1 2
coin 64 33
coin 7 20
coin 58 17
round 21
bot 0 57 16
round 22
bot 0 56 16
round 23
bot 0 55 16
round 24
round 25
coin 37 22
coin 28 14
coin 8 26
coin 57 10
coin 2 36
coin 63 1
coin 55 29
coin 10 8
coin 27 34
coin 38 2
round 26
match_over 0
round 27
