match
match_id 1639151699811_am
match_time 1639151699813
num_bots 1
##MatchConfig
mode FRIENDLY
num_rounds 200
random_seed 42
move_time_limit 1000
coin_spawn_period 5
coin_spawn_volume 2
##MapConfig
map_size 49 30
view_radius 6
mining_radius 2
attack_radius 4
block 0 0
block 1 0
block 2 0
block 3 0
block 4 0
block 5 0
block 34 0
block 35 0
block 0 1
block 1 1
block 2 1
block 3 1
block 4 1
block 5 1
block 34 1
block 35 1
block 0 2
block 1 2
block 2 2
block 3 2
block 4 2
block 5 2
block 34 2
block 35 2
block 0 3
block 1 3
block 2 3
block 3 3
block 4 3
block 5 3
block 6 3
block 42 3
block 43 3
block 44 3
block 45 3
block 46 3
block 47 3
block 0 4
block 1 4
block 2 4
block 3 4
block 4 4
block 5 4
block 6 4
block 7 4
block 8 4
block 9 4
block 10 4
block 36 4
block 37 4
block 38 4
block 39 4
block 40 4
block 41 4
block 42 4
block 43 4
block 44 4
block 45 4
block 46 4
block 47 4
block 0 5
block 1 5
block 2 5
block 3 5
block 4 5
block 5 5
block 6 5
block 7 5
block 8 5
block 9 5
block 10 5
block 36 5
block 37 5
block 38 5
block 39 5
block 40 5
block 41 5
block 42 5
block 43 5
block 44 5
block 45 5
block 46 5
block 47 5
block 0 6
block 1 6
block 2 6
block 3 6
block 4 6
block 5 6
block 6 6
block 7 6
block 8 6
block 9 6
block 10 6
block 36 6
block 37 6
block 38 6
block 39 6
block 40 6
block 41 6
block 42 6
block 43 6
block 44 6
block 45 6
block 46 6
block 47 6
block 0 7
block 1 7
block 2 7
block 3 7
block 4 7
block 5 7
block 6 7
block 7 7
block 8 7
block 9 7
block 10 7
block 11 7
block 12 7
block 22 7
block 23 7
block 24 7
block 25 7
block 26 7
block 27 7
block 28 7
block 36 7
block 37 7
block 38 7
block 39 7
block 40 7
block 41 7
block 42 7
block 5 8
block 6 8
block 7 8
block 8 8
block 9 8
block 10 8
block 11 8
block 12 8
block 22 8
block 23 8
block 24 8
block 25 8
block 26 8
block 27 8
block 28 8
block 5 9
block 6 9
block 7 9
block 8 9
block 9 9
block 10 9
block 11 9
block 12 9
block 22 9
block 23 9
block 24 9
block 25 9
block 26 9
block 27 9
block 28 9
block 35 9
block 36 9
block 37 9
block 38 9
block 39 9
block 41 9
block 42 9
block 43 9
block 44 9
block 45 9
block 5 10
block 6 10
block 7 10
block 8 10
block 9 10
block 10 10
block 11 10
block 12 10
block 22 10
block 23 10
block 24 10
block 25 10
block 26 10
block 27 10
block 28 10
block 30 10
block 31 10
block 32 10
block 35 10
block 36 10
block 37 10
block 38 10
block 39 10
block 41 10
block 42 10
block 43 10
block 44 10
block 45 10
block 9 11
block 10 11
block 11 11
block 12 11
block 22 11
block 23 11
block 24 11
block 25 11
block 26 11
block 27 11
block 28 11
block 30 11
block 31 11
block 32 11
block 35 11
block 36 11
block 37 11
block 38 11
block 39 11
block 41 11
block 42 11
block 43 11
block 44 11
block 45 11
block 22 12
block 23 12
block 24 12
block 25 12
block 26 12
block 27 12
block 35 12
block 36 12
block 37 12
block 41 12
block 42 12
block 43 12
block 44 12
block 45 12
block 22 13
block 23 13
block 24 13
block 25 13
block 26 13
block 27 13
block 30 13
block 31 13
block 32 13
block 33 13
block 34 13
block 35 13
block 36 13
block 37 13
block 41 13
block 42 13
block 43 13
block 44 13
block 45 13
block 26 14
block 27 14
block 30 14
block 31 14
block 32 14
block 33 14
block 34 14
block 35 14
block 36 14
block 37 14
block 38 14
block 39 14
block 40 14
block 41 14
block 42 14
block 43 14
block 44 14
block 45 14
block 0 15
block 1 15
block 2 15
block 3 15
block 26 15
block 27 15
block 30 15
block 31 15
block 32 15
block 33 15
block 34 15
block 35 15
block 36 15
block 37 15
block 38 15
block 39 15
block 40 15
block 41 15
block 42 15
block 43 15
block 44 15
block 45 15
block 46 15
block 47 15
block 48 15
block 0 16
block 1 16
block 2 16
block 3 16
block 35 16
block 36 16
block 37 16
block 38 16
block 39 16
block 40 16
block 46 16
block 47 16
block 48 16
block 0 17
block 1 17
block 2 17
block 3 17
block 35 17
block 36 17
block 37 17
block 38 17
block 39 17
block 40 17
block 46 17
block 47 17
block 48 17
block 0 18
block 1 18
block 2 18
block 3 18
block 36 18
block 37 18
block 38 18
block 39 18
block 40 18
block 46 18
block 47 18
block 48 18
block 0 19
block 1 19
block 2 19
block 3 19
block 36 19
block 37 19
block 38 19
block 39 19
block 40 19
block 46 19
block 47 19
block 48 19
block 0 20
block 12 20
block 13 20
block 14 20
block 15 20
block 31 20
block 32 20
block 47 20
block 48 20
block 4 21
block 5 21
block 6 21
block 7 21
block 8 21
block 9 21
block 10 21
block 12 21
block 13 21
block 14 21
block 15 21
block 31 21
block 32 21
block 4 22
block 5 22
block 6 22
block 7 22
block 8 22
block 9 22
block 10 22
block 12 22
block 13 22
block 14 22
block 15 22
block 31 22
block 32 22
block 4 23
block 5 23
block 6 23
block 7 23
block 8 23
block 9 23
block 10 23
block 12 23
block 13 23
block 14 23
block 15 23
block 31 23
block 32 23
block 4 24
block 5 24
block 6 24
block 7 24
block 8 24
block 9 24
block 10 24
block 12 24
block 13 24
block 14 24
block 15 24
block 16 24
block 31 24
block 32 24
block 2 25
block 3 25
block 4 25
block 5 25
block 6 25
block 7 25
block 8 25
block 9 25
block 10 25
block 13 25
block 14 25
block 15 25
block 16 25
block 31 25
block 32 25
block 2 26
block 3 26
block 4 26
block 5 26
block 6 26
block 7 26
block 8 26
block 9 26
block 10 26
block 20 26
block 21 26
block 22 26
block 23 26
block 24 26
block 25 26
block 26 26
block 0 27
block 1 27
block 2 27
block 3 27
block 4 27
block 5 27
block 6 27
block 7 27
block 8 27
block 20 27
block 21 27
block 22 27
block 23 27
block 24 27
block 25 27
block 26 27
block 34 27
block 35 27
block 0 28
block 1 28
block 2 28
block 3 28
block 4 28
block 5 28
block 6 28
block 7 28
block 8 28
block 34 28
block 35 28
block 0 29
block 1 29
block 2 29
block 3 29
block 4 29
block 5 29
block 34 29
block 35 29
##BotsAndCoinsInfo
bot_name 0 starter-bot
bot 0 29 27
bot_coins 0 0
coin 29 3
coin 19 26
round 1
round 2
round 3
round 4
round 5
coin 34 16
coin 14 13
round 6
round 7
round 8
round 9
round 10
coin 19 25
coin 29 4
round 11
round 12
round 13
round 14
round 15
coin 1 8
coin 47 21
round 16
round 17
round 18
round 19
round 20
coin 48 23
coin 48 6
round 21
round 22
round 23
round 24
round 25
coin 6 2
coin 42 27
round 26
round 27
round 28
round 29
round 30
coin 28 12
coin 20 17
round 31
round 32
round 33
round 34
round 35
coin 15 2
coin 33 27
round 36
round 37
round 38
round 39
round 40
coin 28 0
coin 20 29
round 41
match_over 0
round 42
