match
match_id 1639151259552_af
match_time 1639151259555
num_bots 1
##MatchConfig
mode FRIENDLY
num_rounds 200
random_seed 42
move_time_limit 1000
coin_spawn_period 5
coin_spawn_volume 2
##MapConfig
map_size 59 21
view_radius 6
mining_radius 1
attack_radius 4
block 0 1
block 1 1
block 2 1
block 3 1
block 4 1
block 5 1
block 6 1
block 0 2
block 1 2
block 2 2
block 3 2
block 4 2
block 5 2
block 6 2
block 0 3
block 1 3
block 2 3
block 3 3
block 4 3
block 5 3
block 6 3
block 7 4
block 8 4
block 9 4
block 10 4
block 11 4
block 7 5
block 8 5
block 9 5
block 10 5
block 11 5
block 7 6
block 8 6
block 9 6
block 10 6
block 11 6
block 7 7
block 8 7
block 9 7
block 10 7
block 11 7
block 7 8
block 8 8
block 9 8
block 10 8
block 11 8
block 37 8
block 38 8
block 39 8
block 40 8
block 41 8
block 42 8
block 7 9
block 8 9
block 9 9
block 10 9
block 11 9
block 37 9
block 38 9
block 39 9
block 40 9
block 41 9
block 42 9
block 7 10
block 8 10
block 9 10
block 10 10
block 11 10
block 14 11
block 15 11
block 16 11
block 14 12
block 15 12
block 16 12
block 14 13
block 15 13
block 16 13
block 52 13
block 53 13
block 54 13
block 52 14
block 53 14
block 54 14
block 52 15
block 53 15
block 54 15
block 52 16
block 53 16
block 54 16
block 52 17
block 53 17
block 54 17
block 47 18
block 48 18
block 49 18
block 50 18
block 51 18
block 52 18
block 53 18
block 54 18
block 47 19
block 48 19
block 49 19
block 50 19
block 51 19
block 52 19
block 53 19
block 47 20
block 48 20
block 49 20
block 50 20
block 51 20
block 52 20
block 53 20
##BotsAndCoinsInfo
bot_name 0 starter-bot
bot 0 32 12
bot_coins 0 0
coin 33 12
coin 25 8
round 1
coin_collected 33 12 0
bot_coins 0 1
round 2
round 3
round 4
round 5
coin 15 17
coin 43 3
round 6
round 7
round 8
round 9
round 10
coin 9 3
coin 49 17
round 11
round 12
round 13
round 14
round 15
coin 15 18
coin 43 2
round 16
round 17
round 18
match_over 0
round 19
