match
match_id 1639342879412_ah
match_time 1639342879415
num_bots 1
##MatchConfig
mode FRIENDLY
num_rounds 200
random_seed 42
move_time_limit 5000
coin_spawn_period 5
coin_spawn_volume 10
##MapConfig
map_size 65 31
view_radius 5
mining_radius 2
attack_radius 3
block 7 0
block 8 0
block 9 0
block 10 0
block 11 0
block 12 0
block 13 0
block 14 0
block 17 0
block 18 0
block 19 0
block 20 0
block 31 0
block 32 0
block 33 0
block 34 0
block 35 0
block 36 0
block 37 0
block 38 0
block 39 0
block 40 0
block 41 0
block 7 1
block 8 1
block 9 1
block 10 1
block 11 1
block 12 1
block 13 1
block 14 1
block 17 1
block 18 1
block 19 1
block 20 1
block 35 1
block 36 1
block 37 1
block 38 1
block 39 1
block 40 1
block 41 1
block 6 2
block 7 2
block 8 2
block 9 2
block 10 2
block 11 2
block 12 2
block 13 2
block 14 2
block 17 2
block 18 2
block 19 2
block 20 2
block 35 2
block 36 2
block 37 2
block 38 2
block 39 2
block 40 2
block 41 2
block 49 2
block 50 2
block 51 2
block 6 3
block 7 3
block 8 3
block 9 3
block 10 3
block 17 3
block 18 3
block 19 3
block 20 3
block 24 3
block 25 3
block 26 3
block 27 3
block 35 3
block 36 3
block 37 3
block 38 3
block 39 3
block 40 3
block 41 3
block 45 3
block 46 3
block 47 3
block 48 3
block 49 3
block 50 3
block 51 3
block 6 4
block 7 4
block 8 4
block 9 4
block 10 4
block 17 4
block 18 4
block 19 4
block 20 4
block 24 4
block 25 4
block 26 4
block 27 4
block 35 4
block 36 4
block 37 4
block 38 4
block 39 4
block 40 4
block 41 4
block 45 4
block 46 4
block 47 4
block 48 4
block 49 4
block 50 4
block 51 4
block 6 5
block 7 5
block 8 5
block 9 5
block 10 5
block 17 5
block 18 5
block 19 5
block 20 5
block 24 5
block 25 5
block 26 5
block 27 5
block 45 5
block 46 5
block 47 5
block 48 5
block 49 5
block 50 5
block 51 5
block 7 6
block 8 6
block 17 6
block 18 6
block 19 6
block 20 6
block 24 6
block 25 6
block 26 6
block 27 6
block 45 6
block 46 6
block 47 6
block 48 6
block 49 6
block 50 6
block 51 6
block 7 7
block 8 7
block 45 7
block 46 7
block 47 7
block 48 7
block 49 7
block 5 8
block 6 8
block 7 8
block 8 8
block 9 8
block 10 8
block 11 8
block 45 8
block 46 8
block 47 8
block 48 8
block 49 8
block 5 9
block 6 9
block 7 9
block 8 9
block 9 9
block 10 9
block 11 9
block 21 9
block 22 9
block 23 9
block 24 9
block 25 9
block 26 9
block 27 9
block 45 9
block 46 9
block 47 9
block 48 9
block 49 9
block 21 10
block 22 10
block 23 10
block 24 10
block 25 10
block 26 10
block 27 10
block 47 10
block 48 10
block 21 11
block 22 11
block 23 11
block 24 11
block 25 11
block 26 11
block 27 11
block 47 11
block 48 11
block 21 12
block 22 12
block 23 12
block 24 12
block 25 12
block 26 12
block 27 12
block 46 12
block 47 12
block 48 12
block 49 12
block 50 12
block 51 12
block 52 12
block 46 13
block 47 13
block 48 13
block 49 13
block 50 13
block 51 13
block 52 13
block 25 14
block 26 14
block 47 14
block 48 14
block 25 15
block 26 15
block 60 15
block 61 15
block 62 15
block 21 16
block 22 16
block 23 16
block 24 16
block 25 16
block 26 16
block 27 16
block 53 16
block 54 16
block 55 16
block 60 16
block 61 16
block 62 16
block 3 17
block 4 17
block 5 17
block 6 17
block 18 17
block 19 17
block 20 17
block 21 17
block 22 17
block 23 17
block 24 17
block 25 17
block 26 17
block 27 17
block 53 17
block 54 17
block 55 17
block 60 17
block 61 17
block 62 17
block 3 18
block 4 18
block 5 18
block 6 18
block 18 18
block 19 18
block 20 18
block 21 18
block 22 18
block 23 18
block 24 18
block 25 18
block 26 18
block 27 18
block 28 18
block 29 18
block 53 18
block 54 18
block 55 18
block 60 18
block 61 18
block 62 18
block 3 19
block 4 19
block 5 19
block 6 19
block 18 19
block 19 19
block 20 19
block 21 19
block 22 19
block 23 19
block 24 19
block 25 19
block 26 19
block 27 19
block 28 19
block 29 19
block 53 19
block 54 19
block 55 19
block 60 19
block 61 19
block 62 19
block 3 20
block 4 20
block 5 20
block 6 20
block 18 20
block 19 20
block 20 20
block 21 20
block 22 20
block 23 20
block 24 20
block 25 20
block 26 20
block 27 20
block 28 20
block 29 20
block 30 20
block 60 20
block 61 20
block 62 20
block 3 21
block 4 21
block 5 21
block 6 21
block 13 21
block 14 21
block 15 21
block 16 21
block 17 21
block 18 21
block 19 21
block 20 21
block 21 21
block 22 21
block 23 21
block 24 21
block 26 21
block 27 21
block 28 21
block 29 21
block 30 21
block 60 21
block 61 21
block 62 21
block 13 22
block 14 22
block 15 22
block 16 22
block 17 22
block 22 22
block 23 22
block 24 22
block 25 22
block 26 22
block 27 22
block 28 22
block 29 22
block 30 22
block 31 22
block 13 23
block 14 23
block 15 23
block 16 23
block 17 23
block 22 23
block 23 23
block 24 23
block 25 23
block 26 23
block 27 23
block 28 23
block 29 23
block 30 23
block 31 23
block 44 23
block 45 23
block 13 24
block 14 24
block 15 24
block 16 24
block 17 24
block 22 24
block 23 24
block 24 24
block 25 24
block 26 24
block 27 24
block 28 24
block 29 24
block 30 24
block 31 24
block 44 24
block 45 24
block 22 25
block 23 25
block 24 25
block 25 25
block 26 25
block 27 25
block 28 25
block 29 25
block 30 25
block 31 25
block 44 25
block 45 25
block 25 26
block 26 26
block 27 26
block 28 26
block 29 26
block 30 26
block 31 26
block 32 26
block 33 26
block 34 26
block 35 26
block 36 26
block 44 26
block 45 26
block 25 27
block 26 27
block 27 27
block 28 27
block 29 27
block 30 27
block 31 27
block 32 27
block 33 27
block 34 27
block 35 27
block 36 27
block 44 27
block 45 27
block 25 28
block 26 28
block 27 28
block 28 28
block 29 28
block 30 28
block 31 28
block 32 28
block 33 28
block 34 28
block 35 28
block 36 28
block 47 28
block 48 28
block 49 28
block 50 28
block 51 28
block 8 29
block 9 29
block 10 29
block 11 29
block 12 29
block 13 29
block 14 29
block 31 29
block 32 29
block 33 29
block 34 29
block 35 29
block 36 29
block 47 29
block 48 29
block 49 29
block 50 29
block 51 29
block 7 30
block 8 30
block 9 30
block 10 30
block 11 30
block 12 30
block 13 30
block 14 30
block 31 30
block 32 30
block 33 30
block 34 30
block 35 30
block 36 30
block 37 30
block 38 30
block 39 30
block 40 30
block 41 30
block 47 30
block 48 30
block 49 30
block 50 30
block 51 30
##BotsAndCoinsInfo
bot_name 0 starter-bot
bot 0 10 22
bot_coins 0 0
coin 0 10
coin 64 20
coin 48 23
coin 16 7
coin 0 28
coin 64 2
coin 0 1
coin 64 29
coin 29 3
coin 35 25
round 1
round 2
round 3
match_over 0
round 4
