match
match_id 1639151524293_ai
match_time 1639151524303
num_bots 1
##MatchConfig
mode FRIENDLY
num_rounds 200
random_seed 42
move_time_limit 1000
coin_spawn_period 5
coin_spawn_volume 2
##MapConfig
map_size 77 37
view_radius 6
mining_radius 2
attack_radius 3
block 12 0
block 13 0
block 14 0
block 25 0
block 26 0
block 42 0
block 43 0
block 71 1
block 72 1
block 73 1
block 71 2
block 72 2
block 73 2
block 71 3
block 72 3
block 73 3
block 71 4
block 72 4
block 73 4
block 71 5
block 72 5
block 73 5
block 71 6
block 72 6
block 73 6
block 26 7
block 27 7
block 28 7
block 29 7
block 30 7
block 31 7
block 32 7
block 71 7
block 72 7
block 73 7
block 26 8
block 27 8
block 28 8
block 29 8
block 30 8
block 31 8
block 32 8
block 66 8
block 67 8
block 26 9
block 27 9
block 28 9
block 29 9
block 30 9
block 31 9
block 32 9
block 63 9
block 64 9
block 65 9
block 66 9
block 67 9
block 19 10
block 20 10
block 21 10
block 22 10
block 23 10
block 24 10
block 25 10
block 26 10
block 27 10
block 28 10
block 29 10
block 30 10
block 31 10
block 32 10
block 63 10
block 64 10
block 65 10
block 66 10
block 67 10
block 19 11
block 20 11
block 21 11
block 22 11
block 23 11
block 24 11
block 25 11
block 26 11
block 27 11
block 28 11
block 29 11
block 30 11
block 31 11
block 32 11
block 63 11
block 64 11
block 65 11
block 66 11
block 67 11
block 19 12
block 20 12
block 21 12
block 22 12
block 23 12
block 24 12
block 25 12
block 38 12
block 39 12
block 40 12
block 41 12
block 42 12
block 63 12
block 64 12
block 65 12
block 66 12
block 67 12
block 19 13
block 20 13
block 21 13
block 22 13
block 23 13
block 24 13
block 25 13
block 38 13
block 39 13
block 40 13
block 41 13
block 42 13
block 43 13
block 44 13
block 63 13
block 64 13
block 65 13
block 66 13
block 19 14
block 20 14
block 21 14
block 22 14
block 23 14
block 24 14
block 25 14
block 38 14
block 39 14
block 40 14
block 41 14
block 42 14
block 43 14
block 44 14
block 0 15
block 1 15
block 2 15
block 19 15
block 20 15
block 21 15
block 22 15
block 23 15
block 24 15
block 25 15
block 38 15
block 39 15
block 40 15
block 41 15
block 42 15
block 43 15
block 44 15
block 0 16
block 1 16
block 2 16
block 13 16
block 14 16
block 15 16
block 16 16
block 38 16
block 39 16
block 40 16
block 41 16
block 42 16
block 43 16
block 44 16
block 45 16
block 0 17
block 1 17
block 2 17
block 3 17
block 4 17
block 13 17
block 14 17
block 15 17
block 16 17
block 43 17
block 44 17
block 45 17
block 75 17
block 76 17
block 0 18
block 1 18
block 2 18
block 3 18
block 4 18
block 13 18
block 14 18
block 15 18
block 16 18
block 43 18
block 44 18
block 45 18
block 75 18
block 76 18
block 0 19
block 1 19
block 2 19
block 13 19
block 14 19
block 15 19
block 16 19
block 43 19
block 44 19
block 45 19
block 13 20
block 14 20
block 15 20
block 16 20
block 44 20
block 45 20
block 13 21
block 14 21
block 15 21
block 16 21
block 72 21
block 73 21
block 74 21
block 75 21
block 76 21
block 71 22
block 72 22
block 73 22
block 74 22
block 75 22
block 76 22
block 71 23
block 72 23
block 73 23
block 74 23
block 75 23
block 71 24
block 72 24
block 73 24
block 74 24
block 75 24
block 11 25
block 12 25
block 36 25
block 37 25
block 71 25
block 72 25
block 73 25
block 74 25
block 11 26
block 12 26
block 36 26
block 37 26
block 71 26
block 72 26
block 73 26
block 74 26
block 7 27
block 8 27
block 9 27
block 11 27
block 12 27
block 36 27
block 37 27
block 52 27
block 53 27
block 7 28
block 8 28
block 9 28
block 36 28
block 37 28
block 52 28
block 53 28
block 61 28
block 62 28
block 63 28
block 64 28
block 65 28
block 0 29
block 7 29
block 8 29
block 9 29
block 52 29
block 53 29
block 61 29
block 62 29
block 63 29
block 64 29
block 65 29
block 71 29
block 72 29
block 73 29
block 74 29
block 75 29
block 76 29
block 0 30
block 7 30
block 8 30
block 9 30
block 52 30
block 53 30
block 61 30
block 62 30
block 63 30
block 64 30
block 65 30
block 71 30
block 72 30
block 73 30
block 74 30
block 75 30
block 76 30
block 0 31
block 7 31
block 8 31
block 9 31
block 52 31
block 53 31
block 71 31
block 72 31
block 73 31
block 74 31
block 75 31
block 76 31
block 0 32
block 7 32
block 8 32
block 9 32
block 52 32
block 53 32
block 71 32
block 72 32
block 73 32
block 74 32
block 75 32
block 76 32
block 0 33
block 7 33
block 8 33
block 9 33
block 71 33
block 72 33
block 73 33
block 74 33
block 75 33
block 76 33
block 9 34
block 10 34
block 11 34
block 12 34
block 13 34
block 14 34
block 25 34
block 26 34
block 42 34
block 43 34
block 9 35
block 10 35
block 11 35
block 12 35
block 13 35
block 14 35
block 25 35
block 26 35
block 42 35
block 43 35
block 9 36
block 10 36
block 11 36
block 12 36
block 13 36
block 14 36
block 25 36
block 26 36
block 42 36
block 43 36
##BotsAndCoinsInfo
bot_name 0 starter-bot
bot 0 21 27
bot_coins 0 0
coin 29 14
coin 47 22
round 1
round 2
round 3
round 4
round 5
coin 41 10
coin 35 26
round 6
round 7
round 8
round 9
round 10
coin 47 8
coin 29 28
round 11
round 12
round 13
round 14
round 15
coin 1 14
coin 76 23
round 16
round 17
round 18
round 19
round 20
coin 76 0
coin 0 36
round 21
round 22
round 23
round 24
round 25
coin 66 21
coin 10 15
round 26
round 27
round 28
round 29
round 30
coin 35 18
coin 41 18
round 31
round 32
round 33
round 34
round 35
coin 57 9
coin 19 27
round 36
coin_collected 19 27 0
bot_coins 0 1
round 37
round 38
round 39
round 40
coin 70 14
coin 6 22
round 41
round 42
round 43
round 44
round 45
coin 0 1
coin 76 35
round 46
round 47
round 48
round 49
round 50
coin 54 36
coin 22 0
round 51
round 52
round 53
round 54
round 55
coin 36 24
coin 40 11
round 56
round 57
round 58
round 59
round 60
coin 56 16
coin 20 20
round 61
round 62
round 63
round 64
round 65
coin 21 0
coin 55 36
round 66
round 67
round 68
round 69
round 70
coin 4 16
coin 72 20
round 71
round 72
match_over 0
round 73
