match
match_id 1639153618733_ab
match_time 1639153618739
num_bots 1
##MatchConfig
mode FRIENDLY
num_rounds 200
random_seed 42
move_time_limit 5000
coin_spawn_period 5
coin_spawn_volume 2
##MapConfig
map_size 77 36
view_radius 6
mining_radius 2
attack_radius 3
block 1 0
block 2 0
block 3 0
block 4 0
block 5 0
block 1 1
block 2 1
block 3 1
block 4 1
block 5 1
block 1 2
block 2 2
block 3 2
block 4 2
block 5 2
block 19 4
block 20 4
block 19 5
block 20 5
block 0 6
block 19 6
block 20 6
block 58 6
block 59 6
block 74 6
block 75 6
block 76 6
block 0 7
block 19 7
block 20 7
block 41 7
block 42 7
block 43 7
block 44 7
block 58 7
block 59 7
block 74 7
block 75 7
block 76 7
block 0 8
block 19 8
block 20 8
block 41 8
block 42 8
block 43 8
block 44 8
block 60 8
block 61 8
block 62 8
block 63 8
block 64 8
block 65 8
block 74 8
block 75 8
block 76 8
block 0 9
block 19 9
block 20 9
block 41 9
block 42 9
block 43 9
block 44 9
block 60 9
block 61 9
block 62 9
block 63 9
block 64 9
block 65 9
block 74 9
block 75 9
block 76 9
block 0 10
block 19 10
block 20 10
block 41 10
block 42 10
block 43 10
block 44 10
block 60 10
block 61 10
block 62 10
block 63 10
block 64 10
block 65 10
block 73 10
block 74 10
block 75 10
block 76 10
block 0 11
block 41 11
block 42 11
block 43 11
block 44 11
block 60 11
block 61 11
block 62 11
block 63 11
block 64 11
block 65 11
block 73 11
block 74 11
block 75 11
block 76 11
block 0 12
block 41 12
block 42 12
block 43 12
block 44 12
block 60 12
block 61 12
block 62 12
block 63 12
block 64 12
block 65 12
block 73 12
block 74 12
block 75 12
block 76 12
block 0 13
block 41 13
block 42 13
block 43 13
block 44 13
block 60 13
block 61 13
block 62 13
block 63 13
block 64 13
block 65 13
block 73 13
block 74 13
block 76 13
block 0 14
block 2 14
block 3 14
block 4 14
block 5 14
block 6 14
block 7 14
block 60 14
block 61 14
block 62 14
block 63 14
block 64 14
block 65 14
block 73 14
block 74 14
block 76 14
block 0 15
block 2 15
block 3 15
block 4 15
block 5 15
block 6 15
block 7 15
block 76 15
block 0 16
block 76 16
block 9 19
block 10 19
block 11 19
block 12 19
block 13 19
block 35 19
block 36 19
block 37 19
block 38 19
block 42 19
block 43 19
block 44 19
block 45 19
block 46 19
block 47 19
block 48 19
block 9 20
block 10 20
block 11 20
block 12 20
block 13 20
block 35 20
block 36 20
block 37 20
block 38 20
block 42 20
block 43 20
block 44 20
block 45 20
block 46 20
block 47 20
block 48 20
block 9 21
block 10 21
block 11 21
block 12 21
block 13 21
block 35 21
block 36 21
block 37 21
block 38 21
block 42 21
block 43 21
block 44 21
block 45 21
block 46 21
block 47 21
block 48 21
block 9 22
block 10 22
block 11 22
block 12 22
block 13 22
block 22 22
block 23 22
block 35 22
block 36 22
block 37 22
block 38 22
block 42 22
block 43 22
block 44 22
block 45 22
block 46 22
block 47 22
block 48 22
block 9 23
block 10 23
block 11 23
block 12 23
block 13 23
block 22 23
block 23 23
block 35 23
block 36 23
block 37 23
block 38 23
block 42 23
block 43 23
block 44 23
block 45 23
block 46 23
block 47 23
block 48 23
block 9 24
block 10 24
block 11 24
block 12 24
block 13 24
block 22 24
block 23 24
block 35 24
block 36 24
block 37 24
block 38 24
block 41 24
block 42 24
block 43 24
block 44 24
block 35 25
block 36 25
block 37 25
block 38 25
block 41 25
block 42 25
block 43 25
block 44 25
block 41 26
block 42 26
block 43 26
block 44 26
block 41 27
block 42 27
block 43 27
block 44 27
block 19 29
block 20 29
block 21 29
block 22 29
block 23 29
block 34 29
block 35 29
block 36 29
block 37 29
block 11 30
block 12 30
block 13 30
block 14 30
block 15 30
block 16 30
block 17 30
block 19 30
block 20 30
block 21 30
block 22 30
block 23 30
block 34 30
block 35 30
block 36 30
block 37 30
block 11 31
block 12 31
block 13 31
block 14 31
block 15 31
block 16 31
block 17 31
block 19 31
block 20 31
block 21 31
block 22 31
block 23 31
block 34 31
block 35 31
block 36 31
block 37 31
block 11 32
block 12 32
block 13 32
block 14 32
block 15 32
block 16 32
block 17 32
block 19 32
block 20 32
block 21 32
block 22 32
block 23 32
block 34 32
block 35 32
block 36 32
block 37 32
block 11 33
block 12 33
block 13 33
block 14 33
block 15 33
block 16 33
block 17 33
block 19 33
block 20 33
block 21 33
block 22 33
block 23 33
block 34 33
block 35 33
block 36 33
block 37 33
block 65 33
block 66 33
block 67 33
block 68 33
block 69 33
block 70 33
block 11 34
block 12 34
block 13 34
block 14 34
block 15 34
block 16 34
block 17 34
block 19 34
block 20 34
block 21 34
block 22 34
block 23 34
block 65 34
block 66 34
block 67 34
block 68 34
block 69 34
block 70 34
block 65 35
block 66 35
block 67 35
block 68 35
block 69 35
block 70 35
##BotsAndCoinsInfo
bot_name 0 starter-bot
bot 0 23 7
bot_coins 0 0
coin 29 3
coin 47 32
round 1
bot 0 24 6
round 2
bot 0 25 5
round 3
bot 0 26 4
round 4
bot 0 27 3
coin_collected 29 3 0
bot_coins 0 1
round 5
bot 0 28 2
coin 40 8
coin 36 27
round 6
bot 0 29 1
round 7
bot 0 30 0
round 8
bot 0 31 35
round 9
round 10
coin 47 25
coin 29 10
round 11
match_over 0
round 12
