match
match_id 1639151599101_aj
match_time 1639151599104
num_bots 1
##MatchConfig
mode FRIENDLY
num_rounds 200
random_seed 42
move_time_limit 1000
coin_spawn_period 5
coin_spawn_volume 2
##MapConfig
map_size 70 30
view_radius 5
mining_radius 1
attack_radius 3
block 67 3
block 68 3
block 69 3
block 56 4
block 57 4
block 58 4
block 59 4
block 60 4
block 61 4
block 67 4
block 68 4
block 69 4
block 56 5
block 57 5
block 58 5
block 59 5
block 60 5
block 61 5
block 67 5
block 68 5
block 69 5
block 56 6
block 57 6
block 58 6
block 59 6
block 60 6
block 61 6
block 67 6
block 68 6
block 69 6
block 36 7
block 37 7
block 56 7
block 57 7
block 58 7
block 59 7
block 60 7
block 61 7
block 36 8
block 37 8
block 36 9
block 37 9
block 36 10
block 37 10
block 28 11
block 29 11
block 30 11
block 31 11
block 32 11
block 36 11
block 37 11
block 28 12
block 29 12
block 30 12
block 31 12
block 32 12
block 36 12
block 37 12
block 28 13
block 29 13
block 30 13
block 31 13
block 32 13
block 36 13
block 37 13
block 28 14
block 29 14
block 30 14
block 31 14
block 32 14
block 46 14
block 47 14
block 48 14
block 49 14
block 50 14
block 51 14
block 52 14
block 28 15
block 29 15
block 30 15
block 31 15
block 32 15
block 46 15
block 47 15
block 48 15
block 49 15
block 50 15
block 51 15
block 52 15
block 46 16
block 47 16
block 1 17
block 2 17
block 3 17
block 4 17
block 5 17
block 46 17
block 47 17
block 1 18
block 2 18
block 3 18
block 4 18
block 5 18
block 46 18
block 47 18
block 64 18
block 65 18
block 66 18
block 1 19
block 2 19
block 3 19
block 4 19
block 5 19
block 6 19
block 7 19
block 8 19
block 9 19
block 46 19
block 47 19
block 64 19
block 65 19
block 66 19
block 1 20
block 2 20
block 3 20
block 4 20
block 5 20
block 6 20
block 7 20
block 8 20
block 9 20
block 46 20
block 47 20
block 64 20
block 65 20
block 66 20
block 4 21
block 5 21
block 6 21
block 7 21
block 8 21
block 9 21
block 64 21
block 65 21
block 66 21
block 64 22
block 65 22
block 66 22
##BotsAndCoinsInfo
bot_name 0 starter-bot
bot 0 55 27
bot_coins 0 0
coin 50 3
coin 19 26
round 1
bot 0 55 26
round 2
bot 0 55 25
round 3
bot 0 55 24
round 4
bot 0 55 23
round 5
bot 0 55 22
coin 48 13
coin 21 16
round 6
bot 0 55 21
round 7
bot 0 55 20
round 8
bot 0 55 19
round 9
bot 0 55 18
round 10
bot 0 55 17
coin 40 25
coin 29 4
round 11
bot 0 56 16
round 12
bot 0 57 15
round 13
bot 0 58 14
round 14
bot 0 59 13
round 15
bot 0 60 12
coin 15 8
coin 54 21
round 16
bot 0 61 11
round 17
bot 0 62 10
round 18
bot 0 63 10
round 19
bot 0 64 10
round 20
bot 0 65 10
coin 69 23
coin 0 6
round 21
bot 0 66 10
round 22
bot 0 67 10
round 23
bot 0 68 10
round 24
bot 0 69 10
round 25
bot 0 0 10
coin 52 2
coin 17 27
round 26
bot 0 1 10
round 27
bot 0 1 11
round 28
bot 0 1 12
round 29
bot 0 1 13
round 30
bot 0 1 14
coin 56 12
coin 13 17
round 31
bot 0 1 15
round 32
bot 0 1 16
round 33
round 34
round 35
coin 36 2
coin 33 27
round 36
round 37
bot 0 2 16
round 38
bot 0 3 16
round 39
bot 0 4 16
round 40
bot 0 5 16
coin 56 0
coin 13 29
round 41
bot 0 6 16
round 42
bot 0 7 16
round 43
bot 0 8 16
round 44
bot 0 9 16
round 45
bot 0 10 16
coin 63 29
coin 6 0
round 46
bot 0 10 15
round 47
bot 0 10 14
round 48
bot 0 10 13
round 49
bot 0 10 12
round 50
bot 0 10 11
coin 40 13
coin 29 16
round 51
bot 0 10 10
round 52
bot 0 10 9
round 53
bot 0 10 8
round 54
bot 0 10 7
round 55
bot 0 9 7
coin 36 3
coin 33 26
round 56
bot 0 8 7
round 57
bot 0 7 7
round 58
bot 0 6 7
round 59
bot 0 5 7
round 60
bot 0 4 7
coin 63 21
coin 6 8
round 61
bot 0 3 7
round 62
round 63
round 64
round 65
coin 0 28
coin 69 1
round 66
round 67
round 68
round 69
round 70
coin 66 6
coin 3 23
round 71
bot 0 2 7
round 72
bot 0 1 7
round 73
bot 0 0 7
coin_collected 0 6 0
bot_coins 0 1
round 74
bot 0 69 7
round 75
bot 0 68 7
coin 40 6
coin 29 23
round 76
bot 0 67 7
round 77
bot 0 66 7
coin_collected 66 6 0
bot_coins 0 2
round 78
bot 0 65 7
round 79
bot 0 65 6
round 80
bot 0 65 5
coin 30 5
coin 39 24
round 81
bot 0 65 4
round 82
bot 0 65 3
round 83
bot 0 65 2
round 84
bot 0 65 1
round 85
bot 0 65 0
coin 17 17
coin 52 12
round 86
bot 0 65 29
round 87
bot 0 64 28
round 88
bot 0 63 27
round 89
bot 0 62 26
round 90
bot 0 61 25
coin 12 13
coin 57 16
round 91
bot 0 60 24
round 92
bot 0 59 23
round 93
bot 0 58 22
round 94
bot 0 58 23
round 95
bot 0 58 24
coin 63 24
coin 6 5
round 96
bot 0 58 25
round 97
bot 0 58 26
round 98
bot 0 58 27
round 99
bot 0 58 28
round 100
bot 0 58 29
coin 69 25
coin 0 4
round 101
bot 0 58 0
round 102
bot 0 57 29
round 103
bot 0 56 28
round 104
bot 0 55 27
round 105
bot 0 54 26
coin 63 7
coin 6 22
round 106
bot 0 53 25
round 107
bot 0 52 24
round 108
bot 0 51 23
round 109
bot 0 50 22
round 110
bot 0 49 21
coin 45 24
coin 24 5
round 111
bot 0 48 22
round 112
bot 0 47 23
round 113
bot 0 46 24
coin_collected 45 24 0
bot_coins 0 3
round 114
bot 0 45 25
round 115
bot 0 44 26
coin 27 5
coin 42 24
round 116
bot 0 43 27
round 117
bot 0 42 28
round 118
bot 0 42 27
round 119
bot 0 42 26
round 120
bot 0 42 25
coin_collected 42 24 0
bot_coins 0 4
coin 27 13
coin 42 16
round 121
bot 0 42 24
round 122
bot 0 42 23
round 123
bot 0 42 22
round 124
bot 0 42 21
round 125
bot 0 42 20
coin 33 20
coin 35 9
round 126
bot 0 42 19
round 127
bot 0 41 20
round 128
bot 0 40 21
round 129
bot 0 39 22
round 130
bot 0 38 23
coin 58 16
coin 11 13
round 131
bot 0 37 24
round 132
bot 0 36 25
round 133
bot 0 35 26
round 134
bot 0 34 27
coin_collected 33 27 0
bot_coins 0 5
round 135
bot 0 33 28
coin 30 10
coin 39 19
round 136
bot 0 32 29
round 137
bot 0 31 0
round 138
bot 0 30 1
round 139
bot 0 29 2
round 140
bot 0 28 3
coin 63 19
coin 6 10
round 141
bot 0 27 4
coin_collected 27 5 0
bot_coins 0 6
round 142
bot 0 28 4
coin_collected 29 4 0
bot_coins 0 7
round 143
bot 0 29 4
round 144
bot 0 30 4
coin_collected 30 5 0
bot_coins 0 8
round 145
bot 0 31 4
coin 1 3
coin 68 26
round 146
bot 0 32 4
round 147
bot 0 33 4
round 148
bot 0 34 4
round 149
bot 0 35 4
round 150
bot 0 36 5
coin 7 29
coin 62 0
round 151
bot 0 37 6
round 152
bot 0 38 7
round 153
bot 0 39 8
round 154
bot 0 40 9
round 155
bot 0 41 10
coin 32 1
coin 37 28
round 156
bot 0 42 11
round 157
bot 0 41 10
round 158
bot 0 40 9
round 159
bot 0 39 8
round 160
bot 0 38 7
coin 64 14
coin 5 15
round 161
bot 0 37 6
round 162
bot 0 36 5
round 163
bot 0 35 4
round 164
bot 0 34 3
round 165
bot 0 33 2
coin 48 19
coin 21 10
round 166
bot 0 32 1
coin_collected 32 1 0
bot_coins 0 9
round 167
bot 0 31 0
round 168
bot 0 30 29
round 169
bot 0 29 28
round 170
bot 0 28 27
coin 55 9
coin 14 20
round 171
bot 0 27 26
round 172
bot 0 26 25
round 173
bot 0 27 24
round 174
bot 0 28 23
coin_collected 29 23 0
bot_coins 0 10
round 175
bot 0 29 22
coin 10 11
coin 59 18
round 176
bot 0 30 21
round 177
bot 0 31 20
round 178
bot 0 32 19
round 179
round 180
coin 53 19
coin 16 10
round 181
round 182
round 183
round 184
round 185
coin 43 23
coin 26 6
round 186
round 187
bot 0 31 18
round 188
bot 0 30 17
round 189
bot 0 29 16
coin_collected 29 16 0
bot_coins 0 11
round 190
coin 26 10
coin 43 19
round 191
round 192
round 193
round 194
round 195
coin 45 3
coin 24 26
round 196
round 197
round 198
round 199
round 200
coin 30 4
coin 39 25
match_over 0
