match
match_id 1639168282195_ac
match_time 1639168282198
num_bots 1
##MatchConfig
mode FRIENDLY
num_rounds 200
random_seed 42
move_time_limit 5000
coin_spawn_period 5
coin_spawn_volume 10
##MapConfig
map_size 60 35
view_radius 5
mining_radius 2
attack_radius 4
block 10 0
block 11 0
block 12 0
block 13 0
block 14 0
block 15 0
block 28 0
block 29 0
block 30 0
block 31 0
block 32 0
block 33 0
block 10 1
block 11 1
block 12 1
block 13 1
block 14 1
block 15 1
block 28 1
block 29 1
block 30 1
block 31 1
block 32 1
block 33 1
block 39 1
block 40 1
block 41 1
block 10 2
block 11 2
block 12 2
block 13 2
block 14 2
block 15 2
block 21 2
block 22 2
block 23 2
block 24 2
block 25 2
block 28 2
block 29 2
block 30 2
block 31 2
block 32 2
block 33 2
block 39 2
block 40 2
block 41 2
block 21 3
block 22 3
block 23 3
block 24 3
block 25 3
block 39 3
block 40 3
block 41 3
block 21 4
block 22 4
block 23 4
block 24 4
block 25 4
block 39 4
block 40 4
block 41 4
block 2 5
block 3 5
block 4 5
block 5 5
block 6 5
block 21 5
block 22 5
block 23 5
block 24 5
block 25 5
block 39 5
block 40 5
block 41 5
block 48 5
block 49 5
block 50 5
block 51 5
block 2 6
block 3 6
block 4 6
block 5 6
block 6 6
block 39 6
block 40 6
block 41 6
block 48 6
block 49 6
block 50 6
block 51 6
block 2 7
block 3 7
block 4 7
block 5 7
block 6 7
block 48 7
block 49 7
block 50 7
block 51 7
block 2 8
block 3 8
block 4 8
block 5 8
block 6 8
block 48 8
block 49 8
block 50 8
block 51 8
block 2 9
block 3 9
block 4 9
block 5 9
block 6 9
block 48 9
block 49 9
block 50 9
block 51 9
block 52 9
block 53 9
block 54 9
block 34 10
block 35 10
block 48 10
block 49 10
block 50 10
block 51 10
block 52 10
block 53 10
block 54 10
block 17 11
block 18 11
block 19 11
block 20 11
block 34 11
block 35 11
block 48 11
block 49 11
block 50 11
block 51 11
block 52 11
block 53 11
block 54 11
block 17 12
block 18 12
block 19 12
block 20 12
block 34 12
block 35 12
block 48 12
block 49 12
block 50 12
block 51 12
block 52 12
block 53 12
block 54 12
block 17 13
block 18 13
block 19 13
block 20 13
block 24 13
block 25 13
block 26 13
block 27 13
block 34 13
block 35 13
block 48 13
block 49 13
block 50 13
block 51 13
block 52 13
block 53 13
block 54 13
block 17 14
block 18 14
block 19 14
block 20 14
block 24 14
block 25 14
block 26 14
block 27 14
block 34 14
block 35 14
block 48 14
block 49 14
block 50 14
block 51 14
block 52 14
block 53 14
block 54 14
block 10 15
block 11 15
block 12 15
block 13 15
block 14 15
block 15 15
block 16 15
block 17 15
block 18 15
block 19 15
block 20 15
block 24 15
block 25 15
block 26 15
block 27 15
block 10 16
block 11 16
block 12 16
block 13 16
block 14 16
block 15 16
block 16 16
block 17 16
block 18 16
block 19 16
block 20 16
block 21 16
block 24 16
block 25 16
block 26 16
block 27 16
block 10 17
block 11 17
block 12 17
block 13 17
block 14 17
block 15 17
block 16 17
block 17 17
block 18 17
block 19 17
block 20 17
block 21 17
block 10 18
block 11 18
block 12 18
block 13 18
block 14 18
block 15 18
block 16 18
block 17 18
block 18 18
block 19 18
block 20 18
block 21 18
block 58 18
block 59 18
block 15 19
block 16 19
block 17 19
block 18 19
block 19 19
block 20 19
block 21 19
block 58 19
block 59 19
block 15 20
block 16 20
block 17 20
block 18 20
block 19 20
block 20 20
block 21 20
block 33 20
block 34 20
block 35 20
block 36 20
block 58 20
block 59 20
block 33 21
block 34 21
block 35 21
block 36 21
block 58 21
block 59 21
block 33 22
block 34 22
block 35 22
block 36 22
block 47 22
block 48 22
block 49 22
block 50 22
block 51 22
block 58 22
block 59 22
block 21 23
block 22 23
block 23 23
block 24 23
block 25 23
block 33 23
block 34 23
block 35 23
block 36 23
block 43 23
block 44 23
block 45 23
block 46 23
block 47 23
block 48 23
block 49 23
block 50 23
block 51 23
block 58 23
block 59 23
block 21 24
block 22 24
block 23 24
block 24 24
block 25 24
block 43 24
block 44 24
block 45 24
block 46 24
block 47 24
block 48 24
block 49 24
block 50 24
block 51 24
block 58 24
block 59 24
block 21 25
block 22 25
block 23 25
block 24 25
block 25 25
block 43 25
block 44 25
block 45 25
block 46 25
block 47 25
block 48 25
block 49 25
block 50 25
block 51 25
block 21 26
block 22 26
block 23 26
block 24 26
block 25 26
block 43 26
block 44 26
block 45 26
block 46 26
block 47 26
block 48 26
block 49 26
block 50 26
block 51 26
block 21 27
block 22 27
block 23 27
block 24 27
block 25 27
block 43 27
block 44 27
block 45 27
block 46 27
block 47 27
block 48 27
block 49 27
block 50 27
block 51 27
block 43 28
block 44 28
block 45 28
block 46 28
block 47 28
block 48 28
block 49 28
block 50 28
block 51 28
block 2 30
block 3 30
block 4 30
block 5 30
block 6 30
block 7 30
block 2 31
block 3 31
block 4 31
block 5 31
block 6 31
block 7 31
block 10 31
block 11 31
block 12 31
block 13 31
block 14 31
block 15 31
block 26 31
block 27 31
block 28 31
block 2 32
block 3 32
block 4 32
block 5 32
block 6 32
block 7 32
block 10 32
block 11 32
block 12 32
block 13 32
block 14 32
block 15 32
block 26 32
block 27 32
block 28 32
block 10 33
block 11 33
block 12 33
block 13 33
block 14 33
block 15 33
block 10 34
block 11 34
block 12 34
block 13 34
block 14 34
block 15 34
##BotsAndCoinsInfo
bot_name 0 starter-bot
bot 0 7 14
bot_coins 0 0
coin 50 33
coin 9 1
coin 46 22
coin 13 12
coin 30 25
coin 29 9
coin 5 3
coin 54 31
coin 19 3
coin 40 31
round 1
bot 0 8 13
round 2
bot 0 9 12
round 3
bot 0 10 11
round 4
bot 0 11 10
round 5
bot 0 12 9
coin 2 33
coin 57 1
coin 36 7
coin 23 28
coin 56 17
coin 3 17
coin 36 5
coin 23 29
coin 43 9
coin 16 25
round 6
bot 0 13 8
round 7
bot 0 14 7
round 8
bot 0 15 6
round 9
bot 0 16 5
round 10
bot 0 15 4
coin 20 8
coin 39 26
coin 26 23
coin 33 11
coin 23 16
coin 36 18
coin 10 3
coin 49 31
coin 7 26
coin 52 8
round 11
bot 0 14 3
round 12
round 13
round 14
round 15
coin 10 6
coin 49 29
coin 47 10
coin 12 24
coin 17 32
coin 42 2
coin 12 30
coin 47 4
coin 16 34
coin 43 0
round 16
round 17
bot 0 15 3
round 18
bot 0 16 3
round 19
bot 0 17 3
coin_collected 19 3 0
bot_coins 0 1
round 20
bot 0 18 3
coin 59 5
coin 0 29
coin 23 7
coin 36 27
coin 35 15
coin 24 19
coin 8 30
coin 51 4
coin 37 3
coin 22 31
round 21
bot 0 19 3
round 22
bot 0 20 3
round 23
round 24
round 25
coin 13 3
coin 46 31
coin 38 1
coin 21 33
coin 20 0
coin 39 34
coin 13 14
coin 46 20
coin 20 4
coin 39 30
round 26
coin_collected 20 4 0
bot_coins 0 2
round 27
round 28
round 29
round 30
coin 37 19
coin 22 15
coin 32 16
coin 27 18
coin 14 9
coin 45 22
coin 38 4
coin 21 30
coin 14 19
coin 45 15
round 31
round 32
round 33
round 34
round 35
coin 9 0
coin 50 34
coin 14 14
coin 45 20
coin 13 30
coin 46 4
coin 26 0
coin 33 34
coin 5 28
coin 54 6
round 36
round 37
bot 0 19 2
round 38
bot 0 18 1
round 39
bot 0 17 0
coin_collected 16 34 0
bot_coins 0 3
round 40
bot 0 16 34
coin 0 30
coin 59 4
coin 22 7
coin 37 27
coin 7 3
coin 52 31
coin 9 4
coin 50 30
coin 38 9
coin 20 25
round 41
round 42
round 43
round 44
round 45
bot 0 17 33
coin_collected 17 32 0
bot_coins 0 4
coin 27 26
coin 32 8
coin 3 25
coin 56 9
coin 59 33
coin 0 1
coin 9 2
coin 50 32
coin 56 23
coin 3 11
round 46
bot 0 18 32
round 47
bot 0 19 31
round 48
bot 0 20 30
coin_collected 21 30 0
bot_coins 0 5
round 49
bot 0 21 29
coin_collected 23 29 0
bot_coins 0 6
round 50
bot 0 22 28
coin_collected 23 28 0
bot_coins 0 7
coin 30 20
coin 29 14
coin 12 29
coin 47 5
coin 23 11
coin 37 23
coin 9 16
coin 50 18
coin 55 7
coin 4 27
round 51
bot 0 23 28
round 52
bot 0 24 28
round 53
bot 0 25 28
round 54
bot 0 26 28
round 55
bot 0 27 28
coin_collected 27 26 0
bot_coins 0 8
coin 26 12
coin 32 22
coin 57 16
coin 2 18
coin 52 5
coin 7 29
coin 46 5
coin 13 29
coin 26 9
coin 33 25
round 56
bot 0 28 28
round 57
bot 0 29 28
round 58
bot 0 30 28
round 59
bot 0 31 27
round 60
bot 0 32 26
coin_collected 33 25 0
bot_coins 0 9
coin 6 33
coin 53 1
coin 38 23
coin 21 11
coin 32 27
coin 27 7
coin 22 28
coin 37 6
coin 13 27
coin 46 7
round 61
bot 0 33 25
round 62
bot 0 34 24
round 63
round 64
round 65
coin 52 27
coin 7 7
coin 58 12
coin 1 22
coin 12 19
coin 47 15
coin 45 17
coin 13 19
coin 47 21
coin 12 13
round 66
round 67
round 68
round 69
round 70
coin 53 17
coin 6 17
coin 1 13
coin 57 21
coin 44 8
coin 15 26
coin 18 28
coin 42 6
coin 7 16
coin 52 18
round 71
round 72
round 73
round 74
round 75
bot 0 34 25
coin 10 30
coin 49 4
coin 41 10
coin 18 24
coin 1 14
coin 57 20
coin 20 26
coin 39 8
coin 1 31
coin 58 3
round 76
bot 0 34 26
round 77
bot 0 34 27
coin_collected 36 27 0
bot_coins 0 10
coin_collected 32 27 0
bot_coins 0 11
round 78
bot 0 34 28
round 79
bot 0 34 29
round 80
bot 0 34 30
coin 4 29
coin 55 5
coin 20 21
coin 39 13
coin 25 6
coin 34 28
coin 50 15
coin 9 19
coin 29 31
coin 30 3
round 81
bot 0 34 31
round 82
bot 0 34 32
round 83
bot 0 34 33
coin_collected 33 34 0
bot_coins 0 12
round 84
bot 0 33 33
round 85
bot 0 32 33
coin 44 29
coin 15 5
coin 21 8
coin 38 26
coin 46 1
coin 16 33
coin 12 14
coin 47 20
coin 49 17
coin 9 17
round 86
bot 0 31 33
round 87
bot 0 30 33
round 88
bot 0 29 33
coin_collected 29 31 0
bot_coins 0 13
round 89
bot 0 28 33
round 90
bot 0 27 33
coin 26 29
coin 33 5
coin 50 4
coin 9 30
coin 54 0
coin 5 34
coin 36 15
coin 23 19
coin 12 26
coin 47 8
round 91
round 92
round 93
round 94
round 95
coin 38 3
coin 21 31
coin 27 12
coin 32 21
coin 6 14
coin 53 20
coin 29 13
coin 30 21
coin 13 20
coin 46 14
round 96
round 97
round 98
round 99
round 100
coin 9 28
coin 52 6
coin 18 21
coin 41 13
coin 29 27
coin 30 7
coin 42 31
coin 17 3
coin 34 19
coin 23 15
round 101
round 102
round 103
round 104
round 105
bot 0 26 34
coin_collected 26 0 0
bot_coins 0 14
coin 30 28
coin 29 6
coin 8 3
coin 51 31
coin 34 0
coin 25 34
coin 59 26
coin 0 8
coin 23 8
coin 36 26
round 106
bot 0 25 0
coin_collected 25 34 0
bot_coins 0 15
round 107
bot 0 24 1
round 108
round 109
round 110
coin 35 16
coin 24 18
coin 31 28
coin 28 6
coin 33 8
coin 26 26
coin 16 28
coin 43 6
coin 33 12
coin 26 22
round 111
round 112
bot 0 23 1
round 113
bot 0 22 1
round 114
bot 0 21 1
coin_collected 20 0 0
bot_coins 0 16
round 115
bot 0 20 1
coin 44 22
coin 15 12
coin 57 22
coin 2 12
coin 6 24
coin 55 10
coin 7 15
coin 52 19
coin 53 15
coin 6 19
round 116
bot 0 19 1
round 117
bot 0 18 1
round 118
bot 0 17 1
coin_collected 17 3 0
bot_coins 0 17
round 119
bot 0 16 1
round 120
bot 0 17 1
coin 6 21
coin 55 13
coin 11 10
coin 48 21
coin 49 21
coin 10 13
coin 1 21
coin 58 13
coin 30 10
coin 29 24
round 121
bot 0 18 1
round 122
bot 0 19 1
round 123
bot 0 20 1
round 124
bot 0 21 1
round 125
bot 0 22 1
coin 33 30
coin 26 4
coin 41 25
coin 18 9
coin 33 25
coin 25 9
coin 59 9
coin 0 25
coin 15 27
coin 44 7
round 126
bot 0 23 1
round 127
bot 0 24 1
round 128
bot 0 25 1
round 129
bot 0 26 1
round 130
bot 0 27 1
coin 37 9
coin 20 24
coin 0 26
coin 59 8
coin 4 33
coin 55 1
coin 5 22
coin 55 12
coin 39 0
coin 20 34
round 131
round 132
bot 0 26 0
round 133
bot 0 25 34
round 134
bot 0 24 33
round 135
bot 0 23 32
coin_collected 22 31 0
bot_coins 0 18
coin 14 10
coin 43 22
coin 47 11
coin 12 23
coin 52 24
coin 7 10
coin 6 26
coin 53 8
coin 3 18
coin 56 16
round 136
bot 0 22 31
coin_collected 21 31 0
bot_coins 0 19
round 137
bot 0 21 30
round 138
bot 0 20 31
round 139
bot 0 19 32
round 140
bot 0 18 33
coin_collected 16 33 0
bot_coins 0 20
coin 7 19
coin 52 15
coin 12 12
coin 46 21
coin 11 6
coin 48 29
coin 19 28
coin 40 7
coin 45 19
coin 15 14
round 141
bot 0 17 34
round 142
bot 0 16 0
round 143
round 144
round 145
coin 0 18
coin 59 16
coin 19 22
coin 40 12
coin 47 32
coin 12 3
coin 3 4
coin 56 30
coin 41 8
coin 18 26
round 146
round 147
round 148
round 149
round 150
coin 47 14
coin 12 20
coin 54 30
coin 5 4
coin 0 14
coin 0 20
coin 13 13
coin 45 21
coin 44 21
coin 15 13
round 151
round 152
bot 0 17 1
round 153
bot 0 18 2
round 154
bot 0 19 3
round 155
bot 0 20 4
coin 5 23
coin 55 11
coin 4 34
coin 55 0
coin 23 29
coin 37 5
coin 55 23
coin 4 11
coin 45 0
coin 16 34
round 156
round 157
round 158
round 159
round 160
coin 27 30
coin 32 4
coin 54 29
coin 6 4
coin 8 13
coin 51 21
coin 29 11
coin 30 23
coin 7 33
coin 52 1
round 161
round 162
round 163
round 164
round 165
coin 8 28
coin 52 7
coin 41 27
coin 18 7
coin 56 21
coin 3 13
coin 37 2
coin 22 32
coin 31 26
coin 28 8
round 166
bot 0 19 5
round 167
bot 0 18 6
coin_collected 18 7 0
bot_coins 0 21
round 168
bot 0 17 7
round 169
bot 0 16 8
round 170
bot 0 15 9
coin_collected 14 9 0
bot_coins 0 22
coin_collected 14 10 0
bot_coins 0 23
coin 8 4
coin 51 30
coin 27 26
coin 32 7
coin 32 28
coin 27 6
coin 22 18
coin 37 16
coin 39 23
coin 20 10
round 171
bot 0 14 10
round 172
bot 0 13 11
coin_collected 12 12 0
bot_coins 0 24
coin_collected 13 12 0
bot_coins 0 25
coin_collected 13 13 0
bot_coins 0 26
round 173
bot 0 12 12
coin_collected 12 13 0
bot_coins 0 27
coin_collected 12 14 0
bot_coins 0 28
round 174
bot 0 13 13
coin_collected 13 14 0
bot_coins 0 29
coin_collected 14 14 0
bot_coins 0 30
coin_collected 15 13 0
bot_coins 0 31
round 175
bot 0 14 14
coin_collected 15 14 0
bot_coins 0 32
coin 24 32
coin 35 2
coin 22 11
coin 37 24
coin 0 19
coin 59 15
coin 46 12
coin 13 22
coin 7 12
coin 52 22
round 176
round 177
round 178
round 179
round 180
bot 0 15 14
coin_collected 15 12 0
bot_coins 0 33
coin 23 6
coin 36 28
coin 0 12
coin 0 22
coin 16 24
coin 43 10
coin 5 29
coin 54 5
coin 56 15
coin 3 19
round 181
bot 0 16 14
round 182
round 183
round 184
round 185
coin 15 11
coin 42 23
coin 58 16
coin 1 18
coin 32 6
coin 27 28
coin 47 9
coin 12 25
coin 4 28
coin 55 6
round 186
round 187
bot 0 15 13
coin_collected 15 11 0
bot_coins 0 34
round 188
bot 0 14 12
round 189
bot 0 13 11
round 190
bot 0 12 10
coin_collected 11 10 0
bot_coins 0 35
coin 42 7
coin 17 27
coin 11 25
coin 46 9
coin 42 1
coin 17 33
coin 32 30
coin 27 4
coin 34 16
coin 25 18
round 191
bot 0 11 9
round 192
bot 0 10 8
coin_collected 10 6 0
bot_coins 0 36
round 193
bot 0 9 7
coin_collected 7 7 0
bot_coins 0 37
round 194
bot 0 8 6
coin_collected 8 4 0
bot_coins 0 38
round 195
bot 0 7 5
coin_collected 6 4 0
bot_coins 0 39
coin_collected 7 3 0
bot_coins 0 40
coin 32 25
coin 27 9
coin 8 4
coin 52 30
coin 55 21
coin 4 13
coin 57 17
coin 2 17
coin 12 21
coin 47 13
round 196
coin_collected 8 4 0
bot_coins 0 41
round 197
round 198
round 199
round 200
coin 14 3
coin 45 31
coin 7 18
coin 52 16
coin 57 13
coin 2 21
coin 28 26
coin 31 8
coin 30 32
coin 29 3
match_over 0
