match
match_id 1639350997291_ab
match_time 1639350997298
num_bots 1
##MatchConfig
mode FRIENDLY
num_rounds 200
random_seed 42
move_time_limit 5000
coin_spawn_period 5
coin_spawn_volume 10
##MapConfig
map_size 63 37
view_radius 6
mining_radius 2
attack_radius 4
block 0 0
block 1 0
block 2 0
block 3 0
block 0 1
block 1 1
block 2 1
block 3 1
block 0 2
block 1 2
block 2 2
block 3 2
block 4 2
block 5 2
block 3 3
block 4 3
block 5 3
block 3 4
block 4 4
block 5 4
block 46 4
block 47 4
block 48 4
block 49 4
block 50 4
block 51 4
block 3 5
block 4 5
block 5 5
block 46 5
block 47 5
block 48 5
block 49 5
block 50 5
block 51 5
block 3 6
block 4 6
block 5 6
block 46 6
block 47 6
block 48 6
block 49 6
block 50 6
block 51 6
block 3 7
block 4 7
block 5 7
block 8 7
block 9 7
block 10 7
block 11 7
block 46 7
block 47 7
block 48 7
block 49 7
block 50 7
block 51 7
block 8 8
block 9 8
block 10 8
block 11 8
block 46 8
block 47 8
block 48 8
block 49 8
block 50 8
block 51 8
block 7 9
block 8 9
block 9 9
block 10 9
block 11 9
block 12 9
block 13 9
block 16 9
block 17 9
block 18 9
block 19 9
block 20 9
block 21 9
block 22 9
block 46 9
block 47 9
block 48 9
block 49 9
block 50 9
block 51 9
block 0 10
block 7 10
block 8 10
block 9 10
block 10 10
block 11 10
block 12 10
block 13 10
block 16 10
block 17 10
block 18 10
block 19 10
block 20 10
block 21 10
block 22 10
block 27 10
block 28 10
block 61 10
block 62 10
block 0 11
block 8 11
block 9 11
block 10 11
block 11 11
block 16 11
block 17 11
block 18 11
block 19 11
block 20 11
block 21 11
block 22 11
block 27 11
block 28 11
block 61 11
block 62 11
block 16 12
block 17 12
block 18 12
block 19 12
block 20 12
block 21 12
block 22 12
block 27 12
block 28 12
block 16 13
block 17 13
block 18 13
block 19 13
block 20 13
block 21 13
block 22 13
block 16 14
block 17 14
block 18 14
block 19 14
block 20 14
block 21 14
block 22 14
block 5 17
block 6 17
block 7 17
block 8 17
block 9 17
block 5 18
block 6 18
block 7 18
block 8 18
block 9 18
block 41 18
block 42 18
block 43 18
block 44 18
block 45 18
block 50 18
block 51 18
block 52 18
block 53 18
block 5 19
block 6 19
block 7 19
block 8 19
block 9 19
block 41 19
block 42 19
block 43 19
block 44 19
block 45 19
block 50 19
block 51 19
block 52 19
block 53 19
block 5 20
block 6 20
block 7 20
block 8 20
block 9 20
block 41 20
block 42 20
block 43 20
block 44 20
block 45 20
block 50 20
block 51 20
block 52 20
block 53 20
block 5 21
block 6 21
block 7 21
block 8 21
block 9 21
block 32 21
block 33 21
block 34 21
block 35 21
block 36 21
block 37 21
block 41 21
block 42 21
block 43 21
block 44 21
block 45 21
block 46 21
block 47 21
block 50 21
block 51 21
block 52 21
block 53 21
block 1 22
block 2 22
block 3 22
block 4 22
block 5 22
block 6 22
block 7 22
block 8 22
block 9 22
block 32 22
block 33 22
block 34 22
block 35 22
block 36 22
block 37 22
block 41 22
block 42 22
block 43 22
block 44 22
block 45 22
block 46 22
block 47 22
block 52 22
block 53 22
block 1 23
block 2 23
block 3 23
block 4 23
block 5 23
block 6 23
block 7 23
block 8 23
block 9 23
block 19 23
block 20 23
block 21 23
block 22 23
block 23 23
block 24 23
block 25 23
block 32 23
block 33 23
block 34 23
block 35 23
block 36 23
block 37 23
block 46 23
block 47 23
block 52 23
block 53 23
block 1 24
block 2 24
block 3 24
block 4 24
block 19 24
block 20 24
block 21 24
block 22 24
block 23 24
block 24 24
block 25 24
block 46 24
block 47 24
block 0 25
block 1 25
block 2 25
block 3 25
block 4 25
block 19 25
block 20 25
block 21 25
block 22 25
block 23 25
block 24 25
block 25 25
block 46 25
block 47 25
block 50 25
block 51 25
block 52 25
block 53 25
block 59 25
block 60 25
block 61 25
block 62 25
block 0 26
block 1 26
block 2 26
block 3 26
block 4 26
block 19 26
block 20 26
block 21 26
block 22 26
block 23 26
block 24 26
block 25 26
block 46 26
block 47 26
block 50 26
block 51 26
block 52 26
block 53 26
block 59 26
block 60 26
block 61 26
block 62 26
block 1 27
block 2 27
block 3 27
block 4 27
block 20 27
block 21 27
block 22 27
block 50 27
block 51 27
block 52 27
block 53 27
block 20 28
block 21 28
block 22 28
block 50 28
block 51 28
block 52 28
block 53 28
block 58 28
block 59 28
block 60 28
block 61 28
block 62 28
block 58 29
block 59 29
block 60 29
block 61 29
block 62 29
block 58 30
block 59 30
block 60 30
block 61 30
block 62 30
block 30 31
block 31 31
block 32 31
block 33 31
block 34 31
block 35 31
block 30 32
block 31 32
block 32 32
block 33 32
block 34 32
block 35 32
block 30 33
block 31 33
block 32 33
block 33 33
block 34 33
block 35 33
block 30 34
block 31 34
block 32 34
block 33 34
block 34 34
block 35 34
##BotsAndCoinsInfo
bot_name 0 starter-bot
bot 0 61 6
bot_coins 0 0
coin 8 14
coin 54 22
coin 27 9
coin 35 27
coin 54 8
coin 8 28
coin 50 14
coin 12 22
coin 34 0
coin 28 36
round 1
round 2
round 3
round 4
round 5
coin 38 21
coin 24 15
coin 42 17
coin 20 19
coin 7 8
coin 55 28
coin 42 14
coin 20 22
coin 28 1
coin 34 35
round 6
round 7
