match
match_id 1639225870289_ab
match_time 1639225870295
num_bots 1
##MatchConfig
mode FRIENDLY
num_rounds 200
random_seed 42
move_time_limit 5000
coin_spawn_period 5
coin_spawn_volume 10
##MapConfig
map_size 79 26
view_radius 5
mining_radius 1
attack_radius 3
block 5 0
block 6 0
block 7 0
block 67 0
block 68 0
block 5 1
block 6 1
block 7 1
block 67 1
block 68 1
block 5 2
block 6 2
block 7 2
block 67 2
block 68 2
block 70 2
block 71 2
block 72 2
block 73 2
block 74 2
block 75 2
block 76 2
block 1 3
block 2 3
block 3 3
block 4 3
block 5 3
block 6 3
block 7 3
block 70 3
block 71 3
block 72 3
block 73 3
block 74 3
block 75 3
block 76 3
block 1 4
block 2 4
block 3 4
block 4 4
block 5 4
block 6 4
block 7 4
block 70 4
block 71 4
block 72 4
block 73 4
block 74 4
block 75 4
block 76 4
block 1 5
block 2 5
block 3 5
block 4 5
block 5 5
block 6 5
block 7 5
block 70 5
block 71 5
block 72 5
block 73 5
block 74 5
block 75 5
block 76 5
block 1 6
block 2 6
block 3 6
block 4 6
block 5 6
block 56 8
block 57 8
block 58 8
block 59 8
block 56 9
block 57 9
block 58 9
block 59 9
block 56 10
block 57 10
block 58 10
block 59 10
block 0 11
block 1 11
block 2 11
block 47 11
block 48 11
block 49 11
block 50 11
block 77 11
block 78 11
block 0 12
block 1 12
block 2 12
block 47 12
block 48 12
block 49 12
block 50 12
block 77 12
block 78 12
block 0 13
block 1 13
block 2 13
block 47 13
block 48 13
block 49 13
block 50 13
block 77 13
block 78 13
block 0 14
block 1 14
block 2 14
block 47 14
block 48 14
block 49 14
block 50 14
block 51 14
block 52 14
block 77 14
block 78 14
block 0 15
block 1 15
block 2 15
block 47 15
block 48 15
block 49 15
block 50 15
block 51 15
block 52 15
block 77 15
block 78 15
block 0 16
block 1 16
block 2 16
block 39 16
block 40 16
block 41 16
block 42 16
block 43 16
block 77 16
block 78 16
block 39 17
block 40 17
block 41 17
block 42 17
block 43 17
block 39 18
block 40 18
block 41 18
block 42 18
block 43 18
block 39 19
block 40 19
block 41 19
block 42 19
block 43 19
block 39 20
block 40 20
block 41 20
block 42 20
block 43 20
block 39 21
block 40 21
block 41 21
block 42 21
block 43 21
block 27 22
block 28 22
block 29 22
block 30 22
block 31 22
block 32 22
block 39 22
block 40 22
block 41 22
block 42 22
block 43 22
block 44 22
block 45 22
block 46 22
block 66 22
block 67 22
block 68 22
block 27 23
block 28 23
block 29 23
block 30 23
block 31 23
block 32 23
block 43 23
block 44 23
block 45 23
block 46 23
block 66 23
block 67 23
block 68 23
block 67 24
block 68 24
block 67 25
block 68 25
##BotsAndCoinsInfo
bot_name 0 starter-bot
bot 0 8 23
bot_coins 0 0
coin 19 7
coin 59 18
coin 22 12
coin 56 13
coin 74 17
coin 4 8
coin 62 16
coin 16 9
coin 3 15
coin 75 10
round 1
bot 0 7 24
round 2
bot 0 6 25
round 3
round 4
round 5
coin 15 0
coin 63 25
coin 26 6
coin 52 19
coin 68 4
coin 10 21
coin 27 8
coin 51 17
coin 65 25
coin 13 0
round 6
round 7
round 8
round 9
round 10
coin 37 17
coin 41 8
coin 27 17
coin 51 8
coin 35 21
coin 43 4
coin 47 6
coin 31 19
coin 6 24
coin 72 1
round 11
coin_collected 6 24 0
bot_coins 0 1
round 12
round 13
round 14
round 15
coin 24 10
coin 54 15
coin 52 7
coin 26 18
coin 6 21
coin 72 6
coin 30 11
coin 48 16
coin 69 10
coin 9 15
round 16
round 17
