match
match_id 1639337017837_ar
match_time 1639337017839
num_bots 1
##MatchConfig
mode FRIENDLY
num_rounds 200
random_seed 42
move_time_limit 5000
coin_spawn_period 5
coin_spawn_volume 10
##MapConfig
map_size 61 22
view_radius 6
mining_radius 2
attack_radius 4
block 5 0
block 6 0
block 7 0
block 8 0
block 9 0
block 10 0
block 18 0
block 19 0
block 33 0
block 34 0
block 35 0
block 36 0
block 37 0
block 38 0
block 39 0
block 5 1
block 6 1
block 7 1
block 8 1
block 9 1
block 10 1
block 17 1
block 18 1
block 19 1
block 5 2
block 6 2
block 7 2
block 8 2
block 9 2
block 10 2
block 17 2
block 18 2
block 19 2
block 5 3
block 6 3
block 7 3
block 8 3
block 9 3
block 10 3
block 18 3
block 19 3
block 38 3
block 39 3
block 40 3
block 41 3
block 5 4
block 6 4
block 7 4
block 8 4
block 9 4
block 10 4
block 18 4
block 19 4
block 38 4
block 39 4
block 40 4
block 41 4
block 5 5
block 6 5
block 7 5
block 8 5
block 9 5
block 10 5
block 18 5
block 19 5
block 38 5
block 39 5
block 40 5
block 41 5
block 38 6
block 39 6
block 40 6
block 41 6
block 38 7
block 39 7
block 40 7
block 41 7
block 9 8
block 10 8
block 11 8
block 12 8
block 13 8
block 38 8
block 39 8
block 40 8
block 41 8
block 42 8
block 43 8
block 9 9
block 10 9
block 11 9
block 12 9
block 13 9
block 16 9
block 17 9
block 18 9
block 19 9
block 20 9
block 21 9
block 39 9
block 40 9
block 41 9
block 42 9
block 43 9
block 9 10
block 10 10
block 11 10
block 12 10
block 13 10
block 16 10
block 17 10
block 18 10
block 19 10
block 20 10
block 21 10
block 27 10
block 28 10
block 29 10
block 42 10
block 43 10
block 44 10
block 45 10
block 46 10
block 47 10
block 9 11
block 10 11
block 11 11
block 12 11
block 13 11
block 16 11
block 17 11
block 18 11
block 19 11
block 20 11
block 21 11
block 27 11
block 28 11
block 29 11
block 42 11
block 43 11
block 44 11
block 45 11
block 46 11
block 47 11
block 16 12
block 17 12
block 18 12
block 19 12
block 20 12
block 21 12
block 27 12
block 28 12
block 29 12
block 42 12
block 43 12
block 44 12
block 45 12
block 46 12
block 47 12
block 27 13
block 28 13
block 29 13
block 2 14
block 3 14
block 27 14
block 28 14
block 29 14
block 2 15
block 3 15
block 27 15
block 28 15
block 29 15
block 2 16
block 3 16
block 29 16
block 30 16
block 31 16
block 32 16
block 33 16
block 34 16
block 35 16
block 2 17
block 3 17
block 29 17
block 30 17
block 31 17
block 32 17
block 33 17
block 34 17
block 35 17
block 29 18
block 30 18
block 31 18
block 32 18
block 33 18
block 34 18
block 35 18
block 29 19
block 30 19
block 31 19
block 32 19
block 33 19
block 34 19
block 35 19
block 33 20
block 34 20
block 35 20
block 36 20
block 37 20
block 38 20
block 39 20
block 5 21
block 6 21
block 7 21
block 8 21
block 9 21
block 10 21
block 33 21
block 34 21
block 35 21
block 36 21
block 37 21
block 38 21
block 39 21
##BotsAndCoinsInfo
bot_name 0 starter-bot
bot 0 7 7
bot_coins 0 0
coin 5 15
coin 55 6
coin 25 16
coin 35 5
coin 10 19
coin 50 2
coin 55 2
coin 5 19
coin 21 17
coin 37 4
round 1
round 2
round 3
match_over 0
round 4
