match
match_id 1639351594850_ae
match_time 1639351594855
num_bots 1
##MatchConfig
mode FRIENDLY
num_rounds 200
random_seed 42
move_time_limit 5000
coin_spawn_period 5
coin_spawn_volume 10
##MapConfig
map_size 57 32
view_radius 6
mining_radius 1
attack_radius 4
block 49 0
block 50 0
block 51 0
block 52 0
block 53 0
block 54 0
block 55 0
block 49 1
block 50 1
block 49 2
block 50 2
block 10 3
block 11 3
block 12 3
block 13 3
block 14 3
block 15 3
block 49 3
block 50 3
block 10 4
block 11 4
block 12 4
block 13 4
block 14 4
block 15 4
block 16 4
block 17 4
block 18 4
block 49 4
block 50 4
block 10 5
block 11 5
block 12 5
block 13 5
block 14 5
block 15 5
block 16 5
block 17 5
block 18 5
block 36 5
block 37 5
block 38 5
block 39 5
block 40 5
block 41 5
block 42 5
block 10 6
block 11 6
block 12 6
block 13 6
block 14 6
block 15 6
block 16 6
block 17 6
block 18 6
block 36 6
block 37 6
block 38 6
block 39 6
block 40 6
block 41 6
block 42 6
block 13 7
block 14 7
block 15 7
block 16 7
block 17 7
block 18 7
block 36 7
block 37 7
block 38 7
block 39 7
block 40 7
block 41 7
block 42 7
block 13 8
block 14 8
block 15 8
block 16 8
block 17 8
block 18 8
block 42 11
block 43 11
block 44 11
block 45 11
block 46 11
block 47 11
block 42 12
block 43 12
block 44 12
block 45 12
block 46 12
block 47 12
block 19 14
block 20 14
block 21 14
block 22 14
block 19 15
block 20 15
block 21 15
block 22 15
block 19 16
block 20 16
block 21 16
block 22 16
block 35 16
block 36 16
block 18 17
block 19 17
block 20 17
block 21 17
block 35 17
block 36 17
block 47 17
block 48 17
block 49 17
block 50 17
block 51 17
block 52 17
block 18 18
block 19 18
block 20 18
block 21 18
block 35 18
block 36 18
block 47 18
block 48 18
block 49 18
block 50 18
block 51 18
block 52 18
block 18 19
block 19 19
block 20 19
block 21 19
block 35 19
block 36 19
block 47 19
block 48 19
block 49 19
block 50 19
block 51 19
block 52 19
block 17 20
block 18 20
block 19 20
block 20 20
block 21 20
block 35 20
block 36 20
block 47 20
block 48 20
block 49 20
block 50 20
block 51 20
block 52 20
block 17 21
block 18 21
block 19 21
block 35 21
block 36 21
block 47 21
block 48 21
block 49 21
block 50 21
block 51 21
block 52 21
block 17 22
block 18 22
block 19 22
block 27 22
block 28 22
block 27 23
block 28 23
block 27 24
block 28 24
block 27 25
block 28 25
block 29 25
block 30 25
block 27 26
block 28 26
block 29 26
block 30 26
block 44 26
block 45 26
block 46 26
block 47 26
block 27 27
block 28 27
block 44 27
block 45 27
block 46 27
block 47 27
block 37 28
block 38 28
block 44 28
block 45 28
block 46 28
block 47 28
block 37 29
block 38 29
block 44 29
block 45 29
block 46 29
block 47 29
block 44 30
block 45 30
block 46 30
block 47 30
block 49 30
block 50 30
block 51 30
block 44 31
block 45 31
block 46 31
block 47 31
block 49 31
block 50 31
block 51 31
block 52 31
block 53 31
block 54 31
block 55 31
##BotsAndCoinsInfo
bot_name 0 starter-bot
bot 0 23 4
bot_coins 0 0
coin 26 1
coin 30 30
coin 12 1
coin 43 30
coin 6 30
coin 51 1
coin 44 22
coin 12 9
coin 13 2
coin 43 29
round 1
bot 0 23 3
round 2
bot 0 22 3
round 3
bot 0 21 3
round 4
bot 0 21 2
round 5
bot 0 20 2
coin 23 14
coin 33 17
coin 12 12
coin 44 19
coin 26 22
coin 30 9
coin 30 24
coin 26 7
coin 48 31
coin 8 0
round 6
bot 0 19 2
round 7
bot 0 18 2
round 8
round 9
round 10
match_over 0
coin 2 4
coin 54 27
coin 35 14
coin 22 17
coin 48 29
coin 8 2
coin 25 25
coin 31 6
coin 9 4
coin 48 27
round 11
