match
match_id 1639353665011_an
match_time 1639353665016
num_bots 1
##MatchConfig
mode FRIENDLY
num_rounds 200
random_seed 42
move_time_limit 5000
coin_spawn_period 5
coin_spawn_volume 10
##MapConfig
map_size 77 27
view_radius 5
mining_radius 2
attack_radius 3
block 13 0
block 14 0
block 15 0
block 16 0
block 17 0
block 18 0
block 19 0
block 28 0
block 29 0
block 30 0
block 31 0
block 32 0
block 33 0
block 34 0
block 45 0
block 46 0
block 47 0
block 13 1
block 14 1
block 15 1
block 16 1
block 17 1
block 18 1
block 19 1
block 28 1
block 29 1
block 30 1
block 31 1
block 32 1
block 33 1
block 34 1
block 45 1
block 46 1
block 47 1
block 13 2
block 14 2
block 15 2
block 16 2
block 17 2
block 18 2
block 19 2
block 28 2
block 29 2
block 30 2
block 31 2
block 32 2
block 33 2
block 34 2
block 28 3
block 29 3
block 30 3
block 31 3
block 32 3
block 33 3
block 34 3
block 62 11
block 63 11
block 64 11
block 65 11
block 66 11
block 67 11
block 62 12
block 63 12
block 64 12
block 65 12
block 66 12
block 67 12
block 18 13
block 19 13
block 20 13
block 21 13
block 22 13
block 62 13
block 63 13
block 64 13
block 65 13
block 66 13
block 67 13
block 18 14
block 19 14
block 20 14
block 21 14
block 22 14
block 62 14
block 63 14
block 64 14
block 65 14
block 66 14
block 67 14
block 62 15
block 63 15
block 64 15
block 65 15
block 66 15
block 67 15
block 36 20
block 37 20
block 38 20
block 39 20
block 40 20
block 68 20
block 69 20
block 70 20
block 71 20
block 72 20
block 73 20
block 74 20
block 36 21
block 37 21
block 38 21
block 39 21
block 40 21
block 68 21
block 69 21
block 70 21
block 71 21
block 72 21
block 73 21
block 74 21
block 36 22
block 37 22
block 38 22
block 39 22
block 40 22
block 45 25
block 46 25
block 47 25
block 13 26
block 14 26
block 15 26
block 16 26
block 17 26
block 18 26
block 19 26
block 28 26
block 29 26
block 30 26
block 31 26
block 32 26
block 33 26
block 34 26
block 45 26
block 46 26
block 47 26
##BotsAndCoinsInfo
bot_name 0 starter-bot
bot 0 15 4
bot_coins 0 0
coin 29 4
coin 47 22
coin 41 17
coin 35 9
coin 47 16
coin 29 10
coin 1 20
coin 75 6
coin 76 2
coin 0 24
round 1
round 2
round 3
match_over 0
round 4
