match
match_id 1639152537436_bg
match_time 1639152537461
num_bots 1
##MatchConfig
mode FRIENDLY
num_rounds 200
random_seed 42
move_time_limit 1000
coin_spawn_period 5
coin_spawn_volume 2
##MapConfig
map_size 76 33
view_radius 6
mining_radius 2
attack_radius 3
block 0 0
block 1 0
block 2 0
block 38 0
block 39 0
block 70 0
block 71 0
block 72 0
block 73 0
block 0 1
block 1 1
block 2 1
block 38 1
block 39 1
block 40 1
block 41 1
block 70 1
block 71 1
block 72 1
block 73 1
block 19 2
block 20 2
block 21 2
block 22 2
block 23 2
block 24 2
block 38 2
block 39 2
block 40 2
block 41 2
block 70 2
block 71 2
block 72 2
block 73 2
block 19 3
block 20 3
block 21 3
block 22 3
block 23 3
block 24 3
block 38 3
block 39 3
block 40 3
block 41 3
block 64 3
block 65 3
block 19 4
block 20 4
block 21 4
block 22 4
block 23 4
block 24 4
block 38 4
block 39 4
block 64 4
block 65 4
block 11 5
block 12 5
block 13 5
block 14 5
block 15 5
block 16 5
block 19 5
block 20 5
block 21 5
block 22 5
block 23 5
block 24 5
block 61 5
block 62 5
block 63 5
block 64 5
block 65 5
block 11 6
block 12 6
block 13 6
block 14 6
block 15 6
block 16 6
block 61 6
block 62 6
block 63 6
block 64 6
block 65 6
block 11 7
block 12 7
block 13 7
block 14 7
block 15 7
block 16 7
block 61 7
block 62 7
block 63 7
block 64 7
block 65 7
block 11 8
block 12 8
block 13 8
block 14 8
block 15 8
block 16 8
block 24 8
block 25 8
block 26 8
block 27 8
block 61 8
block 62 8
block 63 8
block 64 8
block 11 9
block 12 9
block 13 9
block 14 9
block 15 9
block 16 9
block 24 9
block 25 9
block 26 9
block 27 9
block 61 9
block 62 9
block 63 9
block 64 9
block 11 10
block 12 10
block 13 10
block 14 10
block 15 10
block 16 10
block 24 10
block 25 10
block 26 10
block 27 10
block 24 11
block 25 11
block 26 11
block 27 11
block 63 12
block 64 12
block 65 12
block 63 13
block 64 13
block 65 13
block 63 14
block 64 14
block 65 14
block 0 18
block 1 18
block 14 18
block 15 18
block 16 18
block 68 18
block 69 18
block 70 18
block 75 18
block 0 19
block 1 19
block 14 19
block 15 19
block 16 19
block 68 19
block 69 19
block 70 19
block 75 19
block 14 20
block 15 20
block 16 20
block 21 20
block 22 20
block 23 20
block 24 20
block 35 20
block 36 20
block 37 20
block 38 20
block 68 20
block 69 20
block 70 20
block 14 21
block 15 21
block 16 21
block 21 21
block 22 21
block 23 21
block 24 21
block 35 21
block 36 21
block 37 21
block 38 21
block 68 21
block 69 21
block 70 21
block 14 22
block 15 22
block 16 22
block 21 22
block 22 22
block 23 22
block 24 22
block 35 22
block 36 22
block 37 22
block 38 22
block 68 22
block 69 22
block 70 22
block 35 23
block 36 23
block 37 23
block 38 23
block 8 24
block 9 24
block 0 25
block 1 25
block 2 25
block 3 25
block 4 25
block 5 25
block 8 25
block 9 25
block 0 26
block 1 26
block 2 26
block 3 26
block 4 26
block 5 26
block 8 26
block 9 26
block 34 26
block 35 26
block 41 26
block 42 26
block 43 26
block 44 26
block 0 27
block 1 27
block 2 27
block 3 27
block 4 27
block 5 27
block 8 27
block 9 27
block 34 27
block 35 27
block 41 27
block 42 27
block 43 27
block 44 27
block 0 28
block 1 28
block 2 28
block 3 28
block 4 28
block 5 28
block 8 28
block 9 28
block 34 28
block 35 28
block 0 29
block 1 29
block 2 29
block 3 29
block 4 29
block 5 29
block 8 29
block 9 29
block 34 29
block 35 29
block 0 30
block 1 30
block 2 30
block 3 30
block 4 30
block 5 30
block 34 30
block 35 30
block 0 31
block 1 31
block 2 31
block 70 31
block 71 31
block 72 31
block 73 31
block 0 32
block 1 32
block 2 32
block 38 32
block 39 32
block 70 32
block 71 32
block 72 32
block 73 32
##BotsAndCoinsInfo
bot_name 0 starter-bot
bot 0 10 12
bot_coins 0 0
coin 26 15
coin 49 17
round 1
round 2
round 3
round 4
round 5
coin 12 4
coin 63 28
round 6
round 7
round 8
round 9
round 10
coin 6 19
coin 69 13
round 11
round 12
round 13
round 14
round 15
coin 25 2
coin 50 30
round 16
match_over 0
round 17
