match
match_id 1639343562665_ac
match_time 1639343562672
num_bots 1
##MatchConfig
mode FRIENDLY
num_rounds 200
random_seed 42
move_time_limit 5000
coin_spawn_period 5
coin_spawn_volume 10
##MapConfig
map_size 68 35
view_radius 6
mining_radius 1
attack_radius 4
block 33 1
block 34 1
block 35 1
block 36 1
block 37 1
block 33 2
block 34 2
block 35 2
block 36 2
block 37 2
block 21 9
block 22 9
block 23 9
block 24 9
block 1 10
block 2 10
block 3 10
block 4 10
block 5 10
block 6 10
block 8 10
block 9 10
block 13 10
block 14 10
block 15 10
block 21 10
block 22 10
block 23 10
block 24 10
block 54 10
block 55 10
block 56 10
block 57 10
block 58 10
block 59 10
block 1 11
block 2 11
block 3 11
block 4 11
block 5 11
block 6 11
block 8 11
block 9 11
block 13 11
block 14 11
block 15 11
block 21 11
block 22 11
block 23 11
block 24 11
block 54 11
block 55 11
block 56 11
block 57 11
block 58 11
block 59 11
block 63 11
block 64 11
block 65 11
block 1 12
block 2 12
block 3 12
block 4 12
block 5 12
block 6 12
block 13 12
block 14 12
block 15 12
block 21 12
block 22 12
block 23 12
block 24 12
block 54 12
block 55 12
block 56 12
block 57 12
block 58 12
block 59 12
block 63 12
block 64 12
block 65 12
block 13 13
block 14 13
block 15 13
block 21 13
block 22 13
block 23 13
block 24 13
block 63 13
block 64 13
block 65 13
block 0 14
block 1 14
block 2 14
block 13 14
block 14 14
block 15 14
block 21 14
block 22 14
block 23 14
block 24 14
block 48 14
block 49 14
block 50 14
block 51 14
block 52 14
block 53 14
block 54 14
block 63 14
block 64 14
block 65 14
block 67 14
block 0 15
block 1 15
block 2 15
block 19 15
block 20 15
block 21 15
block 22 15
block 34 15
block 35 15
block 36 15
block 48 15
block 49 15
block 50 15
block 51 15
block 52 15
block 53 15
block 54 15
block 62 15
block 63 15
block 64 15
block 65 15
block 67 15
block 0 16
block 1 16
block 2 16
block 18 16
block 19 16
block 20 16
block 21 16
block 22 16
block 34 16
block 35 16
block 36 16
block 37 16
block 38 16
block 39 16
block 40 16
block 43 16
block 44 16
block 45 16
block 48 16
block 49 16
block 50 16
block 51 16
block 52 16
block 53 16
block 54 16
block 62 16
block 63 16
block 64 16
block 65 16
block 67 16
block 0 17
block 1 17
block 2 17
block 18 17
block 19 17
block 20 17
block 21 17
block 37 17
block 38 17
block 39 17
block 40 17
block 43 17
block 44 17
block 45 17
block 48 17
block 49 17
block 50 17
block 51 17
block 52 17
block 53 17
block 54 17
block 62 17
block 63 17
block 64 17
block 65 17
block 67 17
block 0 18
block 1 18
block 2 18
block 18 18
block 19 18
block 20 18
block 21 18
block 34 18
block 35 18
block 36 18
block 37 18
block 38 18
block 39 18
block 40 18
block 62 18
block 63 18
block 64 18
block 65 18
block 67 18
block 0 19
block 1 19
block 2 19
block 18 19
block 19 19
block 20 19
block 21 19
block 34 19
block 35 19
block 36 19
block 37 19
block 38 19
block 39 19
block 40 19
block 62 19
block 63 19
block 64 19
block 65 19
block 67 19
block 0 20
block 1 20
block 2 20
block 18 20
block 19 20
block 20 20
block 21 20
block 34 20
block 35 20
block 36 20
block 37 20
block 38 20
block 39 20
block 40 20
block 62 20
block 63 20
block 64 20
block 65 20
block 67 20
block 0 21
block 34 21
block 35 21
block 36 21
block 37 21
block 38 21
block 39 21
block 40 21
block 66 21
block 67 21
block 0 22
block 34 22
block 35 22
block 36 22
block 37 22
block 38 22
block 39 22
block 40 22
block 66 22
block 67 22
block 0 23
block 34 23
block 35 23
block 36 23
block 37 23
block 38 23
block 39 23
block 40 23
block 66 23
block 67 23
block 0 24
block 34 24
block 35 24
block 36 24
block 37 24
block 38 24
block 39 24
block 40 24
block 66 24
block 67 24
block 0 25
block 21 25
block 22 25
block 23 25
block 24 25
block 25 25
block 26 25
block 66 25
block 67 25
block 0 26
block 21 26
block 22 26
block 23 26
block 24 26
block 25 26
block 26 26
block 36 26
block 37 26
block 38 26
block 39 26
block 41 26
block 42 26
block 43 26
block 44 26
block 45 26
block 46 26
block 47 26
block 49 26
block 50 26
block 51 26
block 52 26
block 53 26
block 54 26
block 55 26
block 66 26
block 67 26
block 0 27
block 21 27
block 22 27
block 23 27
block 24 27
block 25 27
block 26 27
block 36 27
block 37 27
block 38 27
block 39 27
block 41 27
block 42 27
block 43 27
block 44 27
block 45 27
block 46 27
block 47 27
block 49 27
block 50 27
block 51 27
block 52 27
block 53 27
block 54 27
block 55 27
block 66 27
block 67 27
block 21 28
block 22 28
block 23 28
block 24 28
block 25 28
block 26 28
block 36 28
block 37 28
block 38 28
block 39 28
block 41 28
block 42 28
block 43 28
block 44 28
block 45 28
block 46 28
block 47 28
block 21 29
block 22 29
block 23 29
block 24 29
block 25 29
block 26 29
block 29 29
block 30 29
block 31 29
block 36 29
block 37 29
block 38 29
block 39 29
block 41 29
block 42 29
block 43 29
block 44 29
block 45 29
block 46 29
block 47 29
block 24 30
block 25 30
block 29 30
block 30 30
block 31 30
block 36 30
block 37 30
block 38 30
block 39 30
block 41 30
block 42 30
block 43 30
block 44 30
block 45 30
block 46 30
block 47 30
block 24 31
block 25 31
block 29 31
block 30 31
block 31 31
block 36 31
block 37 31
block 38 31
block 39 31
block 41 31
block 42 31
block 43 31
block 44 31
block 45 31
block 46 31
block 47 31
block 24 32
block 25 32
block 29 32
block 30 32
block 31 32
block 24 33
block 25 33
##BotsAndCoinsInfo
bot_name 0 starter-bot
bot 0 35 17
bot_coins 0 0
coin 26 33
coin 41 1
coin 1 24
coin 66 10
coin 26 24
coin 41 10
coin 17 3
coin 50 31
coin 35 3
coin 32 31
round 1
round 2
round 3
match_over 0
round 4
