match
match_id 1639151950557_ar
match_time 1639151950560
num_bots 1
##MatchConfig
mode FRIENDLY
num_rounds 200
random_seed 42
move_time_limit 1000
coin_spawn_period 5
coin_spawn_volume 2
##MapConfig
map_size 55 34
view_radius 6
mining_radius 2
attack_radius 4
block 16 0
block 17 0
block 18 0
block 20 0
block 21 0
block 22 0
block 23 0
block 24 0
block 25 0
block 26 0
block 16 1
block 17 1
block 18 1
block 20 1
block 21 1
block 22 1
block 23 1
block 24 1
block 25 1
block 26 1
block 16 2
block 17 2
block 18 2
block 20 2
block 21 2
block 22 2
block 23 2
block 24 2
block 25 2
block 26 2
block 49 2
block 50 2
block 51 2
block 52 2
block 53 2
block 54 2
block 20 3
block 21 3
block 22 3
block 23 3
block 24 3
block 25 3
block 26 3
block 49 3
block 50 3
block 51 3
block 52 3
block 53 3
block 54 3
block 9 4
block 10 4
block 11 4
block 12 4
block 13 4
block 14 4
block 15 4
block 20 4
block 21 4
block 22 4
block 23 4
block 24 4
block 25 4
block 26 4
block 49 4
block 50 4
block 51 4
block 52 4
block 53 4
block 54 4
block 9 5
block 10 5
block 11 5
block 12 5
block 13 5
block 14 5
block 15 5
block 49 5
block 50 5
block 51 5
block 52 5
block 53 5
block 54 5
block 9 6
block 10 6
block 11 6
block 12 6
block 13 6
block 14 6
block 15 6
block 49 6
block 50 6
block 51 6
block 52 6
block 53 6
block 54 6
block 32 7
block 33 7
block 49 7
block 50 7
block 51 7
block 52 7
block 53 7
block 54 7
block 27 8
block 28 8
block 29 8
block 32 8
block 33 8
block 49 8
block 50 8
block 51 8
block 52 8
block 53 8
block 54 8
block 27 9
block 28 9
block 29 9
block 32 9
block 33 9
block 27 10
block 28 10
block 29 10
block 32 10
block 33 10
block 27 11
block 28 11
block 29 11
block 32 11
block 33 11
block 27 12
block 28 12
block 29 12
block 32 12
block 33 12
block 27 13
block 28 13
block 29 13
block 27 14
block 28 14
block 29 14
block 48 14
block 49 14
block 50 14
block 51 14
block 48 15
block 49 15
block 50 15
block 51 15
block 44 16
block 45 16
block 46 16
block 48 16
block 49 16
block 50 16
block 51 16
block 44 17
block 45 17
block 46 17
block 48 17
block 49 17
block 50 17
block 51 17
block 44 18
block 45 18
block 46 18
block 48 18
block 49 18
block 50 18
block 51 18
block 32 19
block 33 19
block 34 19
block 35 19
block 36 19
block 37 19
block 38 19
block 10 20
block 11 20
block 12 20
block 13 20
block 14 20
block 15 20
block 16 20
block 32 20
block 33 20
block 34 20
block 35 20
block 36 20
block 37 20
block 38 20
block 46 20
block 47 20
block 10 21
block 11 21
block 12 21
block 13 21
block 14 21
block 15 21
block 16 21
block 32 21
block 33 21
block 34 21
block 35 21
block 36 21
block 37 21
block 38 21
block 46 21
block 47 21
block 32 22
block 33 22
block 34 22
block 35 22
block 36 22
block 37 22
block 38 22
block 46 22
block 47 22
block 46 23
block 47 23
block 13 24
block 14 24
block 15 24
block 16 24
block 17 24
block 18 24
block 46 24
block 47 24
block 13 25
block 14 25
block 15 25
block 16 25
block 17 25
block 18 25
block 46 25
block 47 25
block 13 26
block 14 26
block 15 26
block 16 26
block 17 26
block 18 26
block 46 26
block 47 26
block 12 27
block 13 27
block 14 27
block 15 27
block 16 27
block 17 27
block 18 27
block 46 27
block 47 27
block 12 28
block 13 28
block 14 28
block 15 28
block 16 28
block 17 28
block 18 28
block 10 29
block 11 29
block 12 29
block 13 29
block 14 29
block 15 29
block 16 29
block 17 29
block 10 30
block 11 30
block 12 30
block 18 30
block 19 30
block 20 30
block 10 31
block 11 31
block 12 31
block 18 31
block 19 31
block 20 31
block 10 32
block 11 32
block 12 32
block 18 32
block 19 32
block 20 32
block 18 33
block 19 33
block 20 33
##BotsAndCoinsInfo
bot_name 0 starter-bot
bot 0 41 27
bot_coins 0 0
coin 40 11
coin 14 22
round 1
bot 0 41 26
round 2
bot 0 41 25
round 3
bot 0 41 24
round 4
bot 0 41 23
round 5
bot 0 41 22
coin 8 12
coin 45 21
round 6
bot 0 41 21
round 7
bot 0 41 20
round 8
bot 0 42 20
round 9
bot 0 43 20
round 10
bot 0 44 20
coin_collected 45 21 0
bot_coins 0 1
coin 25 9
coin 29 24
round 11
bot 0 45 20
round 12
round 13
round 14
bot 0 44 19
round 15
bot 0 43 18
coin 45 12
coin 9 21
round 16
bot 0 42 17
round 17
bot 0 41 16
round 18
bot 0 40 15
round 19
bot 0 39 14
round 20
bot 0 38 13
coin 0 7
coin 54 26
round 21
bot 0 37 12
round 22
bot 0 36 11
round 23
bot 0 35 10
round 24
bot 0 34 9
round 25
coin 22 12
coin 31 21
round 26
round 27
round 28
round 29
round 30
coin 46 14
coin 8 19
round 31
bot 0 35 10
round 32
bot 0 36 11
round 33
bot 0 37 12
round 34
bot 0 38 13
round 35
bot 0 39 14
coin 45 14
coin 9 19
round 36
bot 0 40 15
round 37
bot 0 41 16
round 38
bot 0 42 17
round 39
bot 0 43 18
round 40
bot 0 43 19
coin 26 8
coin 28 25
round 41
bot 0 43 20
round 42
bot 0 43 21
round 43
bot 0 43 22
round 44
bot 0 43 23
round 45
bot 0 43 24
coin 33 15
coin 21 18
round 46
bot 0 43 25
round 47
bot 0 43 26
round 48
bot 0 43 27
round 49
bot 0 42 26
round 50
bot 0 41 25
coin 10 11
coin 44 22
round 51
bot 0 40 24
round 52
bot 0 39 23
round 53
round 54
round 55
coin 36 33
coin 19 0
round 56
round 57
bot 0 38 24
round 58
bot 0 37 25
round 59
bot 0 36 26
round 60
bot 0 35 27
coin 23 33
coin 31 0
round 61
bot 0 34 28
round 62
bot 0 33 29
round 63
bot 0 32 30
round 64
bot 0 31 31
round 65
bot 0 30 32
coin 10 19
coin 44 14
round 66
bot 0 30 33
coin_collected 31 0 0
bot_coins 0 2
round 67
bot 0 30 0
round 68
bot 0 30 1
round 69
bot 0 30 2
round 70
bot 0 30 3
coin 37 32
coin 17 3
round 71
bot 0 30 4
round 72
bot 0 30 5
round 73
bot 0 30 6
round 74
bot 0 30 7
round 75
bot 0 30 8
coin 0 14
coin 54 19
round 76
bot 0 30 9
round 77
bot 0 30 10
round 78
bot 0 30 11
round 79
bot 0 30 12
round 80
bot 0 30 13
coin 45 25
coin 9 8
round 81
bot 0 31 13
round 82
bot 0 32 13
round 83
bot 0 33 13
coin_collected 33 15 0
bot_coins 0 3
round 84
bot 0 34 13
round 85
bot 0 35 13
coin 32 27
coin 22 6
round 86
bot 0 36 13
round 87
bot 0 37 13
round 88
bot 0 38 13
round 89
bot 0 39 13
round 90
bot 0 38 14
coin 31 9
coin 23 24
round 91
bot 0 37 15
round 92
bot 0 36 16
round 93
bot 0 35 17
round 94
bot 0 34 18
round 95
coin 43 2
coin 9 31
round 96
round 97
round 98
round 99
round 100
coin 24 31
coin 30 2
round 101
round 102
round 103
round 104
round 105
bot 0 35 17
coin 23 29
coin 31 4
round 106
bot 0 36 16
round 107
bot 0 37 15
round 108
bot 0 38 14
round 109
bot 0 39 13
round 110
bot 0 40 12
coin_collected 40 11 0
bot_coins 0 4
coin 10 10
coin 44 23
round 111
bot 0 41 11
round 112
bot 0 42 11
round 113
bot 0 43 11
round 114
bot 0 44 11
coin_collected 45 12 0
bot_coins 0 5
round 115
bot 0 45 11
coin 12 19
coin 42 14
round 116
bot 0 46 11
round 117
bot 0 47 11
round 118
bot 0 48 11
round 119
round 120
coin 7 9
coin 48 24
round 121
round 122
round 123
round 124
round 125
bot 0 47 12
coin 48 8
coin 6 25
round 126
bot 0 46 13
coin_collected 45 14 0
bot_coins 0 6
coin_collected 46 14 0
bot_coins 0 7
round 127
bot 0 45 14
coin_collected 44 14 0
bot_coins 0 8
round 128
bot 0 44 15
round 129
bot 0 43 16
round 130
bot 0 42 17
coin 8 14
coin 46 19
round 131
bot 0 41 18
round 132
bot 0 40 19
round 133
bot 0 41 19
round 134
bot 0 42 19
round 135
bot 0 43 19
coin 35 18
coin 19 15
round 136
bot 0 44 19
coin_collected 46 19 0
bot_coins 0 9
round 137
bot 0 45 19
round 138
bot 0 46 19
round 139
bot 0 47 19
round 140
bot 0 47 18
coin 33 1
coin 21 32
round 141
bot 0 47 17
round 142
bot 0 47 16
round 143
bot 0 47 15
round 144
bot 0 47 14
round 145
bot 0 47 13
coin 16 23
coin 38 10
round 146
bot 0 47 12
round 147
bot 0 47 11
round 148
bot 0 47 10
round 149
bot 0 47 9
coin_collected 48 8 0
bot_coins 0 10
round 150
bot 0 47 8
coin 12 7
coin 42 26
round 151
bot 0 47 7
round 152
bot 0 47 6
round 153
bot 0 47 5
round 154
bot 0 47 4
round 155
bot 0 47 3
coin 37 9
coin 17 23
round 156
bot 0 47 2
round 157
bot 0 46 2
round 158
bot 0 45 2
coin_collected 43 2 0
bot_coins 0 11
round 159
bot 0 44 2
round 160
bot 0 43 2
coin 4 2
coin 50 31
round 161
bot 0 42 2
round 162
bot 0 41 2
round 163
bot 0 40 2
round 164
bot 0 39 1
round 165
bot 0 38 0
coin 38 11
coin 16 22
round 166
bot 0 37 33
coin_collected 36 33 0
bot_coins 0 12
coin_collected 37 32 0
bot_coins 0 13
round 167
bot 0 36 32
round 168
bot 0 35 31
round 169
bot 0 34 30
round 170
bot 0 33 29
coin 45 3
coin 9 30
round 171
bot 0 32 28
coin_collected 32 27 0
bot_coins 0 14
round 172
bot 0 32 29
round 173
bot 0 32 30
round 174
bot 0 32 31
round 175
bot 0 32 32
coin 5 7
coin 49 26
round 176
bot 0 32 33
round 177
bot 0 32 0
coin_collected 33 1 0
bot_coins 0 15
round 178
bot 0 32 1
round 179
bot 0 32 2
coin_collected 30 2 0
bot_coins 0 16
round 180
bot 0 32 3
coin_collected 31 4 0
bot_coins 0 17
coin 13 3
coin 41 30
round 181
bot 0 31 4
round 182
bot 0 30 5
round 183
bot 0 29 6
round 184
bot 0 28 7
round 185
coin 23 7
coin 31 26
round 186
round 187
round 188
bot 0 28 6
round 189
bot 0 28 5
round 190
bot 0 28 4
coin 51 22
coin 3 11
round 191
bot 0 28 3
round 192
bot 0 28 2
round 193
bot 0 28 1
round 194
bot 0 28 0
round 195
bot 0 28 33
coin 10 13
coin 44 20
round 196
bot 0 27 32
round 197
bot 0 26 31
coin_collected 24 31 0
bot_coins 0 18
round 198
bot 0 25 30
round 199
bot 0 24 29
coin_collected 23 29 0
bot_coins 0 19
round 200
bot 0 23 28
coin 10 22
coin 44 11
match_over 0
