match
match_id 1639351771179_ag
match_time 1639351771186
num_bots 1
##MatchConfig
mode FRIENDLY
num_rounds 200
random_seed 42
move_time_limit 5000
coin_spawn_period 5
coin_spawn_volume 10
##MapConfig
map_size 69 22
view_radius 6
mining_radius 1
attack_radius 4
block 20 0
block 21 0
block 33 0
block 34 0
block 35 0
block 53 0
block 54 0
block 55 0
block 56 0
block 57 0
block 60 0
block 61 0
block 62 0
block 20 1
block 21 1
block 33 1
block 34 1
block 35 1
block 60 1
block 61 1
block 62 1
block 63 1
block 64 1
block 16 2
block 17 2
block 18 2
block 19 2
block 20 2
block 21 2
block 33 2
block 34 2
block 35 2
block 55 2
block 56 2
block 57 2
block 60 2
block 61 2
block 62 2
block 63 2
block 64 2
block 14 3
block 15 3
block 16 3
block 17 3
block 18 3
block 19 3
block 20 3
block 21 3
block 22 3
block 23 3
block 35 3
block 36 3
block 37 3
block 38 3
block 39 3
block 55 3
block 56 3
block 57 3
block 60 3
block 61 3
block 62 3
block 63 3
block 64 3
block 14 4
block 15 4
block 16 4
block 17 4
block 18 4
block 19 4
block 20 4
block 21 4
block 22 4
block 23 4
block 27 4
block 28 4
block 29 4
block 35 4
block 36 4
block 37 4
block 38 4
block 39 4
block 55 4
block 56 4
block 57 4
block 60 4
block 61 4
block 62 4
block 63 4
block 64 4
block 14 5
block 15 5
block 16 5
block 17 5
block 18 5
block 19 5
block 20 5
block 21 5
block 22 5
block 23 5
block 27 5
block 28 5
block 29 5
block 35 5
block 36 5
block 37 5
block 38 5
block 39 5
block 55 5
block 56 5
block 57 5
block 0 6
block 1 6
block 2 6
block 14 6
block 15 6
block 16 6
block 17 6
block 27 6
block 28 6
block 29 6
block 35 6
block 36 6
block 37 6
block 38 6
block 39 6
block 55 6
block 56 6
block 57 6
block 65 6
block 66 6
block 67 6
block 68 6
block 0 7
block 1 7
block 2 7
block 27 7
block 28 7
block 29 7
block 65 7
block 66 7
block 67 7
block 68 7
block 0 8
block 1 8
block 2 8
block 23 8
block 24 8
block 25 8
block 41 8
block 42 8
block 65 8
block 66 8
block 67 8
block 68 8
block 0 9
block 1 9
block 2 9
block 12 9
block 13 9
block 16 9
block 17 9
block 18 9
block 19 9
block 20 9
block 23 9
block 24 9
block 25 9
block 41 9
block 42 9
block 65 9
block 66 9
block 67 9
block 68 9
block 0 10
block 12 10
block 13 10
block 16 10
block 17 10
block 18 10
block 19 10
block 20 10
block 23 10
block 24 10
block 25 10
block 41 10
block 42 10
block 65 10
block 66 10
block 67 10
block 68 10
block 0 11
block 16 11
block 17 11
block 18 11
block 19 11
block 20 11
block 41 11
block 42 11
block 56 11
block 57 11
block 58 11
block 59 11
block 60 11
block 61 11
block 62 11
block 65 11
block 66 11
block 67 11
block 68 11
block 16 12
block 17 12
block 18 12
block 19 12
block 20 12
block 27 12
block 28 12
block 29 12
block 30 12
block 32 12
block 33 12
block 41 12
block 42 12
block 56 12
block 57 12
block 58 12
block 59 12
block 60 12
block 61 12
block 62 12
block 0 13
block 1 13
block 2 13
block 3 13
block 4 13
block 5 13
block 16 13
block 17 13
block 18 13
block 19 13
block 20 13
block 27 13
block 28 13
block 29 13
block 30 13
block 32 13
block 33 13
block 36 13
block 37 13
block 41 13
block 42 13
block 43 13
block 56 13
block 57 13
block 58 13
block 59 13
block 60 13
block 61 13
block 62 13
block 0 14
block 1 14
block 2 14
block 3 14
block 4 14
block 5 14
block 27 14
block 28 14
block 29 14
block 30 14
block 32 14
block 33 14
block 36 14
block 37 14
block 38 14
block 41 14
block 42 14
block 43 14
block 56 14
block 57 14
block 58 14
block 59 14
block 60 14
block 61 14
block 62 14
block 25 15
block 26 15
block 27 15
block 32 15
block 33 15
block 36 15
block 37 15
block 38 15
block 41 15
block 42 15
block 43 15
block 49 15
block 50 15
block 56 15
block 57 15
block 58 15
block 59 15
block 60 15
block 61 15
block 62 15
block 25 16
block 26 16
block 27 16
block 32 16
block 33 16
block 36 16
block 37 16
block 38 16
block 41 16
block 42 16
block 43 16
block 49 16
block 50 16
block 56 16
block 57 16
block 58 16
block 59 16
block 60 16
block 61 16
block 62 16
block 25 17
block 26 17
block 27 17
block 32 17
block 33 17
block 36 17
block 37 17
block 38 17
block 41 17
block 42 17
block 43 17
block 49 17
block 50 17
block 53 17
block 54 17
block 56 17
block 57 17
block 58 17
block 59 17
block 60 17
block 61 17
block 62 17
block 25 18
block 26 18
block 27 18
block 33 18
block 34 18
block 35 18
block 36 18
block 37 18
block 38 18
block 39 18
block 40 18
block 49 18
block 50 18
block 53 18
block 54 18
block 58 18
block 59 18
block 33 19
block 34 19
block 35 19
block 36 19
block 37 19
block 38 19
block 39 19
block 40 19
block 49 19
block 50 19
block 53 19
block 54 19
block 58 19
block 59 19
block 33 20
block 34 20
block 35 20
block 36 20
block 37 20
block 38 20
block 39 20
block 40 20
block 49 20
block 50 20
block 53 20
block 54 20
block 58 20
block 59 20
block 33 21
block 34 21
block 35 21
block 49 21
block 50 21
block 53 21
block 54 21
block 55 21
block 56 21
block 57 21
block 58 21
block 59 21
block 60 21
block 61 21
block 62 21
##BotsAndCoinsInfo
bot_name 0 starter-bot
bot 0 22 6
bot_coins 0 0
coin 29 15
coin 40 6
coin 9 16
coin 59 5
coin 30 19
coin 38 2
coin 5 2
coin 63 19
coin 7 17
coin 61 5
round 1
bot 0 22 7
round 2
bot 0 21 7
round 3
bot 0 20 7
round 4
bot 0 19 7
round 5
bot 0 18 7
coin 23 18
coin 45 3
coin 48 0
coin 20 21
coin 59 0
coin 9 21
coin 32 20
coin 36 1
coin 46 9
coin 22 12
round 6
bot 0 17 7
round 7
bot 0 16 7
round 8
bot 0 15 7
round 9
bot 0 14 7
round 10
bot 0 13 7
coin 14 15
coin 54 6
coin 22 9
coin 46 12
coin 26 19
coin 42 2
coin 61 6
coin 7 15
coin 57 18
coin 11 3
round 11
bot 0 12 7
round 12
bot 0 11 7
round 13
bot 0 10 7
round 14
bot 0 9 7
round 15
bot 0 8 7
coin 43 4
coin 24 17
coin 65 13
coin 3 8
coin 62 5
coin 6 16
coin 43 11
coin 26 10
coin 7 4
coin 61 18
round 16
bot 0 8 6
round 17
bot 0 8 5
round 18
bot 0 7 5
coin_collected 7 4 0
bot_coins 0 1
round 19
bot 0 6 5
round 20
bot 0 5 5
coin 32 3
coin 35 17
coin 14 13
coin 54 8
coin 41 6
coin 28 15
coin 37 7
coin 31 14
coin 25 11
coin 43 10
round 21
bot 0 4 5
round 22
bot 0 3 5
round 23
bot 0 2 5
round 24
bot 0 1 5
round 25
bot 0 0 5
coin 37 2
coin 31 19
coin 32 4
coin 35 16
coin 68 2
coin 0 19
coin 28 17
coin 40 4
coin 9 15
coin 59 6
round 26
round 27
round 28
match_over 0
round 29
