match
match_id 1639337026235_aa
match_time 1639337026288
num_bots 1
##MatchConfig
mode FRIENDLY
num_rounds 200
random_seed 42
move_time_limit 5000
coin_spawn_period 5
coin_spawn_volume 10
##MapConfig
map_size 69 33
view_radius 6
mining_radius 2
attack_radius 3
block 0 0
block 1 0
block 2 0
block 3 0
block 4 0
block 5 0
block 6 0
block 7 0
block 29 0
block 30 0
block 31 0
block 32 0
block 33 0
block 34 0
block 35 0
block 37 0
block 38 0
block 39 0
block 0 1
block 1 1
block 2 1
block 3 1
block 4 1
block 5 1
block 6 1
block 7 1
block 29 1
block 30 1
block 31 1
block 32 1
block 33 1
block 34 1
block 35 1
block 37 1
block 38 1
block 39 1
block 0 2
block 1 2
block 2 2
block 3 2
block 4 2
block 5 2
block 6 2
block 0 3
block 1 3
block 2 3
block 3 3
block 4 3
block 5 3
block 6 3
block 0 4
block 1 4
block 2 4
block 3 4
block 4 4
block 5 4
block 6 4
block 2 5
block 3 5
block 4 5
block 5 5
block 6 5
block 35 5
block 36 5
block 4 6
block 5 6
block 28 6
block 29 6
block 30 6
block 31 6
block 35 6
block 36 6
block 4 7
block 5 7
block 28 7
block 29 7
block 30 7
block 31 7
block 35 7
block 36 7
block 4 8
block 5 8
block 28 8
block 29 8
block 30 8
block 31 8
block 35 8
block 36 8
block 53 8
block 54 8
block 55 8
block 56 8
block 57 8
block 58 8
block 59 8
block 4 9
block 5 9
block 28 9
block 29 9
block 30 9
block 31 9
block 35 9
block 36 9
block 49 9
block 50 9
block 53 9
block 54 9
block 55 9
block 56 9
block 57 9
block 58 9
block 59 9
block 7 10
block 8 10
block 9 10
block 10 10
block 11 10
block 12 10
block 35 10
block 36 10
block 49 10
block 50 10
block 7 11
block 8 11
block 9 11
block 10 11
block 11 11
block 12 11
block 35 11
block 36 11
block 49 11
block 50 11
block 7 12
block 8 12
block 9 12
block 10 12
block 11 12
block 12 12
block 40 12
block 41 12
block 42 12
block 43 12
block 44 12
block 45 12
block 46 12
block 47 12
block 48 12
block 49 12
block 50 12
block 7 13
block 8 13
block 9 13
block 10 13
block 11 13
block 12 13
block 40 13
block 41 13
block 42 13
block 43 13
block 44 13
block 45 13
block 46 13
block 47 13
block 48 13
block 49 13
block 50 13
block 40 14
block 41 14
block 42 14
block 43 14
block 44 14
block 45 14
block 46 14
block 47 14
block 48 14
block 56 14
block 57 14
block 58 14
block 40 15
block 41 15
block 42 15
block 43 15
block 44 15
block 45 15
block 46 15
block 47 15
block 48 15
block 56 15
block 57 15
block 58 15
block 7 16
block 8 16
block 9 16
block 10 16
block 11 16
block 25 16
block 26 16
block 27 16
block 28 16
block 42 16
block 43 16
block 44 16
block 45 16
block 46 16
block 47 16
block 48 16
block 56 16
block 57 16
block 58 16
block 7 17
block 8 17
block 9 17
block 10 17
block 11 17
block 16 17
block 17 17
block 18 17
block 19 17
block 20 17
block 21 17
block 22 17
block 25 17
block 26 17
block 27 17
block 28 17
block 42 17
block 43 17
block 44 17
block 45 17
block 46 17
block 47 17
block 48 17
block 56 17
block 57 17
block 58 17
block 0 18
block 1 18
block 2 18
block 7 18
block 8 18
block 9 18
block 10 18
block 11 18
block 16 18
block 17 18
block 18 18
block 19 18
block 20 18
block 21 18
block 22 18
block 25 18
block 26 18
block 27 18
block 28 18
block 56 18
block 57 18
block 58 18
block 65 18
block 66 18
block 67 18
block 68 18
block 0 19
block 1 19
block 2 19
block 7 19
block 8 19
block 9 19
block 10 19
block 11 19
block 16 19
block 17 19
block 18 19
block 19 19
block 20 19
block 21 19
block 22 19
block 25 19
block 26 19
block 27 19
block 28 19
block 35 19
block 36 19
block 37 19
block 65 19
block 66 19
block 67 19
block 68 19
block 0 20
block 1 20
block 2 20
block 7 20
block 8 20
block 9 20
block 10 20
block 11 20
block 16 20
block 17 20
block 18 20
block 19 20
block 20 20
block 21 20
block 22 20
block 25 20
block 26 20
block 27 20
block 28 20
block 35 20
block 36 20
block 37 20
block 56 20
block 57 20
block 58 20
block 59 20
block 60 20
block 65 20
block 66 20
block 67 20
block 68 20
block 0 21
block 1 21
block 2 21
block 7 21
block 8 21
block 9 21
block 10 21
block 11 21
block 16 21
block 17 21
block 18 21
block 19 21
block 20 21
block 21 21
block 22 21
block 25 21
block 26 21
block 27 21
block 28 21
block 35 21
block 36 21
block 37 21
block 56 21
block 57 21
block 58 21
block 59 21
block 60 21
block 65 21
block 66 21
block 67 21
block 68 21
block 1 22
block 2 22
block 3 22
block 4 22
block 25 22
block 26 22
block 27 22
block 28 22
block 29 22
block 30 22
block 35 22
block 36 22
block 37 22
block 1 23
block 2 23
block 3 23
block 4 23
block 26 23
block 27 23
block 28 23
block 29 23
block 30 23
block 1 24
block 2 24
block 3 24
block 4 24
block 26 24
block 27 24
block 28 24
block 29 24
block 30 24
block 40 24
block 41 24
block 1 25
block 2 25
block 3 25
block 4 25
block 18 25
block 19 25
block 20 25
block 21 25
block 26 25
block 27 25
block 28 25
block 29 25
block 30 25
block 40 25
block 41 25
block 0 26
block 1 26
block 2 26
block 3 26
block 4 26
block 18 26
block 19 26
block 20 26
block 21 26
block 40 26
block 41 26
block 63 26
block 64 26
block 65 26
block 66 26
block 67 26
block 68 26
block 0 27
block 1 27
block 2 27
block 3 27
block 4 27
block 18 27
block 19 27
block 20 27
block 21 27
block 40 27
block 41 27
block 45 27
block 46 27
block 63 27
block 64 27
block 65 27
block 66 27
block 67 27
block 68 27
block 0 28
block 1 28
block 2 28
block 3 28
block 4 28
block 18 28
block 19 28
block 20 28
block 21 28
block 37 28
block 38 28
block 39 28
block 40 28
block 41 28
block 45 28
block 46 28
block 63 28
block 64 28
block 65 28
block 66 28
block 67 28
block 68 28
block 0 29
block 1 29
block 2 29
block 3 29
block 4 29
block 5 29
block 6 29
block 7 29
block 18 29
block 19 29
block 20 29
block 21 29
block 37 29
block 38 29
block 39 29
block 40 29
block 41 29
block 45 29
block 46 29
block 63 29
block 64 29
block 65 29
block 66 29
block 67 29
block 68 29
block 0 30
block 1 30
block 2 30
block 3 30
block 4 30
block 5 30
block 6 30
block 7 30
block 37 30
block 38 30
block 39 30
block 40 30
block 41 30
block 45 30
block 46 30
block 63 30
block 64 30
block 65 30
block 66 30
block 67 30
block 68 30
block 0 31
block 1 31
block 2 31
block 3 31
block 4 31
block 5 31
block 6 31
block 7 31
block 37 31
block 38 31
block 39 31
block 45 31
block 46 31
block 0 32
block 1 32
block 2 32
block 3 32
block 4 32
block 5 32
block 6 32
block 7 32
block 29 32
block 30 32
block 31 32
block 32 32
block 33 32
block 34 32
block 35 32
block 37 32
block 38 32
block 39 32
block 45 32
block 46 32
##BotsAndCoinsInfo
bot_name 0 starter-bot
bot 0 13 9
bot_coins 0 0
coin 29 15
coin 39 17
coin 9 5
coin 59 27
coin 30 19
coin 38 13
coin 7 2
coin 61 30
coin 6 17
coin 62 15
round 1
bot 0 14 10
round 2
round 3
round 4
match_over 0
round 5
