match
match_id 1639152288875_ba
match_time 1639152288879
num_bots 1
##MatchConfig
mode FRIENDLY
num_rounds 200
random_seed 42
move_time_limit 1000
coin_spawn_period 5
coin_spawn_volume 2
##MapConfig
map_size 65 27
view_radius 6
mining_radius 2
attack_radius 3
block 19 0
block 20 0
block 21 0
block 22 0
block 23 0
block 24 0
block 25 0
block 39 0
block 40 0
block 19 1
block 20 1
block 21 1
block 22 1
block 23 1
block 24 1
block 25 1
block 39 1
block 40 1
block 4 2
block 5 2
block 6 2
block 7 2
block 17 2
block 18 2
block 19 2
block 20 2
block 21 2
block 22 2
block 23 2
block 24 2
block 25 2
block 39 2
block 40 2
block 58 2
block 59 2
block 60 2
block 61 2
block 4 3
block 5 3
block 6 3
block 7 3
block 8 3
block 9 3
block 10 3
block 17 3
block 18 3
block 19 3
block 20 3
block 21 3
block 22 3
block 23 3
block 24 3
block 25 3
block 28 3
block 29 3
block 30 3
block 31 3
block 39 3
block 40 3
block 54 3
block 55 3
block 58 3
block 59 3
block 60 3
block 61 3
block 63 3
block 64 3
block 4 4
block 5 4
block 6 4
block 7 4
block 8 4
block 9 4
block 10 4
block 16 4
block 17 4
block 18 4
block 19 4
block 20 4
block 21 4
block 22 4
block 23 4
block 24 4
block 25 4
block 28 4
block 29 4
block 30 4
block 31 4
block 32 4
block 33 4
block 34 4
block 35 4
block 36 4
block 37 4
block 38 4
block 39 4
block 40 4
block 41 4
block 54 4
block 55 4
block 58 4
block 59 4
block 60 4
block 61 4
block 63 4
block 64 4
block 4 5
block 5 5
block 6 5
block 7 5
block 8 5
block 9 5
block 10 5
block 16 5
block 17 5
block 18 5
block 19 5
block 28 5
block 29 5
block 30 5
block 31 5
block 32 5
block 33 5
block 34 5
block 35 5
block 36 5
block 37 5
block 38 5
block 39 5
block 40 5
block 41 5
block 54 5
block 55 5
block 58 5
block 59 5
block 60 5
block 61 5
block 4 6
block 5 6
block 6 6
block 7 6
block 8 6
block 9 6
block 10 6
block 16 6
block 17 6
block 18 6
block 19 6
block 28 6
block 29 6
block 30 6
block 31 6
block 32 6
block 33 6
block 34 6
block 35 6
block 36 6
block 39 6
block 40 6
block 54 6
block 55 6
block 58 6
block 59 6
block 60 6
block 61 6
block 4 7
block 5 7
block 6 7
block 7 7
block 16 7
block 17 7
block 18 7
block 19 7
block 28 7
block 29 7
block 30 7
block 31 7
block 32 7
block 33 7
block 34 7
block 35 7
block 36 7
block 54 7
block 55 7
block 60 7
block 61 7
block 16 8
block 17 8
block 18 8
block 19 8
block 31 8
block 32 8
block 33 8
block 34 8
block 35 8
block 36 8
block 60 8
block 61 8
block 16 9
block 17 9
block 18 9
block 19 9
block 20 9
block 21 9
block 22 9
block 23 9
block 24 9
block 25 9
block 31 9
block 32 9
block 33 9
block 34 9
block 35 9
block 36 9
block 60 9
block 61 9
block 19 10
block 20 10
block 21 10
block 22 10
block 23 10
block 24 10
block 25 10
block 60 10
block 61 10
block 20 11
block 21 11
block 22 11
block 23 11
block 24 11
block 25 11
block 20 12
block 21 12
block 22 12
block 23 12
block 24 12
block 25 12
block 11 13
block 12 13
block 13 13
block 14 13
block 15 13
block 16 13
block 17 13
block 20 13
block 21 13
block 22 13
block 23 13
block 24 13
block 25 13
block 11 14
block 12 14
block 13 14
block 14 14
block 15 14
block 16 14
block 17 14
block 20 14
block 21 14
block 22 14
block 23 14
block 24 14
block 25 14
block 11 15
block 12 15
block 13 15
block 14 15
block 15 15
block 16 15
block 17 15
block 20 15
block 21 15
block 22 15
block 23 15
block 24 15
block 15 16
block 16 16
block 52 16
block 53 16
block 54 16
block 55 16
block 56 16
block 15 17
block 16 17
block 52 17
block 53 17
block 54 17
block 55 17
block 56 17
block 15 18
block 16 18
block 38 18
block 39 18
block 52 18
block 53 18
block 54 18
block 55 18
block 56 18
block 1 19
block 2 19
block 3 19
block 4 19
block 5 19
block 38 19
block 39 19
block 48 19
block 49 19
block 50 19
block 51 19
block 52 19
block 53 19
block 54 19
block 55 19
block 56 19
block 1 20
block 2 20
block 3 20
block 4 20
block 5 20
block 34 20
block 35 20
block 38 20
block 39 20
block 48 20
block 49 20
block 50 20
block 51 20
block 52 20
block 53 20
block 54 20
block 55 20
block 56 20
block 1 21
block 2 21
block 3 21
block 4 21
block 5 21
block 34 21
block 35 21
block 38 21
block 39 21
block 48 21
block 49 21
block 50 21
block 51 21
block 52 21
block 53 21
block 54 21
block 55 21
block 56 21
block 1 22
block 2 22
block 3 22
block 4 22
block 5 22
block 34 22
block 35 22
block 48 22
block 49 22
block 50 22
block 51 22
block 52 22
block 53 22
block 54 22
block 1 23
block 2 23
block 3 23
block 4 23
block 5 23
block 34 23
block 35 23
block 48 23
block 49 23
block 50 23
block 51 23
block 52 23
block 53 23
block 54 23
block 1 24
block 2 24
block 3 24
block 4 24
block 5 24
block 34 24
block 35 24
block 45 24
block 46 24
block 48 24
block 49 24
block 50 24
block 51 24
block 52 24
block 53 24
block 54 24
block 1 25
block 2 25
block 3 25
block 4 25
block 5 25
block 19 25
block 20 25
block 21 25
block 22 25
block 23 25
block 24 25
block 25 25
block 34 25
block 35 25
block 45 25
block 46 25
block 48 25
block 49 25
block 50 25
block 51 25
block 52 25
block 53 25
block 54 25
block 19 26
block 20 26
block 21 26
block 22 26
block 23 26
block 24 26
block 25 26
##BotsAndCoinsInfo
bot_name 0 starter-bot
bot 0 8 8
bot_coins 0 0
coin 0 3
coin 64 23
round 1
round 2
round 3
round 4
round 5
coin 48 17
coin 15 9
round 6
round 7
round 8
round 9
round 10
coin 0 16
coin 64 10
round 11
round 12
round 13
round 14
round 15
coin 0 20
coin 64 6
round 16
round 17
round 18
round 19
round 20
coin 29 2
coin 36 24
round 21
round 22
round 23
round 24
round 25
coin 52 26
coin 12 0
round 26
round 27
round 28
match_over 0
round 29
