match
match_id 1639336063600_am
match_time 1639336063609
num_bots 1
##MatchConfig
mode FRIENDLY
num_rounds 200
random_seed 42
move_time_limit 5000
coin_spawn_period 5
coin_spawn_volume 10
##MapConfig
map_size 75 38
view_radius 5
mining_radius 1
attack_radius 4
block 24 0
block 25 0
block 26 0
block 27 0
block 28 0
block 29 0
block 30 0
block 48 0
block 49 0
block 50 0
block 51 0
block 52 0
block 53 0
block 24 1
block 25 1
block 26 1
block 27 1
block 28 1
block 29 1
block 30 1
block 38 1
block 39 1
block 40 1
block 41 1
block 42 1
block 43 1
block 48 1
block 49 1
block 50 1
block 51 1
block 52 1
block 53 1
block 5 2
block 6 2
block 7 2
block 8 2
block 9 2
block 10 2
block 11 2
block 24 2
block 25 2
block 26 2
block 27 2
block 28 2
block 29 2
block 30 2
block 35 2
block 36 2
block 37 2
block 38 2
block 39 2
block 40 2
block 41 2
block 42 2
block 43 2
block 48 2
block 49 2
block 50 2
block 51 2
block 52 2
block 53 2
block 54 2
block 55 2
block 56 2
block 57 2
block 5 3
block 6 3
block 7 3
block 8 3
block 9 3
block 10 3
block 11 3
block 16 3
block 17 3
block 18 3
block 19 3
block 20 3
block 21 3
block 22 3
block 35 3
block 36 3
block 37 3
block 38 3
block 39 3
block 40 3
block 41 3
block 42 3
block 43 3
block 44 3
block 45 3
block 53 3
block 54 3
block 55 3
block 56 3
block 57 3
block 5 4
block 6 4
block 7 4
block 8 4
block 9 4
block 10 4
block 11 4
block 16 4
block 17 4
block 18 4
block 19 4
block 20 4
block 21 4
block 22 4
block 35 4
block 36 4
block 37 4
block 38 4
block 39 4
block 40 4
block 44 4
block 45 4
block 53 4
block 54 4
block 55 4
block 56 4
block 57 4
block 0 5
block 1 5
block 2 5
block 3 5
block 5 5
block 6 5
block 7 5
block 8 5
block 9 5
block 10 5
block 11 5
block 16 5
block 17 5
block 18 5
block 19 5
block 20 5
block 21 5
block 22 5
block 53 5
block 54 5
block 55 5
block 56 5
block 57 5
block 72 5
block 73 5
block 74 5
block 0 6
block 1 6
block 2 6
block 3 6
block 5 6
block 6 6
block 7 6
block 8 6
block 9 6
block 10 6
block 11 6
block 16 6
block 17 6
block 18 6
block 19 6
block 20 6
block 21 6
block 22 6
block 52 6
block 53 6
block 54 6
block 55 6
block 56 6
block 57 6
block 72 6
block 73 6
block 74 6
block 0 7
block 1 7
block 2 7
block 3 7
block 5 7
block 6 7
block 7 7
block 8 7
block 9 7
block 10 7
block 11 7
block 16 7
block 17 7
block 18 7
block 19 7
block 20 7
block 21 7
block 22 7
block 38 7
block 39 7
block 52 7
block 53 7
block 54 7
block 55 7
block 56 7
block 57 7
block 72 7
block 73 7
block 74 7
block 5 8
block 6 8
block 7 8
block 8 8
block 9 8
block 10 8
block 11 8
block 16 8
block 17 8
block 18 8
block 19 8
block 20 8
block 21 8
block 22 8
block 38 8
block 39 8
block 16 9
block 17 9
block 18 9
block 19 9
block 20 9
block 21 9
block 22 9
block 38 9
block 39 9
block 69 9
block 70 9
block 71 9
block 72 9
block 73 9
block 38 10
block 39 10
block 69 10
block 70 10
block 71 10
block 72 10
block 73 10
block 69 11
block 70 11
block 71 11
block 72 11
block 73 11
block 18 12
block 19 12
block 20 12
block 21 12
block 22 12
block 69 12
block 70 12
block 71 12
block 72 12
block 73 12
block 18 13
block 19 13
block 20 13
block 21 13
block 22 13
block 41 13
block 42 13
block 43 13
block 44 13
block 45 13
block 46 13
block 18 14
block 19 14
block 20 14
block 21 14
block 22 14
block 23 14
block 24 14
block 41 14
block 42 14
block 43 14
block 44 14
block 45 14
block 46 14
block 18 15
block 19 15
block 20 15
block 21 15
block 22 15
block 23 15
block 24 15
block 19 16
block 20 16
block 21 16
block 22 16
block 23 16
block 24 16
block 14 17
block 15 17
block 19 17
block 20 17
block 21 17
block 22 17
block 23 17
block 24 17
block 43 17
block 44 17
block 45 17
block 14 18
block 15 18
block 19 18
block 20 18
block 21 18
block 22 18
block 23 18
block 24 18
block 30 18
block 31 18
block 32 18
block 33 18
block 34 18
block 35 18
block 36 18
block 43 18
block 44 18
block 45 18
block 14 19
block 15 19
block 19 19
block 20 19
block 21 19
block 22 19
block 23 19
block 24 19
block 30 19
block 31 19
block 32 19
block 33 19
block 34 19
block 35 19
block 36 19
block 43 19
block 44 19
block 45 19
block 14 20
block 15 20
block 30 20
block 31 20
block 32 20
block 33 20
block 34 20
block 35 20
block 36 20
block 68 20
block 69 20
block 70 20
block 14 21
block 15 21
block 30 21
block 31 21
block 32 21
block 33 21
block 34 21
block 35 21
block 36 21
block 37 21
block 64 21
block 65 21
block 66 21
block 67 21
block 68 21
block 69 21
block 70 21
block 30 22
block 31 22
block 32 22
block 33 22
block 34 22
block 35 22
block 36 22
block 37 22
block 64 22
block 65 22
block 66 22
block 67 22
block 68 22
block 69 22
block 70 22
block 30 23
block 31 23
block 32 23
block 33 23
block 34 23
block 35 23
block 36 23
block 37 23
block 64 23
block 65 23
block 66 23
block 67 23
block 68 23
block 69 23
block 70 23
block 30 24
block 31 24
block 32 24
block 33 24
block 34 24
block 35 24
block 36 24
block 37 24
block 64 24
block 65 24
block 66 24
block 67 24
block 68 24
block 69 24
block 70 24
block 29 25
block 30 25
block 31 25
block 32 25
block 33 25
block 34 25
block 36 25
block 37 25
block 19 26
block 20 26
block 21 26
block 22 26
block 23 26
block 29 26
block 30 26
block 31 26
block 32 26
block 33 26
block 34 26
block 36 26
block 37 26
block 5 27
block 6 27
block 7 27
block 8 27
block 19 27
block 20 27
block 21 27
block 22 27
block 23 27
block 36 27
block 37 27
block 39 27
block 40 27
block 5 28
block 6 28
block 7 28
block 8 28
block 19 28
block 20 28
block 21 28
block 22 28
block 23 28
block 36 28
block 37 28
block 39 28
block 40 28
block 5 29
block 6 29
block 7 29
block 8 29
block 26 29
block 27 29
block 28 29
block 29 29
block 30 29
block 31 29
block 32 29
block 36 29
block 37 29
block 5 30
block 6 30
block 7 30
block 8 30
block 17 30
block 18 30
block 19 30
block 20 30
block 21 30
block 26 30
block 27 30
block 28 30
block 29 30
block 30 30
block 31 30
block 32 30
block 36 30
block 37 30
block 5 31
block 6 31
block 7 31
block 8 31
block 9 31
block 10 31
block 17 31
block 18 31
block 19 31
block 20 31
block 21 31
block 26 31
block 27 31
block 28 31
block 29 31
block 30 31
block 31 31
block 32 31
block 36 31
block 37 31
block 9 32
block 10 32
block 17 32
block 18 32
block 19 32
block 20 32
block 21 32
block 26 32
block 27 32
block 28 32
block 29 32
block 30 32
block 31 32
block 32 32
block 36 32
block 37 32
block 9 33
block 10 33
block 17 33
block 18 33
block 19 33
block 20 33
block 21 33
block 26 33
block 27 33
block 28 33
block 29 33
block 30 33
block 31 33
block 32 33
block 36 33
block 37 33
block 9 34
block 10 34
block 17 34
block 18 34
block 19 34
block 20 34
block 21 34
block 9 35
block 10 35
block 17 35
block 18 35
block 19 35
block 20 35
block 21 35
block 24 37
block 25 37
block 26 37
block 27 37
block 28 37
block 29 37
block 30 37
block 48 37
block 49 37
block 50 37
block 51 37
block 52 37
block 53 37
##BotsAndCoinsInfo
bot_name 0 starter-bot
bot 0 57 22
bot_coins 0 0
coin 5 9
coin 69 28
coin 48 6
coin 25 31
coin 45 15
coin 29 22
coin 4 28
coin 70 8
coin 18 17
coin 56 20
round 1
round 2
round 3
match_over 0
round 4
