match
match_id 1639351423810_ac
match_time 1639351423812
num_bots 1
##MatchConfig
mode FRIENDLY
num_rounds 200
random_seed 42
move_time_limit 5000
coin_spawn_period 5
coin_spawn_volume 10
##MapConfig
map_size 53 22
view_radius 6
mining_radius 2
attack_radius 4
block 5 0
block 6 0
block 7 0
block 8 0
block 45 0
block 46 0
block 5 1
block 6 1
block 7 1
block 8 1
block 28 3
block 29 3
block 30 3
block 31 3
block 24 4
block 25 4
block 26 4
block 27 4
block 28 4
block 29 4
block 30 4
block 31 4
block 24 5
block 25 5
block 26 5
block 27 5
block 29 5
block 30 5
block 0 6
block 1 6
block 2 6
block 3 6
block 24 6
block 25 6
block 26 6
block 27 6
block 29 6
block 30 6
block 50 6
block 51 6
block 52 6
block 0 7
block 1 7
block 2 7
block 3 7
block 29 7
block 30 7
block 50 7
block 51 7
block 52 7
block 0 8
block 1 8
block 2 8
block 3 8
block 14 8
block 15 8
block 16 8
block 50 8
block 51 8
block 52 8
block 0 9
block 1 9
block 2 9
block 3 9
block 14 9
block 15 9
block 16 9
block 50 9
block 51 9
block 52 9
block 0 10
block 1 10
block 2 10
block 3 10
block 14 10
block 15 10
block 16 10
block 33 10
block 34 10
block 35 10
block 36 10
block 50 10
block 51 10
block 52 10
block 0 11
block 1 11
block 2 11
block 3 11
block 14 11
block 15 11
block 16 11
block 33 11
block 34 11
block 35 11
block 36 11
block 50 11
block 51 11
block 52 11
block 0 12
block 1 12
block 2 12
block 3 12
block 14 12
block 15 12
block 16 12
block 50 12
block 51 12
block 52 12
block 14 13
block 15 13
block 16 13
block 45 16
block 46 16
block 21 17
block 22 17
block 45 17
block 46 17
block 21 18
block 22 18
block 31 18
block 32 18
block 33 18
block 45 18
block 46 18
block 5 19
block 6 19
block 7 19
block 8 19
block 21 19
block 22 19
block 31 19
block 32 19
block 33 19
block 45 19
block 46 19
block 5 20
block 6 20
block 7 20
block 8 20
block 45 20
block 46 20
block 5 21
block 6 21
block 7 21
block 8 21
block 45 21
block 46 21
##BotsAndCoinsInfo
bot_name 0 starter-bot
bot 0 5 7
bot_coins 0 0
coin 34 15
coin 18 6
coin 5 16
coin 47 5
coin 19 19
coin 33 2
coin 45 2
coin 7 18
coin 14 17
coin 38 4
round 1
round 2
round 3
round 4
round 5
coin 3 18
coin 49 3
coin 20 0
coin 32 21
coin 34 0
coin 18 21
coin 34 20
coin 18 1
coin 40 9
coin 12 12
round 6
match_over 0
round 7
