match
match_id 1639150320130_ab
match_time 1639150320135
num_bots 1
##MatchConfig
mode FRIENDLY
num_rounds 200
random_seed 42
move_time_limit 1000
coin_spawn_period 5
coin_spawn_volume 2
##MapConfig
map_size 54 32
view_radius 5
mining_radius 2
attack_radius 3
block 9 0
block 10 0
block 11 0
block 12 0
block 15 0
block 16 0
block 17 0
block 18 0
block 19 0
block 36 0
block 37 0
block 38 0
block 43 0
block 44 0
block 9 1
block 10 1
block 11 1
block 12 1
block 15 1
block 16 1
block 17 1
block 18 1
block 19 1
block 22 1
block 23 1
block 24 1
block 36 1
block 37 1
block 38 1
block 43 1
block 44 1
block 0 2
block 1 2
block 9 2
block 10 2
block 11 2
block 12 2
block 15 2
block 16 2
block 17 2
block 18 2
block 19 2
block 22 2
block 23 2
block 24 2
block 32 2
block 33 2
block 34 2
block 35 2
block 36 2
block 37 2
block 43 2
block 44 2
block 0 3
block 1 3
block 15 3
block 16 3
block 17 3
block 18 3
block 19 3
block 22 3
block 23 3
block 24 3
block 32 3
block 33 3
block 34 3
block 35 3
block 36 3
block 37 3
block 43 3
block 44 3
block 0 4
block 1 4
block 15 4
block 16 4
block 17 4
block 18 4
block 19 4
block 22 4
block 23 4
block 24 4
block 32 4
block 33 4
block 34 4
block 35 4
block 36 4
block 37 4
block 43 4
block 44 4
block 0 5
block 1 5
block 22 5
block 23 5
block 24 5
block 25 5
block 32 5
block 33 5
block 34 5
block 35 5
block 36 5
block 37 5
block 43 5
block 44 5
block 49 5
block 50 5
block 51 5
block 0 6
block 1 6
block 21 6
block 22 6
block 23 6
block 24 6
block 25 6
block 26 6
block 32 6
block 33 6
block 34 6
block 35 6
block 36 6
block 37 6
block 49 6
block 50 6
block 51 6
block 52 6
block 53 6
block 0 7
block 1 7
block 21 7
block 22 7
block 23 7
block 24 7
block 25 7
block 26 7
block 49 7
block 50 7
block 51 7
block 52 7
block 53 7
block 22 8
block 23 8
block 24 8
block 25 8
block 49 8
block 50 8
block 51 8
block 22 9
block 23 9
block 24 9
block 25 9
block 49 9
block 50 9
block 51 9
block 0 10
block 22 10
block 23 10
block 24 10
block 25 10
block 50 10
block 51 10
block 52 10
block 53 10
block 0 11
block 9 11
block 10 11
block 11 11
block 12 11
block 50 11
block 51 11
block 52 11
block 53 11
block 1 12
block 2 12
block 9 12
block 10 12
block 11 12
block 12 12
block 0 13
block 1 13
block 2 13
block 3 13
block 9 13
block 10 13
block 11 13
block 12 13
block 28 13
block 29 13
block 30 13
block 31 13
block 52 13
block 53 13
block 0 14
block 1 14
block 2 14
block 3 14
block 9 14
block 10 14
block 11 14
block 12 14
block 28 14
block 29 14
block 30 14
block 31 14
block 34 14
block 35 14
block 52 14
block 53 14
block 0 15
block 1 15
block 2 15
block 3 15
block 28 15
block 29 15
block 30 15
block 31 15
block 32 15
block 33 15
block 34 15
block 35 15
block 52 15
block 53 15
block 0 16
block 1 16
block 2 16
block 3 16
block 28 16
block 29 16
block 30 16
block 31 16
block 32 16
block 33 16
block 34 16
block 35 16
block 40 16
block 41 16
block 52 16
block 53 16
block 0 17
block 1 17
block 2 17
block 3 17
block 14 17
block 15 17
block 16 17
block 17 17
block 18 17
block 19 17
block 28 17
block 29 17
block 30 17
block 31 17
block 32 17
block 33 17
block 34 17
block 35 17
block 40 17
block 41 17
block 52 17
block 53 17
block 0 18
block 1 18
block 2 18
block 3 18
block 4 18
block 5 18
block 6 18
block 7 18
block 8 18
block 14 18
block 15 18
block 16 18
block 17 18
block 18 18
block 19 18
block 28 18
block 29 18
block 30 18
block 31 18
block 32 18
block 33 18
block 34 18
block 35 18
block 40 18
block 41 18
block 52 18
block 53 18
block 0 19
block 1 19
block 2 19
block 3 19
block 4 19
block 5 19
block 6 19
block 7 19
block 8 19
block 14 19
block 15 19
block 16 19
block 17 19
block 18 19
block 19 19
block 31 19
block 32 19
block 33 19
block 34 19
block 35 19
block 52 19
block 53 19
block 0 20
block 1 20
block 2 20
block 3 20
block 4 20
block 5 20
block 6 20
block 7 20
block 8 20
block 14 20
block 15 20
block 16 20
block 17 20
block 18 20
block 19 20
block 31 20
block 32 20
block 33 20
block 34 20
block 35 20
block 53 20
block 0 21
block 1 21
block 2 21
block 3 21
block 4 21
block 5 21
block 6 21
block 7 21
block 8 21
block 31 21
block 32 21
block 33 21
block 34 21
block 35 21
block 53 21
block 0 22
block 1 22
block 3 22
block 4 22
block 5 22
block 6 22
block 7 22
block 53 22
block 0 23
block 1 23
block 2 23
block 3 23
block 4 23
block 5 23
block 6 23
block 7 23
block 53 23
block 0 24
block 1 24
block 2 24
block 3 24
block 4 24
block 5 24
block 6 24
block 7 24
block 53 24
block 0 25
block 1 25
block 2 25
block 3 25
block 4 25
block 5 25
block 6 25
block 7 25
block 50 25
block 51 25
block 52 25
block 53 25
block 3 26
block 4 26
block 5 26
block 6 26
block 7 26
block 50 26
block 51 26
block 52 26
block 3 27
block 4 27
block 5 27
block 6 27
block 7 27
block 50 27
block 51 27
block 52 27
block 9 28
block 10 28
block 11 28
block 12 28
block 50 28
block 51 28
block 52 28
block 0 29
block 1 29
block 2 29
block 9 29
block 10 29
block 11 29
block 12 29
block 28 29
block 29 29
block 30 29
block 36 29
block 37 29
block 38 29
block 50 29
block 51 29
block 52 29
block 53 29
block 0 30
block 1 30
block 2 30
block 9 30
block 10 30
block 11 30
block 12 30
block 15 30
block 16 30
block 17 30
block 18 30
block 19 30
block 28 30
block 29 30
block 30 30
block 36 30
block 37 30
block 38 30
block 50 30
block 51 30
block 52 30
block 53 30
block 9 31
block 10 31
block 11 31
block 12 31
block 15 31
block 16 31
block 17 31
block 18 31
block 19 31
block 28 31
block 29 31
block 30 31
block 36 31
block 37 31
block 38 31
block 43 31
block 44 31
##BotsAndCoinsInfo
bot_name 0 starter-bot
bot 0 35 25
bot_coins 0 0
coin 45 1
coin 8 30
round 1
bot 0 34 26
round 2
bot 0 33 27
round 3
bot 0 32 28
round 4
bot 0 31 29
round 5
coin 35 1
coin 18 29
round 6
round 7
round 8
round 9
round 10
coin 35 30
coin 20 1
round 11
round 12
round 13
round 14
round 15
coin 41 22
coin 12 9
round 16
round 17
round 18
round 19
round 20
coin 42 2
coin 13 29
round 21
bot 0 32 30
round 22
bot 0 33 31
round 23
bot 0 34 0
coin_collected 35 1 0
bot_coins 0 1
round 24
bot 0 35 1
round 25
coin 20 14
coin 36 17
round 26
round 27
round 28
round 29
round 30
coin 24 12
coin 29 19
round 31
round 32
round 33
round 34
round 35
coin 44 22
coin 9 9
round 36
round 37
bot 0 34 0
round 38
bot 0 33 31
round 39
bot 0 32 30
round 40
bot 0 31 29
coin 8 24
coin 45 7
round 41
bot 0 30 28
round 42
bot 0 29 27
round 43
bot 0 28 26
round 44
bot 0 27 25
round 45
bot 0 28 26
coin 20 31
coin 33 0
round 46
bot 0 29 27
round 47
bot 0 30 28
round 48
bot 0 31 29
round 49
bot 0 32 30
round 50
bot 0 33 31
coin_collected 33 0 0
bot_coins 0 2
coin 50 4
coin 3 28
round 51
bot 0 34 0
round 52
bot 0 35 31
coin_collected 35 30 0
bot_coins 0 3
round 53
round 54
round 55
coin 8 14
coin 45 17
round 56
round 57
round 58
round 59
round 60
bot 0 34 31
coin 23 29
coin 30 2
round 61
bot 0 33 31
round 62
bot 0 32 31
round 63
bot 0 31 31
round 64
round 65
coin 34 25
coin 19 6
round 66
round 67
bot 0 32 31
round 68
bot 0 33 31
round 69
bot 0 34 31
round 70
bot 0 35 31
coin 38 4
coin 15 27
round 71
round 72
round 73
round 74
round 75
bot 0 34 30
coin 40 10
coin 13 21
round 76
bot 0 33 29
round 77
bot 0 32 28
round 78
bot 0 31 27
round 79
bot 0 30 26
round 80
bot 0 29 25
coin 2 8
coin 51 23
round 81
bot 0 28 24
round 82
round 83
round 84
round 85
coin 11 10
coin 42 21
round 86
round 87
round 88
round 89
bot 0 27 24
round 90
bot 0 26 24
coin 12 5
coin 41 26
round 91
bot 0 25 24
round 92
bot 0 24 24
round 93
bot 0 23 24
round 94
bot 0 22 24
round 95
bot 0 22 23
coin 7 8
coin 46 23
round 96
bot 0 22 22
round 97
bot 0 22 21
round 98
bot 0 22 20
round 99
bot 0 22 19
round 100
bot 0 22 18
coin 5 17
coin 48 14
round 101
bot 0 22 17
round 102
bot 0 22 16
round 103
bot 0 22 15
round 104
bot 0 22 14
coin_collected 20 14 0
bot_coins 0 4
round 105
bot 0 22 13
coin 53 2
coin 0 28
round 106
bot 0 22 12
coin_collected 24 12 0
bot_coins 0 5
round 107
bot 0 22 11
round 108
round 109
round 110
coin 5 2
coin 48 29
round 111
round 112
round 113
round 114
round 115
coin 49 25
coin 4 6
round 116
round 117
round 118
round 119
round 120
coin 19 10
coin 34 22
round 121
bot 0 21 10
coin_collected 19 10 0
bot_coins 0 6
round 122
bot 0 20 9
round 123
bot 0 19 8
coin_collected 19 6 0
bot_coins 0 7
round 124
bot 0 18 7
round 125
bot 0 17 6
coin 48 6
coin 5 28
round 126
bot 0 16 5
round 127
round 128
round 129
round 130
coin 8 0
coin 45 31
round 131
round 132
round 133
round 134
round 135
coin 8 25
coin 45 6
round 136
round 137
round 138
round 139
round 140
coin 20 2
coin 33 29
round 141
round 142
round 143
round 144
round 145
coin 39 17
coin 14 14
round 146
round 147
round 148
round 149
round 150
coin 37 27
coin 17 5
round 151
coin_collected 17 5 0
bot_coins 0 8
round 152
round 153
round 154
round 155
coin 20 7
coin 33 24
round 156
round 157
round 158
round 159
round 160
coin 26 19
coin 27 12
round 161
round 162
round 163
round 164
round 165
coin 14 6
coin 39 25
round 166
round 167
round 168
round 169
round 170
coin 3 12
coin 50 19
round 171
round 172
round 173
round 174
round 175
coin 28 4
coin 25 27
round 176
round 177
round 178
round 179
round 180
bot 0 17 5
coin 31 12
coin 22 19
round 181
bot 0 18 5
round 182
bot 0 19 5
round 183
bot 0 20 5
coin_collected 20 7 0
bot_coins 0 9
round 184
bot 0 21 5
round 185
coin 43 20
coin 10 10
round 186
round 187
round 188
round 189
bot 0 20 5
round 190
bot 0 19 5
coin 50 22
coin 3 9
round 191
bot 0 18 5
round 192
bot 0 17 5
round 193
bot 0 16 5
round 194
bot 0 15 5
coin_collected 14 6 0
bot_coins 0 10
round 195
coin 29 28
coin 25 3
round 196
round 197
round 198
round 199
round 200
coin 48 17
coin 5 14
match_over 0
