match
match_id 1639350743760_aa
match_time 1639350743825
num_bots 1
##MatchConfig
mode FRIENDLY
num_rounds 200
random_seed 42
move_time_limit 5000
coin_spawn_period 5
coin_spawn_volume 10
##MapConfig
map_size 54 25
view_radius 5
mining_radius 1
attack_radius 4
block 5 0
block 6 0
block 7 0
block 8 0
block 9 0
block 10 0
block 11 0
block 12 0
block 13 0
block 40 0
block 41 0
block 42 0
block 43 0
block 44 0
block 45 0
block 46 0
block 47 0
block 48 0
block 49 0
block 50 0
block 1 1
block 2 1
block 11 1
block 12 1
block 13 1
block 40 1
block 41 1
block 42 1
block 43 1
block 44 1
block 45 1
block 46 1
block 47 1
block 48 1
block 49 1
block 50 1
block 1 2
block 2 2
block 11 2
block 12 2
block 13 2
block 45 2
block 46 2
block 47 2
block 48 2
block 49 2
block 50 2
block 15 3
block 16 3
block 17 3
block 18 3
block 6 4
block 7 4
block 8 4
block 9 4
block 15 4
block 16 4
block 17 4
block 18 4
block 38 4
block 39 4
block 40 4
block 6 5
block 7 5
block 8 5
block 9 5
block 15 5
block 16 5
block 17 5
block 18 5
block 38 5
block 39 5
block 40 5
block 15 6
block 16 6
block 17 6
block 18 6
block 38 6
block 39 6
block 40 6
block 38 7
block 39 7
block 40 7
block 41 7
block 42 7
block 43 7
block 44 7
block 45 7
block 46 7
block 47 7
block 6 8
block 7 8
block 8 8
block 9 8
block 10 8
block 11 8
block 12 8
block 41 8
block 42 8
block 43 8
block 44 8
block 45 8
block 46 8
block 47 8
block 6 9
block 7 9
block 8 9
block 9 9
block 10 9
block 11 9
block 12 9
block 27 9
block 28 9
block 29 9
block 41 9
block 42 9
block 43 9
block 44 9
block 45 9
block 46 9
block 47 9
block 6 10
block 7 10
block 8 10
block 9 10
block 10 10
block 11 10
block 12 10
block 27 10
block 28 10
block 29 10
block 41 10
block 42 10
block 43 10
block 44 10
block 45 10
block 46 10
block 47 10
block 6 11
block 7 11
block 8 11
block 9 11
block 10 11
block 11 11
block 12 11
block 27 11
block 28 11
block 29 11
block 41 11
block 42 11
block 43 11
block 44 11
block 45 11
block 46 11
block 47 11
block 27 12
block 28 12
block 29 12
block 41 12
block 42 12
block 43 12
block 44 12
block 45 12
block 46 12
block 47 12
block 1 13
block 2 13
block 3 13
block 4 13
block 5 13
block 6 13
block 1 14
block 2 14
block 3 14
block 4 14
block 5 14
block 6 14
block 0 15
block 1 15
block 2 15
block 3 15
block 4 15
block 5 15
block 6 15
block 7 15
block 8 15
block 9 15
block 33 15
block 34 15
block 35 15
block 36 15
block 37 15
block 38 15
block 0 16
block 1 16
block 2 16
block 3 16
block 4 16
block 5 16
block 6 16
block 7 16
block 8 16
block 9 16
block 11 16
block 12 16
block 13 16
block 30 16
block 31 16
block 32 16
block 33 16
block 34 16
block 35 16
block 36 16
block 37 16
block 38 16
block 1 17
block 2 17
block 3 17
block 4 17
block 5 17
block 6 17
block 7 17
block 8 17
block 9 17
block 11 17
block 12 17
block 13 17
block 30 17
block 31 17
block 32 17
block 44 17
block 45 17
block 46 17
block 47 17
block 48 17
block 49 17
block 50 17
block 1 18
block 2 18
block 3 18
block 4 18
block 5 18
block 6 18
block 7 18
block 8 18
block 9 18
block 11 18
block 12 18
block 13 18
block 30 18
block 31 18
block 32 18
block 44 18
block 45 18
block 46 18
block 47 18
block 48 18
block 49 18
block 50 18
block 1 19
block 2 19
block 3 19
block 4 19
block 5 19
block 6 19
block 7 19
block 8 19
block 9 19
block 11 19
block 12 19
block 13 19
block 19 19
block 20 19
block 21 19
block 22 19
block 23 19
block 24 19
block 25 19
block 30 19
block 31 19
block 32 19
block 11 20
block 12 20
block 13 20
block 19 20
block 20 20
block 21 20
block 22 20
block 23 20
block 24 20
block 25 20
block 30 20
block 31 20
block 32 20
block 52 20
block 53 20
block 11 21
block 12 21
block 13 21
block 19 21
block 20 21
block 21 21
block 22 21
block 23 21
block 24 21
block 25 21
block 30 21
block 31 21
block 32 21
block 52 21
block 53 21
block 11 22
block 12 22
block 13 22
block 19 22
block 20 22
block 21 22
block 22 22
block 23 22
block 24 22
block 25 22
block 40 22
block 41 22
block 42 22
block 43 22
block 44 22
block 52 22
block 53 22
block 11 23
block 12 23
block 13 23
block 19 23
block 20 23
block 21 23
block 22 23
block 23 23
block 24 23
block 25 23
block 40 23
block 41 23
block 42 23
block 43 23
block 44 23
block 52 23
block 53 23
block 5 24
block 6 24
block 7 24
block 8 24
block 9 24
block 10 24
block 11 24
block 12 24
block 13 24
block 40 24
block 41 24
block 42 24
block 43 24
block 44 24
##BotsAndCoinsInfo
bot_name 0 starter-bot
bot 0 18 23
bot_coins 0 0
coin 44 13
coin 9 12
coin 36 9
coin 17 15
coin 36 0
coin 17 24
coin 41 18
coin 12 6
coin 43 18
coin 10 6
round 1
round 2
round 3
round 4
round 5
