match
match_id 1639152056247_av
match_time 1639152056249
num_bots 1
##MatchConfig
mode FRIENDLY
num_rounds 200
random_seed 42
move_time_limit 1000
coin_spawn_period 5
coin_spawn_volume 2
##MapConfig
map_size 62 20
view_radius 6
mining_radius 2
attack_radius 4
block 0 0
block 1 0
block 2 0
block 3 0
block 4 0
block 28 0
block 29 0
block 30 0
block 31 0
block 35 0
block 36 0
block 37 0
block 38 0
block 39 0
block 40 0
block 57 0
block 58 0
block 59 0
block 61 0
block 0 1
block 1 1
block 2 1
block 3 1
block 4 1
block 28 1
block 29 1
block 30 1
block 31 1
block 35 1
block 36 1
block 37 1
block 38 1
block 39 1
block 40 1
block 41 1
block 42 1
block 43 1
block 44 1
block 45 1
block 46 1
block 47 1
block 52 1
block 53 1
block 57 1
block 58 1
block 59 1
block 60 1
block 61 1
block 0 2
block 1 2
block 2 2
block 16 2
block 17 2
block 18 2
block 19 2
block 20 2
block 28 2
block 29 2
block 30 2
block 31 2
block 35 2
block 36 2
block 37 2
block 38 2
block 39 2
block 41 2
block 42 2
block 43 2
block 44 2
block 45 2
block 46 2
block 47 2
block 52 2
block 53 2
block 59 2
block 60 2
block 61 2
block 0 3
block 1 3
block 2 3
block 16 3
block 17 3
block 18 3
block 19 3
block 20 3
block 28 3
block 29 3
block 30 3
block 31 3
block 41 3
block 42 3
block 43 3
block 44 3
block 45 3
block 46 3
block 47 3
block 52 3
block 53 3
block 61 3
block 0 4
block 1 4
block 2 4
block 5 4
block 6 4
block 7 4
block 16 4
block 17 4
block 18 4
block 19 4
block 20 4
block 25 4
block 26 4
block 27 4
block 41 4
block 42 4
block 43 4
block 44 4
block 45 4
block 46 4
block 47 4
block 52 4
block 53 4
block 61 4
block 0 5
block 1 5
block 2 5
block 5 5
block 6 5
block 7 5
block 16 5
block 17 5
block 18 5
block 19 5
block 20 5
block 25 5
block 26 5
block 27 5
block 32 5
block 33 5
block 34 5
block 41 5
block 42 5
block 43 5
block 44 5
block 45 5
block 46 5
block 61 5
block 5 6
block 6 6
block 7 6
block 16 6
block 17 6
block 18 6
block 19 6
block 20 6
block 25 6
block 26 6
block 27 6
block 32 6
block 33 6
block 34 6
block 41 6
block 42 6
block 43 6
block 44 6
block 45 6
block 46 6
block 5 7
block 6 7
block 7 7
block 16 7
block 17 7
block 18 7
block 19 7
block 20 7
block 25 7
block 26 7
block 27 7
block 32 7
block 33 7
block 34 7
block 41 7
block 42 7
block 43 7
block 44 7
block 45 7
block 46 7
block 5 8
block 6 8
block 7 8
block 10 8
block 11 8
block 12 8
block 13 8
block 14 8
block 25 8
block 26 8
block 27 8
block 41 8
block 42 8
block 43 8
block 44 8
block 45 8
block 46 8
block 1 9
block 2 9
block 10 9
block 11 9
block 12 9
block 13 9
block 14 9
block 25 9
block 26 9
block 27 9
block 1 10
block 2 10
block 10 10
block 11 10
block 12 10
block 13 10
block 14 10
block 10 11
block 11 11
block 12 11
block 13 11
block 14 11
block 28 11
block 29 11
block 30 11
block 31 11
block 32 11
block 20 12
block 21 12
block 22 12
block 23 12
block 24 12
block 25 12
block 28 12
block 29 12
block 30 12
block 31 12
block 32 12
block 20 13
block 21 13
block 22 13
block 23 13
block 24 13
block 25 13
block 28 13
block 29 13
block 30 13
block 31 13
block 32 13
block 20 14
block 21 14
block 22 14
block 23 14
block 24 14
block 25 14
block 28 14
block 29 14
block 30 14
block 31 14
block 32 14
block 20 15
block 21 15
block 22 15
block 23 15
block 24 15
block 25 15
block 28 15
block 29 15
block 30 15
block 31 15
block 32 15
block 20 16
block 21 16
block 22 16
block 23 16
block 24 16
block 25 16
block 28 16
block 29 16
block 30 16
block 31 16
block 32 16
block 57 16
block 58 16
block 59 16
block 20 17
block 21 17
block 22 17
block 23 17
block 24 17
block 25 17
block 28 17
block 29 17
block 30 17
block 31 17
block 32 17
block 35 17
block 36 17
block 37 17
block 38 17
block 39 17
block 57 17
block 58 17
block 59 17
block 20 18
block 21 18
block 22 18
block 23 18
block 24 18
block 25 18
block 28 18
block 29 18
block 30 18
block 31 18
block 32 18
block 35 18
block 36 18
block 37 18
block 38 18
block 39 18
block 40 18
block 57 18
block 58 18
block 59 18
block 0 19
block 1 19
block 2 19
block 35 19
block 36 19
block 37 19
block 38 19
block 39 19
block 40 19
block 57 19
block 58 19
block 59 19
block 61 19
##BotsAndCoinsInfo
bot_name 0 starter-bot
bot 0 49 16
bot_coins 0 0
coin 6 3
coin 55 16
round 1
round 2
round 3
round 4
round 5
coin 34 4
coin 27 15
round 6
round 7
round 8
round 9
round 10
coin 3 5
coin 58 14
round 11
round 12
round 13
round 14
round 15
coin 3 18
coin 58 2
round 16
round 17
round 18
round 19
round 20
coin 23 11
coin 38 8
round 21
round 22
round 23
round 24
round 25
coin 34 2
coin 27 17
round 26
round 27
round 28
round 29
round 30
coin 12 12
coin 49 7
round 31
round 32
round 33
round 34
round 35
coin 58 12
coin 3 7
round 36
round 37
round 38
round 39
round 40
coin 15 10
coin 46 9
round 41
round 42
round 43
round 44
round 45
coin 49 9
coin 13 12
round 46
round 47
round 48
round 49
match_over 0
round 50
