match
match_id 1639352049377_ah
match_time 1639352049384
num_bots 1
##MatchConfig
mode FRIENDLY
num_rounds 200
random_seed 42
move_time_limit 5000
coin_spawn_period 5
coin_spawn_volume 10
##MapConfig
map_size 56 31
view_radius 5
mining_radius 2
attack_radius 3
block 31 0
block 32 0
block 33 0
block 34 0
block 35 0
block 36 0
block 37 0
block 31 1
block 32 1
block 33 1
block 34 1
block 35 1
block 36 1
block 37 1
block 4 4
block 5 4
block 6 4
block 7 4
block 8 4
block 9 4
block 10 4
block 34 4
block 35 4
block 36 4
block 37 4
block 38 4
block 4 5
block 5 5
block 6 5
block 7 5
block 8 5
block 9 5
block 10 5
block 34 5
block 35 5
block 36 5
block 37 5
block 38 5
block 4 6
block 5 6
block 6 6
block 7 6
block 8 6
block 9 6
block 10 6
block 34 6
block 35 6
block 44 6
block 45 6
block 46 6
block 4 7
block 5 7
block 6 7
block 7 7
block 8 7
block 9 7
block 10 7
block 34 7
block 35 7
block 44 7
block 45 7
block 46 7
block 8 8
block 9 8
block 10 8
block 11 8
block 12 8
block 18 8
block 19 8
block 34 8
block 35 8
block 44 8
block 45 8
block 46 8
block 8 9
block 9 9
block 10 9
block 11 9
block 12 9
block 18 9
block 19 9
block 26 9
block 27 9
block 28 9
block 29 9
block 30 9
block 34 9
block 35 9
block 44 9
block 45 9
block 46 9
block 8 10
block 9 10
block 10 10
block 11 10
block 12 10
block 18 10
block 19 10
block 26 10
block 27 10
block 28 10
block 29 10
block 30 10
block 34 10
block 35 10
block 44 10
block 45 10
block 46 10
block 8 11
block 9 11
block 10 11
block 11 11
block 12 11
block 26 11
block 27 11
block 28 11
block 29 11
block 30 11
block 34 11
block 35 11
block 44 11
block 45 11
block 46 11
block 8 12
block 9 12
block 10 12
block 11 12
block 12 12
block 13 12
block 14 12
block 15 12
block 16 12
block 17 12
block 8 13
block 9 13
block 10 13
block 11 13
block 12 13
block 13 13
block 14 13
block 15 13
block 16 13
block 17 13
block 8 14
block 9 14
block 10 14
block 11 14
block 12 14
block 13 14
block 14 14
block 15 14
block 16 14
block 17 14
block 40 14
block 41 14
block 42 14
block 43 14
block 44 14
block 45 14
block 11 15
block 12 15
block 13 15
block 14 15
block 15 15
block 16 15
block 17 15
block 18 15
block 19 15
block 20 15
block 21 15
block 22 15
block 40 15
block 41 15
block 42 15
block 43 15
block 44 15
block 45 15
block 11 16
block 12 16
block 13 16
block 14 16
block 15 16
block 16 16
block 17 16
block 18 16
block 19 16
block 20 16
block 21 16
block 22 16
block 40 16
block 41 16
block 42 16
block 43 16
block 44 16
block 45 16
block 21 17
block 22 17
block 23 17
block 24 17
block 25 17
block 26 17
block 27 17
block 40 17
block 41 17
block 42 17
block 43 17
block 44 17
block 45 17
block 21 18
block 22 18
block 23 18
block 24 18
block 25 18
block 26 18
block 27 18
block 40 18
block 41 18
block 42 18
block 43 18
block 44 18
block 45 18
block 21 19
block 22 19
block 23 19
block 24 19
block 25 19
block 26 19
block 27 19
block 40 19
block 41 19
block 42 19
block 43 19
block 44 19
block 45 19
block 52 22
block 53 22
block 18 23
block 19 23
block 20 23
block 21 23
block 22 23
block 52 23
block 53 23
block 8 24
block 9 24
block 18 24
block 19 24
block 20 24
block 21 24
block 22 24
block 52 24
block 53 24
block 0 25
block 1 25
block 2 25
block 3 25
block 8 25
block 9 25
block 18 25
block 19 25
block 20 25
block 21 25
block 22 25
block 47 25
block 48 25
block 49 25
block 50 25
block 52 25
block 53 25
block 0 26
block 1 26
block 2 26
block 3 26
block 8 26
block 9 26
block 31 26
block 32 26
block 33 26
block 34 26
block 35 26
block 36 26
block 37 26
block 47 26
block 48 26
block 49 26
block 50 26
block 52 26
block 53 26
block 0 27
block 1 27
block 2 27
block 3 27
block 8 27
block 9 27
block 31 27
block 32 27
block 33 27
block 34 27
block 35 27
block 36 27
block 37 27
block 47 27
block 48 27
block 49 27
block 50 27
block 52 27
block 53 27
block 8 28
block 9 28
block 31 28
block 32 28
block 33 28
block 34 28
block 35 28
block 36 28
block 37 28
block 47 28
block 48 28
block 49 28
block 50 28
block 52 28
block 53 28
block 8 29
block 9 29
block 31 29
block 32 29
block 33 29
block 34 29
block 35 29
block 36 29
block 37 29
block 8 30
block 9 30
block 31 30
block 32 30
block 33 30
block 34 30
block 35 30
block 36 30
block 37 30
##BotsAndCoinsInfo
bot_name 0 starter-bot
bot 0 33 7
bot_coins 0 0
coin 50 10
coin 5 20
coin 48 23
coin 7 8
coin 26 28
coin 29 2
coin 1 1
coin 54 29
coin 55 3
coin 55 27
round 1
bot 0 32 7
round 2
bot 0 31 7
round 3
bot 0 30 7
round 4
bot 0 29 7
round 5
bot 0 28 7
coin 38 0
coin 17 30
coin 28 27
coin 27 3
coin 36 19
coin 19 11
coin 0 21
coin 55 9
coin 7 19
coin 48 11
round 6
bot 0 27 7
round 7
bot 0 26 7
round 8
bot 0 25 7
round 9
bot 0 24 7
round 10
bot 0 23 7
coin 40 8
coin 15 22
coin 50 18
coin 5 12
coin 35 18
coin 20 12
coin 14 18
coin 41 12
coin 11 21
coin 43 9
round 11
bot 0 22 7
round 12
bot 0 21 7
round 13
bot 0 20 7
round 14
bot 0 19 7
round 15
bot 0 18 7
coin 26 26
coin 29 4
coin 30 17
coin 25 13
coin 17 22
coin 38 8
coin 12 20
coin 43 10
coin 49 24
coin 6 8
round 16
bot 0 17 7
round 17
bot 0 16 7
round 18
bot 0 15 7
round 19
bot 0 15 6
round 20
bot 0 15 5
coin 27 20
coin 28 12
coin 5 8
coin 50 22
coin 31 12
coin 24 16
coin 55 29
coin 0 1
coin 13 4
coin 42 26
round 21
bot 0 15 4
coin_collected 13 4 0
bot_coins 0 1
round 22
bot 0 15 3
round 23
bot 0 14 3
round 24
bot 0 13 3
round 25
bot 0 12 3
coin 33 2
coin 22 28
coin 30 1
coin 25 29
coin 16 11
coin 39 19
coin 49 22
coin 6 9
coin 29 14
coin 26 16
round 26
bot 0 11 3
round 27
bot 0 10 3
round 28
bot 0 9 3
round 29
bot 0 8 3
round 30
bot 0 7 3
coin 49 23
coin 7 9
coin 32 22
coin 23 8
coin 22 27
coin 33 3
coin 4 8
coin 51 22
coin 55 4
coin 55 26
round 31
bot 0 6 3
round 32
bot 0 5 3
round 33
bot 0 4 3
round 34
bot 0 3 3
round 35
bot 0 2 3
coin 38 17
coin 18 13
coin 53 2
coin 2 28
coin 29 30
coin 26 0
coin 26 13
coin 29 17
coin 17 20
coin 38 10
round 36
bot 0 1 3
coin_collected 1 1 0
bot_coins 0 2
coin_collected 55 3 0
bot_coins 0 3
round 37
bot 0 0 3
coin_collected 0 1 0
bot_coins 0 4
coin_collected 55 4 0
bot_coins 0 5
round 38
round 39
round 40
match_over 0
coin 16 22
coin 39 8
coin 27 2
coin 28 28
coin 31 22
coin 24 8
coin 37 17
coin 18 12
coin 46 19
coin 7 11
round 41
