match
match_id 1639152672257_bk
match_time 1639152672260
num_bots 1
##MatchConfig
mode FRIENDLY
num_rounds 200
random_seed 42
move_time_limit 1000
coin_spawn_period 5
coin_spawn_volume 2
##MapConfig
map_size 74 24
view_radius 5
mining_radius 2
attack_radius 3
block 0 0
block 1 0
block 5 0
block 6 0
block 7 0
block 8 0
block 15 0
block 16 0
block 17 0
block 18 0
block 19 0
block 20 0
block 21 0
block 22 0
block 23 0
block 24 0
block 25 0
block 28 0
block 29 0
block 30 0
block 31 0
block 32 0
block 33 0
block 34 0
block 35 0
block 54 0
block 55 0
block 56 0
block 57 0
block 58 0
block 59 0
block 60 0
block 61 0
block 62 0
block 63 0
block 64 0
block 65 0
block 66 0
block 72 0
block 73 0
block 15 1
block 16 1
block 17 1
block 18 1
block 19 1
block 20 1
block 21 1
block 22 1
block 23 1
block 24 1
block 25 1
block 54 1
block 55 1
block 56 1
block 57 1
block 58 1
block 59 1
block 60 1
block 61 1
block 62 1
block 63 1
block 64 1
block 65 1
block 66 1
block 11 2
block 12 2
block 13 2
block 14 2
block 15 2
block 16 2
block 17 2
block 18 2
block 19 2
block 20 2
block 21 2
block 22 2
block 23 2
block 24 2
block 25 2
block 54 2
block 55 2
block 56 2
block 57 2
block 58 2
block 59 2
block 60 2
block 62 2
block 63 2
block 64 2
block 11 3
block 12 3
block 13 3
block 14 3
block 15 3
block 16 3
block 17 3
block 52 3
block 53 3
block 54 3
block 55 3
block 56 3
block 57 3
block 58 3
block 59 3
block 60 3
block 62 3
block 63 3
block 64 3
block 11 4
block 12 4
block 13 4
block 14 4
block 15 4
block 16 4
block 17 4
block 52 4
block 53 4
block 54 4
block 55 4
block 56 4
block 57 4
block 58 4
block 59 4
block 60 4
block 62 4
block 63 4
block 64 4
block 11 5
block 12 5
block 13 5
block 14 5
block 15 5
block 16 5
block 17 5
block 52 5
block 53 5
block 54 5
block 55 5
block 56 5
block 57 5
block 58 5
block 59 5
block 60 5
block 52 6
block 53 6
block 54 6
block 55 6
block 56 6
block 57 6
block 58 6
block 59 6
block 60 6
block 30 7
block 31 7
block 32 7
block 33 7
block 34 7
block 52 7
block 53 7
block 54 7
block 55 7
block 56 7
block 57 7
block 58 7
block 59 7
block 60 7
block 13 8
block 14 8
block 15 8
block 16 8
block 30 8
block 31 8
block 32 8
block 33 8
block 34 8
block 43 8
block 44 8
block 45 8
block 46 8
block 47 8
block 48 8
block 49 8
block 52 8
block 53 8
block 54 8
block 55 8
block 56 8
block 57 8
block 58 8
block 59 8
block 60 8
block 13 9
block 14 9
block 15 9
block 16 9
block 30 9
block 31 9
block 32 9
block 33 9
block 34 9
block 43 9
block 44 9
block 45 9
block 46 9
block 47 9
block 48 9
block 49 9
block 59 9
block 60 9
block 13 10
block 14 10
block 15 10
block 16 10
block 30 10
block 31 10
block 32 10
block 33 10
block 34 10
block 59 10
block 60 10
block 13 11
block 14 11
block 15 11
block 16 11
block 30 11
block 31 11
block 32 11
block 33 11
block 34 11
block 13 12
block 14 12
block 15 12
block 16 12
block 36 12
block 37 12
block 38 12
block 39 12
block 40 12
block 41 12
block 13 13
block 14 13
block 15 13
block 16 13
block 36 13
block 37 13
block 38 13
block 39 13
block 40 13
block 41 13
block 36 14
block 37 14
block 38 14
block 39 14
block 40 14
block 41 14
block 36 15
block 37 15
block 38 15
block 39 15
block 40 15
block 41 15
block 55 18
block 56 18
block 18 19
block 19 19
block 20 19
block 21 19
block 22 19
block 32 19
block 33 19
block 34 19
block 35 19
block 55 19
block 56 19
block 60 19
block 61 19
block 62 19
block 63 19
block 64 19
block 65 19
block 66 19
block 0 20
block 1 20
block 18 20
block 19 20
block 20 20
block 21 20
block 22 20
block 32 20
block 33 20
block 34 20
block 35 20
block 55 20
block 56 20
block 60 20
block 61 20
block 62 20
block 63 20
block 64 20
block 65 20
block 66 20
block 72 20
block 73 20
block 0 21
block 1 21
block 5 21
block 6 21
block 7 21
block 8 21
block 15 21
block 16 21
block 17 21
block 18 21
block 19 21
block 28 21
block 29 21
block 30 21
block 31 21
block 32 21
block 33 21
block 34 21
block 35 21
block 55 21
block 56 21
block 60 21
block 61 21
block 62 21
block 63 21
block 64 21
block 65 21
block 66 21
block 72 21
block 73 21
block 0 22
block 1 22
block 5 22
block 6 22
block 7 22
block 8 22
block 15 22
block 16 22
block 17 22
block 18 22
block 19 22
block 28 22
block 29 22
block 30 22
block 31 22
block 32 22
block 33 22
block 34 22
block 35 22
block 54 22
block 55 22
block 56 22
block 57 22
block 58 22
block 59 22
block 60 22
block 61 22
block 62 22
block 63 22
block 64 22
block 65 22
block 66 22
block 72 22
block 73 22
block 0 23
block 1 23
block 5 23
block 6 23
block 7 23
block 8 23
block 15 23
block 16 23
block 17 23
block 18 23
block 19 23
block 20 23
block 21 23
block 22 23
block 23 23
block 24 23
block 25 23
block 28 23
block 29 23
block 30 23
block 31 23
block 32 23
block 33 23
block 34 23
block 35 23
block 54 23
block 55 23
block 56 23
block 57 23
block 58 23
block 59 23
block 60 23
block 61 23
block 62 23
block 63 23
block 64 23
block 65 23
block 66 23
block 72 23
block 73 23
##BotsAndCoinsInfo
bot_name 0 starter-bot
bot 0 2 3
bot_coins 0 0
coin 14 1
coin 59 21
round 1
bot 0 3 3
round 2
bot 0 4 3
round 3
bot 0 5 3
round 4
bot 0 6 3
round 5
bot 0 7 3
coin 2 20
coin 71 3
round 6
bot 0 8 3
round 7
round 8
round 9
match_over 0
round 10
