match
match_id 1639225501104_aa
match_time 1639225501150
num_bots 1
##MatchConfig
mode FRIENDLY
num_rounds 200
random_seed 42
move_time_limit 5000
coin_spawn_period 5
coin_spawn_volume 10
##MapConfig
map_size 61 22
view_radius 5
mining_radius 2
attack_radius 3
block 0 0
block 1 0
block 2 0
block 3 0
block 4 0
block 5 0
block 7 0
block 8 0
block 9 0
block 10 0
block 11 0
block 21 0
block 22 0
block 28 0
block 29 0
block 30 0
block 31 0
block 32 0
block 33 0
block 34 0
block 35 0
block 39 0
block 40 0
block 41 0
block 42 0
block 43 0
block 44 0
block 45 0
block 46 0
block 47 0
block 59 0
block 60 0
block 0 1
block 1 1
block 2 1
block 3 1
block 4 1
block 7 1
block 8 1
block 9 1
block 10 1
block 11 1
block 21 1
block 22 1
block 28 1
block 29 1
block 41 1
block 42 1
block 43 1
block 44 1
block 45 1
block 46 1
block 47 1
block 48 1
block 49 1
block 50 1
block 51 1
block 52 1
block 59 1
block 60 1
block 0 2
block 1 2
block 2 2
block 3 2
block 4 2
block 7 2
block 8 2
block 9 2
block 10 2
block 11 2
block 21 2
block 22 2
block 41 2
block 42 2
block 43 2
block 44 2
block 45 2
block 46 2
block 47 2
block 48 2
block 49 2
block 50 2
block 51 2
block 52 2
block 59 2
block 60 2
block 0 3
block 1 3
block 2 3
block 3 3
block 4 3
block 6 3
block 7 3
block 8 3
block 9 3
block 10 3
block 21 3
block 22 3
block 47 3
block 48 3
block 49 3
block 50 3
block 51 3
block 52 3
block 59 3
block 60 3
block 0 4
block 1 4
block 2 4
block 3 4
block 4 4
block 6 4
block 7 4
block 8 4
block 9 4
block 10 4
block 21 4
block 22 4
block 43 4
block 44 4
block 47 4
block 48 4
block 49 4
block 50 4
block 51 4
block 52 4
block 59 4
block 60 4
block 0 5
block 1 5
block 2 5
block 3 5
block 4 5
block 6 5
block 7 5
block 8 5
block 9 5
block 10 5
block 21 5
block 22 5
block 43 5
block 44 5
block 47 5
block 48 5
block 49 5
block 50 5
block 51 5
block 52 5
block 59 5
block 60 5
block 0 6
block 1 6
block 2 6
block 3 6
block 4 6
block 5 6
block 6 6
block 43 6
block 44 6
block 47 6
block 48 6
block 49 6
block 50 6
block 51 6
block 52 6
block 59 6
block 60 6
block 0 7
block 1 7
block 2 7
block 3 7
block 4 7
block 5 7
block 6 7
block 28 7
block 29 7
block 30 7
block 31 7
block 58 7
block 59 7
block 60 7
block 0 8
block 1 8
block 2 8
block 3 8
block 4 8
block 28 8
block 29 8
block 30 8
block 31 8
block 58 8
block 59 8
block 60 8
block 0 9
block 1 9
block 2 9
block 3 9
block 4 9
block 28 9
block 29 9
block 30 9
block 31 9
block 0 10
block 1 10
block 2 10
block 3 10
block 4 10
block 28 10
block 29 10
block 30 10
block 31 10
block 52 10
block 53 10
block 54 10
block 11 11
block 12 11
block 13 11
block 14 11
block 15 11
block 16 11
block 19 11
block 20 11
block 21 11
block 22 11
block 23 11
block 24 11
block 28 11
block 29 11
block 30 11
block 31 11
block 48 11
block 49 11
block 50 11
block 51 11
block 52 11
block 53 11
block 54 11
block 11 12
block 12 12
block 13 12
block 14 12
block 15 12
block 16 12
block 19 12
block 20 12
block 21 12
block 22 12
block 23 12
block 24 12
block 28 12
block 29 12
block 30 12
block 31 12
block 48 12
block 49 12
block 50 12
block 51 12
block 52 12
block 53 12
block 54 12
block 0 13
block 1 13
block 11 13
block 12 13
block 13 13
block 14 13
block 15 13
block 16 13
block 19 13
block 20 13
block 21 13
block 22 13
block 23 13
block 24 13
block 57 13
block 58 13
block 59 13
block 60 13
block 0 14
block 1 14
block 6 14
block 7 14
block 8 14
block 9 14
block 10 14
block 15 14
block 16 14
block 17 14
block 18 14
block 19 14
block 20 14
block 21 14
block 22 14
block 23 14
block 24 14
block 57 14
block 58 14
block 59 14
block 60 14
block 0 15
block 1 15
block 6 15
block 7 15
block 8 15
block 9 15
block 10 15
block 15 15
block 16 15
block 17 15
block 18 15
block 19 15
block 20 15
block 21 15
block 22 15
block 23 15
block 24 15
block 25 15
block 26 15
block 27 15
block 28 15
block 29 15
block 57 15
block 58 15
block 59 15
block 60 15
block 15 16
block 16 16
block 17 16
block 18 16
block 19 16
block 20 16
block 21 16
block 25 16
block 26 16
block 27 16
block 28 16
block 29 16
block 15 17
block 16 17
block 17 17
block 18 17
block 19 17
block 20 17
block 21 17
block 25 17
block 26 17
block 27 17
block 28 17
block 29 17
block 15 18
block 16 18
block 17 18
block 18 18
block 19 18
block 20 18
block 21 18
block 25 18
block 26 18
block 27 18
block 28 18
block 29 18
block 30 18
block 31 18
block 32 18
block 33 18
block 34 18
block 35 18
block 0 19
block 1 19
block 2 19
block 3 19
block 4 19
block 5 19
block 15 19
block 16 19
block 17 19
block 18 19
block 19 19
block 20 19
block 21 19
block 25 19
block 26 19
block 27 19
block 28 19
block 29 19
block 30 19
block 31 19
block 32 19
block 33 19
block 34 19
block 35 19
block 60 19
block 0 20
block 1 20
block 2 20
block 3 20
block 4 20
block 5 20
block 7 20
block 8 20
block 9 20
block 10 20
block 11 20
block 15 20
block 16 20
block 17 20
block 18 20
block 19 20
block 20 20
block 21 20
block 28 20
block 29 20
block 30 20
block 31 20
block 32 20
block 33 20
block 34 20
block 35 20
block 41 20
block 42 20
block 43 20
block 44 20
block 45 20
block 46 20
block 47 20
block 60 20
block 0 21
block 1 21
block 2 21
block 3 21
block 4 21
block 5 21
block 7 21
block 8 21
block 9 21
block 10 21
block 11 21
block 15 21
block 16 21
block 17 21
block 18 21
block 19 21
block 20 21
block 21 21
block 28 21
block 29 21
block 30 21
block 31 21
block 32 21
block 33 21
block 34 21
block 35 21
block 39 21
block 40 21
block 41 21
block 42 21
block 43 21
block 44 21
block 45 21
block 46 21
block 47 21
block 60 21
##BotsAndCoinsInfo
bot_name 0 starter-bot
bot 0 8 6
bot_coins 0 0
coin 5 15
coin 55 6
coin 24 16
coin 36 5
coin 10 19
coin 50 0
coin 55 2
coin 6 19
coin 22 17
coin 38 4
round 1
round 2
round 3
round 4
round 5
coin 38 18
coin 23 3
coin 23 0
coin 37 21
coin 22 21
coin 38 0
coin 36 20
coin 24 1
coin 41 9
coin 18 12
round 6
round 7
round 8
round 9
round 10
coin 7 16
coin 53 5
coin 55 9
coin 5 12
coin 19 0
coin 40 20
coin 19 6
coin 41 15
coin 22 18
coin 38 3
round 11
round 12
round 13
round 14
round 15
coin 53 4
coin 7 17
coin 56 13
coin 5 8
coin 39 3
coin 22 19
coin 20 10
coin 40 11
coin 37 4
coin 23 17
round 16
round 17
round 18
round 19
round 20
coin 36 3
coin 24 18
coin 48 13
coin 12 8
coin 22 6
coin 38 15
coin 18 5
coin 42 16
coin 9 11
coin 51 10
round 21
round 22
round 23
round 24
round 25
coin 48 0
coin 12 21
coin 5 4
coin 55 17
coin 37 2
coin 23 19
coin 30 17
coin 30 4
coin 23 16
coin 37 5
round 26
round 27
round 28
round 29
round 30
coin 20 3
coin 40 18
coin 48 19
coin 12 2
coin 20 4
coin 40 17
coin 53 3
coin 7 18
coin 47 15
coin 13 6
round 31
round 32
round 33
round 34
round 35
bot 0 9 6
coin 17 13
coin 43 8
coin 47 16
coin 13 5
coin 23 5
coin 37 16
coin 18 8
coin 42 13
coin 56 21
coin 5 1
round 36
bot 0 10 6
round 37
bot 0 11 6
coin_collected 13 6 0
bot_coins 0 1
round 38
bot 0 12 6
coin_collected 12 8 0
bot_coins 0 2
coin_collected 13 5 0
bot_coins 0 3
round 39
bot 0 13 6
round 40
bot 0 14 6
coin 47 14
coin 13 7
coin 48 20
coin 12 1
coin 14 14
coin 46 7
coin 59 20
coin 58 1
coin 36 19
coin 24 2
round 41
bot 0 15 5
round 42
bot 0 16 4
round 43
bot 0 17 3
round 44
bot 0 18 2
round 45
bot 0 19 1
coin_collected 19 0 0
bot_coins 0 4
coin 27 8
coin 33 13
coin 12 5
coin 48 16
coin 21 7
coin 39 14
coin 29 2
coin 31 17
coin 43 12
coin 17 9
round 46
bot 0 20 0
round 47
round 48
round 49
round 50
coin 49 8
coin 10 13
coin 33 7
coin 27 14
coin 25 13
coin 35 8
coin 60 9
coin 0 12
coin 2 14
coin 57 7
round 51
round 52
round 53
round 54
round 55
coin 6 2
coin 54 19
coin 50 17
coin 11 4
coin 56 16
coin 5 5
coin 60 17
coin 58 4
coin 16 5
coin 44 16
round 56
round 57
round 58
round 59
round 60
coin 29 14
coin 32 7
coin 21 10
coin 39 11
coin 23 8
coin 37 13
coin 6 16
coin 54 5
coin 2 18
coin 58 3
round 61
round 62
bot 0 20 1
coin_collected 20 3 0
bot_coins 0 5
round 63
bot 0 20 2
coin_collected 20 4 0
bot_coins 0 6
round 64
bot 0 20 3
round 65
bot 0 20 4
coin 3 11
coin 57 10
coin 11 6
coin 49 15
coin 32 10
coin 27 11
coin 4 18
coin 56 3
coin 45 15
coin 15 6
round 66
bot 0 20 5
coin_collected 19 6 0
bot_coins 0 7
coin_collected 18 5 0
bot_coins 0 8
round 67
bot 0 20 6
coin_collected 21 7 0
bot_coins 0 9
coin_collected 22 6 0
bot_coins 0 10
round 68
bot 0 20 7
round 69
bot 0 20 8
coin_collected 20 10 0
bot_coins 0 11
coin_collected 18 8 0
bot_coins 0 12
round 70
bot 0 20 9
coin_collected 21 10 0
bot_coins 0 13
coin 14 7
coin 46 14
coin 37 19
coin 23 2
coin 40 3
coin 22 16
coin 45 19
coin 15 2
coin 22 9
coin 38 12
round 71
bot 0 20 10
round 72
round 73
round 74
bot 0 19 9
coin_collected 17 9 0
bot_coins 0 14
round 75
bot 0 18 8
coin 37 1
coin 23 20
coin 58 2
coin 3 18
coin 52 15
coin 8 6
coin 30 16
coin 30 5
coin 50 21
coin 12 0
round 76
bot 0 17 7
round 77
bot 0 16 6
coin_collected 15 6 0
bot_coins 0 15
coin_collected 16 5 0
bot_coins 0 16
round 78
bot 0 15 5
round 79
bot 0 14 4
round 80
bot 0 13 3
coin_collected 12 2 0
bot_coins 0 17
coin 41 19
coin 19 2
coin 12 16
coin 46 5
coin 55 10
coin 5 11
coin 36 6
coin 25 14
coin 57 1
coin 5 18
round 81
bot 0 12 2
coin_collected 12 0 0
bot_coins 0 18
coin_collected 12 1 0
bot_coins 0 19
round 82
bot 0 13 2
coin_collected 15 2 0
bot_coins 0 20
round 83
bot 0 14 2
round 84
bot 0 15 2
round 85
bot 0 16 2
coin 23 1
coin 37 20
coin 53 16
coin 7 6
coin 36 9
coin 25 12
coin 51 0
coin 9 19
coin 30 13
coin 30 6
round 86
bot 0 17 2
coin_collected 19 2 0
bot_coins 0 21
round 87
bot 0 18 2
round 88
bot 0 19 2
round 89
bot 0 20 2
round 90
coin 30 1
coin 27 20
coin 5 3
coin 55 18
coin 54 13
coin 6 8
coin 15 9
coin 45 12
coin 14 17
coin 46 4
round 91
round 92
round 93
round 94
round 95
coin 20 3
coin 40 19
coin 43 16
coin 17 5
coin 6 20
coin 54 1
coin 53 1
coin 7 19
coin 1 18
coin 57 3
round 96
bot 0 19 3
coin_collected 20 3 0
bot_coins 0 22
round 97
bot 0 18 4
coin_collected 17 5 0
bot_coins 0 23
round 98
bot 0 17 5
round 99
bot 0 16 6
round 100
bot 0 15 7
coin_collected 13 7 0
bot_coins 0 24
coin_collected 14 7 0
bot_coins 0 25
coin_collected 15 9 0
bot_coins 0 26
coin 58 16
coin 5 2
coin 4 12
coin 56 9
coin 46 6
coin 14 15
coin 40 5
coin 23 18
coin 25 11
coin 35 10
round 101
bot 0 14 8
round 102
bot 0 13 9
round 103
round 104
round 105
coin 53 0
coin 6 21
coin 25 2
coin 36 18
coin 56 15
coin 7 7
coin 16 9
coin 44 12
coin 58 5
coin 2 16
round 106
round 107
round 108
round 109
round 110
coin 35 17
coin 25 4
coin 49 0
coin 12 20
coin 33 1
coin 26 20
coin 46 11
coin 14 10
coin 56 7
coin 4 14
round 111
bot 0 13 8
round 112
bot 0 13 7
round 113
bot 0 13 6
coin_collected 11 6 0
bot_coins 0 27
coin_collected 12 5 0
bot_coins 0 28
round 114
bot 0 13 5
round 115
bot 0 13 4
coin_collected 11 4 0
bot_coins 0 29
coin 36 1
coin 24 20
coin 13 21
coin 48 21
coin 44 3
coin 14 18
coin 0 18
coin 57 2
coin 26 14
coin 34 7
round 116
bot 0 13 3
round 117
bot 0 13 2
round 118
bot 0 13 1
coin_collected 13 21 0
bot_coins 0 30
round 119
bot 0 13 0
coin_collected 12 21 0
bot_coins 0 31
round 120
bot 0 12 0
coin_collected 12 20 0
bot_coins 0 32
coin 5 10
coin 55 11
coin 2 11
coin 58 10
coin 59 9
coin 1 12
coin 37 0
coin 23 21
coin 27 13
coin 33 8
round 121
round 122
round 123
round 124
round 125
coin 57 4
coin 3 17
coin 44 15
coin 16 6
coin 47 7
coin 13 14
coin 36 21
coin 24 0
coin 55 12
coin 5 9
round 126
round 127
round 128
bot 0 13 1
round 129
bot 0 14 2
round 130
bot 0 15 3
coin 58 6
coin 2 15
coin 26 13
coin 34 8
coin 56 19
coin 6 1
coin 10 7
coin 50 14
coin 24 17
coin 36 4
round 131
bot 0 16 4
coin_collected 16 6 0
bot_coins 0 33
round 132
bot 0 17 5
round 133
bot 0 18 6
round 134
bot 0 19 7
round 135
bot 0 20 8
coin 13 2
coin 47 19
coin 45 5
coin 14 16
coin 24 10
coin 36 11
coin 19 0
coin 40 1
coin 0 11
coin 60 10
round 136
bot 0 21 9
coin_collected 22 9 0
bot_coins 0 34
round 137
bot 0 22 10
coin_collected 24 10 0
bot_coins 0 35
round 138
round 139
round 140
coin 50 18
coin 11 3
coin 5 16
coin 55 5
coin 21 10
coin 39 10
coin 27 0
coin 34 1
coin 58 18
coin 6 0
round 141
coin_collected 21 10 0
bot_coins 0 36
round 142
bot 0 21 9
round 143
bot 0 20 8
round 144
bot 0 19 7
round 145
bot 0 18 6
coin 41 16
coin 19 5
coin 46 18
coin 14 3
coin 13 17
coin 46 3
coin 22 20
coin 38 1
coin 20 7
coin 40 14
round 146
bot 0 17 5
coin_collected 19 5 0
bot_coins 0 37
round 147
bot 0 16 4
round 148
bot 0 15 3
coin_collected 14 3 0
bot_coins 0 38
round 149
bot 0 16 2
round 150
bot 0 17 1
coin 56 17
coin 7 8
coin 17 12
coin 43 9
coin 8 7
coin 52 14
coin 4 15
coin 56 6
coin 55 16
coin 6 9
round 151
bot 0 18 0
coin_collected 19 0 0
bot_coins 0 39
round 152
round 153
round 154
round 155
coin 3 14
coin 57 8
coin 39 2
coin 24 19
coin 15 10
coin 45 11
coin 32 11
coin 27 10
coin 2 12
coin 58 9
round 156
round 157
bot 0 19 1
round 158
bot 0 20 2
round 159
round 160
coin 33 2
coin 27 21
coin 26 12
coin 34 9
coin 58 0
coin 59 21
coin 9 6
coin 51 15
coin 18 2
coin 42 19
round 161
coin_collected 18 2 0
bot_coins 0 40
round 162
round 163
round 164
round 165
coin 32 17
coin 28 4
coin 2 17
coin 57 5
coin 11 16
coin 49 7
coin 43 3
coin 14 19
coin 8 19
coin 53 2
round 166
round 167
round 168
round 169
round 170
coin 33 6
coin 28 14
coin 18 6
coin 42 15
coin 20 0
coin 39 20
coin 48 17
coin 12 4
coin 40 2
coin 19 0
round 171
coin_collected 20 0 0
bot_coins 0 41
round 172
round 173
round 174
round 175
coin 42 9
coin 18 11
coin 56 14
coin 7 9
coin 59 17
coin 57 6
coin 56 4
coin 4 17
coin 1 11
coin 59 10
round 176
round 177
round 178
round 179
round 180
coin 19 3
coin 41 18
coin 14 9
coin 46 12
coin 8 16
coin 53 6
coin 17 8
coin 43 13
coin 38 19
coin 20 1
round 181
coin_collected 19 3 0
bot_coins 0 42
coin_collected 20 1 0
bot_coins 0 43
round 182
round 183
round 184
round 185
coin 56 2
coin 6 18
coin 10 6
coin 50 15
coin 18 13
coin 42 8
coin 13 18
coin 45 3
coin 28 5
coin 32 16
round 186
round 187
round 188
round 189
round 190
coin 37 14
coin 23 7
coin 15 0
coin 44 19
coin 39 19
coin 20 1
coin 53 13
coin 8 8
coin 49 17
coin 11 4
round 191
coin_collected 20 1 0
bot_coins 0 44
round 192
round 193
round 194
round 195
coin 12 2
coin 48 18
coin 25 21
coin 35 1
coin 17 0
coin 43 19
coin 54 8
coin 6 13
coin 12 8
coin 48 14
round 196
round 197
round 198
bot 0 19 1
coin_collected 19 0 0
bot_coins 0 45
round 199
bot 0 18 0
coin_collected 17 0 0
bot_coins 0 46
round 200
coin 25 1
coin 36 0
coin 25 9
coin 35 12
coin 53 17
coin 9 7
coin 39 5
coin 25 20
coin 34 2
coin 26 21
match_over 0
