match
match_id 1639152342146_bc
match_time 1639152342149
num_bots 1
##MatchConfig
mode FRIENDLY
num_rounds 200
random_seed 42
move_time_limit 1000
coin_spawn_period 5
coin_spawn_volume 2
##MapConfig
map_size 55 24
view_radius 6
mining_radius 1
attack_radius 4
block 6 0
block 7 0
block 8 0
block 9 0
block 10 0
block 21 0
block 22 0
block 23 0
block 24 0
block 25 0
block 26 0
block 27 0
block 38 0
block 39 0
block 40 0
block 41 0
block 42 0
block 43 0
block 44 0
block 0 1
block 6 1
block 7 1
block 8 1
block 9 1
block 10 1
block 38 1
block 39 1
block 40 1
block 41 1
block 42 1
block 43 1
block 44 1
block 54 1
block 0 2
block 6 2
block 7 2
block 8 2
block 9 2
block 10 2
block 38 2
block 39 2
block 40 2
block 41 2
block 42 2
block 43 2
block 44 2
block 54 2
block 0 3
block 6 3
block 7 3
block 8 3
block 9 3
block 10 3
block 38 3
block 39 3
block 40 3
block 41 3
block 42 3
block 43 3
block 44 3
block 54 3
block 0 4
block 6 4
block 7 4
block 8 4
block 9 4
block 10 4
block 38 4
block 39 4
block 40 4
block 41 4
block 42 4
block 43 4
block 44 4
block 54 4
block 0 5
block 6 5
block 7 5
block 8 5
block 9 5
block 10 5
block 38 5
block 39 5
block 40 5
block 41 5
block 42 5
block 43 5
block 44 5
block 54 5
block 0 6
block 40 6
block 41 6
block 42 6
block 43 6
block 44 6
block 45 6
block 46 6
block 54 6
block 0 7
block 40 7
block 41 7
block 42 7
block 43 7
block 44 7
block 45 7
block 46 7
block 49 7
block 50 7
block 51 7
block 52 7
block 53 7
block 54 7
block 0 8
block 32 8
block 33 8
block 34 8
block 35 8
block 36 8
block 37 8
block 38 8
block 40 8
block 41 8
block 42 8
block 43 8
block 44 8
block 45 8
block 46 8
block 49 8
block 50 8
block 51 8
block 52 8
block 53 8
block 54 8
block 0 9
block 32 9
block 33 9
block 34 9
block 35 9
block 36 9
block 37 9
block 38 9
block 40 9
block 41 9
block 42 9
block 43 9
block 44 9
block 45 9
block 46 9
block 49 9
block 50 9
block 51 9
block 52 9
block 53 9
block 54 9
block 0 10
block 32 10
block 33 10
block 34 10
block 35 10
block 36 10
block 37 10
block 38 10
block 40 10
block 41 10
block 42 10
block 43 10
block 44 10
block 45 10
block 46 10
block 49 10
block 50 10
block 51 10
block 52 10
block 53 10
block 54 10
block 0 11
block 40 11
block 41 11
block 42 11
block 43 11
block 44 11
block 45 11
block 46 11
block 49 11
block 50 11
block 51 11
block 52 11
block 53 11
block 54 11
block 0 12
block 40 12
block 41 12
block 42 12
block 43 12
block 44 12
block 45 12
block 46 12
block 49 12
block 50 12
block 51 12
block 52 12
block 53 12
block 54 12
block 0 13
block 49 13
block 50 13
block 51 13
block 52 13
block 53 13
block 54 13
block 49 14
block 50 14
block 51 14
block 49 15
block 50 15
block 51 15
block 28 16
block 29 16
block 30 16
block 31 16
block 49 16
block 50 16
block 51 16
block 28 17
block 29 17
block 30 17
block 31 17
block 21 18
block 22 18
block 23 18
block 24 18
block 25 18
block 26 18
block 27 18
block 11 19
block 12 19
block 13 19
block 14 19
block 21 19
block 22 19
block 23 19
block 24 19
block 25 19
block 26 19
block 27 19
block 11 20
block 12 20
block 13 20
block 14 20
block 21 20
block 22 20
block 23 20
block 24 20
block 25 20
block 26 20
block 27 20
block 21 21
block 22 21
block 23 21
block 24 21
block 25 21
block 26 21
block 27 21
block 21 22
block 22 22
block 23 22
block 24 22
block 25 22
block 26 22
block 27 22
block 21 23
block 22 23
block 23 23
block 24 23
block 25 23
block 26 23
block 27 23
block 38 23
block 39 23
block 40 23
block 41 23
block 42 23
block 43 23
block 44 23
##BotsAndCoinsInfo
bot_name 0 starter-bot
bot 0 19 19
bot_coins 0 0
coin 37 3
coin 17 20
round 1
bot 0 18 18
round 2
bot 0 17 17
round 3
bot 0 16 16
round 4
bot 0 15 15
round 5
bot 0 14 14
coin 8 20
coin 46 3
round 6
bot 0 13 13
round 7
bot 0 12 12
round 8
bot 0 11 12
round 9
bot 0 10 12
round 10
bot 0 9 12
coin 25 13
coin 29 10
round 11
bot 0 8 12
round 12
bot 0 7 12
round 13
bot 0 6 12
round 14
bot 0 5 12
round 15
bot 0 4 12
coin 45 14
coin 9 9
round 16
bot 0 4 13
round 17
bot 0 4 14
round 18
bot 0 4 15
round 19
bot 0 4 16
round 20
bot 0 4 17
coin 53 5
coin 1 18
round 21
bot 0 4 18
round 22
bot 0 4 19
round 23
bot 0 4 20
round 24
bot 0 5 21
round 25
bot 0 6 22
coin 22 14
coin 31 9
round 26
bot 0 7 23
round 27
round 28
round 29
round 30
coin 46 13
coin 8 10
round 31
round 32
round 33
round 34
round 35
coin 47 8
coin 7 15
round 36
round 37
round 38
round 39
round 40
bot 0 6 22
coin 26 17
coin 28 6
round 41
bot 0 5 21
round 42
bot 0 4 20
round 43
bot 0 3 19
round 44
bot 0 2 18
coin_collected 1 18 0
bot_coins 0 1
round 45
bot 0 1 17
coin 33 17
coin 21 6
round 46
bot 0 2 16
round 47
bot 0 3 15
round 48
bot 0 4 14
round 49
bot 0 5 13
round 50
bot 0 6 12
coin 10 7
coin 44 16
round 51
bot 0 7 11
round 52
bot 0 8 10
coin_collected 8 10 0
bot_coins 0 2
round 53
bot 0 7 11
round 54
bot 0 6 12
round 55
bot 0 5 13
coin 36 7
coin 18 16
round 56
bot 0 4 14
round 57
bot 0 3 15
round 58
bot 0 2 16
round 59
bot 0 1 17
round 60
bot 0 2 16
coin 23 9
coin 31 14
round 61
bot 0 3 15
round 62
bot 0 4 14
round 63
bot 0 5 13
round 64
bot 0 6 12
round 65
bot 0 7 11
coin 10 10
coin 44 13
round 66
bot 0 8 10
round 67
round 68
round 69
match_over 0
round 70
