match
match_id 1639335321649_ag
match_time 1639335321656
num_bots 1
##MatchConfig
mode FRIENDLY
num_rounds 200
random_seed 42
move_time_limit 5000
coin_spawn_period 5
coin_spawn_volume 10
##MapConfig
map_size 50 31
view_radius 5
mining_radius 1
attack_radius 3
block 11 0
block 12 0
block 13 0
block 11 1
block 12 1
block 13 1
block 43 1
block 44 1
block 45 1
block 46 1
block 47 1
block 48 1
block 11 2
block 12 2
block 13 2
block 43 2
block 44 2
block 45 2
block 46 2
block 47 2
block 48 2
block 8 3
block 9 3
block 11 3
block 12 3
block 13 3
block 25 3
block 26 3
block 43 3
block 44 3
block 45 3
block 46 3
block 47 3
block 48 3
block 8 4
block 9 4
block 11 4
block 12 4
block 13 4
block 25 4
block 26 4
block 43 4
block 44 4
block 45 4
block 46 4
block 47 4
block 48 4
block 8 5
block 9 5
block 25 5
block 26 5
block 43 5
block 44 5
block 45 5
block 46 5
block 47 5
block 48 5
block 8 6
block 9 6
block 12 6
block 13 6
block 14 6
block 15 6
block 16 6
block 25 6
block 26 6
block 43 6
block 44 6
block 45 6
block 46 6
block 47 6
block 48 6
block 0 7
block 3 7
block 4 7
block 5 7
block 6 7
block 7 7
block 8 7
block 9 7
block 12 7
block 13 7
block 14 7
block 15 7
block 16 7
block 25 7
block 26 7
block 44 7
block 45 7
block 46 7
block 47 7
block 48 7
block 49 7
block 0 8
block 1 8
block 3 8
block 4 8
block 5 8
block 6 8
block 7 8
block 8 8
block 9 8
block 12 8
block 13 8
block 14 8
block 15 8
block 16 8
block 25 8
block 26 8
block 44 8
block 45 8
block 46 8
block 47 8
block 48 8
block 49 8
block 0 9
block 1 9
block 3 9
block 4 9
block 5 9
block 6 9
block 7 9
block 25 9
block 26 9
block 44 9
block 45 9
block 46 9
block 47 9
block 48 9
block 49 9
block 0 10
block 1 10
block 3 10
block 4 10
block 5 10
block 6 10
block 7 10
block 42 10
block 43 10
block 44 10
block 45 10
block 46 10
block 47 10
block 48 10
block 49 10
block 3 11
block 4 11
block 5 11
block 6 11
block 7 11
block 42 11
block 43 11
block 44 11
block 3 12
block 4 12
block 5 12
block 6 12
block 7 12
block 42 12
block 43 12
block 44 12
block 42 13
block 43 13
block 44 13
block 35 14
block 36 14
block 37 14
block 38 14
block 39 14
block 40 14
block 41 14
block 42 14
block 43 14
block 44 14
block 35 15
block 36 15
block 37 15
block 38 15
block 39 15
block 40 15
block 41 15
block 42 15
block 43 15
block 44 15
block 15 16
block 16 16
block 17 16
block 18 16
block 19 16
block 20 16
block 35 16
block 36 16
block 37 16
block 38 16
block 39 16
block 40 16
block 41 16
block 42 16
block 43 16
block 44 16
block 15 17
block 16 17
block 17 17
block 18 17
block 19 17
block 20 17
block 37 17
block 38 17
block 39 17
block 40 17
block 15 18
block 16 18
block 17 18
block 18 18
block 19 18
block 20 18
block 39 18
block 40 18
block 15 19
block 16 19
block 17 19
block 18 19
block 19 19
block 20 19
block 21 19
block 22 19
block 39 19
block 40 19
block 21 20
block 22 20
block 39 20
block 40 20
block 21 21
block 22 21
block 39 21
block 40 21
block 21 22
block 22 22
block 39 22
block 40 22
block 10 24
block 11 24
block 12 24
block 13 24
block 14 24
block 10 25
block 11 25
block 12 25
block 13 25
block 14 25
block 10 26
block 11 26
block 12 26
block 13 26
block 14 26
block 10 27
block 11 27
block 12 27
block 13 27
block 14 27
block 10 28
block 11 28
block 12 28
block 13 28
block 14 28
block 10 29
block 11 29
block 12 29
block 13 29
block 14 29
block 11 30
block 12 30
##BotsAndCoinsInfo
bot_name 0 starter-bot
bot 0 19 26
bot_coins 0 0
coin 30 10
coin 19 20
coin 48 23
coin 1 7
coin 20 28
coin 29 2
coin 5 1
coin 44 29
coin 19 3
coin 30 27
round 1
round 2
round 3
round 4
round 5
coin 32 0
coin 17 30
coin 26 27
coin 23 3
coin 26 19
coin 23 11
coin 6 21
coin 43 9
coin 43 19
coin 8 11
round 6
round 7
round 8
bot 0 18 26
round 9
round 10
coin 2 8
coin 47 22
coin 26 18
coin 23 12
coin 43 18
coin 6 13
coin 30 18
coin 19 12
coin 37 21
coin 12 9
round 11
match_over 0
round 12
