match
match_id 1639151042325_ae
match_time 1639151042330
num_bots 1
##MatchConfig
mode FRIENDLY
num_rounds 200
random_seed 42
move_time_limit 1000
coin_spawn_period 5
coin_spawn_volume 2
##MapConfig
map_size 53 30
view_radius 5
mining_radius 2
attack_radius 4
block 10 0
block 11 0
block 12 0
block 13 0
block 14 0
block 15 0
block 16 0
block 17 0
block 18 0
block 19 0
block 20 0
block 31 0
block 32 0
block 42 0
block 43 0
block 44 0
block 45 0
block 46 0
block 47 0
block 12 1
block 13 1
block 14 1
block 15 1
block 16 1
block 17 1
block 18 1
block 19 1
block 20 1
block 31 1
block 32 1
block 42 1
block 43 1
block 44 1
block 45 1
block 46 1
block 47 1
block 12 2
block 13 2
block 14 2
block 15 2
block 16 2
block 17 2
block 18 2
block 19 2
block 20 2
block 28 2
block 29 2
block 30 2
block 31 2
block 32 2
block 33 2
block 40 2
block 41 2
block 42 2
block 43 2
block 44 2
block 45 2
block 46 2
block 47 2
block 0 3
block 1 3
block 12 3
block 13 3
block 14 3
block 15 3
block 16 3
block 17 3
block 18 3
block 19 3
block 20 3
block 28 3
block 29 3
block 30 3
block 31 3
block 32 3
block 33 3
block 40 3
block 41 3
block 42 3
block 43 3
block 44 3
block 45 3
block 46 3
block 47 3
block 48 3
block 49 3
block 50 3
block 51 3
block 52 3
block 0 4
block 1 4
block 12 4
block 13 4
block 14 4
block 15 4
block 16 4
block 28 4
block 29 4
block 30 4
block 31 4
block 32 4
block 33 4
block 40 4
block 41 4
block 42 4
block 43 4
block 44 4
block 45 4
block 46 4
block 47 4
block 48 4
block 49 4
block 50 4
block 51 4
block 52 4
block 0 5
block 1 5
block 28 5
block 29 5
block 30 5
block 31 5
block 32 5
block 33 5
block 40 5
block 41 5
block 42 5
block 43 5
block 44 5
block 45 5
block 46 5
block 47 5
block 48 5
block 49 5
block 50 5
block 51 5
block 52 5
block 0 6
block 1 6
block 28 6
block 29 6
block 30 6
block 31 6
block 32 6
block 33 6
block 40 6
block 41 6
block 42 6
block 43 6
block 44 6
block 45 6
block 46 6
block 47 6
block 48 6
block 49 6
block 50 6
block 51 6
block 52 6
block 0 7
block 1 7
block 2 7
block 3 7
block 4 7
block 5 7
block 28 7
block 29 7
block 30 7
block 31 7
block 32 7
block 33 7
block 45 7
block 46 7
block 47 7
block 48 7
block 49 7
block 52 7
block 0 8
block 1 8
block 2 8
block 3 8
block 4 8
block 5 8
block 28 8
block 29 8
block 30 8
block 31 8
block 35 8
block 36 8
block 37 8
block 45 8
block 46 8
block 47 8
block 48 8
block 49 8
block 52 8
block 2 9
block 3 9
block 4 9
block 5 9
block 28 9
block 29 9
block 30 9
block 31 9
block 35 9
block 36 9
block 37 9
block 45 9
block 46 9
block 47 9
block 48 9
block 49 9
block 0 10
block 1 10
block 2 10
block 3 10
block 4 10
block 5 10
block 28 10
block 29 10
block 30 10
block 31 10
block 45 10
block 46 10
block 47 10
block 48 10
block 49 10
block 51 10
block 52 10
block 0 11
block 1 11
block 2 11
block 3 11
block 4 11
block 5 11
block 28 11
block 29 11
block 30 11
block 31 11
block 45 11
block 46 11
block 47 11
block 48 11
block 49 11
block 51 11
block 52 11
block 2 12
block 3 12
block 4 12
block 5 12
block 28 12
block 29 12
block 30 12
block 31 12
block 2 13
block 3 13
block 4 13
block 5 13
block 11 13
block 12 13
block 13 13
block 14 13
block 11 14
block 12 14
block 13 14
block 14 14
block 24 14
block 25 14
block 26 14
block 27 14
block 28 14
block 1 15
block 2 15
block 3 15
block 4 15
block 5 15
block 11 15
block 12 15
block 13 15
block 14 15
block 24 15
block 25 15
block 26 15
block 27 15
block 28 15
block 31 15
block 32 15
block 43 15
block 44 15
block 45 15
block 46 15
block 47 15
block 48 15
block 49 15
block 1 16
block 2 16
block 3 16
block 4 16
block 5 16
block 11 16
block 12 16
block 13 16
block 14 16
block 24 16
block 25 16
block 26 16
block 27 16
block 28 16
block 31 16
block 32 16
block 43 16
block 44 16
block 45 16
block 46 16
block 47 16
block 48 16
block 49 16
block 1 17
block 2 17
block 3 17
block 4 17
block 5 17
block 11 17
block 12 17
block 13 17
block 14 17
block 24 17
block 25 17
block 26 17
block 27 17
block 28 17
block 31 17
block 32 17
block 43 17
block 44 17
block 45 17
block 46 17
block 47 17
block 48 17
block 49 17
block 1 18
block 2 18
block 3 18
block 4 18
block 5 18
block 24 18
block 25 18
block 26 18
block 27 18
block 28 18
block 31 18
block 32 18
block 38 18
block 39 18
block 43 18
block 44 18
block 45 18
block 46 18
block 47 18
block 48 18
block 49 18
block 26 19
block 27 19
block 31 19
block 32 19
block 38 19
block 39 19
block 43 19
block 44 19
block 45 19
block 46 19
block 47 19
block 48 19
block 49 19
block 31 20
block 32 20
block 38 20
block 39 20
block 43 20
block 44 20
block 45 20
block 46 20
block 47 20
block 48 20
block 49 20
block 5 21
block 6 21
block 16 21
block 17 21
block 18 21
block 19 21
block 20 21
block 21 21
block 31 21
block 32 21
block 38 21
block 39 21
block 43 21
block 44 21
block 45 21
block 46 21
block 47 21
block 48 21
block 49 21
block 5 22
block 6 22
block 16 22
block 17 22
block 18 22
block 19 22
block 20 22
block 21 22
block 38 22
block 39 22
block 5 23
block 6 23
block 16 23
block 17 23
block 18 23
block 19 23
block 20 23
block 21 23
block 38 23
block 39 23
block 45 23
block 46 23
block 47 23
block 48 23
block 5 24
block 6 24
block 10 24
block 11 24
block 12 24
block 16 24
block 17 24
block 18 24
block 19 24
block 20 24
block 21 24
block 38 24
block 39 24
block 45 24
block 46 24
block 47 24
block 48 24
block 2 25
block 3 25
block 4 25
block 5 25
block 6 25
block 7 25
block 10 25
block 11 25
block 12 25
block 16 25
block 17 25
block 18 25
block 19 25
block 20 25
block 21 25
block 29 25
block 30 25
block 31 25
block 32 25
block 33 25
block 34 25
block 35 25
block 45 25
block 46 25
block 47 25
block 48 25
block 2 26
block 3 26
block 4 26
block 5 26
block 6 26
block 7 26
block 10 26
block 11 26
block 12 26
block 16 26
block 17 26
block 18 26
block 19 26
block 20 26
block 21 26
block 29 26
block 30 26
block 31 26
block 32 26
block 33 26
block 34 26
block 35 26
block 5 27
block 6 27
block 10 27
block 11 27
block 12 27
block 16 27
block 17 27
block 18 27
block 19 27
block 20 27
block 29 27
block 30 27
block 31 27
block 32 27
block 33 27
block 34 27
block 35 27
block 10 28
block 11 28
block 12 28
block 16 28
block 17 28
block 18 28
block 19 28
block 20 28
block 29 28
block 30 28
block 31 28
block 32 28
block 33 28
block 34 28
block 35 28
block 42 28
block 43 28
block 44 28
block 45 28
block 46 28
block 47 28
block 10 29
block 11 29
block 12 29
block 13 29
block 14 29
block 15 29
block 16 29
block 17 29
block 18 29
block 19 29
block 20 29
block 29 29
block 30 29
block 31 29
block 32 29
block 33 29
block 34 29
block 35 29
block 42 29
block 43 29
block 44 29
block 45 29
block 46 29
block 47 29
##BotsAndCoinsInfo
bot_name 0 starter-bot
bot 0 8 15
bot_coins 0 0
coin 34 3
coin 15 26
round 1
round 2
round 3
round 4
round 5
coin 5 14
coin 47 14
round 6
round 7
round 8
round 9
round 10
coin 21 27
coin 30 1
round 11
round 12
round 13
round 14
round 15
coin 44 8
coin 8 21
round 16
round 17
round 18
round 19
round 20
coin 14 23
coin 38 6
round 21
round 22
round 23
round 24
round 25
coin 3 2
coin 49 27
round 26
round 27
round 28
round 29
round 30
coin 20 12
coin 33 17
round 31
round 32
round 33
round 34
round 35
coin 34 2
coin 15 27
round 36
round 37
round 38
round 39
round 40
coin 34 0
coin 21 29
round 41
round 42
round 43
round 44
round 45
coin 40 29
coin 11 1
round 46
round 47
round 48
round 49
round 50
coin 39 13
coin 13 18
round 51
round 52
round 53
round 54
round 55
coin 21 3
coin 31 24
round 56
round 57
round 58
round 59
round 60
coin 42 21
coin 10 8
round 61
round 62
round 63
round 64
round 65
coin 36 28
coin 15 28
round 66
round 67
round 68
round 69
round 70
coin 27 6
coin 25 23
round 71
round 72
round 73
round 74
round 75
coin 24 6
coin 28 23
round 76
round 77
round 78
round 79
round 80
coin 43 7
coin 9 22
round 81
round 82
round 83
round 84
round 85
coin 25 19
coin 27 10
round 86
round 87
round 88
round 89
round 90
coin 46 13
coin 6 16
round 91
round 92
round 93
round 94
round 95
coin 30 24
coin 22 5
round 96
round 97
round 98
round 99
round 100
coin 32 24
coin 20 5
round 101
round 102
round 103
round 104
round 105
coin 27 7
coin 25 22
round 106
round 107
round 108
round 109
round 110
coin 7 24
coin 44 7
round 111
round 112
round 113
round 114
round 115
coin 2 5
coin 50 24
round 116
round 117
round 118
round 119
round 120
coin 44 13
coin 8 16
round 121
coin_collected 8 16 0
bot_coins 0 1
round 122
round 123
round 124
round 125
match_over 0
coin 46 22
coin 6 7
round 126
