match
match_id 1639356135844_ax
match_time 1639356135849
num_bots 1
##MatchConfig
mode FRIENDLY
num_rounds 200
random_seed 42
move_time_limit 5000
coin_spawn_period 5
coin_spawn_volume 10
##MapConfig
map_size 62 33
view_radius 6
mining_radius 1
attack_radius 4
block 7 0
block 8 0
block 9 0
block 10 0
block 11 0
block 12 0
block 13 0
block 14 0
block 15 0
block 16 0
block 30 0
block 31 0
block 32 0
block 33 0
block 34 0
block 11 1
block 12 1
block 13 1
block 14 1
block 15 1
block 16 1
block 30 1
block 31 1
block 32 1
block 33 1
block 34 1
block 11 2
block 12 2
block 13 2
block 14 2
block 15 2
block 16 2
block 17 2
block 18 2
block 30 2
block 31 2
block 32 2
block 33 2
block 34 2
block 13 3
block 14 3
block 15 3
block 16 3
block 17 3
block 18 3
block 30 3
block 31 3
block 32 3
block 33 3
block 34 3
block 13 4
block 14 4
block 15 4
block 16 4
block 40 4
block 41 4
block 42 4
block 43 4
block 44 4
block 13 5
block 14 5
block 15 5
block 16 5
block 40 5
block 41 5
block 42 5
block 43 5
block 44 5
block 13 6
block 14 6
block 15 6
block 16 6
block 40 6
block 41 6
block 42 6
block 43 6
block 44 6
block 23 7
block 24 7
block 25 7
block 26 7
block 40 7
block 41 7
block 42 7
block 43 7
block 44 7
block 23 8
block 24 8
block 25 8
block 26 8
block 40 8
block 41 8
block 42 8
block 43 8
block 44 8
block 45 8
block 46 8
block 47 8
block 48 8
block 49 8
block 50 8
block 23 9
block 24 9
block 25 9
block 26 9
block 32 9
block 33 9
block 44 9
block 45 9
block 46 9
block 47 9
block 48 9
block 49 9
block 50 9
block 51 9
block 52 9
block 53 9
block 54 9
block 55 9
block 56 9
block 57 9
block 58 9
block 59 9
block 60 9
block 23 10
block 24 10
block 25 10
block 26 10
block 32 10
block 33 10
block 44 10
block 45 10
block 46 10
block 47 10
block 48 10
block 49 10
block 50 10
block 51 10
block 52 10
block 53 10
block 54 10
block 55 10
block 56 10
block 57 10
block 58 10
block 59 10
block 60 10
block 32 11
block 33 11
block 51 11
block 52 11
block 53 11
block 54 11
block 55 11
block 56 11
block 57 11
block 58 11
block 59 11
block 60 11
block 14 12
block 15 12
block 16 12
block 17 12
block 18 12
block 19 12
block 20 12
block 51 12
block 52 12
block 53 12
block 54 12
block 55 12
block 56 12
block 57 12
block 58 12
block 59 12
block 60 12
block 14 13
block 15 13
block 16 13
block 17 13
block 18 13
block 19 13
block 20 13
block 45 13
block 46 13
block 47 13
block 48 13
block 49 13
block 51 13
block 52 13
block 53 13
block 54 13
block 55 13
block 56 13
block 57 13
block 58 13
block 59 13
block 60 13
block 61 13
block 14 14
block 15 14
block 16 14
block 17 14
block 18 14
block 19 14
block 20 14
block 45 14
block 46 14
block 47 14
block 48 14
block 49 14
block 50 14
block 51 14
block 52 14
block 53 14
block 54 14
block 55 14
block 56 14
block 57 14
block 58 14
block 59 14
block 60 14
block 61 14
block 14 15
block 15 15
block 16 15
block 17 15
block 18 15
block 19 15
block 20 15
block 21 15
block 22 15
block 23 15
block 45 15
block 46 15
block 47 15
block 48 15
block 49 15
block 50 15
block 51 15
block 52 15
block 53 15
block 55 15
block 56 15
block 57 15
block 58 15
block 59 15
block 60 15
block 61 15
block 14 16
block 15 16
block 16 16
block 17 16
block 18 16
block 19 16
block 20 16
block 21 16
block 22 16
block 23 16
block 45 16
block 46 16
block 47 16
block 48 16
block 49 16
block 50 16
block 51 16
block 52 16
block 53 16
block 55 16
block 56 16
block 57 16
block 58 16
block 59 16
block 60 16
block 61 16
block 14 17
block 15 17
block 16 17
block 17 17
block 18 17
block 19 17
block 20 17
block 21 17
block 22 17
block 23 17
block 47 17
block 48 17
block 49 17
block 50 17
block 51 17
block 52 17
block 53 17
block 55 17
block 56 17
block 57 17
block 58 17
block 59 17
block 60 17
block 61 17
block 47 18
block 48 18
block 49 18
block 50 18
block 51 18
block 52 18
block 53 18
block 55 18
block 56 18
block 57 18
block 58 18
block 59 18
block 60 18
block 61 18
block 46 19
block 47 19
block 48 19
block 49 19
block 50 19
block 51 19
block 52 19
block 53 19
block 46 20
block 47 20
block 48 20
block 49 20
block 50 20
block 51 20
block 6 21
block 7 21
block 20 21
block 21 21
block 22 21
block 23 21
block 24 21
block 46 21
block 47 21
block 48 21
block 49 21
block 50 21
block 51 21
block 6 22
block 7 22
block 20 22
block 21 22
block 22 22
block 23 22
block 24 22
block 46 22
block 47 22
block 48 22
block 49 22
block 50 22
block 51 22
block 6 23
block 7 23
block 6 24
block 7 24
block 42 24
block 43 24
block 44 24
block 45 24
block 46 24
block 6 25
block 7 25
block 19 25
block 20 25
block 21 25
block 22 25
block 23 25
block 24 25
block 37 25
block 38 25
block 39 25
block 40 25
block 41 25
block 42 25
block 43 25
block 44 25
block 45 25
block 46 25
block 6 26
block 7 26
block 19 26
block 20 26
block 21 26
block 22 26
block 23 26
block 24 26
block 37 26
block 38 26
block 39 26
block 40 26
block 41 26
block 42 26
block 43 26
block 44 26
block 45 26
block 46 26
block 6 27
block 7 27
block 17 27
block 18 27
block 19 27
block 20 27
block 21 27
block 22 27
block 23 27
block 24 27
block 25 27
block 26 27
block 27 27
block 28 27
block 29 27
block 30 27
block 37 27
block 38 27
block 39 27
block 40 27
block 41 27
block 42 27
block 43 27
block 44 27
block 45 27
block 46 27
block 47 27
block 48 27
block 49 27
block 17 28
block 18 28
block 19 28
block 20 28
block 21 28
block 22 28
block 23 28
block 24 28
block 25 28
block 26 28
block 27 28
block 28 28
block 29 28
block 30 28
block 42 28
block 43 28
block 44 28
block 45 28
block 46 28
block 47 28
block 48 28
block 49 28
block 17 29
block 18 29
block 19 29
block 25 29
block 26 29
block 27 29
block 28 29
block 29 29
block 30 29
block 17 30
block 18 30
block 19 30
block 25 30
block 26 30
block 27 30
block 28 30
block 29 30
block 30 30
block 11 31
block 12 31
block 13 31
block 14 31
block 15 31
block 16 31
block 25 31
block 26 31
block 27 31
block 28 31
block 29 31
block 30 31
block 31 31
block 32 31
block 33 31
block 34 31
block 7 32
block 8 32
block 9 32
block 10 32
block 11 32
block 12 32
block 13 32
block 14 32
block 15 32
block 16 32
block 25 32
block 26 32
block 27 32
block 28 32
block 29 32
block 30 32
block 31 32
block 32 32
block 33 32
block 34 32
##BotsAndCoinsInfo
bot_name 0 starter-bot
bot 0 34 22
bot_coins 0 0
coin 6 15
coin 54 17
coin 34 5
coin 27 26
coin 2 19
coin 61 12
coin 3 2
coin 58 30
coin 24 17
coin 37 15
round 1
bot 0 33 21
round 2
bot 0 32 20
round 3
bot 0 31 19
round 4
bot 0 30 18
round 5
bot 0 29 17
coin 34 29
coin 27 3
coin 10 1
coin 51 31
coin 61 11
coin 0 21
coin 14 9
coin 47 23
coin 52 20
coin 9 12
round 6
bot 0 28 16
round 7
bot 0 27 15
round 8
bot 0 26 14
round 9
bot 0 25 13
round 10
bot 0 24 12
coin 12 4
coin 49 29
coin 58 8
coin 3 24
coin 55 30
coin 6 2
coin 6 28
coin 55 4
coin 53 20
coin 8 12
round 11
bot 0 23 11
round 12
bot 0 22 10
round 13
bot 0 21 9
round 14
round 15
coin 54 15
coin 7 17
coin 22 2
coin 39 30
coin 13 14
coin 46 18
coin 4 22
coin 57 8
coin 25 15
coin 36 17
round 16
match_over 0
round 17
