match
match_id 1639343626065_ad
match_time 1639343626071
num_bots 1
##MatchConfig
mode FRIENDLY
num_rounds 200
random_seed 42
move_time_limit 5000
coin_spawn_period 5
coin_spawn_volume 10
##MapConfig
map_size 75 31
view_radius 5
mining_radius 2
attack_radius 4
block 0 0
block 1 0
block 2 0
block 29 0
block 30 0
block 31 0
block 72 0
block 73 0
block 74 0
block 0 1
block 1 1
block 2 1
block 29 1
block 30 1
block 31 1
block 72 1
block 73 1
block 74 1
block 0 2
block 1 2
block 2 2
block 26 2
block 27 2
block 28 2
block 29 2
block 30 2
block 31 2
block 32 2
block 33 2
block 34 2
block 35 2
block 72 2
block 73 2
block 74 2
block 0 3
block 1 3
block 2 3
block 26 3
block 27 3
block 28 3
block 29 3
block 30 3
block 31 3
block 32 3
block 33 3
block 34 3
block 35 3
block 72 3
block 73 3
block 74 3
block 26 4
block 27 4
block 28 4
block 29 4
block 30 4
block 31 4
block 32 4
block 33 4
block 34 4
block 35 4
block 36 4
block 26 5
block 27 5
block 28 5
block 29 5
block 30 5
block 31 5
block 32 5
block 33 5
block 34 5
block 35 5
block 36 5
block 26 6
block 27 6
block 28 6
block 29 6
block 30 6
block 31 6
block 32 6
block 33 6
block 34 6
block 35 6
block 36 6
block 26 7
block 27 7
block 28 7
block 29 7
block 30 7
block 31 7
block 32 7
block 33 7
block 34 7
block 35 7
block 36 7
block 2 8
block 3 8
block 4 8
block 5 8
block 6 8
block 7 8
block 2 9
block 3 9
block 4 9
block 5 9
block 6 9
block 7 9
block 2 10
block 3 10
block 4 10
block 5 10
block 6 10
block 7 10
block 2 11
block 3 11
block 4 11
block 5 11
block 6 11
block 7 11
block 4 12
block 5 12
block 6 12
block 22 12
block 23 12
block 24 12
block 25 12
block 26 12
block 27 12
block 4 13
block 5 13
block 6 13
block 22 13
block 23 13
block 24 13
block 25 13
block 26 13
block 27 13
block 4 14
block 5 14
block 6 14
block 7 14
block 8 14
block 9 14
block 10 14
block 22 14
block 23 14
block 24 14
block 25 14
block 26 14
block 27 14
block 4 15
block 5 15
block 6 15
block 7 15
block 8 15
block 9 15
block 10 15
block 22 15
block 23 15
block 24 15
block 25 15
block 26 15
block 27 15
block 61 15
block 62 15
block 63 15
block 64 15
block 0 16
block 1 16
block 2 16
block 3 16
block 4 16
block 5 16
block 6 16
block 7 16
block 8 16
block 9 16
block 10 16
block 22 16
block 23 16
block 24 16
block 25 16
block 26 16
block 27 16
block 33 16
block 34 16
block 61 16
block 62 16
block 63 16
block 64 16
block 74 16
block 0 17
block 1 17
block 2 17
block 3 17
block 4 17
block 5 17
block 6 17
block 7 17
block 8 17
block 9 17
block 10 17
block 22 17
block 23 17
block 24 17
block 25 17
block 26 17
block 27 17
block 33 17
block 34 17
block 61 17
block 62 17
block 63 17
block 64 17
block 74 17
block 0 18
block 1 18
block 2 18
block 3 18
block 4 18
block 5 18
block 6 18
block 7 18
block 8 18
block 9 18
block 10 18
block 51 18
block 52 18
block 53 18
block 54 18
block 55 18
block 56 18
block 57 18
block 74 18
block 4 19
block 5 19
block 6 19
block 7 19
block 8 19
block 9 19
block 10 19
block 51 19
block 52 19
block 53 19
block 54 19
block 55 19
block 56 19
block 57 19
block 51 20
block 52 20
block 53 20
block 54 20
block 55 20
block 56 20
block 57 20
block 51 21
block 52 21
block 53 21
block 54 21
block 55 21
block 56 21
block 57 21
block 51 22
block 52 22
block 53 22
block 54 22
block 55 22
block 56 22
block 57 22
block 51 23
block 52 23
block 53 23
block 54 23
block 55 23
block 56 23
block 57 23
block 0 30
block 1 30
block 2 30
block 72 30
block 73 30
block 74 30
##BotsAndCoinsInfo
bot_name 0 starter-bot
bot 0 1 9
bot_coins 0 0
coin 3 12
coin 71 18
coin 48 23
coin 25 7
coin 45 28
coin 28 1
coin 5 1
coin 69 29
coin 19 3
coin 55 27
round 1
round 2
round 3
round 4
round 5
coin 32 0
coin 42 30
coin 51 27
coin 23 3
coin 26 19
coin 48 11
coin 6 21
coin 68 9
coin 43 19
coin 31 11
round 6
round 7
round 8
round 9
round 10
coin 50 8
coin 24 22
coin 26 18
coin 48 12
coin 68 18
coin 7 12
coin 55 17
coin 19 13
coin 37 21
coin 37 9
round 11
round 12
round 13
bot 0 0 9
round 14
bot 0 74 9
round 15
bot 0 73 9
coin 55 26
coin 19 4
coin 3 15
coin 71 15
coin 17 22
coin 57 8
coin 12 20
coin 62 10
coin 13 24
coin 61 6
round 16
bot 0 72 9
round 17
bot 0 71 9
round 18
bot 0 70 9
coin_collected 68 9 0
bot_coins 0 1
round 19
bot 0 69 9
round 20
bot 0 68 9
coin 29 19
coin 45 11
coin 23 6
coin 51 24
coin 50 12
coin 24 18
coin 7 29
coin 67 1
coin 7 4
coin 67 26
round 21
bot 0 67 9
round 22
bot 0 66 9
round 23
bot 0 65 9
round 24
bot 0 64 9
round 25
bot 0 63 9
coin_collected 62 10 0
bot_coins 0 2
coin 43 30
coin 31 30
coin 8 1
coin 66 29
coin 35 11
coin 39 19
coin 13 22
coin 61 8
coin 36 14
coin 38 16
round 26
bot 0 64 10
round 27
bot 0 65 11
round 28
bot 0 66 12
round 29
bot 0 67 13
round 30
bot 0 68 14
coin 22 22
coin 52 8
coin 2 22
coin 72 8
coin 44 27
coin 32 1
coin 23 7
coin 50 23
coin 0 4
coin 74 26
round 31
bot 0 69 15
coin_collected 71 15 0
bot_coins 0 3
round 32
bot 0 70 16
round 33
bot 0 71 16
coin_collected 71 18 0
bot_coins 0 4
round 34
bot 0 72 16
round 35
bot 0 73 16
coin 40 17
coin 34 13
coin 27 1
coin 47 29
coin 73 29
coin 3 1
coin 11 13
coin 63 18
coin 50 20
coin 24 10
round 36
round 37
round 38
round 39
round 40
bot 0 72 15
coin 0 22
coin 74 8
coin 53 2
coin 21 28
coin 7 22
coin 67 8
coin 11 17
coin 63 13
coin 23 19
coin 51 11
round 41
bot 0 71 14
round 42
bot 0 70 13
round 43
bot 0 69 12
round 44
bot 0 68 11
round 45
bot 0 67 10
coin_collected 67 8 0
bot_coins 0 5
coin 72 6
coin 2 24
coin 48 20
coin 26 10
coin 59 9
coin 15 21
coin 54 2
coin 20 28
coin 25 5
coin 49 25
round 46
bot 0 66 9
round 47
