match
match_id 1639227606790_aa
match_time 1639227606825
num_bots 1
##MatchConfig
mode FRIENDLY
num_rounds 200
random_seed 42
move_time_limit 5000
coin_spawn_period 5
coin_spawn_volume 10
##MapConfig
map_size 72 26
view_radius 5
mining_radius 1
attack_radius 4
block 45 0
block 46 0
block 47 0
block 48 0
block 49 0
block 50 0
block 5 4
block 6 4
block 7 4
block 8 4
block 9 4
block 5 5
block 6 5
block 7 5
block 8 5
block 9 5
block 5 6
block 6 6
block 7 6
block 8 6
block 9 6
block 35 7
block 36 7
block 13 8
block 14 8
block 15 8
block 16 8
block 17 8
block 18 8
block 19 8
block 35 8
block 36 8
block 13 9
block 14 9
block 15 9
block 16 9
block 17 9
block 18 9
block 19 9
block 35 9
block 36 9
block 13 10
block 14 10
block 15 10
block 16 10
block 17 10
block 18 10
block 19 10
block 35 10
block 36 10
block 13 11
block 14 11
block 15 11
block 16 11
block 17 11
block 18 11
block 19 11
block 35 11
block 36 11
block 13 12
block 14 12
block 15 12
block 16 12
block 17 12
block 18 12
block 19 12
block 25 12
block 26 12
block 27 12
block 25 13
block 26 13
block 27 13
block 39 16
block 40 16
block 41 16
block 42 16
block 39 17
block 40 17
block 41 17
block 42 17
block 39 18
block 40 18
block 41 18
block 42 18
block 5 19
block 6 19
block 7 19
block 8 19
block 39 19
block 40 19
block 41 19
block 42 19
block 5 20
block 6 20
block 7 20
block 8 20
block 39 20
block 40 20
block 41 20
block 42 20
block 56 20
block 57 20
block 58 20
block 59 20
block 60 20
block 61 20
block 62 20
block 5 21
block 6 21
block 7 21
block 8 21
block 39 21
block 40 21
block 41 21
block 42 21
block 56 21
block 57 21
block 58 21
block 59 21
block 60 21
block 61 21
block 62 21
block 56 22
block 57 22
block 58 22
block 59 22
block 60 22
block 61 22
block 62 22
block 16 23
block 17 23
block 18 23
block 19 23
block 56 23
block 57 23
block 58 23
block 59 23
block 60 23
block 61 23
block 62 23
block 16 24
block 17 24
block 18 24
block 19 24
block 45 24
block 46 24
block 47 24
block 48 24
block 49 24
block 50 24
block 16 25
block 17 25
block 18 25
block 19 25
block 45 25
block 46 25
block 47 25
block 48 25
block 49 25
block 50 25
##BotsAndCoinsInfo
bot_name 0 starter-bot
bot 0 18 14
bot_coins 0 0
coin 26 7
coin 45 18
coin 0 12
coin 71 13
coin 18 17
coin 53 8
coin 41 15
coin 30 10
coin 7 15
coin 64 10
round 1
round 2
round 3
round 4
round 5
coin 38 0
coin 33 25
coin 60 6
coin 11 19
coin 44 4
coin 27 21
coin 24 8
coin 47 17
coin 55 25
coin 16 0
round 6
round 7
round 8
bot 0 18 15
round 9
bot 0 18 16
coin_collected 18 17 0
bot_coins 0 1
round 10
bot 0 18 17
coin 32 17
coin 39 8
coin 26 17
coin 45 8
coin 59 19
coin 12 6
coin 70 6
coin 1 19
coin 20 24
coin 51 1
round 11
bot 0 18 18
round 12
bot 0 18 19
round 13
bot 0 18 20
round 14
bot 0 18 21
round 15
bot 0 19 22
coin 58 10
coin 13 15
coin 38 7
coin 33 18
coin 65 21
coin 6 3
coin 12 11
coin 59 14
coin 25 10
coin 46 15
round 16
bot 0 20 23
coin_collected 20 24 0
bot_coins 0 2
round 17
bot 0 21 24
round 18
bot 0 22 25
round 19
bot 0 23 0
round 20
bot 0 24 1
coin 59 5
coin 12 20
coin 71 3
coin 0 22
coin 23 2
coin 48 23
coin 31 21
coin 40 4
coin 37 23
coin 34 2
round 21
bot 0 25 2
round 22
bot 0 26 3
round 23
bot 0 26 2
round 24
bot 0 26 1
round 25
bot 0 26 0
coin 49 18
coin 22 7
coin 62 2
coin 9 23
coin 8 16
coin 63 9
coin 1 15
coin 70 10
coin 21 1
coin 51 24
round 26
bot 0 26 25
round 27
bot 0 26 24
round 28
bot 0 26 23
round 29
bot 0 26 22
round 30
bot 0 26 21
coin_collected 27 21 0
bot_coins 0 3
coin 1 9
coin 70 16
coin 56 9
coin 15 16
coin 62 6
coin 9 19
coin 14 15
coin 57 10
coin 39 5
coin 32 20
round 31
round 32
round 33
round 34
round 35
coin 46 21
coin 25 4
coin 13 13
coin 58 12
coin 61 7
coin 10 18
coin 50 20
coin 21 5
coin 65 22
coin 6 2
round 36
round 37
round 38
round 39
round 40
coin 47 23
coin 24 2
coin 59 4
coin 12 21
coin 55 1
coin 15 24
coin 21 16
coin 50 9
coin 14 13
coin 57 12
round 41
bot 0 27 20
round 42
bot 0 28 19
round 43
bot 0 29 18
round 44
bot 0 30 17
round 45
bot 0 31 16
coin 27 4
coin 44 21
coin 3 15
coin 68 10
coin 23 15
coin 48 10
coin 21 14
coin 50 11
coin 44 6
coin 27 19
round 46
bot 0 32 15
round 47
bot 0 33 14
round 48
bot 0 34 13
round 49
bot 0 35 12
round 50
coin 30 20
coin 41 5
coin 60 19
coin 11 6
coin 71 19
coin 0 6
coin 45 14
coin 26 11
coin 67 18
coin 4 7
round 51
round 52
round 53
round 54
round 55
coin 62 4
coin 9 21
coin 21 15
coin 50 10
coin 39 22
coin 32 3
coin 70 9
coin 1 16
coin 62 1
coin 9 24
round 56
round 57
round 58
round 59
round 60
coin 30 16
coin 41 9
coin 38 21
coin 33 4
coin 44 20
coin 27 5
coin 58 7
coin 13 18
coin 25 16
coin 46 9
round 61
round 62
round 63
round 64
round 65
bot 0 35 13
coin 38 20
coin 33 5
coin 22 24
coin 49 1
coin 0 14
coin 71 11
coin 69 16
coin 2 9
coin 35 17
coin 37 8
round 66
bot 0 35 14
round 67
bot 0 35 15
round 68
bot 0 35 16
coin_collected 35 17 0
bot_coins 0 4
round 69
bot 0 35 17
round 70
bot 0 35 18
coin 29 13
coin 42 12
coin 49 11
coin 22 14
coin 8 18
coin 63 7
coin 18 17
coin 53 9
coin 31 11
coin 40 14
round 71
bot 0 35 19
round 72
bot 0 35 20
round 73
bot 0 35 21
round 74
bot 0 34 20
round 75
bot 0 33 19
coin_collected 33 18 0
bot_coins 0 5
coin 22 25
coin 48 1
coin 29 12
coin 42 13
coin 1 10
coin 70 15
coin 32 11
coin 39 14
coin 38 19
coin 33 6
round 76
bot 0 32 18
coin_collected 32 17 0
bot_coins 0 6
round 77
bot 0 31 17
round 78
bot 0 30 16
coin_collected 30 16 0
bot_coins 0 7
round 79
bot 0 29 15
round 80
bot 0 28 14
coin 4 4
coin 67 21
coin 20 8
coin 51 17
coin 1 24
coin 70 1
coin 14 19
coin 57 6
coin 29 21
coin 42 4
round 81
round 82
round 83
bot 0 29 13
coin_collected 29 12 0
bot_coins 0 8
coin_collected 29 13 0
bot_coins 0 9
round 84
bot 0 30 12
round 85
bot 0 31 11
coin_collected 31 11 0
bot_coins 0 10
coin_collected 32 11 0
bot_coins 0 11
coin 68 8
coin 3 17
coin 45 4
coin 26 21
coin 22 0
coin 49 23
coin 36 6
coin 35 19
coin 24 10
coin 47 15
round 86
bot 0 32 10
round 87
bot 0 33 9
round 88
bot 0 34 8
round 89
round 90
bot 0 34 7
coin 38 17
coin 33 8
coin 2 25
coin 69 0
coin 54 21
coin 17 4
coin 0 25
coin 71 0
coin 12 5
coin 58 19
round 91
bot 0 34 6
coin_collected 33 6 0
bot_coins 0 12
round 92
bot 0 34 5
coin_collected 33 5 0
bot_coins 0 13
round 93
bot 0 34 4
coin_collected 33 4 0
bot_coins 0 14
round 94
bot 0 34 3
coin_collected 34 2 0
bot_coins 0 15
round 95
bot 0 34 2
coin 62 3
coin 9 22
coin 2 0
coin 69 25
coin 54 19
coin 17 6
coin 5 23
coin 66 2
coin 25 6
coin 46 19
round 96
bot 0 34 1
round 97
bot 0 34 0
round 98
bot 0 33 1
round 99
bot 0 32 2
coin_collected 32 3 0
bot_coins 0 16
round 100
bot 0 31 3
coin 57 16
coin 12 9
coin 66 24
coin 5 1
coin 29 19
coin 42 6
coin 66 3
coin 5 22
coin 22 15
coin 49 10
round 101
bot 0 30 4
round 102
bot 0 29 5
round 103
bot 0 28 6
round 104
bot 0 27 7
coin_collected 26 7 0
bot_coins 0 17
round 105
bot 0 27 8
coin 30 17
coin 41 8
coin 32 2
coin 39 23
coin 46 3
coin 25 22
coin 47 11
coin 24 14
coin 48 15
coin 23 10
round 106
bot 0 27 9
round 107
bot 0 27 10
round 108
bot 0 27 11
coin_collected 26 11 0
bot_coins 0 18
round 109
round 110
coin 35 25
coin 36 0
coin 7 23
coin 64 2
coin 57 25
coin 14 0
coin 40 13
coin 31 12
coin 46 17
coin 25 8
round 111
round 112
bot 0 28 10
round 113
bot 0 29 9
round 114
bot 0 30 8
round 115
bot 0 31 7
coin 21 9
coin 50 16
coin 22 13
coin 49 12
coin 20 11
coin 51 14
coin 43 10
coin 28 15
coin 17 22
coin 54 3
round 116
bot 0 32 6
round 117
bot 0 33 5
round 118
bot 0 34 4
round 119
bot 0 33 4
round 120
bot 0 32 4
coin 43 12
coin 28 13
coin 23 12
coin 48 13
coin 48 19
coin 23 6
coin 61 25
coin 10 0
coin 66 4
coin 4 21
round 121
bot 0 31 4
round 122
bot 0 30 4
round 123
bot 0 29 4
round 124
bot 0 28 4
coin_collected 27 4 0
bot_coins 0 19
round 125
bot 0 27 4
coin_collected 27 5 0
bot_coins 0 20
coin 9 1
coin 62 24
coin 65 3
coin 6 22
coin 21 21
coin 50 4
coin 11 17
coin 60 8
coin 15 7
coin 56 18
round 126
bot 0 26 4
coin_collected 25 4 0
bot_coins 0 21
round 127
round 128
round 129
round 130
coin 14 3
coin 55 22
coin 48 12
coin 23 13
coin 64 11
coin 7 14
coin 16 22
coin 55 3
coin 27 20
coin 44 5
round 131
round 132
round 133
round 134
round 135
bot 0 26 3
coin 14 18
coin 57 7
coin 12 8
coin 59 17
coin 15 19
coin 56 6
coin 66 16
coin 5 9
coin 3 8
coin 68 17
round 136
bot 0 26 2
round 137
bot 0 26 1
round 138
bot 0 26 0
round 139
bot 0 26 25
round 140
bot 0 26 24
coin 67 11
coin 4 14
coin 60 9
coin 11 16
coin 58 4
coin 13 21
coin 67 10
coin 4 15
coin 69 10
coin 2 15
round 141
bot 0 26 23
round 142
bot 0 26 22
coin_collected 25 22 0
bot_coins 0 22
coin_collected 26 21 0
bot_coins 0 23
round 143
bot 0 26 21
round 144
bot 0 27 21
coin_collected 27 20 0
bot_coins 0 24
round 145
bot 0 28 21
coin_collected 29 21 0
bot_coins 0 25
coin 24 24
coin 47 1
coin 66 10
coin 5 15
coin 11 20
coin 60 5
coin 3 16
coin 68 9
coin 41 3
coin 30 22
round 146
bot 0 29 21
round 147
bot 0 30 21
coin_collected 30 20 0
bot_coins 0 26
coin_collected 30 22 0
bot_coins 0 27
coin_collected 31 21 0
bot_coins 0 28
round 148
bot 0 31 21
round 149
bot 0 32 21
coin_collected 32 20 0
bot_coins 0 29
round 150
bot 0 33 21
coin 47 2
coin 24 23
coin 30 2
coin 41 23
coin 0 1
coin 71 24
coin 1 21
coin 70 4
coin 11 18
coin 60 7
round 151
bot 0 34 21
round 152
bot 0 35 21
round 153
round 154
round 155
coin 29 4
coin 42 22
coin 40 15
coin 31 10
coin 11 22
coin 60 3
coin 43 13
coin 28 12
coin 69 11
coin 2 14
round 156
round 157
round 158
round 159
bot 0 35 20
coin_collected 35 19 0
bot_coins 0 30
round 160
bot 0 35 19
coin 51 5
coin 20 20
coin 30 25
coin 41 0
coin 57 18
coin 14 7
coin 4 23
coin 67 2
coin 42 10
coin 29 15
round 161
bot 0 35 18
round 162
bot 0 35 17
round 163
bot 0 35 16
round 164
bot 0 35 15
round 165
bot 0 35 14
coin 32 19
coin 39 6
coin 29 11
coin 42 14
coin 45 20
coin 26 5
coin 25 15
coin 46 10
coin 43 6
coin 28 19
round 166
bot 0 34 14
round 167
bot 0 33 14
round 168
bot 0 32 14
round 169
bot 0 31 14
round 170
bot 0 30 14
coin 21 8
coin 50 17
coin 15 4
coin 55 21
coin 19 13
coin 52 12
coin 58 11
coin 13 14
coin 39 24
coin 32 1
round 171
bot 0 29 14
coin_collected 29 15 0
bot_coins 0 31
round 172
bot 0 28 14
coin_collected 28 13 0
bot_coins 0 32
coin_collected 28 15 0
bot_coins 0 33
round 173
bot 0 27 15
round 174
bot 0 26 16
coin_collected 25 16 0
bot_coins 0 34
coin_collected 26 17 0
bot_coins 0 35
round 175
bot 0 25 17
coin 25 23
coin 46 2
coin 33 18
coin 38 8
coin 11 21
coin 60 4
coin 34 4
coin 37 21
coin 55 2
coin 15 23
round 176
bot 0 24 18
round 177
bot 0 23 19
round 178
bot 0 22 20
round 179
bot 0 21 21
coin_collected 21 21 0
bot_coins 0 36
round 180
bot 0 20 22
coin 35 23
coin 36 2
coin 48 11
coin 23 14
coin 40 22
coin 31 3
coin 53 6
coin 18 19
coin 20 4
coin 51 21
round 181
bot 0 19 21
round 182
bot 0 18 20
coin_collected 18 19 0
bot_coins 0 37
round 183
bot 0 17 19
round 184
bot 0 16 18
round 185
bot 0 15 17
coin_collected 15 16 0
bot_coins 0 38
coin 63 25
coin 8 0
coin 70 5
coin 1 20
coin 19 20
coin 52 5
coin 49 14
coin 22 11
coin 53 12
coin 18 13
round 186
bot 0 14 16
coin_collected 14 15 0
bot_coins 0 39
round 187
bot 0 13 15
coin_collected 13 14 0
bot_coins 0 40
coin_collected 13 15 0
bot_coins 0 41
round 188
bot 0 13 16
round 189
bot 0 13 17
coin_collected 13 18 0
bot_coins 0 42
round 190
bot 0 13 18
coin_collected 14 18 0
bot_coins 0 43
coin 66 20
coin 4 5
coin 0 5
coin 71 20
coin 66 11
coin 5 14
coin 56 17
coin 16 7
coin 35 13
coin 36 12
round 191
bot 0 13 19
coin_collected 14 19 0
bot_coins 0 44
round 192
bot 0 13 20
coin_collected 12 20 0
bot_coins 0 45
coin_collected 13 21 0
bot_coins 0 46
round 193
bot 0 13 21
coin_collected 12 21 0
bot_coins 0 47
round 194
bot 0 13 22
round 195
bot 0 14 21
coin 32 4
coin 38 22
coin 55 17
coin 17 7
coin 55 16
coin 18 7
coin 44 18
coin 27 7
coin 60 24
coin 11 1
round 196
bot 0 15 20
coin_collected 15 19 0
bot_coins 0 48
round 197
bot 0 16 19
round 198
bot 0 17 18
round 199
bot 0 18 17
coin_collected 18 17 0
bot_coins 0 49
round 200
bot 0 19 16
coin 37 1
coin 34 24
coin 19 15
coin 52 10
coin 34 23
coin 37 2
coin 16 6
coin 55 19
coin 54 4
coin 17 21
match_over 0
