match
match_id 1639152723819_bm
match_time 1639152723822
num_bots 1
##MatchConfig
mode FRIENDLY
num_rounds 200
random_seed 42
move_time_limit 1000
coin_spawn_period 5
coin_spawn_volume 2
##MapConfig
map_size 58 20
view_radius 5
mining_radius 1
attack_radius 4
block 8 0
block 9 0
block 10 0
block 11 0
block 12 0
block 41 0
block 42 0
block 43 0
block 44 0
block 45 0
block 46 0
block 3 1
block 4 1
block 41 1
block 42 1
block 43 1
block 44 1
block 45 1
block 46 1
block 47 1
block 48 1
block 3 2
block 4 2
block 41 2
block 42 2
block 43 2
block 44 2
block 45 2
block 46 2
block 47 2
block 48 2
block 49 2
block 50 2
block 51 2
block 0 3
block 1 3
block 2 3
block 3 3
block 4 3
block 41 3
block 42 3
block 43 3
block 44 3
block 45 3
block 46 3
block 47 3
block 48 3
block 49 3
block 50 3
block 51 3
block 57 3
block 0 4
block 1 4
block 2 4
block 3 4
block 4 4
block 41 4
block 42 4
block 43 4
block 44 4
block 45 4
block 46 4
block 47 4
block 48 4
block 49 4
block 50 4
block 51 4
block 54 4
block 55 4
block 56 4
block 57 4
block 44 5
block 45 5
block 46 5
block 47 5
block 48 5
block 49 5
block 50 5
block 51 5
block 54 5
block 55 5
block 56 5
block 57 5
block 21 6
block 22 6
block 44 6
block 45 6
block 46 6
block 47 6
block 48 6
block 49 6
block 50 6
block 51 6
block 54 6
block 55 6
block 56 6
block 57 6
block 21 7
block 22 7
block 35 7
block 36 7
block 37 7
block 38 7
block 39 7
block 40 7
block 41 7
block 42 7
block 43 7
block 48 7
block 49 7
block 50 7
block 51 7
block 54 7
block 55 7
block 56 7
block 57 7
block 9 8
block 10 8
block 11 8
block 21 8
block 22 8
block 35 8
block 36 8
block 37 8
block 38 8
block 39 8
block 40 8
block 41 8
block 42 8
block 43 8
block 9 9
block 10 9
block 11 9
block 21 9
block 22 9
block 35 9
block 36 9
block 37 9
block 38 9
block 39 9
block 40 9
block 41 9
block 42 9
block 43 9
block 44 9
block 45 9
block 46 9
block 47 9
block 48 9
block 0 10
block 1 10
block 9 10
block 10 10
block 11 10
block 35 10
block 36 10
block 37 10
block 38 10
block 39 10
block 40 10
block 41 10
block 42 10
block 43 10
block 44 10
block 45 10
block 46 10
block 47 10
block 48 10
block 53 10
block 54 10
block 55 10
block 56 10
block 57 10
block 0 11
block 1 11
block 9 11
block 10 11
block 11 11
block 35 11
block 36 11
block 37 11
block 38 11
block 39 11
block 40 11
block 41 11
block 42 11
block 43 11
block 44 11
block 45 11
block 46 11
block 47 11
block 48 11
block 53 11
block 54 11
block 55 11
block 56 11
block 57 11
block 0 12
block 1 12
block 2 12
block 3 12
block 4 12
block 5 12
block 9 12
block 10 12
block 11 12
block 13 12
block 14 12
block 15 12
block 35 12
block 36 12
block 37 12
block 38 12
block 39 12
block 40 12
block 41 12
block 42 12
block 43 12
block 44 12
block 45 12
block 46 12
block 47 12
block 48 12
block 49 12
block 50 12
block 51 12
block 52 12
block 53 12
block 54 12
block 55 12
block 56 12
block 57 12
block 2 13
block 3 13
block 4 13
block 5 13
block 6 13
block 7 13
block 8 13
block 9 13
block 10 13
block 11 13
block 13 13
block 14 13
block 15 13
block 16 13
block 17 13
block 39 13
block 40 13
block 41 13
block 42 13
block 43 13
block 44 13
block 45 13
block 46 13
block 47 13
block 48 13
block 49 13
block 50 13
block 51 13
block 52 13
block 2 14
block 3 14
block 4 14
block 5 14
block 6 14
block 7 14
block 8 14
block 9 14
block 10 14
block 11 14
block 13 14
block 14 14
block 15 14
block 16 14
block 17 14
block 18 14
block 40 14
block 41 14
block 42 14
block 43 14
block 44 14
block 45 14
block 46 14
block 47 14
block 48 14
block 2 15
block 3 15
block 4 15
block 6 15
block 7 15
block 8 15
block 9 15
block 10 15
block 13 15
block 14 15
block 15 15
block 16 15
block 17 15
block 18 15
block 43 15
block 44 15
block 45 15
block 46 15
block 47 15
block 48 15
block 0 16
block 2 16
block 3 16
block 4 16
block 6 16
block 7 16
block 8 16
block 9 16
block 10 16
block 14 16
block 15 16
block 16 16
block 17 16
block 18 16
block 33 16
block 34 16
block 35 16
block 36 16
block 37 16
block 57 16
block 0 17
block 2 17
block 3 17
block 4 17
block 6 17
block 7 17
block 8 17
block 9 17
block 10 17
block 33 17
block 34 17
block 35 17
block 36 17
block 37 17
block 57 17
block 0 18
block 6 18
block 7 18
block 8 18
block 9 18
block 10 18
block 43 18
block 44 18
block 45 18
block 57 18
block 8 19
block 9 19
block 10 19
block 11 19
block 12 19
block 41 19
block 42 19
block 43 19
block 44 19
block 45 19
block 46 19
##BotsAndCoinsInfo
bot_name 0 starter-bot
bot 0 53 1
bot_coins 0 0
coin 43 5
coin 12 14
round 1
round 2
round 3
round 4
round 5
coin 38 4
coin 19 15
round 6
round 7
round 8
round 9
round 10
match_over 0
coin 42 5
coin 16 12
round 11
