match
match_id 1639150342236_ac
match_time 1639150342242
num_bots 1
##MatchConfig
mode FRIENDLY
num_rounds 200
random_seed 42
move_time_limit 1000
coin_spawn_period 5
coin_spawn_volume 2
##MapConfig
map_size 75 34
view_radius 5
mining_radius 2
attack_radius 3
block 0 0
block 1 0
block 2 0
block 26 0
block 27 0
block 28 0
block 29 0
block 30 0
block 31 0
block 72 0
block 73 0
block 74 0
block 0 1
block 1 1
block 2 1
block 23 1
block 24 1
block 25 1
block 26 1
block 27 1
block 28 1
block 29 1
block 30 1
block 31 1
block 72 1
block 73 1
block 74 1
block 0 2
block 1 2
block 2 2
block 23 2
block 24 2
block 25 2
block 26 2
block 27 2
block 28 2
block 29 2
block 30 2
block 31 2
block 72 2
block 73 2
block 74 2
block 0 3
block 1 3
block 2 3
block 26 3
block 27 3
block 28 3
block 29 3
block 30 3
block 31 3
block 72 3
block 73 3
block 74 3
block 0 4
block 1 4
block 2 4
block 72 4
block 73 4
block 74 4
block 16 5
block 17 5
block 18 5
block 19 5
block 20 5
block 21 5
block 22 5
block 16 6
block 17 6
block 18 6
block 19 6
block 20 6
block 21 6
block 22 6
block 64 9
block 65 9
block 66 9
block 67 9
block 68 9
block 64 10
block 65 10
block 66 10
block 67 10
block 68 10
block 64 11
block 65 11
block 66 11
block 67 11
block 68 11
block 64 12
block 65 12
block 66 12
block 67 12
block 68 12
block 43 17
block 44 17
block 45 17
block 46 17
block 47 17
block 48 17
block 43 18
block 44 18
block 45 18
block 46 18
block 47 18
block 48 18
block 43 19
block 44 19
block 45 19
block 46 19
block 47 19
block 48 19
block 0 20
block 43 20
block 44 20
block 45 20
block 46 20
block 47 20
block 48 20
block 70 20
block 71 20
block 72 20
block 73 20
block 74 20
block 0 21
block 43 21
block 44 21
block 45 21
block 46 21
block 47 21
block 48 21
block 70 21
block 71 21
block 72 21
block 73 21
block 74 21
block 0 22
block 8 22
block 9 22
block 43 22
block 44 22
block 45 22
block 46 22
block 47 22
block 48 22
block 70 22
block 71 22
block 72 22
block 73 22
block 74 22
block 0 23
block 8 23
block 9 23
block 70 23
block 71 23
block 72 23
block 73 23
block 74 23
block 0 24
block 8 24
block 9 24
block 70 24
block 71 24
block 72 24
block 73 24
block 74 24
block 65 25
block 66 25
block 67 25
block 68 25
block 65 26
block 66 26
block 67 26
block 68 26
block 12 27
block 13 27
block 40 27
block 41 27
block 42 27
block 43 27
block 44 27
block 65 27
block 66 27
block 67 27
block 68 27
block 8 28
block 9 28
block 10 28
block 11 28
block 12 28
block 13 28
block 40 28
block 41 28
block 42 28
block 43 28
block 44 28
block 8 29
block 9 29
block 10 29
block 11 29
block 12 29
block 13 29
block 40 29
block 41 29
block 42 29
block 43 29
block 44 29
block 8 30
block 9 30
block 10 30
block 11 30
block 12 30
block 13 30
block 15 30
block 16 30
block 17 30
block 18 30
block 15 31
block 16 31
block 17 31
block 18 31
block 15 32
block 16 32
block 17 32
block 18 32
block 26 33
block 27 33
block 28 33
block 29 33
block 30 33
block 31 33
##BotsAndCoinsInfo
bot_name 0 starter-bot
bot 0 65 18
bot_coins 0 0
coin 5 11
coin 69 22
round 1
bot 0 65 19
round 2
bot 0 65 20
round 3
bot 0 65 21
round 4
bot 0 65 22
round 5
bot 0 65 23
coin 48 12
coin 26 21
round 6
bot 0 65 24
round 7
round 8
round 9
round 10
bot 0 64 23
coin 45 9
coin 29 24
round 11
bot 0 63 22
round 12
bot 0 62 21
round 13
bot 0 61 20
round 14
bot 0 60 19
round 15
bot 0 59 18
coin 5 12
coin 69 21
round 16
bot 0 60 19
round 17
bot 0 61 20
round 18
bot 0 62 21
round 19
bot 0 63 22
round 20
bot 0 64 23
coin 19 7
coin 55 26
round 21
bot 0 65 24
round 22
round 23
round 24
round 25
coin 32 12
coin 42 21
round 26
round 27
round 28
round 29
round 30
bot 0 64 23
coin 51 14
coin 23 19
round 31
bot 0 63 22
round 32
bot 0 62 21
round 33
bot 0 61 20
round 34
bot 0 60 19
round 35
bot 0 59 18
coin 26 14
coin 49 19
round 36
bot 0 58 17
round 37
bot 0 57 16
round 38
bot 0 58 17
round 39
bot 0 59 18
round 40
bot 0 60 19
coin 6 8
coin 69 25
round 41
bot 0 61 20
round 42
bot 0 62 21
round 43
bot 0 63 22
round 44
bot 0 62 23
round 45
bot 0 61 24
coin 43 15
coin 31 18
round 46
bot 0 60 25
round 47
bot 0 59 26
round 48
bot 0 58 27
round 49
bot 0 57 28
round 50
bot 0 56 27
coin_collected 55 26 0
bot_coins 0 1
coin 50 11
coin 24 22
round 51
bot 0 55 26
round 52
bot 0 54 25
round 53
bot 0 53 24
round 54
bot 0 52 23
round 55
bot 0 51 22
coin 26 32
coin 48 1
round 56
bot 0 50 21
round 57
bot 0 49 20
coin_collected 49 19 0
bot_coins 0 2
round 58
round 59
bot 0 49 19
round 60
bot 0 49 18
coin 68 1
coin 6 32
round 61
bot 0 49 17
round 62
bot 0 49 16
round 63
bot 0 49 15
round 64
bot 0 49 14
coin_collected 51 14 0
bot_coins 0 3
round 65
bot 0 49 13
coin_collected 48 12 0
bot_coins 0 4
coin 55 20
coin 19 13
round 66
round 67
round 68
round 69
round 70
coin 37 32
coin 37 1
round 71
round 72
round 73
bot 0 48 13
round 74
bot 0 47 13
round 75
bot 0 46 13
coin 55 14
coin 19 19
round 76
bot 0 45 13
round 77
bot 0 44 13
round 78
bot 0 43 13
coin_collected 43 15 0
bot_coins 0 5
round 79
bot 0 42 13
round 80
bot 0 41 13
coin 5 25
coin 69 8
round 81
bot 0 40 13
round 82
bot 0 39 13
round 83
bot 0 39 12
round 84
bot 0 39 11
round 85
bot 0 39 10
coin 17 27
coin 57 6
round 86
bot 0 39 9
round 87
bot 0 39 8
round 88
bot 0 39 7
round 89
bot 0 39 6
round 90
bot 0 38 7
coin 12 9
coin 62 24
round 91
bot 0 37 8
round 92
bot 0 36 9
round 93
bot 0 35 10
round 94
bot 0 34 11
round 95
bot 0 33 12
coin_collected 32 12 0
bot_coins 0 6
coin 13 2
coin 61 31
round 96
bot 0 32 13
round 97
bot 0 31 14
round 98
bot 0 31 13
round 99
bot 0 31 12
round 100
bot 0 31 11
coin 29 31
coin 45 2
round 101
bot 0 31 10
round 102
bot 0 31 9
round 103
bot 0 31 8
round 104
bot 0 31 7
round 105
bot 0 31 6
coin 23 29
coin 51 4
round 106
bot 0 31 5
round 107
bot 0 31 4
round 108
round 109
round 110
coin 50 10
coin 24 23
round 111
round 112
bot 0 31 5
round 113
bot 0 31 6
round 114
bot 0 31 7
round 115
bot 0 31 8
coin 7 19
coin 67 14
round 116
bot 0 31 9
round 117
bot 0 31 10
round 118
bot 0 31 11
round 119
bot 0 31 12
round 120
bot 0 31 13
coin 7 9
coin 67 24
round 121
bot 0 30 14
round 122
bot 0 29 15
round 123
bot 0 28 16
round 124
bot 0 27 17
round 125
bot 0 26 18
coin 43 8
coin 31 25
round 126
bot 0 25 19
coin_collected 23 19 0
bot_coins 0 7
round 127
bot 0 24 20
coin_collected 24 22 0
bot_coins 0 8
round 128
bot 0 23 21
round 129
bot 0 22 22
round 130
bot 0 21 23
coin 8 14
coin 66 19
round 131
bot 0 22 24
round 132
bot 0 23 25
round 133
bot 0 24 26
round 134
bot 0 25 27
round 135
bot 0 26 28
coin 35 20
coin 39 13
round 136
bot 0 27 29
round 137
bot 0 28 30
coin_collected 29 31 0
bot_coins 0 9
round 138
bot 0 29 31
round 139
bot 0 29 32
round 140
coin 13 1
coin 61 32
round 141
round 142
round 143
round 144
round 145
coin 36 23
coin 38 10
round 146
round 147
round 148
round 149
round 150
coin 22 7
coin 52 26
round 151
round 152
round 153
round 154
round 155
coin 2 9
coin 72 25
round 156
round 157
bot 0 29 31
round 158
bot 0 29 30
round 159
bot 0 29 29
round 160
bot 0 29 28
coin 44 2
coin 30 31
round 161
bot 0 29 27
round 162
bot 0 29 26
coin_collected 29 24 0
bot_coins 0 10
round 163
bot 0 30 27
round 164
bot 0 31 28
round 165
bot 0 32 29
coin 23 11
coin 51 22
round 166
bot 0 33 30
round 167
bot 0 34 31
round 168
bot 0 35 32
coin_collected 37 32 0
bot_coins 0 11
round 169
bot 0 34 32
round 170
bot 0 33 32
coin 0 5
coin 74 28
round 171
bot 0 32 32
round 172
bot 0 31 32
coin_collected 30 31 0
bot_coins 0 12
round 173
bot 0 30 32
round 174
bot 0 29 32
round 175
bot 0 30 31
coin 40 7
coin 34 26
round 176
bot 0 31 30
round 177
bot 0 32 29
round 178
bot 0 33 28
round 179
bot 0 34 27
coin_collected 34 26 0
bot_coins 0 13
round 180
bot 0 35 26
coin 28 4
coin 46 29
round 181
bot 0 36 25
coin_collected 36 23 0
bot_coins 0 14
round 182
bot 0 35 24
round 183
bot 0 34 23
round 184
bot 0 33 22
round 185
bot 0 32 21
coin 73 7
coin 1 26
round 186
bot 0 31 20
coin_collected 31 18 0
bot_coins 0 15
round 187
bot 0 30 19
round 188
bot 0 29 18
round 189
round 190
coin 11 22
coin 63 11
round 191
round 192
round 193
round 194
round 195
bot 0 30 17
coin 50 13
coin 24 20
round 196
bot 0 31 16
round 197
bot 0 32 15
round 198
bot 0 33 14
round 199
bot 0 34 13
round 200
bot 0 35 12
coin 1 22
coin 73 11
match_over 0
