match
match_id 1639397017913_ao
match_time 1639397017916
num_bots 1
##MatchConfig
mode FRIENDLY
num_rounds 200
random_seed 42
move_time_limit 5000
coin_spawn_period 5
coin_spawn_volume 10
##MapConfig
map_size 76 27
view_radius 6
mining_radius 1
attack_radius 3
block 0 0
block 1 0
block 8 0
block 9 0
block 18 0
block 19 0
block 20 0
block 67 0
block 68 0
block 69 0
block 70 0
block 71 0
block 74 0
block 75 0
block 0 1
block 1 1
block 8 1
block 9 1
block 18 1
block 19 1
block 20 1
block 24 1
block 25 1
block 67 1
block 68 1
block 69 1
block 70 1
block 71 1
block 74 1
block 75 1
block 0 2
block 1 2
block 8 2
block 9 2
block 14 2
block 15 2
block 16 2
block 17 2
block 18 2
block 19 2
block 20 2
block 24 2
block 25 2
block 28 2
block 29 2
block 30 2
block 31 2
block 32 2
block 56 2
block 57 2
block 58 2
block 59 2
block 60 2
block 61 2
block 62 2
block 67 2
block 68 2
block 69 2
block 70 2
block 71 2
block 0 3
block 1 3
block 8 3
block 9 3
block 14 3
block 15 3
block 16 3
block 17 3
block 18 3
block 19 3
block 20 3
block 28 3
block 29 3
block 30 3
block 31 3
block 32 3
block 56 3
block 57 3
block 58 3
block 59 3
block 60 3
block 61 3
block 62 3
block 67 3
block 68 3
block 69 3
block 70 3
block 71 3
block 0 4
block 1 4
block 8 4
block 9 4
block 14 4
block 15 4
block 16 4
block 17 4
block 18 4
block 19 4
block 20 4
block 28 4
block 29 4
block 30 4
block 31 4
block 32 4
block 56 4
block 57 4
block 58 4
block 59 4
block 60 4
block 61 4
block 62 4
block 64 4
block 65 4
block 8 5
block 9 5
block 28 5
block 29 5
block 30 5
block 31 5
block 32 5
block 56 5
block 57 5
block 58 5
block 59 5
block 60 5
block 61 5
block 62 5
block 64 5
block 65 5
block 51 6
block 52 6
block 53 6
block 54 6
block 55 6
block 56 6
block 57 6
block 58 6
block 59 6
block 60 6
block 61 6
block 62 6
block 64 6
block 65 6
block 51 7
block 52 7
block 53 7
block 54 7
block 55 7
block 56 7
block 57 7
block 58 7
block 59 7
block 60 7
block 61 7
block 62 7
block 64 7
block 65 7
block 51 8
block 52 8
block 53 8
block 54 8
block 55 8
block 56 8
block 57 8
block 51 9
block 52 9
block 53 9
block 54 9
block 55 9
block 56 9
block 57 9
block 51 10
block 52 10
block 53 10
block 54 10
block 55 10
block 56 10
block 57 10
block 0 11
block 1 11
block 2 11
block 3 11
block 4 11
block 5 11
block 6 11
block 51 11
block 52 11
block 53 11
block 54 11
block 55 11
block 56 11
block 57 11
block 0 12
block 1 12
block 2 12
block 3 12
block 4 12
block 5 12
block 6 12
block 51 12
block 52 12
block 53 12
block 54 12
block 55 12
block 56 12
block 57 12
block 58 12
block 59 12
block 60 12
block 68 12
block 69 12
block 70 12
block 71 12
block 72 12
block 73 12
block 74 12
block 0 13
block 1 13
block 2 13
block 3 13
block 4 13
block 5 13
block 6 13
block 55 13
block 56 13
block 57 13
block 58 13
block 59 13
block 60 13
block 68 13
block 69 13
block 70 13
block 71 13
block 72 13
block 73 13
block 74 13
block 0 14
block 1 14
block 2 14
block 3 14
block 4 14
block 5 14
block 6 14
block 55 14
block 56 14
block 57 14
block 58 14
block 59 14
block 60 14
block 65 14
block 66 14
block 67 14
block 0 15
block 1 15
block 2 15
block 3 15
block 4 15
block 5 15
block 6 15
block 9 15
block 10 15
block 11 15
block 12 15
block 13 15
block 55 15
block 56 15
block 57 15
block 58 15
block 59 15
block 60 15
block 65 15
block 66 15
block 67 15
block 68 15
block 69 15
block 70 15
block 0 16
block 1 16
block 2 16
block 3 16
block 4 16
block 5 16
block 6 16
block 9 16
block 10 16
block 11 16
block 12 16
block 13 16
block 28 16
block 29 16
block 30 16
block 31 16
block 32 16
block 44 16
block 45 16
block 46 16
block 65 16
block 66 16
block 67 16
block 68 16
block 69 16
block 70 16
block 9 17
block 10 17
block 11 17
block 12 17
block 13 17
block 28 17
block 29 17
block 30 17
block 31 17
block 32 17
block 44 17
block 45 17
block 46 17
block 2 18
block 3 18
block 4 18
block 5 18
block 9 18
block 10 18
block 11 18
block 12 18
block 13 18
block 28 18
block 29 18
block 30 18
block 31 18
block 32 18
block 44 18
block 45 18
block 46 18
block 2 19
block 3 19
block 4 19
block 5 19
block 9 19
block 10 19
block 11 19
block 12 19
block 13 19
block 14 19
block 15 19
block 28 19
block 29 19
block 30 19
block 31 19
block 32 19
block 44 19
block 45 19
block 46 19
block 65 19
block 66 19
block 2 20
block 3 20
block 4 20
block 5 20
block 9 20
block 10 20
block 11 20
block 12 20
block 13 20
block 14 20
block 15 20
block 22 20
block 23 20
block 24 20
block 25 20
block 26 20
block 27 20
block 28 20
block 29 20
block 30 20
block 31 20
block 32 20
block 40 20
block 41 20
block 42 20
block 43 20
block 44 20
block 45 20
block 46 20
block 63 20
block 64 20
block 65 20
block 66 20
block 2 21
block 3 21
block 4 21
block 5 21
block 9 21
block 10 21
block 11 21
block 12 21
block 13 21
block 14 21
block 15 21
block 22 21
block 23 21
block 24 21
block 25 21
block 26 21
block 27 21
block 28 21
block 40 21
block 41 21
block 42 21
block 43 21
block 44 21
block 45 21
block 46 21
block 56 21
block 57 21
block 63 21
block 64 21
block 65 21
block 66 21
block 2 22
block 3 22
block 4 22
block 5 22
block 11 22
block 12 22
block 13 22
block 14 22
block 15 22
block 22 22
block 23 22
block 24 22
block 25 22
block 26 22
block 27 22
block 28 22
block 40 22
block 41 22
block 42 22
block 43 22
block 44 22
block 45 22
block 46 22
block 56 22
block 57 22
block 63 22
block 64 22
block 65 22
block 66 22
block 2 23
block 3 23
block 4 23
block 5 23
block 22 23
block 23 23
block 24 23
block 25 23
block 26 23
block 27 23
block 28 23
block 56 23
block 57 23
block 65 23
block 66 23
block 22 24
block 23 24
block 24 24
block 25 24
block 26 24
block 27 24
block 28 24
block 56 24
block 57 24
block 65 24
block 66 24
block 67 24
block 68 24
block 69 24
block 70 24
block 71 24
block 74 24
block 75 24
block 22 25
block 23 25
block 24 25
block 25 25
block 26 25
block 27 25
block 28 25
block 56 25
block 57 25
block 65 25
block 66 25
block 67 25
block 68 25
block 69 25
block 70 25
block 71 25
block 74 25
block 75 25
block 0 26
block 1 26
block 18 26
block 19 26
block 20 26
block 56 26
block 57 26
block 67 26
block 68 26
block 69 26
block 70 26
block 71 26
block 74 26
block 75 26
##BotsAndCoinsInfo
bot_name 0 starter-bot
bot 0 34 19
bot_coins 0 0
coin 26 3
coin 49 23
coin 14 17
coin 61 9
coin 7 16
coin 68 10
coin 25 19
coin 50 7
coin 51 2
coin 24 26
round 1
round 2
round 3
match_over 0
round 4
