match
match_id 1639152706312_bl
match_time 1639152706316
num_bots 1
##MatchConfig
mode FRIENDLY
num_rounds 200
random_seed 42
move_time_limit 1000
coin_spawn_period 5
coin_spawn_volume 2
##MapConfig
map_size 60 21
view_radius 5
mining_radius 1
attack_radius 4
block 14 0
block 15 0
block 16 0
block 17 0
block 18 0
block 19 0
block 20 0
block 30 0
block 31 0
block 32 0
block 33 0
block 53 0
block 54 0
block 55 0
block 56 0
block 57 0
block 58 0
block 14 1
block 15 1
block 16 1
block 17 1
block 18 1
block 19 1
block 20 1
block 30 1
block 31 1
block 32 1
block 33 1
block 53 1
block 54 1
block 55 1
block 56 1
block 57 1
block 58 1
block 2 2
block 3 2
block 4 2
block 5 2
block 6 2
block 14 2
block 15 2
block 16 2
block 17 2
block 18 2
block 19 2
block 20 2
block 21 2
block 22 2
block 23 2
block 24 2
block 30 2
block 31 2
block 32 2
block 33 2
block 53 2
block 54 2
block 55 2
block 56 2
block 57 2
block 58 2
block 2 3
block 3 3
block 4 3
block 5 3
block 6 3
block 14 3
block 15 3
block 16 3
block 17 3
block 18 3
block 19 3
block 20 3
block 21 3
block 22 3
block 23 3
block 24 3
block 30 3
block 31 3
block 32 3
block 33 3
block 53 3
block 54 3
block 55 3
block 56 3
block 57 3
block 58 3
block 2 4
block 3 4
block 4 4
block 5 4
block 6 4
block 18 4
block 19 4
block 20 4
block 21 4
block 22 4
block 23 4
block 24 4
block 53 4
block 54 4
block 55 4
block 56 4
block 57 4
block 58 4
block 18 5
block 19 5
block 20 5
block 21 5
block 22 5
block 23 5
block 24 5
block 44 5
block 45 5
block 46 5
block 47 5
block 48 5
block 49 5
block 53 5
block 54 5
block 55 5
block 56 5
block 57 5
block 58 5
block 33 6
block 34 6
block 35 6
block 44 6
block 45 6
block 46 6
block 47 6
block 48 6
block 49 6
block 33 7
block 34 7
block 35 7
block 57 7
block 58 7
block 59 7
block 33 8
block 34 8
block 35 8
block 57 8
block 58 8
block 59 8
block 33 9
block 34 9
block 35 9
block 57 9
block 58 9
block 59 9
block 36 10
block 37 10
block 57 10
block 58 10
block 59 10
block 36 11
block 37 11
block 36 12
block 37 12
block 32 19
block 33 19
block 34 19
block 35 19
block 30 20
block 31 20
block 32 20
block 33 20
block 34 20
block 35 20
##BotsAndCoinsInfo
bot_name 0 starter-bot
bot 0 8 19
bot_coins 0 0
coin 50 12
coin 9 8
round 1
bot 0 9 18
round 2
bot 0 10 17
round 3
bot 0 11 16
round 4
bot 0 12 15
round 5
bot 0 13 14
coin 48 17
coin 11 3
round 6
bot 0 14 13
round 7
bot 0 15 12
round 8
bot 0 16 11
round 9
bot 0 17 12
round 10
bot 0 18 13
coin 30 4
coin 29 16
round 11
bot 0 19 14
round 12
bot 0 20 15
round 13
bot 0 21 16
round 14
round 15
coin 5 17
coin 52 3
round 16
match_over 0
round 17
