match
match_id 1639151760140_an
match_time 1639151760143
num_bots 1
##MatchConfig
mode FRIENDLY
num_rounds 200
random_seed 42
move_time_limit 1000
coin_spawn_period 5
coin_spawn_volume 2
##MapConfig
map_size 62 28
view_radius 6
mining_radius 2
attack_radius 4
block 18 0
block 19 0
block 20 0
block 21 0
block 22 0
block 23 0
block 24 0
block 25 0
block 26 0
block 27 0
block 51 0
block 52 0
block 53 0
block 54 0
block 55 0
block 56 0
block 57 0
block 58 0
block 18 1
block 19 1
block 20 1
block 21 1
block 51 1
block 52 1
block 53 1
block 18 2
block 19 2
block 20 2
block 21 2
block 41 2
block 42 2
block 43 2
block 44 2
block 45 2
block 51 2
block 52 2
block 53 2
block 12 3
block 13 3
block 18 3
block 19 3
block 20 3
block 21 3
block 41 3
block 42 3
block 43 3
block 44 3
block 45 3
block 47 3
block 48 3
block 49 3
block 50 3
block 12 4
block 13 4
block 31 4
block 32 4
block 33 4
block 34 4
block 35 4
block 36 4
block 47 4
block 48 4
block 49 4
block 50 4
block 12 5
block 13 5
block 31 5
block 32 5
block 33 5
block 34 5
block 35 5
block 36 5
block 47 5
block 48 5
block 49 5
block 50 5
block 12 6
block 13 6
block 31 6
block 32 6
block 33 6
block 34 6
block 35 6
block 36 6
block 47 6
block 48 6
block 49 6
block 50 6
block 38 7
block 39 7
block 50 7
block 51 7
block 52 7
block 53 7
block 54 7
block 55 7
block 56 7
block 30 8
block 31 8
block 32 8
block 33 8
block 34 8
block 35 8
block 38 8
block 39 8
block 50 8
block 51 8
block 52 8
block 53 8
block 54 8
block 55 8
block 56 8
block 30 9
block 31 9
block 32 9
block 33 9
block 34 9
block 35 9
block 37 9
block 38 9
block 43 9
block 44 9
block 45 9
block 46 9
block 50 9
block 51 9
block 52 9
block 53 9
block 54 9
block 55 9
block 56 9
block 57 9
block 58 9
block 59 9
block 60 9
block 37 10
block 38 10
block 43 10
block 44 10
block 45 10
block 46 10
block 55 10
block 56 10
block 57 10
block 58 10
block 59 10
block 60 10
block 37 11
block 38 11
block 43 11
block 44 11
block 45 11
block 46 11
block 55 11
block 56 11
block 57 11
block 58 11
block 59 11
block 60 11
block 0 12
block 37 12
block 38 12
block 43 12
block 44 12
block 45 12
block 46 12
block 55 12
block 56 12
block 57 12
block 58 12
block 59 12
block 60 12
block 61 12
block 0 13
block 23 13
block 24 13
block 25 13
block 26 13
block 27 13
block 37 13
block 38 13
block 43 13
block 44 13
block 45 13
block 46 13
block 55 13
block 56 13
block 57 13
block 58 13
block 59 13
block 60 13
block 61 13
block 23 14
block 24 14
block 25 14
block 26 14
block 27 14
block 37 14
block 38 14
block 43 14
block 44 14
block 45 14
block 46 14
block 58 14
block 59 14
block 23 15
block 24 15
block 25 15
block 26 15
block 27 15
block 36 15
block 37 15
block 38 15
block 39 15
block 40 15
block 49 15
block 50 15
block 51 15
block 52 15
block 53 15
block 54 15
block 55 15
block 56 15
block 57 15
block 58 15
block 59 15
block 17 16
block 18 16
block 23 16
block 24 16
block 25 16
block 26 16
block 27 16
block 28 16
block 29 16
block 30 16
block 31 16
block 36 16
block 37 16
block 38 16
block 39 16
block 40 16
block 49 16
block 50 16
block 51 16
block 52 16
block 53 16
block 54 16
block 55 16
block 56 16
block 57 16
block 13 17
block 14 17
block 15 17
block 16 17
block 17 17
block 18 17
block 23 17
block 24 17
block 25 17
block 26 17
block 27 17
block 28 17
block 29 17
block 30 17
block 31 17
block 49 17
block 50 17
block 51 17
block 52 17
block 53 17
block 54 17
block 55 17
block 56 17
block 57 17
block 13 18
block 14 18
block 15 18
block 16 18
block 17 18
block 18 18
block 26 18
block 27 18
block 28 18
block 29 18
block 30 18
block 31 18
block 32 18
block 47 18
block 48 18
block 49 18
block 53 18
block 54 18
block 55 18
block 56 18
block 57 18
block 13 19
block 14 19
block 15 19
block 16 19
block 17 19
block 18 19
block 26 19
block 27 19
block 28 19
block 29 19
block 30 19
block 31 19
block 32 19
block 47 19
block 48 19
block 49 19
block 53 19
block 54 19
block 55 19
block 56 19
block 57 19
block 13 20
block 14 20
block 15 20
block 16 20
block 17 20
block 18 20
block 26 20
block 27 20
block 28 20
block 29 20
block 30 20
block 31 20
block 32 20
block 47 20
block 48 20
block 49 20
block 53 20
block 54 20
block 55 20
block 56 20
block 57 20
block 6 21
block 7 21
block 8 21
block 9 21
block 10 21
block 11 21
block 12 21
block 13 21
block 14 21
block 15 21
block 16 21
block 17 21
block 18 21
block 30 21
block 31 21
block 32 21
block 47 21
block 48 21
block 49 21
block 6 22
block 7 22
block 8 22
block 9 22
block 10 22
block 11 22
block 12 22
block 13 22
block 14 22
block 15 22
block 16 22
block 17 22
block 18 22
block 30 22
block 31 22
block 32 22
block 47 22
block 48 22
block 49 22
block 6 23
block 7 23
block 8 23
block 9 23
block 10 23
block 11 23
block 12 23
block 30 23
block 31 23
block 32 23
block 47 23
block 48 23
block 49 23
block 50 23
block 6 24
block 7 24
block 8 24
block 9 24
block 10 24
block 11 24
block 12 24
block 47 24
block 48 24
block 49 24
block 50 24
block 51 24
block 52 24
block 53 24
block 18 25
block 19 25
block 20 25
block 21 25
block 47 25
block 48 25
block 49 25
block 50 25
block 51 25
block 52 25
block 53 25
block 54 25
block 55 25
block 56 25
block 57 25
block 58 25
block 18 26
block 19 26
block 20 26
block 21 26
block 47 26
block 48 26
block 49 26
block 50 26
block 51 26
block 52 26
block 53 26
block 54 26
block 55 26
block 56 26
block 57 26
block 58 26
block 18 27
block 19 27
block 20 27
block 21 27
block 22 27
block 23 27
block 24 27
block 25 27
block 26 27
block 27 27
block 47 27
block 48 27
block 49 27
block 50 27
block 51 27
block 52 27
block 53 27
block 54 27
block 55 27
block 56 27
block 57 27
block 58 27
##BotsAndCoinsInfo
bot_name 0 starter-bot
bot 0 0 6
bot_coins 0 0
coin 6 19
coin 55 6
round 1
round 2
round 3
round 4
round 5
coin 34 24
coin 27 3
round 6
round 7
round 8
round 9
round 10
coin 2 25
coin 59 2
round 11
round 12
round 13
round 14
round 15
coin 3 10
coin 58 17
round 16
round 17
round 18
round 19
round 20
coin 22 17
coin 39 10
round 21
round 22
round 23
round 24
round 25
coin 34 18
coin 27 9
round 26
round 27
round 28
round 29
round 30
coin 12 0
coin 49 0
round 31
round 32
round 33
round 34
round 35
coin 58 24
coin 3 3
round 36
round 37
round 38
round 39
round 40
coin 14 26
coin 47 1
round 41
round 42
round 43
match_over 0
round 44
