match
match_id 1639350887422_aa
match_time 1639350887469
num_bots 1
##MatchConfig
mode FRIENDLY
num_rounds 200
random_seed 42
move_time_limit 5000
coin_spawn_period 5
coin_spawn_volume 10
##MapConfig
map_size 50 30
view_radius 5
mining_radius 1
attack_radius 4
block 2 0
block 3 0
block 4 0
block 5 0
block 30 0
block 31 0
block 32 0
block 33 0
block 2 1
block 3 1
block 4 1
block 5 1
block 6 1
block 30 1
block 31 1
block 32 1
block 33 1
block 2 2
block 3 2
block 4 2
block 5 2
block 6 2
block 11 2
block 12 2
block 30 2
block 31 2
block 32 2
block 33 2
block 2 3
block 3 3
block 4 3
block 5 3
block 11 3
block 12 3
block 30 3
block 31 3
block 32 3
block 33 3
block 11 4
block 12 4
block 40 4
block 41 4
block 42 4
block 43 4
block 44 4
block 45 4
block 46 4
block 11 5
block 12 5
block 40 5
block 41 5
block 42 5
block 43 5
block 44 5
block 45 5
block 46 5
block 11 6
block 12 6
block 40 6
block 41 6
block 42 6
block 43 6
block 44 6
block 45 6
block 46 6
block 11 7
block 12 7
block 11 8
block 12 8
block 40 9
block 41 9
block 42 9
block 43 9
block 44 9
block 45 9
block 46 9
block 35 10
block 36 10
block 37 10
block 40 10
block 41 10
block 42 10
block 43 10
block 44 10
block 45 10
block 46 10
block 35 11
block 36 11
block 37 11
block 40 11
block 41 11
block 42 11
block 43 11
block 44 11
block 45 11
block 46 11
block 35 12
block 36 12
block 37 12
block 18 13
block 19 13
block 20 13
block 21 13
block 22 13
block 23 13
block 35 13
block 36 13
block 37 13
block 18 14
block 19 14
block 20 14
block 21 14
block 22 14
block 23 14
block 35 14
block 36 14
block 37 14
block 18 15
block 19 15
block 20 15
block 21 15
block 22 15
block 23 15
block 35 15
block 36 15
block 37 15
block 35 16
block 36 16
block 37 16
block 15 17
block 16 17
block 17 17
block 18 17
block 19 17
block 15 18
block 16 18
block 17 18
block 18 18
block 19 18
block 15 19
block 16 19
block 17 19
block 18 19
block 19 19
block 5 20
block 6 20
block 7 20
block 8 20
block 15 20
block 16 20
block 17 20
block 18 20
block 19 20
block 5 21
block 6 21
block 7 21
block 8 21
block 5 22
block 6 22
block 7 22
block 8 22
block 30 28
block 31 28
block 32 28
block 33 28
block 30 29
block 31 29
block 32 29
block 33 29
##BotsAndCoinsInfo
bot_name 0 starter-bot
bot 0 27 16
bot_coins 0 0
coin 29 3
coin 20 26
coin 48 14
coin 1 15
coin 20 25
coin 29 4
coin 5 8
coin 44 21
coin 19 23
coin 30 6
round 1
round 2
round 3
round 4
round 5
match_over 0
coin 32 4
coin 17 25
coin 26 12
coin 23 17
coin 26 2
coin 23 27
coin 6 0
coin 43 29
coin 44 29
coin 5 29
round 6
