match
match_id 1639152202831_ay
match_time 1639152202836
num_bots 1
##MatchConfig
mode FRIENDLY
num_rounds 200
random_seed 42
move_time_limit 1000
coin_spawn_period 5
coin_spawn_volume 2
##MapConfig
map_size 57 29
view_radius 5
mining_radius 2
attack_radius 3
block 24 0
block 25 0
block 26 0
block 27 0
block 28 0
block 29 0
block 30 0
block 24 1
block 25 1
block 26 1
block 27 1
block 28 1
block 29 1
block 30 1
block 50 1
block 51 1
block 52 1
block 53 1
block 54 1
block 27 2
block 28 2
block 29 2
block 30 2
block 31 2
block 34 2
block 35 2
block 36 2
block 37 2
block 41 2
block 42 2
block 43 2
block 44 2
block 45 2
block 46 2
block 50 2
block 51 2
block 52 2
block 53 2
block 54 2
block 29 3
block 30 3
block 31 3
block 34 3
block 35 3
block 36 3
block 37 3
block 41 3
block 42 3
block 43 3
block 44 3
block 45 3
block 46 3
block 50 3
block 51 3
block 52 3
block 53 3
block 54 3
block 29 4
block 30 4
block 31 4
block 34 4
block 35 4
block 36 4
block 37 4
block 50 4
block 51 4
block 52 4
block 53 4
block 54 4
block 29 5
block 30 5
block 31 5
block 34 5
block 35 5
block 36 5
block 37 5
block 29 6
block 30 6
block 31 6
block 34 6
block 35 6
block 36 6
block 37 6
block 38 6
block 39 6
block 40 6
block 29 7
block 30 7
block 31 7
block 34 7
block 35 7
block 36 7
block 37 7
block 38 7
block 39 7
block 40 7
block 20 8
block 21 8
block 22 8
block 23 8
block 24 8
block 36 8
block 37 8
block 38 8
block 39 8
block 40 8
block 11 9
block 12 9
block 13 9
block 20 9
block 21 9
block 22 9
block 23 9
block 24 9
block 50 9
block 51 9
block 52 9
block 53 9
block 54 9
block 55 9
block 11 10
block 12 10
block 13 10
block 20 10
block 21 10
block 22 10
block 23 10
block 24 10
block 50 10
block 51 10
block 52 10
block 53 10
block 54 10
block 55 10
block 38 11
block 39 11
block 40 11
block 50 11
block 51 11
block 52 11
block 53 11
block 54 11
block 55 11
block 38 12
block 39 12
block 40 12
block 50 12
block 51 12
block 52 12
block 53 12
block 54 12
block 55 12
block 38 13
block 39 13
block 40 13
block 50 13
block 51 13
block 52 13
block 53 13
block 54 13
block 55 13
block 38 14
block 39 14
block 40 14
block 50 14
block 51 14
block 52 14
block 53 14
block 54 14
block 55 14
block 29 15
block 30 15
block 38 15
block 39 15
block 40 15
block 45 15
block 46 15
block 50 15
block 51 15
block 52 15
block 53 15
block 54 15
block 55 15
block 29 16
block 30 16
block 38 16
block 39 16
block 40 16
block 45 16
block 46 16
block 29 17
block 30 17
block 45 17
block 46 17
block 29 18
block 30 18
block 45 18
block 46 18
block 29 19
block 30 19
block 3 20
block 4 20
block 0 21
block 3 21
block 4 21
block 53 21
block 54 21
block 55 21
block 56 21
block 0 22
block 3 22
block 4 22
block 24 22
block 25 22
block 26 22
block 27 22
block 28 22
block 29 22
block 53 22
block 54 22
block 55 22
block 56 22
block 0 23
block 3 23
block 4 23
block 24 23
block 25 23
block 26 23
block 27 23
block 28 23
block 29 23
block 30 23
block 31 23
block 32 23
block 53 23
block 54 23
block 55 23
block 56 23
block 3 24
block 4 24
block 13 24
block 14 24
block 15 24
block 16 24
block 17 24
block 24 24
block 25 24
block 26 24
block 27 24
block 28 24
block 29 24
block 30 24
block 31 24
block 32 24
block 43 24
block 44 24
block 45 24
block 46 24
block 47 24
block 48 24
block 13 25
block 14 25
block 15 25
block 16 25
block 17 25
block 24 25
block 25 25
block 26 25
block 27 25
block 28 25
block 29 25
block 30 25
block 31 25
block 32 25
block 43 25
block 44 25
block 45 25
block 46 25
block 47 25
block 48 25
block 13 26
block 14 26
block 15 26
block 16 26
block 17 26
block 24 26
block 25 26
block 26 26
block 27 26
block 28 26
block 29 26
block 30 26
block 43 26
block 44 26
block 45 26
block 46 26
block 47 26
block 48 26
block 13 27
block 14 27
block 15 27
block 16 27
block 17 27
block 24 27
block 25 27
block 26 27
block 27 27
block 28 27
block 29 27
block 30 27
block 43 27
block 44 27
block 45 27
block 46 27
block 47 27
block 48 27
block 24 28
block 25 28
block 26 28
block 27 28
block 28 28
block 29 28
block 30 28
##BotsAndCoinsInfo
bot_name 0 starter-bot
bot 0 56 4
bot_coins 0 0
coin 26 9
coin 30 20
round 1
round 2
round 3
round 4
round 5
coin 12 15
coin 44 13
round 6
round 7
round 8
round 9
round 10
coin 6 23
coin 50 5
round 11
round 12
round 13
round 14
round 15
coin 44 8
coin 12 20
round 16
match_over 0
round 17
