match
match_id 1639337848016_ac
match_time 1639337848019
num_bots 1
##MatchConfig
mode FRIENDLY
num_rounds 200
random_seed 42
move_time_limit 5000
coin_spawn_period 5
coin_spawn_volume 10
##MapConfig
map_size 56 20
view_radius 6
mining_radius 1
attack_radius 3
block 0 0
block 1 0
block 2 0
block 3 0
block 39 0
block 40 0
block 41 0
block 43 0
block 44 0
block 45 0
block 46 0
block 47 0
block 48 0
block 49 0
block 53 0
block 54 0
block 55 0
block 39 1
block 40 1
block 41 1
block 43 1
block 44 1
block 45 1
block 46 1
block 47 1
block 48 1
block 49 1
block 7 2
block 8 2
block 9 2
block 10 2
block 11 2
block 12 2
block 39 2
block 40 2
block 41 2
block 42 2
block 43 2
block 44 2
block 45 2
block 46 2
block 47 2
block 48 2
block 49 2
block 7 3
block 8 3
block 9 3
block 10 3
block 11 3
block 12 3
block 39 3
block 40 3
block 41 3
block 42 3
block 43 3
block 44 3
block 45 3
block 46 3
block 47 3
block 48 3
block 49 3
block 52 3
block 53 3
block 54 3
block 7 4
block 8 4
block 9 4
block 10 4
block 11 4
block 12 4
block 39 4
block 40 4
block 41 4
block 42 4
block 43 4
block 44 4
block 45 4
block 46 4
block 47 4
block 48 4
block 49 4
block 50 4
block 51 4
block 52 4
block 53 4
block 54 4
block 4 5
block 5 5
block 7 5
block 8 5
block 9 5
block 10 5
block 11 5
block 12 5
block 42 5
block 43 5
block 44 5
block 45 5
block 46 5
block 47 5
block 48 5
block 49 5
block 50 5
block 51 5
block 52 5
block 53 5
block 54 5
block 1 6
block 2 6
block 3 6
block 4 6
block 5 6
block 7 6
block 8 6
block 9 6
block 10 6
block 11 6
block 12 6
block 42 6
block 43 6
block 44 6
block 45 6
block 46 6
block 47 6
block 48 6
block 49 6
block 50 6
block 51 6
block 52 6
block 53 6
block 54 6
block 1 7
block 2 7
block 3 7
block 4 7
block 5 7
block 7 7
block 8 7
block 9 7
block 10 7
block 11 7
block 12 7
block 30 7
block 31 7
block 42 7
block 43 7
block 46 7
block 47 7
block 48 7
block 49 7
block 50 7
block 51 7
block 52 7
block 53 7
block 54 7
block 1 8
block 2 8
block 3 8
block 4 8
block 5 8
block 30 8
block 31 8
block 42 8
block 43 8
block 46 8
block 47 8
block 48 8
block 49 8
block 50 8
block 51 8
block 52 8
block 53 8
block 54 8
block 1 9
block 2 9
block 3 9
block 4 9
block 5 9
block 12 9
block 13 9
block 14 9
block 15 9
block 16 9
block 17 9
block 30 9
block 31 9
block 46 9
block 47 9
block 48 9
block 49 9
block 50 9
block 51 9
block 52 9
block 53 9
block 54 9
block 4 10
block 5 10
block 12 10
block 13 10
block 14 10
block 15 10
block 16 10
block 17 10
block 30 10
block 31 10
block 48 10
block 49 10
block 50 10
block 51 10
block 52 10
block 3 11
block 4 11
block 5 11
block 6 11
block 7 11
block 8 11
block 9 11
block 12 11
block 13 11
block 14 11
block 15 11
block 16 11
block 17 11
block 30 11
block 31 11
block 47 11
block 48 11
block 49 11
block 50 11
block 51 11
block 52 11
block 3 12
block 4 12
block 5 12
block 6 12
block 7 12
block 8 12
block 9 12
block 12 12
block 13 12
block 14 12
block 15 12
block 16 12
block 17 12
block 30 12
block 31 12
block 47 12
block 48 12
block 49 12
block 50 12
block 51 12
block 52 12
block 3 13
block 4 13
block 5 13
block 6 13
block 7 13
block 8 13
block 9 13
block 12 13
block 13 13
block 14 13
block 15 13
block 16 13
block 17 13
block 24 13
block 25 13
block 26 13
block 27 13
block 30 13
block 31 13
block 47 13
block 48 13
block 49 13
block 50 13
block 51 13
block 52 13
block 3 14
block 4 14
block 5 14
block 6 14
block 7 14
block 8 14
block 9 14
block 12 14
block 13 14
block 14 14
block 15 14
block 16 14
block 17 14
block 24 14
block 25 14
block 26 14
block 27 14
block 47 14
block 48 14
block 49 14
block 50 14
block 51 14
block 52 14
block 3 15
block 4 15
block 5 15
block 6 15
block 7 15
block 8 15
block 9 15
block 24 15
block 25 15
block 26 15
block 27 15
block 0 16
block 1 16
block 2 16
block 3 16
block 4 16
block 5 16
block 6 16
block 7 16
block 8 16
block 9 16
block 53 16
block 54 16
block 55 16
block 0 17
block 1 17
block 2 17
block 3 17
block 4 17
block 5 17
block 6 17
block 7 17
block 8 17
block 9 17
block 53 17
block 54 17
block 55 17
block 0 18
block 1 18
block 2 18
block 3 18
block 39 18
block 40 18
block 41 18
block 43 18
block 44 18
block 45 18
block 46 18
block 47 18
block 48 18
block 49 18
block 53 18
block 54 18
block 55 18
block 0 19
block 1 19
block 2 19
block 3 19
block 39 19
block 40 19
block 41 19
block 43 19
block 44 19
block 45 19
block 46 19
block 47 19
block 48 19
block 49 19
block 53 19
block 54 19
block 55 19
##BotsAndCoinsInfo
bot_name 0 starter-bot
bot 0 18 3
bot_coins 0 0
coin 50 3
coin 5 18
coin 50 2
coin 6 18
coin 26 5
coin 29 14
coin 1 1
coin 52 18
coin 55 13
coin 0 6
round 1
bot 0 19 2
round 2
bot 0 20 1
round 3
bot 0 21 0
round 4
bot 0 22 19
round 5
bot 0 23 18
coin 38 2
coin 17 17
coin 28 12
coin 27 7
coin 36 12
coin 19 7
coin 0 10
coin 55 9
coin 7 9
coin 47 10
round 6
bot 0 24 17
round 7
bot 0 25 16
round 8
round 9
round 10
coin 38 3
coin 17 16
coin 50 15
coin 5 4
coin 35 1
coin 20 18
coin 14 18
coin 42 1
coin 13 6
coin 42 13
round 11
round 12
round 13
round 14
round 15
match_over 0
coin 26 16
coin 29 3
coin 30 5
coin 25 16
coin 17 7
coin 38 12
coin 11 13
coin 44 7
coin 51 3
coin 4 18
round 16
