match
match_id 1639351697519_af
match_time 1639351697523
num_bots 1
##MatchConfig
mode FRIENDLY
num_rounds 200
random_seed 42
move_time_limit 5000
coin_spawn_period 5
coin_spawn_volume 10
##MapConfig
map_size 55 24
view_radius 6
mining_radius 2
attack_radius 3
block 0 0
block 1 0
block 2 0
block 3 0
block 4 0
block 25 0
block 26 0
block 27 0
block 28 0
block 29 0
block 30 0
block 31 0
block 32 0
block 39 0
block 40 0
block 54 0
block 26 1
block 27 1
block 28 1
block 29 1
block 30 1
block 31 1
block 32 1
block 36 1
block 37 1
block 39 1
block 40 1
block 26 2
block 27 2
block 28 2
block 29 2
block 30 2
block 31 2
block 32 2
block 36 2
block 37 2
block 39 2
block 40 2
block 52 2
block 53 2
block 54 2
block 26 3
block 27 3
block 28 3
block 29 3
block 30 3
block 31 3
block 32 3
block 36 3
block 37 3
block 39 3
block 40 3
block 52 3
block 53 3
block 54 3
block 28 4
block 29 4
block 36 4
block 37 4
block 52 4
block 53 4
block 54 4
block 0 5
block 1 5
block 2 5
block 9 5
block 10 5
block 28 5
block 29 5
block 36 5
block 37 5
block 52 5
block 53 5
block 54 5
block 0 6
block 1 6
block 2 6
block 9 6
block 10 6
block 28 6
block 29 6
block 36 6
block 37 6
block 45 6
block 46 6
block 47 6
block 48 6
block 53 6
block 54 6
block 0 7
block 1 7
block 2 7
block 9 7
block 10 7
block 28 7
block 29 7
block 45 7
block 46 7
block 47 7
block 48 7
block 53 7
block 54 7
block 9 8
block 10 8
block 45 8
block 46 8
block 47 8
block 48 8
block 9 9
block 10 9
block 41 9
block 42 9
block 43 9
block 45 9
block 46 9
block 47 9
block 48 9
block 1 10
block 2 10
block 3 10
block 4 10
block 5 10
block 6 10
block 9 10
block 10 10
block 41 10
block 42 10
block 43 10
block 45 10
block 46 10
block 47 10
block 48 10
block 1 11
block 2 11
block 3 11
block 4 11
block 5 11
block 6 11
block 22 11
block 23 11
block 41 11
block 42 11
block 43 11
block 45 11
block 46 11
block 47 11
block 48 11
block 1 12
block 2 12
block 3 12
block 4 12
block 5 12
block 6 12
block 22 12
block 23 12
block 3 13
block 4 13
block 22 13
block 23 13
block 3 14
block 4 14
block 22 14
block 23 14
block 3 15
block 4 15
block 22 15
block 23 15
block 3 16
block 4 16
block 22 16
block 23 16
block 50 16
block 51 16
block 52 16
block 53 16
block 54 16
block 50 17
block 51 17
block 52 17
block 53 17
block 54 17
block 0 18
block 1 18
block 8 18
block 9 18
block 50 18
block 51 18
block 52 18
block 53 18
block 54 18
block 0 19
block 1 19
block 8 19
block 9 19
block 17 19
block 18 19
block 19 19
block 50 19
block 51 19
block 52 19
block 53 19
block 54 19
block 0 20
block 1 20
block 2 20
block 3 20
block 4 20
block 17 20
block 18 20
block 19 20
block 32 20
block 33 20
block 34 20
block 35 20
block 36 20
block 37 20
block 42 20
block 43 20
block 44 20
block 45 20
block 46 20
block 47 20
block 48 20
block 50 20
block 51 20
block 52 20
block 53 20
block 54 20
block 0 21
block 1 21
block 2 21
block 3 21
block 4 21
block 17 21
block 18 21
block 19 21
block 32 21
block 33 21
block 34 21
block 35 21
block 36 21
block 37 21
block 39 21
block 40 21
block 42 21
block 43 21
block 44 21
block 45 21
block 46 21
block 47 21
block 48 21
block 54 21
block 0 22
block 1 22
block 2 22
block 3 22
block 4 22
block 17 22
block 18 22
block 19 22
block 25 22
block 26 22
block 27 22
block 28 22
block 29 22
block 30 22
block 31 22
block 32 22
block 33 22
block 34 22
block 35 22
block 36 22
block 37 22
block 39 22
block 40 22
block 42 22
block 43 22
block 44 22
block 45 22
block 46 22
block 47 22
block 48 22
block 54 22
block 0 23
block 1 23
block 2 23
block 3 23
block 4 23
block 17 23
block 18 23
block 19 23
block 25 23
block 26 23
block 27 23
block 28 23
block 29 23
block 30 23
block 31 23
block 32 23
block 39 23
block 40 23
block 54 23
##BotsAndCoinsInfo
bot_name 0 starter-bot
bot 0 21 15
bot_coins 0 0
coin 41 3
coin 13 20
coin 8 20
coin 46 3
coin 25 13
coin 29 10
coin 45 14
coin 8 9
coin 0 4
coin 53 21
round 1
bot 0 20 15
round 2
bot 0 19 15
round 3
bot 0 18 15
round 4
bot 0 17 15
round 5
bot 0 16 15
coin 21 14
coin 33 9
coin 46 12
coin 8 11
coin 44 8
coin 10 15
coin 26 18
coin 27 5
coin 33 17
coin 21 6
round 6
bot 0 15 15
round 7
bot 0 14 15
round 8
bot 0 13 15
round 9
bot 0 12 15
coin_collected 10 15 0
bot_coins 0 1
round 10
bot 0 11 15
coin 11 7
coin 43 16
coin 36 9
coin 18 14
coin 23 9
coin 31 14
coin 11 10
coin 43 13
coin 38 6
coin 16 17
round 11
bot 0 10 15
round 12
bot 0 10 16
round 13
bot 0 10 17
round 14
bot 0 9 17
round 15
bot 0 8 17
coin 0 12
coin 54 11
coin 45 5
coin 10 18
coin 33 23
coin 21 0
coin 32 13
coin 22 10
coin 43 12
coin 11 11
round 16
bot 0 7 17
round 17
bot 0 6 17
round 18
bot 0 5 17
round 19
bot 0 5 18
round 20
bot 0 5 19
coin 24 1
coin 30 21
coin 23 1
coin 31 21
coin 11 6
coin 43 17
coin 12 23
coin 42 0
coin 7 19
coin 47 4
round 21
bot 0 5 18
round 22
bot 0 5 19
coin_collected 7 19 0
bot_coins 0 2
round 23
bot 0 5 18
round 24
bot 0 5 19
round 25
bot 0 5 18
coin 49 8
coin 5 15
coin 8 4
coin 46 19
coin 35 10
coin 19 13
coin 33 19
coin 21 4
coin 16 3
coin 38 20
round 26
bot 0 5 19
round 27
bot 0 5 18
round 28
round 29
round 30
match_over 0
coin 12 11
coin 42 12
coin 38 1
coin 16 22
coin 4 2
coin 50 21
coin 38 7
coin 16 16
coin 45 3
coin 9 20
round 31
