match
match_id 1639151444708_ah
match_time 1639151444713
num_bots 1
##MatchConfig
mode FRIENDLY
num_rounds 200
random_seed 42
move_time_limit 1000
coin_spawn_period 5
coin_spawn_volume 2
##MapConfig
map_size 73 25
view_radius 6
mining_radius 2
attack_radius 3
block 3 0
block 4 0
block 5 0
block 6 0
block 7 0
block 8 0
block 10 0
block 11 0
block 12 0
block 13 0
block 36 0
block 37 0
block 38 0
block 39 0
block 40 0
block 59 0
block 60 0
block 3 1
block 4 1
block 5 1
block 6 1
block 7 1
block 8 1
block 10 1
block 11 1
block 12 1
block 13 1
block 29 1
block 30 1
block 31 1
block 32 1
block 33 1
block 36 1
block 37 1
block 38 1
block 39 1
block 40 1
block 59 1
block 60 1
block 0 2
block 1 2
block 2 2
block 3 2
block 4 2
block 9 2
block 10 2
block 11 2
block 12 2
block 13 2
block 29 2
block 30 2
block 31 2
block 32 2
block 33 2
block 36 2
block 37 2
block 38 2
block 39 2
block 40 2
block 47 2
block 48 2
block 49 2
block 50 2
block 51 2
block 52 2
block 53 2
block 59 2
block 60 2
block 70 2
block 71 2
block 72 2
block 0 3
block 1 3
block 2 3
block 3 3
block 4 3
block 9 3
block 10 3
block 11 3
block 12 3
block 13 3
block 29 3
block 30 3
block 31 3
block 32 3
block 33 3
block 36 3
block 37 3
block 38 3
block 39 3
block 40 3
block 43 3
block 44 3
block 45 3
block 47 3
block 48 3
block 49 3
block 50 3
block 51 3
block 52 3
block 53 3
block 59 3
block 60 3
block 70 3
block 71 3
block 72 3
block 1 4
block 2 4
block 3 4
block 4 4
block 10 4
block 11 4
block 12 4
block 13 4
block 29 4
block 30 4
block 31 4
block 32 4
block 33 4
block 34 4
block 35 4
block 36 4
block 37 4
block 38 4
block 39 4
block 40 4
block 43 4
block 44 4
block 45 4
block 55 4
block 56 4
block 57 4
block 58 4
block 59 4
block 60 4
block 10 5
block 11 5
block 12 5
block 13 5
block 29 5
block 30 5
block 31 5
block 32 5
block 33 5
block 34 5
block 35 5
block 36 5
block 37 5
block 38 5
block 39 5
block 40 5
block 43 5
block 44 5
block 45 5
block 55 5
block 56 5
block 57 5
block 58 5
block 59 5
block 60 5
block 0 6
block 10 6
block 11 6
block 12 6
block 13 6
block 29 6
block 30 6
block 31 6
block 32 6
block 33 6
block 36 6
block 37 6
block 38 6
block 39 6
block 40 6
block 42 6
block 43 6
block 44 6
block 45 6
block 46 6
block 47 6
block 55 6
block 56 6
block 57 6
block 69 6
block 70 6
block 71 6
block 72 6
block 0 7
block 29 7
block 30 7
block 31 7
block 32 7
block 33 7
block 42 7
block 43 7
block 44 7
block 45 7
block 46 7
block 47 7
block 55 7
block 56 7
block 57 7
block 69 7
block 70 7
block 71 7
block 72 7
block 0 8
block 42 8
block 43 8
block 44 8
block 45 8
block 46 8
block 47 8
block 55 8
block 56 8
block 57 8
block 69 8
block 70 8
block 71 8
block 72 8
block 0 9
block 42 9
block 43 9
block 44 9
block 45 9
block 46 9
block 47 9
block 55 9
block 56 9
block 57 9
block 69 9
block 70 9
block 71 9
block 72 9
block 0 10
block 1 10
block 2 10
block 3 10
block 4 10
block 42 10
block 43 10
block 44 10
block 45 10
block 46 10
block 47 10
block 69 10
block 70 10
block 71 10
block 72 10
block 0 11
block 1 11
block 2 11
block 3 11
block 4 11
block 69 11
block 70 11
block 71 11
block 72 11
block 0 12
block 1 12
block 69 12
block 70 12
block 71 12
block 72 12
block 0 13
block 1 13
block 60 13
block 61 13
block 70 13
block 71 13
block 72 13
block 0 14
block 1 14
block 40 14
block 41 14
block 60 14
block 61 14
block 70 14
block 71 14
block 72 14
block 0 15
block 1 15
block 40 15
block 41 15
block 50 15
block 51 15
block 52 15
block 53 15
block 60 15
block 61 15
block 70 15
block 71 15
block 72 15
block 50 16
block 51 16
block 52 16
block 53 16
block 60 16
block 61 16
block 50 17
block 51 17
block 52 17
block 53 17
block 60 17
block 61 17
block 50 18
block 51 18
block 52 18
block 53 18
block 60 18
block 61 18
block 12 19
block 13 19
block 14 19
block 15 19
block 16 19
block 50 19
block 51 19
block 52 19
block 53 19
block 12 20
block 13 20
block 14 20
block 15 20
block 16 20
block 50 20
block 51 20
block 52 20
block 53 20
block 12 21
block 13 21
block 14 21
block 15 21
block 16 21
block 22 21
block 23 21
block 24 21
block 49 21
block 50 21
block 51 21
block 52 21
block 53 21
block 54 21
block 12 22
block 13 22
block 14 22
block 15 22
block 16 22
block 22 22
block 23 22
block 24 22
block 49 22
block 50 22
block 51 22
block 52 22
block 53 22
block 54 22
block 49 23
block 50 23
block 51 23
block 52 23
block 53 23
block 54 23
block 59 23
block 60 23
block 3 24
block 4 24
block 5 24
block 6 24
block 7 24
block 8 24
block 49 24
block 50 24
block 51 24
block 52 24
block 53 24
block 54 24
block 59 24
block 60 24
##BotsAndCoinsInfo
bot_name 0 starter-bot
bot 0 39 21
bot_coins 0 0
coin 12 13
coin 60 11
round 1
bot 0 38 22
round 2
bot 0 37 23
round 3
bot 0 36 24
round 4
bot 0 35 0
round 5
bot 0 34 1
coin 16 9
coin 56 15
round 6
round 7
round 8
round 9
round 10
bot 0 35 1
coin 30 0
coin 42 24
round 11
round 12
round 13
round 14
round 15
coin 38 18
coin 34 6
round 16
bot 0 34 0
round 17
bot 0 33 24
round 18
bot 0 32 23
round 19
bot 0 31 22
round 20
bot 0 30 21
coin 54 18
coin 18 6
round 21
bot 0 29 20
round 22
bot 0 28 19
round 23
bot 0 27 18
round 24
bot 0 26 17
round 25
bot 0 25 16
coin 65 2
coin 7 22
round 26
bot 0 26 17
round 27
bot 0 27 18
round 28
bot 0 28 19
round 29
bot 0 29 20
round 30
bot 0 30 21
coin 30 17
coin 41 7
round 31
bot 0 31 22
round 32
bot 0 30 21
round 33
bot 0 29 20
round 34
bot 0 28 19
round 35
bot 0 27 18
coin 10 7
coin 62 17
round 36
bot 0 26 17
round 37
bot 0 25 16
round 38
bot 0 25 15
round 39
bot 0 25 14
round 40
bot 0 25 13
coin 65 20
coin 7 4
round 41
bot 0 25 12
round 42
bot 0 25 11
round 43
bot 0 25 10
round 44
bot 0 25 9
round 45
bot 0 25 8
coin 49 9
coin 23 15
round 46
bot 0 25 7
round 47
bot 0 25 6
round 48
bot 0 24 6
round 49
bot 0 23 6
round 50
bot 0 22 6
coin 54 13
coin 18 11
round 51
bot 0 21 6
round 52
bot 0 20 6
coin_collected 18 6 0
bot_coins 0 1
round 53
bot 0 19 6
round 54
bot 0 18 6
round 55
bot 0 19 6
coin 69 13
coin 3 12
round 56
bot 0 20 6
round 57
bot 0 21 6
round 58
bot 0 22 6
round 59
bot 0 23 6
round 60
bot 0 24 6
coin 72 16
coin 1 8
round 61
bot 0 25 6
round 62
bot 0 24 5
round 63
bot 0 23 4
round 64
bot 0 22 3
round 65
bot 0 21 2
coin 31 8
coin 41 16
round 66
bot 0 20 1
round 67
bot 0 19 0
round 68
bot 0 18 24
round 69
bot 0 17 23
round 70
bot 0 16 23
coin 29 21
coin 43 2
round 71
bot 0 15 23
round 72
bot 0 14 23
round 73
bot 0 13 23
round 74
bot 0 12 23
round 75
bot 0 11 23
coin 58 6
coin 14 18
round 76
bot 0 10 23
round 77
bot 0 9 23
round 78
bot 0 8 23
coin_collected 7 22 0
bot_coins 0 2
round 79
bot 0 9 24
round 80
coin 15 10
coin 57 14
round 81
round 82
round 83
round 84
round 85
coin 57 2
coin 15 23
round 86
round 87
round 88
bot 0 9 0
round 89
bot 0 9 1
round 90
coin 57 18
coin 15 6
round 91
round 92
round 93
round 94
round 95
coin 51 14
coin 21 10
round 96
bot 0 9 0
round 97
bot 0 9 24
round 98
bot 0 9 23
round 99
bot 0 9 22
round 100
bot 0 9 21
coin 37 15
coin 35 9
round 101
bot 0 9 20
round 102
bot 0 9 19
round 103
round 104
round 105
coin 52 12
coin 20 12
round 106
round 107
round 108
round 109
bot 0 10 20
round 110
bot 0 11 21
coin 12 9
coin 59 15
round 111
round 112
round 113
round 114
round 115
coin 55 10
coin 17 14
round 116
bot 0 10 21
round 117
bot 0 9 21
round 118
bot 0 8 21
round 119
bot 0 7 21
round 120
bot 0 6 21
coin 54 19
coin 18 5
round 121
bot 0 5 21
round 122
bot 0 4 21
round 123
bot 0 3 21
round 124
bot 0 4 20
round 125
bot 0 5 19
coin 46 15
coin 26 9
round 126
bot 0 6 18
round 127
bot 0 7 17
round 128
bot 0 8 16
round 129
bot 0 9 15
round 130
coin 28 6
coin 44 18
round 131
round 132
round 133
round 134
round 135
coin 26 10
coin 46 14
round 136
round 137
round 138
round 139
round 140
coin 65 9
coin 7 15
round 141
coin_collected 7 15 0
bot_coins 0 3
round 142
round 143
round 144
round 145
bot 0 10 15
coin 35 3
coin 37 21
round 146
bot 0 11 15
round 147
bot 0 12 15
coin_collected 12 13 0
bot_coins 0 4
round 148
bot 0 13 15
round 149
bot 0 14 15
round 150
bot 0 15 15
coin 4 19
coin 68 5
round 151
bot 0 16 16
round 152
bot 0 17 17
round 153
bot 0 18 18
round 154
bot 0 19 19
round 155
bot 0 20 20
coin 35 1
coin 37 23
round 156
bot 0 21 21
round 157
round 158
round 159
round 160
coin 24 19
coin 48 5
round 161
round 162
round 163
round 164
round 165
coin 47 19
coin 25 5
round 166
round 167
round 168
round 169
round 170
coin 63 24
coin 9 0
round 171
round 172
round 173
round 174
round 175
coin 64 1
coin 8 23
round 176
bot 0 22 20
round 177
bot 0 23 19
coin_collected 24 19 0
bot_coins 0 5
round 178
bot 0 24 18
round 179
bot 0 25 17
round 180
bot 0 26 16
coin 9 4
coin 63 20
round 181
bot 0 27 15
round 182
bot 0 28 15
round 183
bot 0 29 15
round 184
bot 0 30 15
coin_collected 30 17 0
bot_coins 0 6
round 185
bot 0 31 15
coin 6 8
coin 66 16
round 186
bot 0 32 15
round 187
bot 0 33 15
round 188
bot 0 34 15
round 189
bot 0 35 15
coin_collected 37 15 0
bot_coins 0 7
round 190
bot 0 36 15
coin 14 10
coin 58 14
round 191
bot 0 37 15
round 192
bot 0 38 15
round 193
bot 0 39 15
round 194
round 195
coin 2 18
coin 70 5
round 196
round 197
round 198
round 199
round 200
coin 43 19
coin 28 5
match_over 0
