match
match_id 1639150908817_ad
match_time 1639150908827
num_bots 1
##MatchConfig
mode FRIENDLY
num_rounds 200
random_seed 42
move_time_limit 1000
coin_spawn_period 5
coin_spawn_volume 2
##MapConfig
map_size 65 24
view_radius 6
mining_radius 1
attack_radius 4
block 16 0
block 17 0
block 18 0
block 19 0
block 20 0
block 52 0
block 53 0
block 54 0
block 55 0
block 56 0
block 57 0
block 16 1
block 17 1
block 18 1
block 19 1
block 20 1
block 52 1
block 53 1
block 54 1
block 55 1
block 56 1
block 57 1
block 52 2
block 53 2
block 54 2
block 55 2
block 56 2
block 57 2
block 52 3
block 53 3
block 54 3
block 55 3
block 56 3
block 57 3
block 17 4
block 18 4
block 19 4
block 20 4
block 21 4
block 22 4
block 23 4
block 24 4
block 25 4
block 26 4
block 27 4
block 28 4
block 52 4
block 53 4
block 54 4
block 55 4
block 56 4
block 57 4
block 17 5
block 18 5
block 19 5
block 20 5
block 21 5
block 22 5
block 23 5
block 24 5
block 25 5
block 26 5
block 27 5
block 28 5
block 52 5
block 53 5
block 54 5
block 55 5
block 56 5
block 57 5
block 19 6
block 20 6
block 21 6
block 22 6
block 23 6
block 24 6
block 25 6
block 26 6
block 27 6
block 28 6
block 19 7
block 20 7
block 21 7
block 22 7
block 23 7
block 24 7
block 25 7
block 26 7
block 27 7
block 28 7
block 19 8
block 20 8
block 21 8
block 22 8
block 23 8
block 43 8
block 44 8
block 45 8
block 46 8
block 47 8
block 61 8
block 62 8
block 63 8
block 19 9
block 20 9
block 21 9
block 22 9
block 23 9
block 43 9
block 44 9
block 45 9
block 46 9
block 47 9
block 61 9
block 62 9
block 63 9
block 19 10
block 20 10
block 21 10
block 22 10
block 23 10
block 43 10
block 44 10
block 45 10
block 46 10
block 47 10
block 61 10
block 62 10
block 63 10
block 64 10
block 61 11
block 62 11
block 63 11
block 64 11
block 61 12
block 62 12
block 63 12
block 64 12
block 61 13
block 62 13
block 63 13
block 64 13
block 61 14
block 62 14
block 63 14
block 64 14
block 62 15
block 63 15
block 64 15
block 44 16
block 45 16
block 46 16
block 47 16
block 48 16
block 49 16
block 62 16
block 63 16
block 64 16
block 20 17
block 21 17
block 22 17
block 23 17
block 24 17
block 44 17
block 45 17
block 46 17
block 47 17
block 48 17
block 49 17
block 20 18
block 21 18
block 22 18
block 23 18
block 24 18
block 28 18
block 29 18
block 30 18
block 31 18
block 32 18
block 33 18
block 34 18
block 44 18
block 45 18
block 46 18
block 47 18
block 48 18
block 49 18
block 60 18
block 61 18
block 62 18
block 63 18
block 64 18
block 20 19
block 21 19
block 22 19
block 23 19
block 24 19
block 28 19
block 29 19
block 30 19
block 31 19
block 32 19
block 33 19
block 34 19
block 44 19
block 45 19
block 46 19
block 47 19
block 48 19
block 49 19
block 57 19
block 58 19
block 59 19
block 60 19
block 61 19
block 62 19
block 63 19
block 64 19
block 16 20
block 17 20
block 18 20
block 19 20
block 20 20
block 21 20
block 22 20
block 23 20
block 24 20
block 28 20
block 29 20
block 30 20
block 31 20
block 32 20
block 33 20
block 34 20
block 44 20
block 45 20
block 46 20
block 47 20
block 48 20
block 49 20
block 57 20
block 58 20
block 59 20
block 60 20
block 61 20
block 62 20
block 63 20
block 64 20
block 16 21
block 17 21
block 18 21
block 19 21
block 20 21
block 21 21
block 22 21
block 23 21
block 24 21
block 44 21
block 45 21
block 46 21
block 47 21
block 48 21
block 49 21
block 57 21
block 58 21
block 59 21
block 60 21
block 61 21
block 62 21
block 63 21
block 64 21
block 16 22
block 17 22
block 18 22
block 19 22
block 20 22
block 44 22
block 45 22
block 46 22
block 47 22
block 48 22
block 49 22
block 60 22
block 61 22
block 62 22
block 63 22
block 64 22
block 16 23
block 17 23
block 18 23
block 19 23
block 20 23
block 52 23
block 53 23
block 54 23
block 55 23
block 56 23
block 57 23
##BotsAndCoinsInfo
bot_name 0 starter-bot
bot 0 4 9
bot_coins 0 0
coin 0 3
coin 0 20
round 1
round 2
round 3
round 4
round 5
coin 50 20
coin 14 3
round 6
round 7
round 8
round 9
round 10
coin 0 13
coin 0 10
round 11
round 12
round 13
round 14
round 15
coin 0 14
coin 64 9
round 16
round 17
round 18
round 19
round 20
coin 29 5
coin 35 18
round 21
round 22
round 23
round 24
round 25
coin 52 14
coin 12 9
round 26
round 27
round 28
round 29
round 30
coin 21 12
coin 43 11
round 31
round 32
round 33
round 34
round 35
coin 46 7
coin 18 16
round 36
round 37
round 38
round 39
round 40
coin 61 17
coin 3 6
round 41
round 42
round 43
round 44
round 45
coin 63 17
coin 1 6
round 46
round 47
round 48
round 49
round 50
coin 40 7
coin 24 16
round 51
round 52
round 53
round 54
round 55
coin 26 9
coin 38 14
round 56
round 57
round 58
round 59
round 60
coin 38 9
coin 26 14
round 61
round 62
round 63
round 64
round 65
coin 25 10
coin 39 13
round 66
round 67
round 68
round 69
round 70
coin 32 6
coin 32 17
round 71
round 72
round 73
round 74
round 75
coin 25 12
coin 39 11
round 76
round 77
round 78
round 79
round 80
coin 5 5
coin 59 18
round 81
round 82
round 83
round 84
round 85
coin 7 23
coin 58 0
round 86
round 87
round 88
round 89
round 90
coin 32 13
coin 32 10
round 91
round 92
round 93
round 94
round 95
coin 28 12
coin 36 11
round 96
round 97
round 98
round 99
round 100
coin 44 1
coin 21 22
round 101
round 102
round 103
round 104
round 105
coin 8 1
coin 56 22
round 106
round 107
round 108
round 109
round 110
coin 15 6
coin 50 17
round 111
round 112
round 113
round 114
round 115
coin 42 23
coin 22 0
round 116
round 117
round 118
round 119
round 120
coin 27 19
coin 37 4
round 121
round 122
round 123
round 124
round 125
match_over 0
coin 48 8
coin 16 15
round 126
