match
match_id 1639151988408_at
match_time 1639151988411
num_bots 1
##MatchConfig
mode FRIENDLY
num_rounds 200
random_seed 42
move_time_limit 1000
coin_spawn_period 5
coin_spawn_volume 2
##MapConfig
map_size 78 20
view_radius 6
mining_radius 2
attack_radius 3
block 14 0
block 15 0
block 16 0
block 17 0
block 18 0
block 19 0
block 20 0
block 21 0
block 53 0
block 54 0
block 58 0
block 59 0
block 62 0
block 63 0
block 64 0
block 65 0
block 66 0
block 67 0
block 68 0
block 69 0
block 70 0
block 14 1
block 15 1
block 16 1
block 17 1
block 18 1
block 19 1
block 20 1
block 21 1
block 39 1
block 40 1
block 41 1
block 42 1
block 43 1
block 44 1
block 53 1
block 54 1
block 58 1
block 59 1
block 62 1
block 63 1
block 64 1
block 65 1
block 66 1
block 67 1
block 68 1
block 39 2
block 40 2
block 41 2
block 42 2
block 43 2
block 44 2
block 45 2
block 58 2
block 59 2
block 39 3
block 40 3
block 41 3
block 42 3
block 43 3
block 44 3
block 45 3
block 58 3
block 59 3
block 61 3
block 62 3
block 63 3
block 64 3
block 65 3
block 66 3
block 67 3
block 22 4
block 23 4
block 24 4
block 25 4
block 26 4
block 27 4
block 28 4
block 39 4
block 40 4
block 41 4
block 42 4
block 43 4
block 44 4
block 45 4
block 61 4
block 62 4
block 63 4
block 64 4
block 65 4
block 66 4
block 67 4
block 22 5
block 23 5
block 24 5
block 25 5
block 26 5
block 27 5
block 28 5
block 31 5
block 32 5
block 39 5
block 40 5
block 41 5
block 42 5
block 43 5
block 44 5
block 45 5
block 61 5
block 62 5
block 63 5
block 64 5
block 65 5
block 66 5
block 67 5
block 22 6
block 23 6
block 24 6
block 25 6
block 26 6
block 27 6
block 28 6
block 31 6
block 32 6
block 39 6
block 40 6
block 41 6
block 42 6
block 43 6
block 44 6
block 45 6
block 47 6
block 48 6
block 49 6
block 55 6
block 56 6
block 57 6
block 58 6
block 22 7
block 23 7
block 24 7
block 25 7
block 26 7
block 27 7
block 28 7
block 31 7
block 32 7
block 39 7
block 40 7
block 41 7
block 42 7
block 43 7
block 44 7
block 45 7
block 47 7
block 48 7
block 49 7
block 55 7
block 56 7
block 57 7
block 58 7
block 22 8
block 23 8
block 24 8
block 25 8
block 26 8
block 27 8
block 28 8
block 30 8
block 31 8
block 32 8
block 33 8
block 34 8
block 39 8
block 40 8
block 41 8
block 42 8
block 43 8
block 44 8
block 45 8
block 47 8
block 48 8
block 49 8
block 55 8
block 56 8
block 57 8
block 58 8
block 30 9
block 31 9
block 32 9
block 33 9
block 34 9
block 47 9
block 48 9
block 49 9
block 55 9
block 56 9
block 57 9
block 58 9
block 30 10
block 31 10
block 32 10
block 33 10
block 34 10
block 47 10
block 48 10
block 49 10
block 55 10
block 56 10
block 57 10
block 58 10
block 68 10
block 69 10
block 70 10
block 30 11
block 31 11
block 32 11
block 47 11
block 48 11
block 49 11
block 55 11
block 56 11
block 57 11
block 58 11
block 68 11
block 69 11
block 70 11
block 25 12
block 26 12
block 27 12
block 28 12
block 41 12
block 42 12
block 43 12
block 44 12
block 45 12
block 55 12
block 56 12
block 57 12
block 58 12
block 68 12
block 69 12
block 70 12
block 25 13
block 26 13
block 27 13
block 28 13
block 41 13
block 42 13
block 43 13
block 44 13
block 45 13
block 57 13
block 58 13
block 40 14
block 41 14
block 42 14
block 43 14
block 44 14
block 45 14
block 17 15
block 18 15
block 19 15
block 20 15
block 21 15
block 40 15
block 41 15
block 42 15
block 43 15
block 44 15
block 45 15
block 66 15
block 67 15
block 68 15
block 69 15
block 70 15
block 17 16
block 18 16
block 19 16
block 20 16
block 21 16
block 41 16
block 42 16
block 43 16
block 44 16
block 45 16
block 66 16
block 67 16
block 68 16
block 69 16
block 70 16
block 17 17
block 18 17
block 19 17
block 20 17
block 21 17
block 41 17
block 42 17
block 43 17
block 44 17
block 45 17
block 53 17
block 54 17
block 66 17
block 67 17
block 68 17
block 69 17
block 70 17
block 17 18
block 18 18
block 19 18
block 20 18
block 21 18
block 41 18
block 42 18
block 43 18
block 44 18
block 45 18
block 53 18
block 54 18
block 62 18
block 63 18
block 64 18
block 65 18
block 66 18
block 67 18
block 68 18
block 69 18
block 70 18
block 14 19
block 15 19
block 16 19
block 17 19
block 18 19
block 19 19
block 20 19
block 21 19
block 53 19
block 54 19
block 58 19
block 59 19
block 62 19
block 63 19
block 64 19
block 65 19
block 66 19
block 67 19
block 68 19
block 69 19
block 70 19
##BotsAndCoinsInfo
bot_name 0 starter-bot
bot 0 7 18
bot_coins 0 0
coin 26 3
coin 51 16
round 1
round 2
round 3
round 4
round 5
coin 48 4
coin 29 15
round 6
round 7
round 8
round 9
round 10
coin 0 5
coin 77 14
round 11
round 12
round 13
round 14
round 15
match_over 0
coin 65 17
coin 12 2
round 16
