match
match_id 1639152505145_bf
match_time 1639152505158
num_bots 1
##MatchConfig
mode FRIENDLY
num_rounds 200
random_seed 42
move_time_limit 1000
coin_spawn_period 5
coin_spawn_volume 2
##MapConfig
map_size 74 32
view_radius 6
mining_radius 2
attack_radius 3
block 3 0
block 4 0
block 5 0
block 6 0
block 7 0
block 8 0
block 20 0
block 21 0
block 22 0
block 23 0
block 24 0
block 61 0
block 62 0
block 63 0
block 64 0
block 65 0
block 66 0
block 3 1
block 4 1
block 5 1
block 6 1
block 7 1
block 8 1
block 20 1
block 21 1
block 22 1
block 23 1
block 24 1
block 35 1
block 36 1
block 37 1
block 38 1
block 39 1
block 40 1
block 41 1
block 61 1
block 62 1
block 63 1
block 64 1
block 65 1
block 66 1
block 67 1
block 68 1
block 69 1
block 70 1
block 71 1
block 72 1
block 3 2
block 4 2
block 5 2
block 6 2
block 7 2
block 8 2
block 26 2
block 27 2
block 28 2
block 29 2
block 35 2
block 36 2
block 37 2
block 38 2
block 39 2
block 40 2
block 41 2
block 61 2
block 62 2
block 63 2
block 64 2
block 65 2
block 66 2
block 67 2
block 68 2
block 69 2
block 70 2
block 71 2
block 72 2
block 7 3
block 8 3
block 26 3
block 27 3
block 28 3
block 29 3
block 35 3
block 36 3
block 37 3
block 38 3
block 39 3
block 40 3
block 41 3
block 61 3
block 62 3
block 63 3
block 64 3
block 65 3
block 66 3
block 67 3
block 68 3
block 69 3
block 70 3
block 71 3
block 72 3
block 26 4
block 27 4
block 28 4
block 29 4
block 35 4
block 36 4
block 37 4
block 38 4
block 39 4
block 40 4
block 41 4
block 67 4
block 68 4
block 69 4
block 70 4
block 71 4
block 72 4
block 26 5
block 27 5
block 28 5
block 29 5
block 35 5
block 36 5
block 37 5
block 38 5
block 39 5
block 40 5
block 41 5
block 67 5
block 68 5
block 69 5
block 70 5
block 71 5
block 72 5
block 35 6
block 36 6
block 37 6
block 38 6
block 39 6
block 40 6
block 41 6
block 67 6
block 68 6
block 69 6
block 70 6
block 71 6
block 72 6
block 35 7
block 36 7
block 37 7
block 38 7
block 39 7
block 67 7
block 68 7
block 69 7
block 70 7
block 71 7
block 72 7
block 59 9
block 60 9
block 61 9
block 62 9
block 63 9
block 64 9
block 32 10
block 33 10
block 34 10
block 59 10
block 60 10
block 61 10
block 62 10
block 63 10
block 64 10
block 9 11
block 10 11
block 11 11
block 12 11
block 13 11
block 14 11
block 15 11
block 32 11
block 33 11
block 34 11
block 59 11
block 60 11
block 61 11
block 62 11
block 63 11
block 64 11
block 9 12
block 10 12
block 11 12
block 12 12
block 13 12
block 14 12
block 15 12
block 32 12
block 33 12
block 34 12
block 57 12
block 58 12
block 59 12
block 60 12
block 61 12
block 62 12
block 63 12
block 64 12
block 9 13
block 10 13
block 11 13
block 12 13
block 13 13
block 14 13
block 15 13
block 16 13
block 17 13
block 18 13
block 57 13
block 58 13
block 59 13
block 60 13
block 61 13
block 62 13
block 63 13
block 64 13
block 9 14
block 10 14
block 11 14
block 12 14
block 13 14
block 14 14
block 15 14
block 16 14
block 17 14
block 18 14
block 57 14
block 58 14
block 59 14
block 60 14
block 61 14
block 62 14
block 63 14
block 64 14
block 9 15
block 10 15
block 11 15
block 12 15
block 13 15
block 14 15
block 15 15
block 16 15
block 17 15
block 18 15
block 35 15
block 36 15
block 37 15
block 38 15
block 57 15
block 58 15
block 59 15
block 60 15
block 61 15
block 62 15
block 14 16
block 15 16
block 16 16
block 17 16
block 18 16
block 35 16
block 36 16
block 37 16
block 38 16
block 57 16
block 58 16
block 59 16
block 60 16
block 61 16
block 62 16
block 67 16
block 68 16
block 69 16
block 70 16
block 14 17
block 15 17
block 16 17
block 17 17
block 18 17
block 35 17
block 36 17
block 37 17
block 38 17
block 57 17
block 58 17
block 59 17
block 60 17
block 61 17
block 62 17
block 67 17
block 68 17
block 69 17
block 70 17
block 14 18
block 15 18
block 16 18
block 17 18
block 18 18
block 35 18
block 36 18
block 37 18
block 38 18
block 48 18
block 49 18
block 50 18
block 51 18
block 56 18
block 57 18
block 67 18
block 68 18
block 69 18
block 70 18
block 35 19
block 36 19
block 37 19
block 38 19
block 48 19
block 49 19
block 50 19
block 51 19
block 56 19
block 57 19
block 35 20
block 36 20
block 37 20
block 38 20
block 48 20
block 49 20
block 50 20
block 51 20
block 56 20
block 57 20
block 6 21
block 7 21
block 35 21
block 36 21
block 37 21
block 38 21
block 48 21
block 49 21
block 50 21
block 51 21
block 56 21
block 57 21
block 6 22
block 7 22
block 56 22
block 57 22
block 24 23
block 25 23
block 26 23
block 27 23
block 28 23
block 46 23
block 47 23
block 24 24
block 25 24
block 26 24
block 27 24
block 28 24
block 46 24
block 47 24
block 24 25
block 25 25
block 26 25
block 27 25
block 28 25
block 46 25
block 47 25
block 46 26
block 47 26
block 54 26
block 55 26
block 56 26
block 57 26
block 58 26
block 59 26
block 60 26
block 46 27
block 47 27
block 54 27
block 55 27
block 56 27
block 57 27
block 58 27
block 59 27
block 60 27
block 3 28
block 4 28
block 5 28
block 6 28
block 7 28
block 8 28
block 46 28
block 47 28
block 54 28
block 55 28
block 56 28
block 57 28
block 58 28
block 59 28
block 60 28
block 3 29
block 4 29
block 5 29
block 6 29
block 7 29
block 8 29
block 20 29
block 21 29
block 22 29
block 23 29
block 24 29
block 54 29
block 55 29
block 56 29
block 57 29
block 58 29
block 59 29
block 60 29
block 61 29
block 62 29
block 63 29
block 64 29
block 65 29
block 66 29
block 3 30
block 4 30
block 5 30
block 6 30
block 7 30
block 8 30
block 20 30
block 21 30
block 22 30
block 23 30
block 24 30
block 54 30
block 55 30
block 56 30
block 57 30
block 58 30
block 59 30
block 60 30
block 61 30
block 62 30
block 63 30
block 64 30
block 65 30
block 66 30
block 3 31
block 4 31
block 5 31
block 6 31
block 7 31
block 8 31
block 20 31
block 21 31
block 22 31
block 23 31
block 24 31
block 54 31
block 55 31
block 56 31
block 57 31
block 58 31
block 59 31
block 60 31
block 61 31
block 62 31
block 63 31
block 64 31
block 65 31
block 66 31
##BotsAndCoinsInfo
bot_name 0 starter-bot
bot 0 3 6
bot_coins 0 0
coin 14 1
coin 59 0
round 1
round 2
round 3
round 4
round 5
coin 2 1
coin 71 30
round 6
round 7
round 8
round 9
round 10
coin 48 30
coin 25 1
round 11
round 12
round 13
round 14
round 15
coin 11 22
coin 62 8
round 16
round 17
round 18
round 19
round 20
coin 57 2
coin 16 29
round 21
round 22
round 23
round 24
round 25
coin 64 15
coin 9 16
round 26
round 27
round 28
round 29
round 30
match_over 0
coin 24 12
coin 49 17
round 31
