match
match_id 1639397721871_aj
match_time 1639397721874
num_bots 1
##MatchConfig
mode FRIENDLY
num_rounds 200
random_seed 42
move_time_limit 5000
coin_spawn_period 5
coin_spawn_volume 10
##MapConfig
map_size 70 25
view_radius 5
mining_radius 2
attack_radius 3
block 0 0
block 1 0
block 7 0
block 8 0
block 22 0
block 23 0
block 24 0
block 25 0
block 26 0
block 27 0
block 28 0
block 29 0
block 30 0
block 45 0
block 46 0
block 65 0
block 66 0
block 67 0
block 68 0
block 69 0
block 0 1
block 1 1
block 7 1
block 8 1
block 22 1
block 23 1
block 24 1
block 25 1
block 45 1
block 46 1
block 65 1
block 66 1
block 67 1
block 68 1
block 69 1
block 7 2
block 8 2
block 22 2
block 23 2
block 24 2
block 25 2
block 45 2
block 46 2
block 55 2
block 56 2
block 57 2
block 58 2
block 59 2
block 60 2
block 7 3
block 8 3
block 22 3
block 23 3
block 24 3
block 25 3
block 45 3
block 46 3
block 55 3
block 56 3
block 57 3
block 58 3
block 59 3
block 60 3
block 7 4
block 8 4
block 22 4
block 23 4
block 24 4
block 25 4
block 45 4
block 46 4
block 55 4
block 56 4
block 57 4
block 58 4
block 59 4
block 60 4
block 4 5
block 5 5
block 6 5
block 8 5
block 9 5
block 10 5
block 11 5
block 12 5
block 13 5
block 22 5
block 23 5
block 24 5
block 25 5
block 45 5
block 46 5
block 55 5
block 56 5
block 57 5
block 58 5
block 59 5
block 60 5
block 4 6
block 5 6
block 6 6
block 8 6
block 9 6
block 10 6
block 11 6
block 12 6
block 13 6
block 45 6
block 46 6
block 55 6
block 56 6
block 57 6
block 58 6
block 59 6
block 60 6
block 4 7
block 5 7
block 6 7
block 8 7
block 9 7
block 10 7
block 11 7
block 12 7
block 13 7
block 55 7
block 56 7
block 57 7
block 58 7
block 59 7
block 60 7
block 4 8
block 5 8
block 6 8
block 4 9
block 5 9
block 6 9
block 4 10
block 5 10
block 6 10
block 37 11
block 38 11
block 39 11
block 40 11
block 37 12
block 38 12
block 39 12
block 40 12
block 34 13
block 35 13
block 36 13
block 37 13
block 38 13
block 39 13
block 40 13
block 34 14
block 35 14
block 36 14
block 37 14
block 38 14
block 39 14
block 40 14
block 63 14
block 64 14
block 65 14
block 66 14
block 67 14
block 63 15
block 64 15
block 65 15
block 66 15
block 67 15
block 63 16
block 64 16
block 65 16
block 66 16
block 67 16
block 12 17
block 13 17
block 14 17
block 63 17
block 64 17
block 65 17
block 66 17
block 67 17
block 12 18
block 13 18
block 14 18
block 53 18
block 54 18
block 55 18
block 56 18
block 57 18
block 58 18
block 59 18
block 63 18
block 64 18
block 65 18
block 66 18
block 67 18
block 53 19
block 54 19
block 55 19
block 56 19
block 57 19
block 58 19
block 59 19
block 63 19
block 64 19
block 65 19
block 66 19
block 67 19
block 0 20
block 1 20
block 53 20
block 54 20
block 55 20
block 56 20
block 57 20
block 58 20
block 59 20
block 60 20
block 61 20
block 62 20
block 63 20
block 64 20
block 65 20
block 66 20
block 67 20
block 68 20
block 69 20
block 0 21
block 1 21
block 25 21
block 26 21
block 27 21
block 28 21
block 29 21
block 30 21
block 53 21
block 54 21
block 55 21
block 56 21
block 57 21
block 58 21
block 59 21
block 60 21
block 61 21
block 62 21
block 63 21
block 64 21
block 65 21
block 66 21
block 67 21
block 68 21
block 69 21
block 0 22
block 1 22
block 25 22
block 26 22
block 27 22
block 28 22
block 29 22
block 30 22
block 53 22
block 54 22
block 55 22
block 56 22
block 57 22
block 58 22
block 59 22
block 60 22
block 61 22
block 62 22
block 63 22
block 64 22
block 65 22
block 66 22
block 67 22
block 68 22
block 69 22
block 0 23
block 1 23
block 7 23
block 8 23
block 25 23
block 26 23
block 27 23
block 28 23
block 29 23
block 30 23
block 53 23
block 54 23
block 55 23
block 56 23
block 57 23
block 58 23
block 59 23
block 65 23
block 66 23
block 67 23
block 68 23
block 69 23
block 0 24
block 1 24
block 7 24
block 8 24
block 25 24
block 26 24
block 27 24
block 28 24
block 29 24
block 30 24
block 53 24
block 54 24
block 55 24
block 56 24
block 57 24
block 58 24
block 59 24
block 65 24
block 66 24
block 67 24
block 68 24
block 69 24
##BotsAndCoinsInfo
bot_name 0 starter-bot
bot 0 59 15
bot_coins 0 0
coin 50 13
coin 19 11
coin 48 9
coin 21 15
coin 40 0
coin 31 24
coin 15 18
coin 54 6
coin 69 18
coin 0 6
round 1
bot 0 58 14
round 2
bot 0 57 13
round 3
bot 0 56 12
round 4
bot 0 55 11
round 5
bot 0 54 10
coin 52 2
coin 17 22
coin 56 17
coin 14 7
coin 36 7
coin 33 17
coin 57 17
coin 12 8
coin 63 9
coin 6 15
round 6
bot 0 53 9
round 7
bot 0 52 8
round 8
bot 0 53 7
coin_collected 54 6 0
bot_coins 0 1
round 9
bot 0 52 6
round 10
bot 0 51 5
coin 41 13
coin 28 11
coin 36 12
coin 33 12
coin 62 16
coin 7 8
coin 0 8
coin 69 16
coin 68 19
coin 1 5
round 11
bot 0 50 4
round 12
bot 0 51 3
coin_collected 52 2 0
bot_coins 0 2
round 13
bot 0 52 2
round 14
bot 0 53 1
round 15
bot 0 54 1
coin 40 6
coin 29 18
coin 30 10
coin 39 15
coin 17 2
coin 52 22
coin 11 18
coin 58 8
coin 62 14
coin 7 10
round 16
bot 0 53 0
round 17
bot 0 52 24
coin_collected 52 22 0
bot_coins 0 3
round 18
bot 0 51 23
round 19
bot 0 50 22
round 20
bot 0 49 21
coin 69 15
coin 0 9
coin 63 12
coin 6 12
coin 45 9
coin 24 15
coin 27 10
coin 42 14
coin 27 18
coin 42 6
round 21
bot 0 48 20
round 22
bot 0 47 19
round 23
bot 0 46 18
round 24
bot 0 45 17
round 25
bot 0 44 16
coin 33 15
coin 36 9
coin 57 8
coin 12 16
coin 29 10
coin 40 15
coin 64 9
coin 5 15
coin 1 3
coin 69 19
round 26
bot 0 43 15
coin_collected 42 14 0
bot_coins 0 4
round 27
bot 0 42 14
coin_collected 41 13 0
bot_coins 0 5
round 28
bot 0 41 14
coin_collected 40 15 0
bot_coins 0 6
round 29
bot 0 40 15
coin_collected 39 15 0
bot_coins 0 7
round 30
bot 0 39 15
coin 7 19
coin 62 5
coin 32 1
coin 37 23
coin 62 19
coin 7 5
coin 48 19
coin 21 5
coin 55 0
coin 14 24
round 31
bot 0 38 15
round 32
bot 0 37 15
round 33
bot 0 36 15
round 34
bot 0 35 15
coin_collected 33 15 0
bot_coins 0 8
round 35
bot 0 34 16
coin_collected 33 17 0
bot_coins 0 9
coin 10 1
coin 60 23
coin 53 4
coin 16 20
coin 43 8
coin 26 16
coin 26 10
coin 43 14
coin 45 18
coin 24 6
round 36
bot 0 33 15
round 37
bot 0 32 14
round 38
bot 0 32 13
coin_collected 33 12 0
bot_coins 0 10
round 39
bot 0 31 12
round 40
bot 0 30 11
coin_collected 28 11 0
bot_coins 0 11
coin_collected 29 10 0
bot_coins 0 12
coin_collected 30 10 0
bot_coins 0 13
coin 30 19
coin 39 5
coin 13 16
coin 56 8
coin 17 18
coin 52 6
coin 9 19
coin 61 5
coin 18 4
coin 51 20
round 41
bot 0 29 10
coin_collected 27 10 0
bot_coins 0 14
round 42
bot 0 28 9
round 43
bot 0 27 9
coin_collected 26 10 0
bot_coins 0 15
round 44
bot 0 26 8
round 45
bot 0 25 7
coin_collected 24 6 0
bot_coins 0 16
coin 7 21
coin 62 3
coin 3 20
coin 66 4
coin 60 24
coin 9 0
coin 59 1
coin 10 23
coin 36 3
coin 33 21
round 46
bot 0 24 6
round 47
bot 0 23 6
round 48
bot 0 22 6
coin_collected 21 5 0
bot_coins 0 17
round 49
bot 0 21 5
round 50
bot 0 20 4
coin_collected 18 4 0
bot_coins 0 18
coin 30 15
coin 39 9
coin 21 4
coin 48 20
coin 53 11
coin 16 13
coin 0 19
coin 69 5
coin 5 22
coin 64 2
round 51
bot 0 21 4
coin_collected 21 4 0
bot_coins 0 19
round 52
bot 0 20 3
round 53
bot 0 19 2
coin_collected 17 2 0
bot_coins 0 20
round 54
bot 0 18 1
round 55
bot 0 17 0
coin 47 4
coin 22 20
coin 57 1
coin 12 23
coin 11 20
coin 58 1
coin 36 20
coin 33 4
coin 66 3
coin 3 21
round 56
bot 0 16 24
coin_collected 14 24 0
bot_coins 0 21
round 57
bot 0 16 23
coin_collected 17 22 0
bot_coins 0 22
round 58
bot 0 15 22
round 59
bot 0 15 21
coin_collected 16 20 0
bot_coins 0 23
round 60
bot 0 14 20
coin 6 3
coin 63 23
coin 9 23
coin 60 1
coin 32 7
coin 37 17
coin 42 23
coin 27 1
coin 3 2
coin 64 23
round 61
bot 0 14 19
coin_collected 15 18 0
bot_coins 0 24
round 62
bot 0 13 19
round 63
bot 0 12 19
coin_collected 11 18 0
bot_coins 0 25
coin_collected 11 20 0
bot_coins 0 26
round 64
bot 0 11 18
round 65
bot 0 10 18
coin_collected 9 19 0
bot_coins 0 27
coin 22 22
coin 47 2
coin 38 7
coin 31 17
coin 62 18
coin 7 6
coin 25 17
coin 44 7
coin 27 8
coin 42 16
round 66
bot 0 11 17
coin_collected 12 16 0
bot_coins 0 28
round 67
bot 0 12 16
coin_collected 13 16 0
bot_coins 0 29
round 68
bot 0 13 15
round 69
bot 0 14 14
round 70
bot 0 15 13
coin_collected 16 13 0
bot_coins 0 30
coin 33 2
coin 36 22
coin 11 23
coin 58 0
coin 26 3
coin 43 21
coin 28 18
coin 41 6
coin 17 16
coin 52 8
round 71
bot 0 15 14
round 72
bot 0 16 15
coin_collected 17 16 0
bot_coins 0 31
round 73
bot 0 15 16
round 74
bot 0 16 17
coin_collected 17 18 0
bot_coins 0 32
round 75
bot 0 17 16
coin 60 10
coin 9 14
coin 61 6
coin 8 18
coin 11 24
coin 59 0
coin 61 1
coin 8 22
coin 62 17
coin 7 7
round 76
bot 0 18 15
round 77
bot 0 19 14
round 78
bot 0 20 14
coin_collected 21 15 0
bot_coins 0 33
round 79
bot 0 19 13
coin_collected 19 11 0
bot_coins 0 34
round 80
bot 0 18 12
coin 62 23
coin 6 1
coin 61 10
coin 8 14
coin 15 20
coin 54 4
coin 20 4
coin 49 20
coin 49 16
coin 20 8
round 81
bot 0 17 11
round 82
bot 0 18 10
round 83
bot 0 19 9
coin_collected 20 8 0
bot_coins 0 35
round 84
bot 0 18 8
round 85
bot 0 17 7
coin 44 9
coin 25 15
coin 61 8
coin 8 16
coin 36 6
coin 33 18
coin 12 21
coin 56 1
coin 9 17
coin 61 7
round 86
bot 0 16 6
round 87
bot 0 15 6
coin_collected 14 7 0
bot_coins 0 36
round 88
bot 0 14 7
round 89
bot 0 13 8
coin_collected 12 8 0
bot_coins 0 37
round 90
bot 0 12 8
coin 46 14
coin 23 10
coin 2 24
coin 67 2
coin 64 10
coin 5 14
coin 55 17
coin 14 7
coin 51 6
coin 18 18
round 91
bot 0 12 9
round 92
bot 0 13 9
round 93
bot 0 13 8
coin_collected 14 7 0
bot_coins 0 38
round 94
bot 0 12 8
round 95
bot 0 11 8
coin 38 18
coin 31 6
coin 27 3
coin 42 21
coin 54 5
coin 15 19
coin 19 18
coin 50 6
coin 3 24
coin 64 0
round 96
bot 0 10 8
round 97
bot 0 9 8
coin_collected 7 8 0
bot_coins 0 39
round 98
bot 0 8 8
coin_collected 7 7 0
bot_coins 0 40
round 99
bot 0 7 7
coin_collected 7 5 0
bot_coins 0 41
coin_collected 7 6 0
bot_coins 0 42
round 100
bot 0 7 8
coin_collected 7 10 0
bot_coins 0 43
coin 30 18
coin 39 6
coin 18 13
coin 51 11
coin 39 2
coin 31 22
coin 12 16
coin 57 9
coin 24 6
coin 45 17
round 101
bot 0 7 9
round 102
bot 0 7 10
round 103
bot 0 6 11
coin_collected 6 12 0
bot_coins 0 44
round 104
bot 0 5 12
coin_collected 5 14 0
bot_coins 0 45
round 105
bot 0 4 13
coin 10 18
coin 59 8
coin 28 1
coin 41 23
coin 14 5
coin 54 17
coin 49 6
coin 20 18
coin 33 23
coin 36 1
round 106
bot 0 4 14
coin_collected 5 15 0
bot_coins 0 46
round 107
bot 0 5 14
coin_collected 6 15 0
bot_coins 0 47
round 108
bot 0 6 13
round 109
bot 0 7 13
coin_collected 8 14 0
bot_coins 0 48
round 110
bot 0 8 13
coin_collected 9 14 0
bot_coins 0 49
coin 7 6
coin 61 18
coin 41 18
coin 28 6
coin 53 3
coin 16 21
coin 26 18
coin 43 6
coin 54 12
coin 15 12
round 111
bot 0 7 14
round 112
bot 0 7 15
coin_collected 8 16 0
bot_coins 0 50
round 113
bot 0 8 16
coin_collected 8 18 0
bot_coins 0 51
coin_collected 9 17 0
bot_coins 0 52
round 114
bot 0 9 17
coin_collected 10 18 0
bot_coins 0 53
round 115
bot 0 8 18
coin_collected 7 19 0
bot_coins 0 54
coin 45 16
coin 24 8
coin 2 22
coin 67 3
coin 7 9
coin 62 15
coin 27 10
coin 42 14
coin 61 15
coin 8 9
round 116
bot 0 7 19
coin_collected 7 21 0
bot_coins 0 55
round 117
bot 0 6 20
round 118
bot 0 5 21
coin_collected 3 21 0
bot_coins 0 56
coin_collected 5 22 0
bot_coins 0 57
round 119
bot 0 4 20
coin_collected 3 20 0
bot_coins 0 58
round 120
bot 0 3 21
coin_collected 2 22 0
bot_coins 0 59
coin 26 11
coin 43 13
coin 61 4
coin 8 20
coin 48 21
coin 21 3
coin 51 16
coin 18 8
coin 20 0
coin 49 24
round 121
bot 0 2 20
round 122
bot 0 1 19
coin_collected 69 19 0
bot_coins 0 60
coin_collected 0 19 0
bot_coins 0 61
round 123
bot 0 0 18
coin_collected 69 18 0
bot_coins 0 62
round 124
bot 0 69 17
coin_collected 69 15 0
bot_coins 0 63
coin_collected 69 16 0
bot_coins 0 64
round 125
bot 0 68 18
coin_collected 68 19 0
bot_coins 0 65
coin 13 20
coin 54 3
coin 2 0
coin 64 24
coin 61 19
coin 7 5
coin 29 9
coin 40 15
coin 54 6
coin 15 18
round 126
bot 0 68 17
round 127
bot 0 68 16
round 128
bot 0 68 15
round 129
bot 0 68 14
round 130
bot 0 67 13
coin 38 9
coin 31 15
coin 40 16
coin 29 8
coin 24 22
coin 44 2
coin 55 8
coin 14 16
coin 9 8
coin 60 16
round 131
bot 0 66 12
round 132
bot 0 65 11
coin_collected 64 10 0
bot_coins 0 66
round 133
bot 0 64 10
coin_collected 63 9 0
bot_coins 0 67
coin_collected 64 9 0
bot_coins 0 68
round 134
bot 0 63 11
coin_collected 63 12 0
bot_coins 0 69
round 135
bot 0 62 10
coin_collected 60 10 0
bot_coins 0 70
coin_collected 61 10 0
bot_coins 0 71
coin 54 15
coin 15 9
coin 18 6
coin 51 18
coin 30 9
coin 39 15
coin 35 6
coin 34 18
coin 53 17
coin 16 7
round 136
bot 0 61 9
coin_collected 61 7 0
bot_coins 0 72
coin_collected 61 8 0
bot_coins 0 73
round 137
bot 0 60 8
coin_collected 58 8 0
bot_coins 0 74
coin_collected 59 8 0
bot_coins 0 75
round 138
bot 0 61 7
coin_collected 61 5 0
bot_coins 0 76
coin_collected 61 6 0
bot_coins 0 77
round 139
bot 0 61 6
coin_collected 61 4 0
bot_coins 0 78
coin_collected 62 5 0
bot_coins 0 79
round 140
bot 0 61 5
coin 47 24
coin 21 0
coin 2 12
coin 67 12
coin 0 16
coin 69 8
coin 9 13
coin 60 11
coin 45 15
coin 24 9
round 141
bot 0 61 4
coin_collected 62 3 0
bot_coins 0 80
round 142
bot 0 61 3
coin_collected 61 1 0
bot_coins 0 81
round 143
bot 0 61 2
coin_collected 60 1 0
bot_coins 0 82
round 144
bot 0 60 1
coin_collected 58 1 0
bot_coins 0 83
coin_collected 59 0 0
bot_coins 0 84
coin_collected 59 1 0
bot_coins 0 85
coin_collected 60 24 0
bot_coins 0 86
round 145
bot 0 59 0
coin_collected 58 0 0
bot_coins 0 87
coin 0 18
coin 69 6
coin 59 8
coin 10 16
coin 67 13
coin 2 11
coin 23 24
coin 46 24
coin 31 18
coin 38 6
round 146
bot 0 58 0
coin_collected 57 1 0
bot_coins 0 88
round 147
bot 0 57 0
coin_collected 55 0 0
bot_coins 0 89
coin_collected 56 1 0
bot_coins 0 90
round 148
bot 0 56 0
round 149
bot 0 55 1
round 150
bot 0 54 2
coin_collected 53 3 0
bot_coins 0 91
coin_collected 54 3 0
bot_coins 0 92
coin_collected 54 4 0
bot_coins 0 93
coin 68 14
coin 1 10
coin 24 16
coin 45 8
coin 0 19
coin 69 4
coin 43 9
coin 26 15
coin 66 2
coin 3 22
round 151
bot 0 53 3
coin_collected 53 4 0
bot_coins 0 94
round 152
bot 0 53 4
coin_collected 54 5 0
bot_coins 0 95
round 153
bot 0 52 5
coin_collected 52 6 0
bot_coins 0 96
coin_collected 51 6 0
bot_coins 0 97
round 154
bot 0 51 5
coin_collected 50 6 0
bot_coins 0 98
round 155
bot 0 50 5
coin_collected 49 6 0
bot_coins 0 99
coin 65 13
coin 4 11
coin 63 24
coin 6 0
coin 61 17
coin 7 7
coin 45 13
coin 24 11
coin 5 0
coin 63 0
round 156
bot 0 49 4
coin_collected 47 4 0
bot_coins 0 100
round 157
bot 0 48 3
coin_collected 47 2 0
bot_coins 0 101
round 158
bot 0 47 2
round 159
bot 0 47 1
coin_collected 47 24 0
bot_coins 0 102
round 160
bot 0 47 0
coin_collected 46 24 0
bot_coins 0 103
coin 27 5
coin 42 19
coin 34 9
coin 35 15
coin 8 18
coin 61 6
coin 61 7
coin 8 17
coin 56 1
coin 13 23
round 161
bot 0 48 24
coin_collected 49 24 0
bot_coins 0 104
round 162
bot 0 47 23
round 163
bot 0 47 22
coin_collected 48 21 0
bot_coins 0 105
round 164
bot 0 47 21
coin_collected 48 20 0
bot_coins 0 106
round 165
bot 0 47 20
coin_collected 48 19 0
bot_coins 0 107
coin_collected 49 20 0
bot_coins 0 108
coin 8 19
coin 61 5
coin 51 12
coin 18 12
coin 68 19
coin 1 6
coin 17 3
coin 52 21
coin 41 11
coin 28 13
round 166
bot 0 46 19
coin_collected 45 18 0
bot_coins 0 109
round 167
bot 0 45 18
coin_collected 45 16 0
bot_coins 0 110
coin_collected 45 17 0
bot_coins 0 111
round 168
bot 0 44 17
round 169
bot 0 43 16
coin_collected 42 16 0
bot_coins 0 112
coin_collected 43 14 0
bot_coins 0 113
round 170
bot 0 42 15
coin_collected 40 15 0
bot_coins 0 114
coin_collected 42 14 0
bot_coins 0 115
coin 49 19
coin 20 5
coin 17 6
coin 52 18
coin 11 13
coin 58 11
coin 2 13
coin 67 11
coin 69 18
coin 0 7
round 171
bot 0 41 15
coin_collected 39 15 0
bot_coins 0 116
coin_collected 40 16 0
bot_coins 0 117
round 172
bot 0 42 14
coin_collected 43 13 0
bot_coins 0 118
round 173
bot 0 41 13
coin_collected 41 11 0
bot_coins 0 119
round 174
bot 0 41 12
round 175
bot 0 41 11
coin 34 7
coin 35 17
coin 51 6
coin 18 17
coin 21 4
coin 48 20
coin 46 12
coin 23 12
coin 58 8
coin 11 16
round 176
bot 0 40 10
coin_collected 39 9 0
bot_coins 0 120
round 177
bot 0 39 9
coin_collected 38 9 0
bot_coins 0 121
round 178
bot 0 38 8
coin_collected 38 6 0
bot_coins 0 122
coin_collected 38 7 0
bot_coins 0 123
round 179
bot 0 37 7
coin_collected 36 6 0
bot_coins 0 124
coin_collected 36 7 0
bot_coins 0 125
round 180
bot 0 36 6
coin_collected 35 6 0
bot_coins 0 126
coin 13 2
coin 56 0
coin 30 2
coin 39 22
coin 46 15
coin 23 9
coin 64 1
coin 5 23
coin 26 5
coin 43 19
round 181
bot 0 35 6
coin_collected 34 7 0
bot_coins 0 127
round 182
bot 0 34 5
coin_collected 33 4 0
bot_coins 0 128
round 183
bot 0 33 6
coin_collected 31 6 0
bot_coins 0 129
coin_collected 32 7 0
bot_coins 0 130
round 184
bot 0 32 7
round 185
bot 0 31 8
coin_collected 29 8 0
bot_coins 0 131
coin_collected 30 9 0
bot_coins 0 132
coin 15 16
coin 54 8
coin 48 6
coin 21 18
coin 22 16
coin 47 8
coin 60 19
coin 9 4
coin 25 13
coin 44 11
round 186
bot 0 30 8
coin_collected 29 9 0
bot_coins 0 133
round 187
bot 0 29 7
coin_collected 28 6 0
bot_coins 0 134
round 188
bot 0 28 6
coin_collected 27 5 0
bot_coins 0 135
round 189
bot 0 27 5
coin_collected 26 5 0
bot_coins 0 136
coin_collected 27 3 0
bot_coins 0 137
round 190
bot 0 26 4
coin_collected 26 3 0
bot_coins 0 138
coin 22 17
coin 47 7
coin 52 20
coin 17 4
coin 62 12
coin 7 12
coin 2 20
coin 67 4
coin 5 21
coin 64 3
round 191
bot 0 26 3
round 192
bot 0 26 2
coin_collected 27 1 0
bot_coins 0 139
round 193
bot 0 26 1
coin_collected 28 1 0
bot_coins 0 140
round 194
bot 0 27 1
round 195
bot 0 27 2
coin 62 0
coin 6 24
coin 58 1
coin 11 22
coin 44 1
coin 24 23
coin 17 21
coin 52 3
coin 22 10
coin 47 14
round 196
bot 0 26 2
round 197
bot 0 26 1
round 198
bot 0 27 1
round 199
bot 0 27 2
round 200
bot 0 26 2
coin 21 2
coin 48 22
coin 47 18
coin 22 6
coin 38 8
coin 31 16
coin 8 16
coin 61 8
coin 40 17
coin 29 7
match_over 0
