match
match_id 1639350823295_aa
match_time 1639350823374
num_bots 1
##MatchConfig
mode FRIENDLY
num_rounds 200
random_seed 42
move_time_limit 5000
coin_spawn_period 5
coin_spawn_volume 10
##MapConfig
map_size 64 35
view_radius 5
mining_radius 1
attack_radius 4
block 0 0
block 1 0
block 14 0
block 15 0
block 16 0
block 17 0
block 18 0
block 19 0
block 20 0
block 61 0
block 62 0
block 63 0
block 0 1
block 1 1
block 61 1
block 62 1
block 63 1
block 0 2
block 1 2
block 55 2
block 56 2
block 57 2
block 58 2
block 61 2
block 62 2
block 63 2
block 0 3
block 1 3
block 45 3
block 46 3
block 47 3
block 48 3
block 49 3
block 55 3
block 56 3
block 57 3
block 58 3
block 61 3
block 62 3
block 63 3
block 0 4
block 1 4
block 45 4
block 46 4
block 47 4
block 48 4
block 49 4
block 55 4
block 56 4
block 57 4
block 58 4
block 61 4
block 62 4
block 63 4
block 45 5
block 46 5
block 47 5
block 48 5
block 49 5
block 55 5
block 56 5
block 57 5
block 58 5
block 45 6
block 46 6
block 47 6
block 48 6
block 49 6
block 45 7
block 46 7
block 47 7
block 48 7
block 49 7
block 45 8
block 46 8
block 47 8
block 48 8
block 49 8
block 45 9
block 46 9
block 47 9
block 48 9
block 49 9
block 52 13
block 53 13
block 54 13
block 55 13
block 56 13
block 13 14
block 14 14
block 15 14
block 16 14
block 52 14
block 53 14
block 54 14
block 55 14
block 56 14
block 11 15
block 12 15
block 13 15
block 14 15
block 15 15
block 16 15
block 52 15
block 53 15
block 54 15
block 55 15
block 56 15
block 11 16
block 12 16
block 13 16
block 14 16
block 15 16
block 16 16
block 52 16
block 53 16
block 54 16
block 55 16
block 56 16
block 11 17
block 12 17
block 13 17
block 14 17
block 15 17
block 16 17
block 52 17
block 53 17
block 54 17
block 55 17
block 56 17
block 8 18
block 9 18
block 10 18
block 11 18
block 12 18
block 13 18
block 14 18
block 15 18
block 16 18
block 52 18
block 53 18
block 54 18
block 55 18
block 56 18
block 8 19
block 9 19
block 10 19
block 11 19
block 13 19
block 14 19
block 15 19
block 16 19
block 0 20
block 1 20
block 2 20
block 3 20
block 8 20
block 9 20
block 10 20
block 11 20
block 61 20
block 62 20
block 63 20
block 0 21
block 1 21
block 2 21
block 3 21
block 8 21
block 9 21
block 10 21
block 11 21
block 61 21
block 62 21
block 63 21
block 0 22
block 1 22
block 2 22
block 3 22
block 8 22
block 9 22
block 10 22
block 11 22
block 12 22
block 13 22
block 14 22
block 15 22
block 16 22
block 17 22
block 61 22
block 62 22
block 63 22
block 0 23
block 1 23
block 2 23
block 3 23
block 8 23
block 9 23
block 10 23
block 11 23
block 12 23
block 13 23
block 14 23
block 15 23
block 16 23
block 17 23
block 61 23
block 62 23
block 63 23
block 0 24
block 1 24
block 2 24
block 3 24
block 8 24
block 9 24
block 10 24
block 11 24
block 61 24
block 62 24
block 63 24
block 0 25
block 42 25
block 43 25
block 63 25
block 0 26
block 42 26
block 43 26
block 63 26
block 0 27
block 49 27
block 50 27
block 51 27
block 52 27
block 53 27
block 54 27
block 63 27
block 49 28
block 50 28
block 51 28
block 52 28
block 53 28
block 54 28
block 49 29
block 50 29
block 51 29
block 52 29
block 53 29
block 54 29
block 14 33
block 15 33
block 16 33
block 17 33
block 18 33
block 19 33
block 20 33
block 0 34
block 1 34
block 14 34
block 15 34
block 16 34
block 17 34
block 18 34
block 19 34
block 20 34
block 61 34
block 62 34
block 63 34
##BotsAndCoinsInfo
bot_name 0 starter-bot
bot 0 42 15
bot_coins 0 0
coin 46 33
coin 17 1
coin 43 24
coin 20 10
coin 19 25
coin 44 9
coin 17 3
coin 46 31
coin 42 3
coin 21 31
round 1
round 2
round 3
