match
match_id 1639397623692_ad
match_time 1639397623702
num_bots 1
##MatchConfig
mode FRIENDLY
num_rounds 200
random_seed 42
move_time_limit 5000
coin_spawn_period 5
coin_spawn_volume 10
##MapConfig
map_size 62 24
view_radius 5
mining_radius 1
attack_radius 4
block 24 0
block 25 0
block 26 0
block 27 0
block 28 0
block 29 0
block 30 0
block 31 0
block 32 0
block 33 0
block 34 0
block 35 0
block 30 1
block 31 1
block 32 1
block 33 1
block 34 1
block 35 1
block 36 1
block 37 1
block 36 2
block 37 2
block 56 2
block 57 2
block 58 2
block 59 2
block 36 3
block 37 3
block 38 3
block 39 3
block 40 3
block 41 3
block 46 3
block 47 3
block 48 3
block 49 3
block 56 3
block 57 3
block 58 3
block 59 3
block 27 4
block 28 4
block 36 4
block 37 4
block 38 4
block 39 4
block 40 4
block 41 4
block 44 4
block 45 4
block 46 4
block 47 4
block 48 4
block 49 4
block 56 4
block 57 4
block 58 4
block 59 4
block 0 5
block 1 5
block 2 5
block 3 5
block 27 5
block 28 5
block 36 5
block 37 5
block 38 5
block 39 5
block 40 5
block 41 5
block 44 5
block 45 5
block 46 5
block 47 5
block 0 6
block 1 6
block 2 6
block 3 6
block 27 6
block 28 6
block 36 6
block 37 6
block 44 6
block 45 6
block 46 6
block 47 6
block 51 6
block 52 6
block 53 6
block 54 6
block 0 7
block 1 7
block 2 7
block 3 7
block 20 7
block 21 7
block 22 7
block 36 7
block 37 7
block 51 7
block 52 7
block 53 7
block 54 7
block 55 7
block 56 7
block 57 7
block 58 7
block 59 7
block 60 7
block 0 8
block 1 8
block 2 8
block 3 8
block 20 8
block 21 8
block 22 8
block 47 8
block 48 8
block 51 8
block 52 8
block 53 8
block 54 8
block 55 8
block 56 8
block 57 8
block 58 8
block 59 8
block 60 8
block 0 9
block 1 9
block 2 9
block 3 9
block 20 9
block 21 9
block 22 9
block 47 9
block 48 9
block 51 9
block 52 9
block 53 9
block 54 9
block 55 9
block 56 9
block 57 9
block 58 9
block 59 9
block 60 9
block 0 10
block 1 10
block 2 10
block 3 10
block 17 10
block 18 10
block 19 10
block 20 10
block 21 10
block 22 10
block 47 10
block 48 10
block 51 10
block 52 10
block 53 10
block 54 10
block 55 10
block 56 10
block 57 10
block 58 10
block 59 10
block 60 10
block 0 11
block 1 11
block 2 11
block 3 11
block 10 11
block 11 11
block 12 11
block 13 11
block 14 11
block 15 11
block 17 11
block 18 11
block 19 11
block 20 11
block 21 11
block 22 11
block 47 11
block 48 11
block 53 11
block 54 11
block 55 11
block 56 11
block 57 11
block 58 11
block 59 11
block 60 11
block 10 12
block 11 12
block 12 12
block 13 12
block 14 12
block 15 12
block 17 12
block 18 12
block 19 12
block 20 12
block 21 12
block 22 12
block 47 12
block 48 12
block 53 12
block 54 12
block 55 12
block 56 12
block 57 12
block 58 12
block 59 12
block 60 12
block 10 13
block 11 13
block 12 13
block 13 13
block 14 13
block 15 13
block 47 13
block 48 13
block 0 14
block 1 14
block 2 14
block 10 14
block 11 14
block 12 14
block 13 14
block 14 14
block 15 14
block 16 14
block 17 14
block 18 14
block 19 14
block 47 14
block 48 14
block 59 14
block 60 14
block 61 14
block 0 15
block 1 15
block 2 15
block 3 15
block 4 15
block 5 15
block 6 15
block 7 15
block 14 15
block 15 15
block 16 15
block 17 15
block 18 15
block 19 15
block 59 15
block 60 15
block 61 15
block 0 16
block 1 16
block 2 16
block 3 16
block 4 16
block 5 16
block 6 16
block 7 16
block 14 16
block 15 16
block 16 16
block 17 16
block 18 16
block 19 16
block 46 16
block 47 16
block 48 16
block 49 16
block 50 16
block 56 16
block 57 16
block 58 16
block 59 16
block 60 16
block 61 16
block 0 17
block 1 17
block 2 17
block 3 17
block 4 17
block 5 17
block 6 17
block 7 17
block 14 17
block 15 17
block 16 17
block 17 17
block 18 17
block 19 17
block 46 17
block 47 17
block 48 17
block 49 17
block 50 17
block 56 17
block 57 17
block 58 17
block 59 17
block 60 17
block 61 17
block 0 18
block 46 18
block 47 18
block 48 18
block 49 18
block 50 18
block 51 18
block 52 18
block 53 18
block 54 18
block 55 18
block 56 18
block 57 18
block 58 18
block 59 18
block 60 18
block 61 18
block 46 19
block 47 19
block 48 19
block 49 19
block 50 19
block 51 19
block 52 19
block 53 19
block 54 19
block 55 19
block 56 19
block 57 19
block 58 19
block 30 20
block 31 20
block 32 20
block 33 20
block 34 20
block 35 20
block 50 20
block 51 20
block 52 20
block 53 20
block 54 20
block 55 20
block 56 20
block 30 21
block 31 21
block 32 21
block 33 21
block 34 21
block 35 21
block 50 21
block 51 21
block 52 21
block 53 21
block 54 21
block 55 21
block 56 21
block 24 22
block 25 22
block 26 22
block 27 22
block 28 22
block 29 22
block 30 22
block 31 22
block 32 22
block 33 22
block 34 22
block 35 22
block 50 22
block 51 22
block 52 22
block 53 22
block 54 22
block 55 22
block 56 22
block 24 23
block 25 23
block 26 23
block 27 23
block 28 23
block 29 23
block 30 23
block 31 23
block 32 23
block 33 23
block 34 23
block 35 23
##BotsAndCoinsInfo
bot_name 0 starter-bot
bot 0 17 3
bot_coins 0 0
coin 6 3
coin 57 20
coin 34 19
coin 27 3
coin 2 13
coin 61 10
coin 3 14
coin 61 9
coin 23 5
coin 38 18
round 1
bot 0 16 2
round 2
bot 0 15 1
round 3
bot 0 14 0
round 4
bot 0 13 1
round 5
bot 0 12 0
coin 34 14
coin 27 9
coin 12 10
coin 49 13
coin 58 6
coin 3 18
coin 14 18
coin 48 5
coin 51 17
coin 10 6
round 6
bot 0 11 1
round 7
bot 0 10 0
round 8
bot 0 9 1
round 9
bot 0 8 0
round 10
bot 0 7 1
coin 14 7
coin 47 15
coin 61 8
coin 0 13
coin 55 6
coin 6 18
coin 6 10
coin 55 13
coin 51 5
coin 10 18
round 11
bot 0 6 0
round 12
bot 0 5 1
round 13
bot 0 4 0
round 14
bot 0 3 1
round 15
bot 0 2 0
coin 54 13
coin 7 10
coin 22 5
coin 39 18
coin 13 23
coin 48 0
coin 4 13
coin 57 13
coin 25 12
coin 36 11
round 16
bot 0 1 1
round 17
bot 0 0 0
round 18
bot 0 61 1
round 19
bot 0 60 0
round 20
bot 0 59 0
coin 53 1
coin 8 22
coin 25 1
coin 36 22
coin 25 6
coin 36 17
coin 25 21
coin 35 2
coin 21 19
coin 40 2
round 21
bot 0 58 0
round 22
bot 0 57 0
round 23
bot 0 56 1
round 24
bot 0 55 0
round 25
bot 0 54 1
coin_collected 53 1 0
bot_coins 0 1
coin 49 8
coin 12 15
coin 6 4
coin 55 17
coin 34 10
coin 27 13
coin 31 19
coin 30 4
coin 15 3
coin 46 20
round 26
bot 0 53 0
round 27
bot 0 52 1
round 28
bot 0 51 0
round 29
bot 0 50 1
round 30
bot 0 49 0
coin_collected 48 0 0
bot_coins 0 2
coin 61 11
coin 0 12
coin 18 1
coin 43 22
coin 42 2
coin 19 21
coin 42 7
coin 20 16
coin 13 3
coin 48 20
round 31
bot 0 48 1
round 32
bot 0 47 0
round 33
bot 0 46 1
round 34
bot 0 45 0
round 35
bot 0 44 1
coin 52 5
coin 9 18
coin 59 13
coin 4 10
coin 26 5
coin 35 18
coin 55 4
coin 6 19
coin 27 21
coin 34 2
round 36
bot 0 43 0
round 37
bot 0 42 1
coin_collected 42 2 0
bot_coins 0 3
round 38
bot 0 41 0
round 39
bot 0 40 1
coin_collected 40 2 0
bot_coins 0 4
round 40
bot 0 39 0
coin 52 11
coin 9 12
coin 5 14
coin 56 6
coin 61 7
coin 1 18
coin 40 0
coin 21 23
coin 50 7
coin 11 16
round 41
bot 0 38 0
round 42
bot 0 37 23
round 43
bot 0 37 22
coin_collected 36 22 0
bot_coins 0 5
round 44
bot 0 37 21
round 45
bot 0 36 20
coin 59 0
coin 2 23
coin 25 15
coin 36 8
coin 53 15
coin 8 8
coin 53 0
coin 8 23
coin 18 18
coin 43 5
round 46
bot 0 35 19
coin_collected 35 18 0
bot_coins 0 6
coin_collected 34 19 0
bot_coins 0 7
round 47
bot 0 34 18
round 48
bot 0 33 17
round 49
bot 0 32 16
round 50
bot 0 31 15
coin 58 5
coin 2 18
coin 22 13
coin 39 10
coin 50 8
coin 11 15
coin 10 15
coin 50 9
coin 21 2
coin 40 21
round 51
bot 0 30 14
round 52
bot 0 29 13
round 53
bot 0 28 12
round 54
bot 0 27 11
round 55
bot 0 26 10
coin 4 14
coin 57 6
coin 45 19
coin 16 4
coin 15 6
coin 45 17
coin 26 19
coin 35 4
coin 42 15
coin 19 8
round 56
bot 0 25 9
round 57
bot 0 24 8
round 58
bot 0 23 7
round 59
bot 0 22 6
coin_collected 22 5 0
bot_coins 0 8
round 60
bot 0 23 5
coin_collected 23 5 0
bot_coins 0 9
coin 52 12
coin 9 11
coin 36 19
coin 25 4
coin 46 12
coin 15 10
coin 20 3
coin 41 20
coin 56 13
coin 5 10
round 61
bot 0 22 4
round 62
bot 0 21 3
coin_collected 20 3 0
bot_coins 0 10
coin_collected 21 2 0
bot_coins 0 11
round 63
bot 0 20 2
round 64
bot 0 19 1
coin_collected 18 1 0
bot_coins 0 12
round 65
bot 0 18 0
coin 6 20
coin 55 3
coin 10 4
coin 52 17
coin 48 7
coin 13 16
coin 17 2
coin 44 21
coin 26 1
coin 36 22
round 66
bot 0 17 23
round 67
bot 0 16 22
round 68
bot 0 15 21
round 69
bot 0 14 20
round 70
bot 0 13 19
coin 37 11
coin 24 12
coin 9 10
coin 52 13
coin 8 11
coin 53 13
coin 61 5
coin 0 19
coin 59 5
coin 2 19
round 71
bot 0 12 18
round 72
bot 0 11 17
coin_collected 11 16 0
bot_coins 0 13
round 73
bot 0 10 16
coin_collected 10 15 0
bot_coins 0 14
round 74
bot 0 9 15
round 75
bot 0 8 14
coin 50 11
coin 11 10
coin 7 3
coin 54 23
coin 19 19
coin 42 4
coin 3 23
coin 58 0
coin 24 9
coin 37 14
round 76
bot 0 7 13
round 77
bot 0 6 12
round 78
bot 0 5 11
coin_collected 5 10 0
bot_coins 0 15
round 79
bot 0 5 10
coin_collected 4 10 0
bot_coins 0 16
coin_collected 6 10 0
bot_coins 0 17
round 80
bot 0 4 11
coin 2 12
coin 58 13
coin 24 2
coin 37 21
coin 61 6
coin 1 19
coin 23 9
coin 38 14
coin 17 19
coin 44 3
round 81
bot 0 3 12
coin_collected 2 12 0
bot_coins 0 18
round 82
bot 0 2 12
coin_collected 2 13 0
bot_coins 0 19
round 83
bot 0 1 12
coin_collected 0 12 0
bot_coins 0 20
round 84
bot 0 2 13
round 85
bot 0 1 13
coin_collected 0 13 0
bot_coins 0 21
coin 22 2
coin 39 21
coin 53 14
coin 8 9
coin 6 9
coin 55 14
coin 60 13
coin 1 12
coin 9 22
coin 52 1
round 86
bot 0 0 13
round 87
bot 0 61 13
coin_collected 60 13 0
bot_coins 0 22
round 88
bot 0 60 13
coin_collected 59 13 0
bot_coins 0 23
round 89
bot 0 59 13
coin_collected 58 13 0
bot_coins 0 24
round 90
bot 0 58 13
coin_collected 57 13 0
bot_coins 0 25
coin 26 13
coin 35 10
coin 8 7
coin 53 16
coin 26 17
coin 35 6
coin 36 9
coin 25 14
coin 12 3
coin 49 20
round 91
bot 0 57 13
coin_collected 56 13 0
bot_coins 0 26
round 92
bot 0 56 13
coin_collected 55 13 0
bot_coins 0 27
round 93
bot 0 55 13
coin_collected 54 13 0
bot_coins 0 28
coin_collected 55 14 0
bot_coins 0 29
round 94
bot 0 54 13
coin_collected 53 13 0
bot_coins 0 30
round 95
bot 0 53 13
coin_collected 52 13 0
bot_coins 0 31
coin_collected 53 14 0
bot_coins 0 32
coin 52 23
coin 9 0
coin 50 10
coin 9 13
coin 20 13
coin 41 10
coin 53 23
coin 8 0
coin 19 6
coin 42 17
round 96
bot 0 52 12
coin_collected 52 11 0
bot_coins 0 33
coin_collected 52 12 0
bot_coins 0 34
round 97
bot 0 51 11
coin_collected 50 11 0
bot_coins 0 35
round 98
bot 0 50 10
coin_collected 50 9 0
bot_coins 0 36
coin_collected 50 10 0
bot_coins 0 37
round 99
bot 0 50 9
coin_collected 50 8 0
bot_coins 0 38
round 100
bot 0 49 8
coin_collected 49 8 0
bot_coins 0 39
coin 61 20
coin 0 3
coin 53 17
coin 8 6
coin 45 1
coin 16 22
coin 30 7
coin 31 16
coin 16 20
coin 45 3
round 101
bot 0 49 7
coin_collected 48 7 0
bot_coins 0 40
coin_collected 50 7 0
bot_coins 0 41
round 102
bot 0 48 7
round 103
bot 0 47 7
round 104
bot 0 46 8
round 105
bot 0 45 8
coin 38 13
coin 23 10
coin 5 4
coin 57 21
coin 28 1
coin 33 19
coin 52 11
coin 8 12
coin 15 19
coin 46 2
round 106
bot 0 44 7
round 107
bot 0 43 6
coin_collected 43 5 0
bot_coins 0 42
round 108
bot 0 42 7
coin_collected 42 7 0
bot_coins 0 43
round 109
bot 0 41 7
round 110
bot 0 40 7
coin 21 5
coin 40 18
coin 57 13
coin 4 10
coin 23 17
coin 38 6
coin 50 13
coin 11 9
coin 44 19
coin 17 4
round 111
bot 0 39 8
round 112
bot 0 38 8
round 113
bot 0 37 8
coin_collected 36 8 0
bot_coins 0 44
round 114
bot 0 36 8
coin_collected 36 9 0
bot_coins 0 45
round 115
bot 0 35 7
coin_collected 35 6 0
bot_coins 0 46
coin 39 1
coin 22 22
coin 35 3
coin 26 20
coin 60 3
coin 1 20
coin 41 6
coin 20 17
coin 23 18
coin 39 6
round 116
bot 0 34 6
round 117
bot 0 33 5
round 118
bot 0 32 4
round 119
bot 0 31 3
round 120
bot 0 30 2
coin 20 6
coin 41 17
coin 19 22
coin 42 1
coin 34 9
coin 27 14
coin 35 11
coin 26 12
coin 58 20
coin 3 3
round 121
bot 0 29 2
round 122
bot 0 28 2
coin_collected 28 1 0
bot_coins 0 47
round 123
bot 0 27 2
coin_collected 27 3 0
bot_coins 0 48
round 124
bot 0 26 2
coin_collected 26 1 0
bot_coins 0 49
round 125
bot 0 25 2
coin_collected 24 2 0
bot_coins 0 50
coin_collected 25 1 0
bot_coins 0 51
coin 49 21
coin 12 2
coin 61 12
coin 0 12
coin 39 15
coin 23 8
coin 7 4
coin 54 17
coin 9 19
coin 52 4
round 126
bot 0 24 1
round 127
bot 0 23 0
round 128
bot 0 22 23
coin_collected 21 23 0
bot_coins 0 52
coin_collected 22 22 0
bot_coins 0 53
round 129
bot 0 21 22
round 130
bot 0 20 21
coin_collected 19 21 0
bot_coins 0 54
coin 51 23
coin 10 0
coin 12 16
coin 49 7
coin 27 19
coin 34 4
coin 58 13
coin 4 11
coin 33 6
coin 28 17
round 131
bot 0 19 20
coin_collected 19 19 0
bot_coins 0 55
round 132
bot 0 18 19
coin_collected 18 18 0
bot_coins 0 56
coin_collected 17 19 0
bot_coins 0 57
round 133
bot 0 19 18
round 134
bot 0 20 17
coin_collected 20 16 0
bot_coins 0 58
coin_collected 20 17 0
bot_coins 0 59
round 135
bot 0 20 16
coin 30 12
coin 31 11
coin 36 8
coin 26 15
coin 0 13
coin 61 13
coin 22 22
coin 39 0
coin 55 13
coin 6 10
round 136
bot 0 20 15
round 137
bot 0 21 14
round 138
bot 0 22 13
coin_collected 22 13 0
bot_coins 0 60
round 139
bot 0 21 13
coin_collected 20 13 0
bot_coins 0 61
round 140
bot 0 20 13
coin 17 23
coin 44 0
coin 49 9
coin 13 15
coin 13 18
coin 49 5
coin 7 20
coin 54 3
coin 6 14
coin 55 5
round 141
bot 0 19 13
round 142
bot 0 18 13
round 143
bot 0 19 13
round 144
bot 0 20 13
round 145
bot 0 21 13
coin 22 18
coin 40 6
coin 19 2
coin 42 21
coin 50 5
coin 11 18
coin 4 7
coin 57 15
coin 1 1
coin 60 22
round 146
bot 0 22 14
round 147
bot 0 23 15
round 148
bot 0 24 16
round 149
bot 0 25 17
coin_collected 26 17 0
bot_coins 0 62
round 150
bot 0 24 17
coin_collected 23 17 0
bot_coins 0 63
coin 60 13
coin 2 12
coin 22 19
coin 39 2
coin 4 9
coin 57 14
coin 53 1
coin 8 21
coin 38 8
coin 23 15
round 151
bot 0 23 16
coin_collected 23 15 0
bot_coins 0 64
round 152
bot 0 22 15
round 153
bot 0 21 14
round 154
bot 0 22 13
round 155
bot 0 21 13
coin 40 2
coin 21 21
coin 58 1
coin 3 22
coin 49 14
coin 12 9
coin 51 13
coin 10 10
coin 7 8
coin 54 15
round 156
bot 0 20 13
round 157
bot 0 19 13
round 158
bot 0 18 13
round 159
bot 0 19 13
round 160
bot 0 20 13
coin 43 13
coin 18 9
coin 8 13
coin 51 11
coin 59 6
coin 4 18
coin 43 5
coin 18 18
coin 38 7
coin 23 16
round 161
bot 0 21 13
round 162
bot 0 21 14
round 163
bot 0 22 13
round 164
bot 0 23 12
coin_collected 24 12 0
bot_coins 0 65
round 165
bot 0 23 11
coin_collected 23 10 0
bot_coins 0 66
coin 61 19
coin 0 4
coin 43 1
coin 18 22
coin 4 8
coin 56 15
coin 54 1
coin 7 22
coin 5 2
coin 57 22
round 166
bot 0 23 10
coin_collected 23 9 0
bot_coins 0 67
round 167
bot 0 23 9
coin_collected 23 8 0
bot_coins 0 68
coin_collected 24 9 0
bot_coins 0 69
round 168
bot 0 23 8
round 169
bot 0 23 7
round 170
bot 0 22 6
coin 9 17
coin 53 5
coin 19 0
coin 42 23
coin 23 8
coin 38 15
coin 4 21
coin 57 1
coin 3 13
coin 59 13
round 171
bot 0 21 6
coin_collected 20 6 0
bot_coins 0 70
coin_collected 21 5 0
bot_coins 0 71
round 172
bot 0 20 6
coin_collected 19 6 0
bot_coins 0 72
round 173
bot 0 19 7
coin_collected 19 8 0
bot_coins 0 73
round 174
bot 0 18 8
coin_collected 18 9 0
bot_coins 0 74
round 175
bot 0 17 7
coin 46 13
coin 16 10
coin 56 13
coin 5 10
coin 10 1
coin 50 23
coin 38 20
coin 23 3
coin 9 4
coin 52 16
round 176
bot 0 16 6
coin_collected 15 6 0
bot_coins 0 75
round 177
bot 0 15 7
coin_collected 14 7 0
bot_coins 0 76
round 178
bot 0 14 6
round 179
bot 0 13 6
round 180
bot 0 12 6
coin 5 18
coin 56 5
coin 44 22
coin 17 1
coin 1 13
coin 60 6
coin 45 18
coin 16 5
coin 60 20
coin 1 3
round 181
bot 0 11 6
coin_collected 10 6 0
bot_coins 0 77
round 182
bot 0 10 6
round 183
bot 0 9 6
coin_collected 8 6 0
bot_coins 0 78
round 184
bot 0 8 6
coin_collected 8 7 0
bot_coins 0 79
round 185
bot 0 7 6
coin 9 21
coin 52 2
coin 32 9
coin 29 14
coin 38 22
coin 23 1
coin 19 13
coin 42 10
coin 27 3
coin 34 19
round 186
bot 0 6 6
round 187
bot 0 5 5
coin_collected 5 4 0
bot_coins 0 80
round 188
bot 0 4 4
round 189
bot 0 3 4
coin_collected 3 3 0
bot_coins 0 81
round 190
bot 0 2 4
coin 49 8
coin 11 16
coin 50 1
coin 11 22
coin 58 23
coin 3 0
coin 32 2
coin 29 21
coin 29 9
coin 32 14
round 191
bot 0 1 4
coin_collected 0 4 0
bot_coins 0 82
coin_collected 1 3 0
bot_coins 0 83
round 192
bot 0 0 4
coin_collected 0 3 0
bot_coins 0 84
round 193
bot 0 61 5
coin_collected 61 5 0
bot_coins 0 85
coin_collected 61 6 0
bot_coins 0 86
round 194
bot 0 60 5
coin_collected 59 5 0
bot_coins 0 87
coin_collected 60 6 0
bot_coins 0 88
round 195
bot 0 59 5
coin_collected 58 5 0
bot_coins 0 89
coin_collected 59 6 0
bot_coins 0 90
coin 10 22
coin 51 1
coin 50 6
coin 11 17
coin 48 21
coin 13 2
coin 18 2
coin 43 21
coin 20 4
coin 41 19
round 196
bot 0 60 4
coin_collected 60 3 0
bot_coins 0 91
round 197
bot 0 61 3
round 198
bot 0 61 2
round 199
bot 0 61 1
round 200
bot 0 61 0
coin 9 14
coin 50 9
coin 19 23
coin 42 0
coin 55 16
coin 6 7
coin 4 19
coin 57 5
coin 49 22
coin 12 1
match_over 0
