match
match_id 1639335121308_af
match_time 1639335121322
num_bots 1
##MatchConfig
mode FRIENDLY
num_rounds 200
random_seed 42
move_time_limit 5000
coin_spawn_period 5
coin_spawn_volume 10
##MapConfig
map_size 64 36
view_radius 5
mining_radius 1
attack_radius 3
block 5 0
block 6 0
block 7 0
block 30 0
block 31 0
block 32 0
block 33 0
block 49 0
block 50 0
block 51 0
block 52 0
block 53 0
block 5 1
block 6 1
block 7 1
block 18 1
block 19 1
block 20 1
block 21 1
block 22 1
block 40 1
block 41 1
block 42 1
block 43 1
block 44 1
block 5 2
block 6 2
block 7 2
block 18 2
block 19 2
block 20 2
block 21 2
block 22 2
block 36 2
block 37 2
block 38 2
block 39 2
block 40 2
block 41 2
block 42 2
block 43 2
block 44 2
block 45 2
block 46 2
block 47 2
block 18 3
block 19 3
block 20 3
block 21 3
block 22 3
block 36 3
block 37 3
block 38 3
block 39 3
block 42 3
block 43 3
block 44 3
block 45 3
block 46 3
block 47 3
block 36 4
block 37 4
block 38 4
block 39 4
block 40 4
block 41 4
block 42 4
block 43 4
block 44 4
block 45 4
block 46 4
block 47 4
block 27 5
block 28 5
block 29 5
block 30 5
block 36 5
block 37 5
block 38 5
block 39 5
block 40 5
block 41 5
block 42 5
block 43 5
block 44 5
block 45 5
block 46 5
block 47 5
block 3 6
block 4 6
block 5 6
block 6 6
block 7 6
block 8 6
block 27 6
block 28 6
block 29 6
block 30 6
block 36 6
block 37 6
block 38 6
block 39 6
block 42 6
block 43 6
block 44 6
block 45 6
block 46 6
block 47 6
block 3 7
block 4 7
block 5 7
block 6 7
block 7 7
block 8 7
block 27 7
block 28 7
block 29 7
block 30 7
block 36 7
block 37 7
block 38 7
block 39 7
block 42 7
block 43 7
block 44 7
block 45 7
block 46 7
block 47 7
block 3 8
block 4 8
block 5 8
block 6 8
block 7 8
block 8 8
block 27 8
block 28 8
block 29 8
block 30 8
block 36 8
block 37 8
block 38 8
block 39 8
block 42 8
block 43 8
block 44 8
block 45 8
block 46 8
block 47 8
block 3 9
block 4 9
block 5 9
block 6 9
block 7 9
block 8 9
block 28 9
block 29 9
block 3 10
block 4 10
block 5 10
block 6 10
block 7 10
block 8 10
block 28 10
block 29 10
block 3 11
block 4 11
block 5 11
block 6 11
block 7 11
block 8 11
block 28 11
block 29 11
block 50 11
block 51 11
block 52 11
block 53 11
block 54 11
block 55 11
block 56 11
block 57 11
block 50 12
block 51 12
block 52 12
block 53 12
block 54 12
block 55 12
block 56 12
block 57 12
block 36 13
block 37 13
block 38 13
block 50 13
block 51 13
block 52 13
block 53 13
block 54 13
block 55 13
block 56 13
block 57 13
block 11 14
block 12 14
block 13 14
block 14 14
block 29 14
block 30 14
block 36 14
block 37 14
block 38 14
block 41 14
block 42 14
block 50 14
block 51 14
block 52 14
block 53 14
block 54 14
block 55 14
block 56 14
block 57 14
block 11 15
block 12 15
block 13 15
block 14 15
block 29 15
block 30 15
block 41 15
block 42 15
block 43 15
block 44 15
block 45 15
block 46 15
block 50 15
block 51 15
block 52 15
block 53 15
block 54 15
block 55 15
block 56 15
block 57 15
block 0 16
block 29 16
block 30 16
block 34 16
block 35 16
block 36 16
block 37 16
block 41 16
block 42 16
block 43 16
block 44 16
block 45 16
block 46 16
block 50 16
block 51 16
block 52 16
block 53 16
block 54 16
block 55 16
block 56 16
block 57 16
block 61 16
block 62 16
block 63 16
block 0 17
block 29 17
block 30 17
block 34 17
block 35 17
block 36 17
block 37 17
block 43 17
block 44 17
block 45 17
block 46 17
block 61 17
block 62 17
block 63 17
block 0 18
block 1 18
block 2 18
block 3 18
block 4 18
block 29 18
block 30 18
block 34 18
block 35 18
block 36 18
block 37 18
block 38 18
block 39 18
block 43 18
block 44 18
block 45 18
block 46 18
block 0 19
block 1 19
block 2 19
block 3 19
block 4 19
block 29 19
block 30 19
block 34 19
block 35 19
block 36 19
block 37 19
block 38 19
block 39 19
block 0 20
block 1 20
block 2 20
block 3 20
block 4 20
block 29 20
block 30 20
block 34 20
block 35 20
block 36 20
block 37 20
block 38 20
block 39 20
block 0 21
block 1 21
block 2 21
block 3 21
block 4 21
block 7 21
block 8 21
block 9 21
block 10 21
block 11 21
block 38 21
block 39 21
block 7 22
block 8 22
block 9 22
block 10 22
block 11 22
block 12 22
block 13 22
block 0 23
block 5 23
block 6 23
block 7 23
block 8 23
block 9 23
block 10 23
block 11 23
block 12 23
block 13 23
block 60 23
block 61 23
block 62 23
block 63 23
block 0 24
block 5 24
block 6 24
block 7 24
block 8 24
block 9 24
block 10 24
block 11 24
block 12 24
block 13 24
block 60 24
block 61 24
block 62 24
block 63 24
block 0 25
block 5 25
block 6 25
block 7 25
block 8 25
block 9 25
block 10 25
block 11 25
block 12 25
block 13 25
block 60 25
block 61 25
block 62 25
block 63 25
block 0 26
block 5 26
block 6 26
block 7 26
block 8 26
block 9 26
block 10 26
block 11 26
block 13 26
block 14 26
block 60 26
block 61 26
block 62 26
block 63 26
block 7 27
block 8 27
block 9 27
block 10 27
block 11 27
block 13 27
block 14 27
block 13 28
block 14 28
block 13 29
block 14 29
block 51 29
block 52 29
block 53 29
block 54 29
block 55 29
block 56 29
block 13 30
block 14 30
block 30 30
block 31 30
block 32 30
block 33 30
block 51 30
block 52 30
block 53 30
block 54 30
block 55 30
block 56 30
block 13 31
block 14 31
block 30 31
block 31 31
block 32 31
block 33 31
block 51 31
block 52 31
block 53 31
block 54 31
block 55 31
block 56 31
block 61 31
block 62 31
block 63 31
block 13 32
block 14 32
block 30 32
block 31 32
block 32 32
block 33 32
block 51 32
block 52 32
block 53 32
block 54 32
block 55 32
block 56 32
block 61 32
block 62 32
block 63 32
block 5 33
block 6 33
block 7 33
block 30 33
block 31 33
block 32 33
block 33 33
block 51 33
block 52 33
block 53 33
block 54 33
block 55 33
block 56 33
block 61 33
block 62 33
block 63 33
block 5 34
block 6 34
block 7 34
block 30 34
block 31 34
block 32 34
block 33 34
block 49 34
block 50 34
block 51 34
block 52 34
block 53 34
block 54 34
block 55 34
block 56 34
block 61 34
block 62 34
block 63 34
block 5 35
block 6 35
block 7 35
block 30 35
block 31 35
block 32 35
block 33 35
block 49 35
block 50 35
block 51 35
block 52 35
block 53 35
##BotsAndCoinsInfo
bot_name 0 starter-bot
bot 0 24 15
bot_coins 0 0
coin 46 1
coin 17 34
coin 43 9
coin 20 26
coin 19 25
coin 44 10
coin 17 2
coin 46 33
coin 42 29
coin 21 6
round 1
bot 0 23 16
round 2
bot 0 22 17
round 3
round 4
round 5
match_over 0
coin 57 26
coin 9 9
coin 23 0
coin 40 35
coin 17 32
coin 48 3
coin 31 6
coin 32 29
coin 50 17
coin 13 18
round 6
