match
match_id 1639389177800_aj
match_time 1639389177806
num_bots 1
##MatchConfig
mode FRIENDLY
num_rounds 200
random_seed 42
move_time_limit 5000
coin_spawn_period 5
coin_spawn_volume 10
##MapConfig
map_size 66 39
view_radius 6
mining_radius 1
attack_radius 3
block 51 10
block 52 10
block 51 11
block 52 11
block 2 12
block 3 12
block 4 12
block 51 12
block 52 12
block 2 13
block 3 13
block 4 13
block 51 13
block 52 13
block 2 14
block 3 14
block 4 14
block 46 16
block 47 16
block 48 16
block 49 16
block 50 16
block 51 16
block 52 16
block 6 17
block 7 17
block 8 17
block 9 17
block 10 17
block 46 17
block 47 17
block 48 17
block 49 17
block 50 17
block 51 17
block 52 17
block 0 18
block 1 18
block 2 18
block 6 18
block 7 18
block 8 18
block 9 18
block 10 18
block 46 18
block 47 18
block 48 18
block 49 18
block 50 18
block 51 18
block 52 18
block 65 18
block 0 19
block 1 19
block 2 19
block 6 19
block 7 19
block 8 19
block 9 19
block 10 19
block 46 19
block 47 19
block 48 19
block 49 19
block 50 19
block 51 19
block 52 19
block 65 19
block 0 20
block 1 20
block 2 20
block 6 20
block 7 20
block 8 20
block 9 20
block 10 20
block 65 20
block 0 21
block 1 21
block 2 21
block 6 21
block 7 21
block 8 21
block 9 21
block 10 21
block 65 21
block 0 22
block 1 22
block 2 22
block 6 22
block 7 22
block 8 22
block 9 22
block 10 22
block 65 22
block 33 26
block 34 26
block 35 26
block 36 26
block 33 27
block 34 27
block 35 27
block 36 27
block 37 27
block 38 27
block 33 28
block 34 28
block 35 28
block 36 28
block 37 28
block 38 28
block 33 29
block 34 29
block 35 29
block 36 29
block 33 30
block 34 30
block 35 30
block 36 30
block 48 31
block 49 31
block 50 31
block 51 31
block 52 31
block 48 32
block 49 32
block 50 32
block 51 32
block 52 32
block 48 33
block 49 33
block 50 33
block 51 33
block 52 33
block 33 34
block 34 34
block 35 34
block 48 34
block 49 34
block 50 34
block 51 34
block 52 34
block 19 35
block 20 35
block 21 35
block 22 35
block 33 35
block 34 35
block 35 35
block 19 36
block 20 36
block 21 36
block 22 36
block 33 36
block 34 36
block 35 36
block 19 37
block 20 37
block 21 37
block 22 37
##BotsAndCoinsInfo
bot_name 0 starter-bot
bot 0 13 7
bot_coins 0 0
coin 62 33
coin 3 5
coin 30 38
coin 35 0
coin 36 4
coin 29 34
coin 23 29
coin 42 9
coin 43 2
coin 23 36
round 1
bot 0 12 6
round 2
bot 0 11 5
round 3
bot 0 10 4
round 4
bot 0 9 3
round 5
bot 0 8 2
coin 44 26
coin 21 12
coin 24 6
coin 41 32
coin 2 17
coin 63 21
coin 48 21
coin 17 17
coin 55 38
coin 10 0
round 6
bot 0 7 1
round 7
bot 0 6 0
round 8
bot 0 5 1
round 9
bot 0 4 0
round 10
bot 0 3 1
coin 32 4
coin 32 34
coin 14 30
coin 51 8
coin 23 21
coin 42 17
coin 11 19
coin 54 19
coin 37 24
coin 28 14
round 11
bot 0 2 0
round 12
bot 0 1 1
round 13
bot 0 0 0
round 14
bot 0 65 1
round 15
bot 0 64 0
coin 23 37
coin 42 1
coin 56 20
coin 11 18
coin 65 8
coin 0 30
coin 54 37
coin 11 1
coin 43 36
coin 22 2
round 16
bot 0 63 1
round 17
bot 0 62 0
round 18
bot 0 61 1
round 19
bot 0 60 0
round 20
bot 0 59 1
coin 35 31
coin 30 7
coin 23 16
coin 42 22
coin 65 15
coin 0 23
coin 1 8
coin 64 30
coin 7 10
coin 58 28
round 21
bot 0 58 0
round 22
bot 0 57 1
round 23
bot 0 56 0
round 24
bot 0 55 1
round 25
bot 0 54 0
coin 37 5
coin 28 33
coin 8 28
coin 57 10
coin 2 16
coin 63 22
coin 55 28
coin 10 10
coin 27 27
coin 38 11
round 26
bot 0 53 1
round 27
bot 0 52 0
round 28
bot 0 51 1
round 29
bot 0 50 0
round 30
bot 0 49 1
coin 1 35
coin 64 3
coin 26 22
coin 39 16
coin 26 32
coin 39 6
coin 39 28
coin 26 10
coin 45 18
coin 20 20
round 31
bot 0 48 0
round 32
bot 0 47 1
round 33
bot 0 46 0
round 34
bot 0 45 1
round 35
bot 0 44 0
coin 16 8
coin 49 30
coin 13 13
coin 52 25
coin 3 20
coin 62 18
coin 62 7
coin 3 31
coin 64 21
coin 1 17
round 36
bot 0 43 1
coin_collected 42 1 0
bot_coins 0 1
coin_collected 43 2 0
bot_coins 0 2
round 37
bot 0 42 0
round 38
bot 0 41 1
round 39
bot 0 40 0
round 40
bot 0 39 1
coin 55 37
coin 10 1
coin 11 17
coin 54 21
coin 13 27
coin 53 11
coin 63 3
coin 2 35
coin 50 13
coin 15 25
round 41
bot 0 38 0
round 42
bot 0 37 1
round 43
bot 0 36 0
coin_collected 35 0 0
bot_coins 0 3
round 44
bot 0 35 1
round 45
bot 0 34 0
coin 45 30
coin 20 8
coin 63 15
coin 2 23
coin 47 15
coin 18 23
coin 28 27
coin 37 11
coin 14 19
coin 51 20
round 46
bot 0 33 1
round 47
bot 0 32 0
round 48
bot 0 31 1
round 49
bot 0 30 0
coin_collected 30 38 0
bot_coins 0 4
round 50
bot 0 29 1
coin 18 7
coin 47 31
coin 54 34
coin 11 4
coin 12 19
coin 53 19
coin 3 15
coin 62 23
coin 55 5
coin 10 33
round 51
bot 0 28 0
round 52
bot 0 27 1
round 53
bot 0 26 0
round 54
bot 0 25 1
round 55
bot 0 24 1
coin 20 4
coin 45 34
coin 51 28
coin 14 10
coin 15 9
coin 50 29
coin 28 22
coin 37 16
coin 50 27
coin 15 11
round 56
bot 0 23 1
round 57
bot 0 22 1
coin_collected 22 2 0
bot_coins 0 5
round 58
bot 0 21 1
round 59
bot 0 20 0
round 60
bot 0 19 38
coin 60 3
coin 5 35
coin 2 34
coin 63 4
coin 26 33
coin 39 5
coin 58 33
coin 7 5
coin 7 16
coin 58 22
round 61
bot 0 18 37
round 62
bot 0 17 36
round 63
bot 0 16 35
round 64
bot 0 15 34
round 65
bot 0 14 33
coin 28 20
coin 37 18
coin 52 37
coin 13 1
coin 54 14
coin 11 24
coin 63 29
coin 2 9
coin 47 4
coin 18 34
round 66
bot 0 13 32
round 67
bot 0 12 31
round 68
bot 0 11 30
round 69
bot 0 10 29
round 70
bot 0 9 28
coin_collected 8 28 0
bot_coins 0 6
coin 65 26
coin 0 12
coin 13 11
coin 52 27
coin 50 30
coin 15 8
coin 0 17
coin 64 22
coin 37 12
coin 28 26
round 71
bot 0 8 27
round 72
bot 0 7 26
round 73
bot 0 6 25
round 74
bot 0 5 24
round 75
bot 0 5 23
coin 28 38
coin 37 0
coin 11 0
coin 54 38
coin 31 22
coin 34 16
coin 38 10
coin 27 28
coin 26 6
coin 39 32
round 76
bot 0 5 22
round 77
bot 0 5 21
round 78
bot 0 5 20
round 79
bot 0 4 19
round 80
bot 0 3 18
coin 40 30
coin 25 8
coin 32 8
coin 33 31
coin 31 24
coin 34 14
coin 8 6
coin 57 32
coin 23 34
coin 42 4
round 81
bot 0 2 17
coin_collected 2 16 0
bot_coins 0 7
coin_collected 2 17 0
bot_coins 0 8
coin_collected 1 17 0
bot_coins 0 9
round 82
bot 0 1 16
round 83
bot 0 0 15
coin_collected 65 15 0
bot_coins 0 10
round 84
bot 0 0 14
round 85
bot 0 0 13
coin_collected 0 12 0
bot_coins 0 11
coin 2 8
coin 63 30
coin 15 30
coin 50 8
coin 34 12
coin 31 26
coin 6 6
coin 59 32
coin 25 10
coin 40 28
round 86
bot 0 1 12
round 87
bot 0 2 11
round 88
bot 0 3 11
round 89
bot 0 4 11
round 90
bot 0 5 12
coin 14 4
coin 51 35
coin 62 25
coin 1 13
coin 30 8
coin 34 31
coin 18 12
coin 47 26
coin 5 18
coin 60 20
round 91
bot 0 6 13
round 92
bot 0 7 14
round 93
bot 0 8 14
round 94
bot 0 9 13
round 95
bot 0 10 14
coin 2 3
coin 63 35
coin 14 13
coin 51 25
coin 12 32
coin 53 6
coin 47 23
coin 18 15
coin 1 6
coin 64 32
round 96
bot 0 11 13
round 97
bot 0 12 12
round 98
bot 0 13 11
coin_collected 13 11 0
bot_coins 0 12
round 99
bot 0 14 10
coin_collected 14 10 0
bot_coins 0 13
round 100
bot 0 15 9
coin_collected 15 8 0
bot_coins 0 14
coin_collected 15 9 0
bot_coins 0 15
coin 51 29
coin 14 9
coin 48 11
coin 17 27
coin 17 19
coin 48 20
coin 30 16
coin 35 22
coin 16 14
coin 49 24
round 101
bot 0 16 8
coin_collected 16 8 0
bot_coins 0 16
round 102
bot 0 17 9
round 103
bot 0 18 8
coin_collected 18 7 0
bot_coins 0 17
round 104
bot 0 19 9
round 105
bot 0 20 8
coin_collected 20 8 0
bot_coins 0 18
coin 0 4
coin 65 34
coin 14 28
coin 50 10
coin 16 16
coin 49 22
coin 65 11
coin 0 27
coin 47 28
coin 18 10
round 106
bot 0 21 7
round 107
bot 0 22 8
round 108
bot 0 23 7
round 109
bot 0 24 8
coin_collected 25 8 0
bot_coins 0 19
round 110
bot 0 25 7
coin 47 38
coin 18 0
coin 1 23
coin 64 15
coin 57 38
coin 8 0
coin 22 13
coin 43 25
coin 52 4
coin 13 34
round 111
bot 0 26 8
round 112
bot 0 27 7
round 113
bot 0 28 8
round 114
bot 0 29 7
coin_collected 30 7 0
bot_coins 0 20
round 115
bot 0 30 8
coin_collected 30 8 0
bot_coins 0 21
coin 57 22
coin 8 16
coin 64 0
coin 1 38
coin 6 24
coin 59 14
coin 43 37
coin 22 1
coin 11 25
coin 54 13
round 116
bot 0 31 7
round 117
bot 0 32 8
coin_collected 32 8 0
bot_coins 0 22
round 118
bot 0 33 7
round 119
bot 0 34 8
round 120
bot 0 35 7
coin 42 12
coin 23 26
coin 5 25
coin 60 13
coin 7 6
coin 58 32
coin 43 38
coin 22 0
coin 42 16
coin 23 22
round 121
bot 0 36 8
round 122
bot 0 37 7
round 123
bot 0 38 8
round 124
bot 0 39 7
coin_collected 39 6 0
bot_coins 0 23
round 125
bot 0 40 8
coin 45 27
coin 20 11
coin 5 3
coin 60 35
coin 51 21
coin 14 17
coin 41 30
coin 24 8
coin 39 7
coin 26 31
round 126
bot 0 41 7
round 127
bot 0 42 8
coin_collected 42 9 0
bot_coins 0 24
round 128
bot 0 43 7
round 129
bot 0 44 8
round 130
bot 0 45 7
coin 3 3
coin 62 35
coin 24 25
coin 41 13
coin 40 37
coin 25 1
coin 5 23
coin 60 15
coin 33 33
coin 32 5
round 131
bot 0 46 8
round 132
bot 0 47 7
round 133
bot 0 48 8
round 134
bot 0 49 7
round 135
bot 0 50 7
coin_collected 50 8 0
bot_coins 0 25
coin 20 18
coin 45 20
coin 24 22
coin 41 16
coin 20 6
coin 45 32
coin 36 16
coin 29 22
coin 32 35
coin 33 3
round 136
bot 0 51 8
coin_collected 51 8 0
bot_coins 0 26
round 137
bot 0 52 9
round 138
bot 0 53 8
round 139
bot 0 54 9
round 140
bot 0 55 8
coin 7 11
coin 58 27
coin 12 9
coin 53 29
coin 16 30
coin 49 8
coin 25 23
coin 40 15
coin 51 23
coin 14 15
round 141
bot 0 56 9
round 142
bot 0 57 8
round 143
bot 0 57 9
coin_collected 57 10 0
bot_coins 0 27
round 144
bot 0 58 10
round 145
bot 0 57 11
coin 24 24
coin 41 14
coin 13 23
coin 52 15
coin 11 32
coin 54 6
coin 15 4
coin 50 35
coin 65 16
coin 65 23
round 146
bot 0 56 12
round 147
bot 0 55 13
coin_collected 54 13 0
bot_coins 0 28
round 148
bot 0 55 14
coin_collected 54 14 0
bot_coins 0 29
round 149
bot 0 54 14
round 150
bot 0 53 14
coin 17 1
coin 48 37
coin 42 15
coin 23 23
coin 60 27
coin 5 11
coin 25 34
coin 40 4
coin 58 5
coin 7 33
round 151
bot 0 52 14
coin_collected 52 15 0
bot_coins 0 30
round 152
bot 0 51 14
round 153
bot 0 50 14
coin_collected 50 13 0
bot_coins 0 31
round 154
bot 0 49 14
round 155
bot 0 48 14
coin 12 17
coin 53 21
coin 22 29
coin 43 9
coin 11 35
coin 54 3
coin 7 13
coin 58 25
coin 45 23
coin 20 15
round 156
bot 0 47 14
coin_collected 47 15 0
bot_coins 0 32
round 157
bot 0 46 15
round 158
bot 0 45 16
round 159
bot 0 44 15
round 160
bot 0 43 16
coin_collected 42 16 0
bot_coins 0 33
coin 3 32
coin 62 6
coin 60 25
coin 5 13
coin 9 16
coin 56 22
coin 24 23
coin 41 15
coin 24 36
coin 41 2
round 161
bot 0 42 15
coin_collected 41 15 0
bot_coins 0 34
coin_collected 42 15 0
bot_coins 0 35
round 162
bot 0 41 16
coin_collected 41 16 0
bot_coins 0 36
round 163
bot 0 40 15
coin_collected 40 15 0
bot_coins 0 37
round 164
bot 0 39 16
coin_collected 39 16 0
bot_coins 0 38
round 165
bot 0 38 15
coin 38 32
coin 27 6
coin 59 37
coin 6 1
coin 26 20
coin 39 18
coin 7 28
coin 58 10
coin 43 32
coin 22 6
round 166
bot 0 37 16
coin_collected 36 16 0
bot_coins 0 39
coin_collected 37 16 0
bot_coins 0 40
round 167
bot 0 36 15
round 168
bot 0 35 16
coin_collected 34 16 0
bot_coins 0 41
round 169
bot 0 34 15
coin_collected 34 14 0
bot_coins 0 42
round 170
bot 0 33 16
coin 21 21
coin 44 17
coin 21 30
coin 44 8
coin 13 38
coin 52 0
coin 46 24
coin 19 14
coin 33 11
coin 32 27
round 171
bot 0 32 15
round 172
bot 0 31 16
coin_collected 30 16 0
bot_coins 0 43
round 173
bot 0 30 15
round 174
bot 0 29 16
round 175
bot 0 28 15
coin_collected 28 14 0
bot_coins 0 44
coin 24 10
coin 41 28
coin 3 18
coin 62 20
coin 19 34
coin 46 4
coin 22 17
coin 43 21
coin 13 28
coin 52 9
round 176
bot 0 27 16
round 177
bot 0 26 15
round 178
bot 0 25 16
round 179
bot 0 24 17
round 180
bot 0 23 16
coin_collected 23 16 0
bot_coins 0 45
coin 35 23
coin 30 15
coin 54 10
coin 11 28
coin 58 9
coin 7 29
coin 41 6
coin 24 32
coin 56 17
coin 9 23
round 181
bot 0 22 17
coin_collected 22 17 0
bot_coins 0 46
round 182
bot 0 21 18
coin_collected 20 18 0
bot_coins 0 47
round 183
bot 0 20 19
coin_collected 20 20 0
bot_coins 0 48
round 184
bot 0 19 20
round 185
bot 0 18 21
coin 22 12
coin 43 26
coin 22 18
coin 43 20
coin 26 7
coin 39 31
coin 49 14
coin 16 24
coin 17 25
coin 48 13
round 186
bot 0 17 20
coin_collected 17 19 0
bot_coins 0 49
round 187
bot 0 17 21
round 188
bot 0 18 22
coin_collected 18 23 0
bot_coins 0 50
round 189
bot 0 19 23
round 190
bot 0 20 24
coin 30 20
coin 35 18
coin 12 31
coin 53 7
coin 12 11
coin 53 27
coin 50 4
coin 15 34
coin 17 0
coin 48 38
round 191
bot 0 21 23
round 192
bot 0 22 24
round 193
bot 0 23 23
coin_collected 23 22 0
bot_coins 0 51
coin_collected 23 23 0
bot_coins 0 52
coin_collected 24 23 0
bot_coins 0 53
round 194
bot 0 24 24
coin_collected 24 24 0
bot_coins 0 54
coin_collected 24 25 0
bot_coins 0 55
round 195
bot 0 25 23
coin_collected 25 23 0
bot_coins 0 56
coin 44 4
coin 21 34
coin 50 15
coin 15 23
coin 61 29
coin 4 9
coin 21 5
coin 44 33
coin 36 37
coin 29 1
round 196
bot 0 26 24
round 197
bot 0 27 23
round 198
bot 0 28 24
round 199
bot 0 29 23
coin_collected 29 22 0
bot_coins 0 57
round 200
bot 0 30 24
coin_collected 31 24 0
bot_coins 0 58
coin 1 1
coin 64 37
coin 61 2
coin 4 36
coin 64 23
coin 1 15
coin 46 35
coin 19 3
coin 54 4
coin 11 34
match_over 0
