match
match_id 1639397139286_ap
match_time 1639397139290
num_bots 1
##MatchConfig
mode FRIENDLY
num_rounds 200
random_seed 42
move_time_limit 5000
coin_spawn_period 5
coin_spawn_volume 10
##MapConfig
map_size 76 33
view_radius 5
mining_radius 2
attack_radius 4
block 21 0
block 22 0
block 35 0
block 36 0
block 37 0
block 38 0
block 39 0
block 40 0
block 41 0
block 21 1
block 22 1
block 35 1
block 36 1
block 37 1
block 38 1
block 39 1
block 40 1
block 41 1
block 21 2
block 22 2
block 35 2
block 36 2
block 37 2
block 38 2
block 39 2
block 40 2
block 41 2
block 21 3
block 22 3
block 35 3
block 36 3
block 37 3
block 38 3
block 39 3
block 40 3
block 41 3
block 21 4
block 22 4
block 35 4
block 36 4
block 37 4
block 38 4
block 39 4
block 40 4
block 41 4
block 1 5
block 2 5
block 3 5
block 21 5
block 22 5
block 35 5
block 36 5
block 37 5
block 38 5
block 39 5
block 40 5
block 1 6
block 2 6
block 3 6
block 35 6
block 36 6
block 37 6
block 38 6
block 39 6
block 40 6
block 42 6
block 43 6
block 44 6
block 45 6
block 46 6
block 1 7
block 2 7
block 3 7
block 14 7
block 15 7
block 16 7
block 17 7
block 18 7
block 19 7
block 20 7
block 21 7
block 35 7
block 36 7
block 37 7
block 38 7
block 39 7
block 40 7
block 42 7
block 43 7
block 44 7
block 45 7
block 46 7
block 14 8
block 15 8
block 16 8
block 17 8
block 18 8
block 19 8
block 20 8
block 21 8
block 42 8
block 43 8
block 44 8
block 45 8
block 46 8
block 47 8
block 48 8
block 66 8
block 67 8
block 14 9
block 15 9
block 16 9
block 17 9
block 18 9
block 19 9
block 20 9
block 21 9
block 42 9
block 43 9
block 44 9
block 45 9
block 46 9
block 47 9
block 48 9
block 66 9
block 67 9
block 16 10
block 17 10
block 18 10
block 19 10
block 20 10
block 21 10
block 42 10
block 43 10
block 44 10
block 45 10
block 46 10
block 47 10
block 48 10
block 66 10
block 67 10
block 16 11
block 17 11
block 18 11
block 19 11
block 20 11
block 21 11
block 50 11
block 51 11
block 66 11
block 67 11
block 16 12
block 17 12
block 18 12
block 19 12
block 20 12
block 21 12
block 50 12
block 51 12
block 66 12
block 67 12
block 16 13
block 17 13
block 18 13
block 19 13
block 20 13
block 21 13
block 50 13
block 51 13
block 66 13
block 67 13
block 68 13
block 50 14
block 51 14
block 58 14
block 59 14
block 60 14
block 61 14
block 66 14
block 67 14
block 68 14
block 50 15
block 51 15
block 58 15
block 59 15
block 60 15
block 61 15
block 66 15
block 67 15
block 68 15
block 2 16
block 3 16
block 58 16
block 59 16
block 60 16
block 61 16
block 66 16
block 67 16
block 68 16
block 2 17
block 3 17
block 22 17
block 23 17
block 24 17
block 25 17
block 26 17
block 31 17
block 32 17
block 33 17
block 58 17
block 59 17
block 60 17
block 61 17
block 2 18
block 3 18
block 5 18
block 6 18
block 7 18
block 8 18
block 9 18
block 10 18
block 22 18
block 23 18
block 24 18
block 25 18
block 26 18
block 31 18
block 32 18
block 33 18
block 58 18
block 59 18
block 60 18
block 61 18
block 62 18
block 63 18
block 64 18
block 2 19
block 3 19
block 5 19
block 6 19
block 7 19
block 8 19
block 9 19
block 10 19
block 22 19
block 23 19
block 24 19
block 25 19
block 26 19
block 31 19
block 32 19
block 33 19
block 58 19
block 59 19
block 60 19
block 61 19
block 62 19
block 63 19
block 64 19
block 2 20
block 3 20
block 5 20
block 6 20
block 7 20
block 8 20
block 9 20
block 10 20
block 23 20
block 24 20
block 25 20
block 26 20
block 31 20
block 32 20
block 33 20
block 58 20
block 59 20
block 60 20
block 61 20
block 62 20
block 63 20
block 64 20
block 9 21
block 10 21
block 11 21
block 12 21
block 23 21
block 24 21
block 25 21
block 26 21
block 31 21
block 32 21
block 33 21
block 56 21
block 57 21
block 58 21
block 59 21
block 60 21
block 61 21
block 9 22
block 10 22
block 11 22
block 12 22
block 23 22
block 24 22
block 25 22
block 26 22
block 31 22
block 32 22
block 33 22
block 56 22
block 57 22
block 58 22
block 59 22
block 60 22
block 61 22
block 23 23
block 24 23
block 25 23
block 26 23
block 56 23
block 57 23
block 58 23
block 59 23
block 60 23
block 61 23
block 23 24
block 24 24
block 25 24
block 26 24
block 23 25
block 24 25
block 25 25
block 26 25
block 54 25
block 55 25
block 56 25
block 57 25
block 58 25
block 59 25
block 23 26
block 24 26
block 25 26
block 26 26
block 37 26
block 38 26
block 39 26
block 40 26
block 41 26
block 42 26
block 43 26
block 54 26
block 55 26
block 56 26
block 57 26
block 58 26
block 59 26
block 23 27
block 24 27
block 25 27
block 26 27
block 37 27
block 38 27
block 39 27
block 40 27
block 41 27
block 42 27
block 43 27
block 50 27
block 51 27
block 52 27
block 37 28
block 38 28
block 39 28
block 40 28
block 41 28
block 42 28
block 43 28
block 50 28
block 51 28
block 52 28
block 37 29
block 38 29
block 39 29
block 40 29
block 41 29
block 42 29
block 43 29
block 37 30
block 38 30
block 39 30
block 40 30
block 41 30
block 42 30
block 43 30
block 35 31
block 36 31
block 37 31
block 38 31
block 39 31
block 40 31
block 41 31
block 42 31
block 43 31
block 21 32
block 22 32
block 35 32
block 36 32
block 37 32
block 38 32
block 39 32
block 40 32
block 41 32
##BotsAndCoinsInfo
bot_name 0 starter-bot
bot 0 68 1
bot_coins 0 0
coin 26 15
coin 49 17
coin 12 5
coin 63 27
coin 4 19
coin 71 13
coin 25 2
coin 50 30
coin 51 17
coin 24 15
round 1
round 2
round 3
match_over 0
round 4
