match
match_id 1639336130617_ao
match_time 1639336130621
num_bots 1
##MatchConfig
mode FRIENDLY
num_rounds 200
random_seed 42
move_time_limit 5000
coin_spawn_period 5
coin_spawn_volume 10
##MapConfig
map_size 63 27
view_radius 5
mining_radius 2
attack_radius 3
block 17 0
block 18 0
block 19 0
block 20 0
block 21 0
block 36 0
block 37 0
block 38 0
block 39 0
block 40 0
block 48 0
block 49 0
block 50 0
block 51 0
block 52 0
block 53 0
block 6 1
block 7 1
block 8 1
block 9 1
block 10 1
block 11 1
block 12 1
block 17 1
block 18 1
block 19 1
block 20 1
block 21 1
block 36 1
block 37 1
block 38 1
block 39 1
block 40 1
block 6 2
block 7 2
block 8 2
block 9 2
block 10 2
block 11 2
block 12 2
block 17 2
block 18 2
block 19 2
block 20 2
block 21 2
block 36 2
block 37 2
block 38 2
block 39 2
block 40 2
block 6 3
block 7 3
block 8 3
block 9 3
block 10 3
block 11 3
block 12 3
block 17 3
block 18 3
block 19 3
block 20 3
block 21 3
block 36 3
block 37 3
block 38 3
block 39 3
block 40 3
block 52 3
block 53 3
block 54 3
block 6 4
block 7 4
block 8 4
block 9 4
block 10 4
block 11 4
block 12 4
block 34 4
block 35 4
block 36 4
block 37 4
block 38 4
block 39 4
block 40 4
block 52 4
block 53 4
block 54 4
block 6 5
block 7 5
block 8 5
block 9 5
block 10 5
block 11 5
block 12 5
block 34 5
block 35 5
block 36 5
block 37 5
block 38 5
block 52 5
block 53 5
block 54 5
block 6 6
block 7 6
block 8 6
block 9 6
block 10 6
block 11 6
block 12 6
block 34 6
block 35 6
block 36 6
block 37 6
block 38 6
block 52 6
block 53 6
block 54 6
block 6 7
block 7 7
block 8 7
block 9 7
block 10 7
block 11 7
block 12 7
block 34 7
block 35 7
block 36 7
block 37 7
block 38 7
block 52 7
block 53 7
block 54 7
block 34 8
block 35 8
block 36 8
block 37 8
block 38 8
block 52 8
block 53 8
block 54 8
block 34 9
block 35 9
block 36 9
block 37 9
block 38 9
block 14 10
block 15 10
block 16 10
block 17 10
block 18 10
block 19 10
block 20 10
block 14 11
block 15 11
block 16 11
block 17 11
block 18 11
block 19 11
block 20 11
block 14 12
block 15 12
block 16 12
block 17 12
block 18 12
block 19 12
block 20 12
block 14 13
block 15 13
block 16 13
block 17 13
block 18 13
block 19 13
block 20 13
block 14 14
block 15 14
block 16 14
block 17 14
block 18 14
block 19 14
block 20 14
block 14 15
block 15 15
block 16 15
block 17 15
block 18 15
block 19 15
block 20 15
block 14 16
block 15 16
block 16 16
block 17 16
block 18 16
block 19 16
block 20 16
block 23 16
block 24 16
block 25 16
block 26 16
block 27 16
block 28 16
block 23 17
block 24 17
block 25 17
block 26 17
block 27 17
block 28 17
block 23 18
block 24 18
block 25 18
block 26 18
block 27 18
block 28 18
block 23 19
block 24 19
block 25 19
block 26 19
block 27 19
block 28 19
block 9 20
block 10 20
block 11 20
block 23 20
block 24 20
block 25 20
block 26 20
block 27 20
block 28 20
block 9 21
block 10 21
block 11 21
block 23 21
block 24 21
block 25 21
block 26 21
block 27 21
block 28 21
block 48 21
block 49 21
block 50 21
block 51 21
block 52 21
block 53 21
block 48 22
block 49 22
block 50 22
block 51 22
block 52 22
block 53 22
block 0 23
block 1 23
block 48 23
block 49 23
block 50 23
block 51 23
block 52 23
block 53 23
block 59 23
block 60 23
block 61 23
block 62 23
block 0 24
block 1 24
block 48 24
block 49 24
block 50 24
block 51 24
block 52 24
block 53 24
block 59 24
block 60 24
block 61 24
block 62 24
block 0 25
block 1 25
block 36 25
block 37 25
block 38 25
block 39 25
block 40 25
block 48 25
block 49 25
block 50 25
block 51 25
block 52 25
block 53 25
block 59 25
block 60 25
block 61 25
block 62 25
block 17 26
block 18 26
block 19 26
block 20 26
block 21 26
block 36 26
block 37 26
block 38 26
block 39 26
block 40 26
block 48 26
block 49 26
block 50 26
block 51 26
block 52 26
block 53 26
##BotsAndCoinsInfo
bot_name 0 starter-bot
bot 0 19 22
bot_coins 0 0
coin 8 0
coin 54 26
coin 27 15
coin 35 11
coin 54 16
coin 8 10
coin 50 20
coin 13 6
coin 34 2
coin 28 24
round 1
bot 0 19 21
round 2
bot 0 19 20
round 3
bot 0 19 19
round 4
bot 0 19 18
round 5
bot 0 19 17
coin 38 24
coin 24 2
coin 42 9
coin 20 17
coin 8 8
coin 54 18
coin 42 6
coin 20 20
coin 28 8
coin 34 18
round 6
coin_collected 20 17 0
bot_coins 0 1
round 7
round 8
match_over 0
round 9
