match
match_id 1639152247956_az
match_time 1639152247961
num_bots 1
##MatchConfig
mode FRIENDLY
num_rounds 200
random_seed 42
move_time_limit 1000
coin_spawn_period 5
coin_spawn_volume 2
##MapConfig
map_size 49 32
view_radius 5
mining_radius 2
attack_radius 3
block 11 0
block 12 0
block 13 0
block 14 0
block 15 0
block 20 0
block 21 0
block 22 0
block 23 0
block 24 0
block 11 1
block 12 1
block 13 1
block 14 1
block 15 1
block 20 1
block 21 1
block 22 1
block 23 1
block 24 1
block 11 2
block 12 2
block 13 2
block 14 2
block 15 2
block 18 3
block 19 3
block 20 3
block 21 3
block 22 3
block 23 3
block 18 4
block 19 4
block 20 4
block 21 4
block 22 4
block 23 4
block 18 5
block 19 5
block 20 5
block 21 5
block 22 5
block 23 5
block 24 5
block 17 6
block 18 6
block 19 6
block 20 6
block 21 6
block 22 6
block 23 6
block 24 6
block 17 7
block 18 7
block 19 7
block 20 7
block 21 7
block 22 7
block 23 7
block 24 7
block 17 8
block 18 8
block 19 8
block 20 8
block 21 8
block 22 8
block 23 8
block 24 8
block 17 9
block 18 9
block 19 9
block 20 9
block 21 9
block 22 9
block 23 9
block 24 9
block 17 10
block 18 10
block 19 10
block 20 10
block 21 10
block 22 10
block 23 10
block 24 10
block 17 11
block 18 11
block 19 11
block 20 11
block 21 11
block 17 12
block 18 12
block 19 12
block 20 12
block 21 12
block 0 13
block 1 13
block 2 13
block 3 13
block 4 13
block 5 13
block 6 13
block 0 14
block 1 14
block 2 14
block 3 14
block 4 14
block 5 14
block 6 14
block 0 15
block 1 15
block 2 15
block 3 15
block 4 15
block 5 15
block 6 15
block 32 15
block 33 15
block 34 15
block 35 15
block 36 15
block 0 16
block 1 16
block 2 16
block 3 16
block 4 16
block 5 16
block 6 16
block 32 16
block 33 16
block 34 16
block 35 16
block 36 16
block 32 17
block 33 17
block 34 17
block 35 17
block 36 17
block 32 18
block 33 18
block 34 18
block 35 18
block 36 18
block 40 18
block 41 18
block 42 18
block 43 18
block 44 18
block 32 19
block 33 19
block 34 19
block 35 19
block 36 19
block 40 19
block 41 19
block 42 19
block 43 19
block 44 19
block 32 20
block 33 20
block 34 20
block 35 20
block 36 20
block 40 20
block 41 20
block 42 20
block 43 20
block 44 20
block 12 21
block 13 21
block 14 21
block 15 21
block 40 21
block 41 21
block 42 21
block 43 21
block 44 21
block 12 22
block 13 22
block 14 22
block 15 22
block 23 22
block 24 22
block 40 22
block 41 22
block 42 22
block 43 22
block 44 22
block 12 23
block 13 23
block 14 23
block 15 23
block 23 23
block 24 23
block 12 24
block 13 24
block 14 24
block 15 24
block 12 25
block 13 25
block 14 25
block 15 25
block 25 25
block 26 25
block 27 25
block 28 25
block 12 26
block 13 26
block 14 26
block 15 26
block 25 26
block 26 26
block 27 26
block 28 26
block 29 26
block 25 27
block 26 27
block 27 27
block 28 27
block 29 27
block 11 28
block 12 28
block 13 28
block 14 28
block 15 28
block 25 28
block 26 28
block 27 28
block 28 28
block 29 28
block 11 29
block 12 29
block 13 29
block 14 29
block 15 29
block 17 29
block 18 29
block 19 29
block 20 29
block 21 29
block 25 29
block 26 29
block 27 29
block 28 29
block 11 30
block 12 30
block 13 30
block 14 30
block 15 30
block 17 30
block 18 30
block 19 30
block 20 30
block 21 30
block 25 30
block 26 30
block 27 30
block 28 30
block 11 31
block 12 31
block 13 31
block 14 31
block 15 31
##BotsAndCoinsInfo
bot_name 0 starter-bot
bot 0 4 2
bot_coins 0 0
coin 29 1
coin 19 31
round 1
round 2
round 3
round 4
round 5
coin 34 1
coin 16 30
round 6
round 7
round 8
round 9
round 10
coin 20 31
coin 28 0
round 11
round 12
round 13
round 14
round 15
coin 1 22
coin 47 9
round 16
round 17
round 18
round 19
round 20
coin 48 2
coin 0 29
round 21
match_over 0
round 22
