match
match_id 1639152025991_au
match_time 1639152025995
num_bots 1
##MatchConfig
mode FRIENDLY
num_rounds 200
random_seed 42
move_time_limit 1000
coin_spawn_period 5
coin_spawn_volume 2
##MapConfig
map_size 56 34
view_radius 5
mining_radius 2
attack_radius 3
block 19 0
block 20 0
block 21 0
block 52 0
block 53 0
block 54 0
block 55 0
block 19 1
block 20 1
block 21 1
block 52 1
block 53 1
block 54 1
block 55 1
block 37 3
block 38 3
block 39 3
block 40 3
block 37 4
block 38 4
block 39 4
block 40 4
block 37 5
block 38 5
block 39 5
block 40 5
block 11 6
block 12 6
block 13 6
block 14 6
block 15 6
block 16 6
block 17 6
block 37 6
block 38 6
block 39 6
block 40 6
block 11 7
block 12 7
block 13 7
block 14 7
block 15 7
block 16 7
block 17 7
block 11 8
block 12 8
block 13 8
block 14 8
block 15 8
block 16 8
block 17 8
block 11 10
block 12 10
block 13 10
block 14 10
block 15 10
block 16 10
block 4 11
block 5 11
block 11 11
block 12 11
block 13 11
block 14 11
block 15 11
block 16 11
block 17 11
block 18 11
block 19 11
block 20 11
block 21 11
block 22 11
block 4 12
block 5 12
block 11 12
block 12 12
block 13 12
block 14 12
block 15 12
block 16 12
block 17 12
block 18 12
block 19 12
block 20 12
block 21 12
block 22 12
block 4 13
block 5 13
block 11 13
block 12 13
block 13 13
block 14 13
block 15 13
block 16 13
block 17 13
block 18 13
block 19 13
block 20 13
block 21 13
block 22 13
block 4 14
block 5 14
block 11 14
block 12 14
block 13 14
block 14 14
block 15 14
block 16 14
block 17 14
block 18 14
block 19 14
block 20 14
block 21 14
block 22 14
block 11 15
block 12 15
block 13 15
block 14 15
block 15 15
block 16 15
block 17 15
block 18 15
block 19 15
block 20 15
block 21 15
block 22 15
block 11 16
block 12 16
block 13 16
block 14 16
block 15 16
block 16 16
block 17 16
block 18 16
block 19 16
block 20 16
block 21 16
block 22 16
block 44 16
block 45 16
block 44 17
block 45 17
block 44 18
block 45 18
block 44 19
block 45 19
block 19 20
block 20 20
block 44 20
block 45 20
block 19 21
block 20 21
block 44 21
block 45 21
block 19 22
block 20 22
block 44 22
block 45 22
block 17 28
block 18 28
block 19 28
block 20 28
block 21 28
block 22 28
block 23 28
block 17 29
block 18 29
block 19 29
block 20 29
block 21 29
block 22 29
block 23 29
block 30 29
block 31 29
block 32 29
block 33 29
block 52 29
block 53 29
block 54 29
block 55 29
block 30 30
block 31 30
block 32 30
block 33 30
block 52 30
block 53 30
block 54 30
block 55 30
block 52 31
block 53 31
block 54 31
block 55 31
block 52 32
block 53 32
block 54 32
block 55 32
block 52 33
block 53 33
block 54 33
block 55 33
##BotsAndCoinsInfo
bot_name 0 starter-bot
bot 0 2 12
bot_coins 0 0
coin 50 11
coin 5 22
round 1
bot 0 3 13
round 2
round 3
round 4
round 5
coin 48 12
coin 7 21
round 6
round 7
round 8
round 9
round 10
coin 26 9
coin 29 24
round 11
round 12
round 13
round 14
round 15
coin 1 12
coin 54 21
round 16
round 17
round 18
round 19
round 20
coin 55 7
coin 0 26
round 21
round 22
bot 0 2 12
coin_collected 1 12 0
bot_coins 0 1
round 23
bot 0 1 11
round 24
bot 0 0 10
round 25
bot 0 55 9
coin_collected 55 7 0
bot_coins 0 2
coin 38 12
coin 17 21
round 26
bot 0 54 8
round 27
bot 0 53 7
round 28
bot 0 52 6
round 29
bot 0 51 5
round 30
bot 0 50 4
coin 28 14
coin 27 19
round 31
bot 0 51 3
round 32
bot 0 52 2
round 33
round 34
round 35
coin 36 14
coin 19 19
round 36
round 37
bot 0 53 2
round 38
bot 0 54 2
round 39
bot 0 55 2
round 40
bot 0 0 2
coin 0 8
coin 55 25
round 41
bot 0 1 2
round 42
bot 0 2 2
round 43
bot 0 3 2
round 44
bot 0 4 2
round 45
bot 0 3 2
coin 7 15
coin 48 18
round 46
bot 0 2 2
round 47
bot 0 1 2
round 48
bot 0 0 2
round 49
bot 0 55 2
round 50
bot 0 54 2
coin 40 11
coin 15 22
round 51
bot 0 53 2
round 52
bot 0 54 2
round 53
bot 0 55 2
round 54
bot 0 0 2
round 55
bot 0 1 2
coin 50 33
coin 5 0
round 56
bot 0 2 2
round 57
bot 0 3 2
round 58
bot 0 4 2
round 59
bot 0 5 2
coin_collected 5 0 0
bot_coins 0 3
round 60
bot 0 6 2
coin 35 1
coin 20 32
round 61
bot 0 7 3
round 62
bot 0 8 4
round 63
bot 0 9 5
round 64
bot 0 10 6
round 65
coin 14 20
coin 41 13
round 66
round 67
round 68
round 69
round 70
bot 0 9 5
coin 11 32
coin 44 1
round 71
bot 0 8 4
round 72
bot 0 7 3
round 73
bot 0 6 2
round 74
bot 0 5 1
round 75
bot 0 4 0
coin 26 14
coin 29 19
round 76
bot 0 3 33
round 77
round 78
round 79
round 80
coin 30 25
coin 25 8
round 81
round 82
round 83
round 84
round 85
bot 0 2 32
coin 17 27
coin 38 7
round 86
bot 0 1 31
round 87
bot 0 0 30
round 88
round 89
round 90
coin 12 9
coin 43 24
round 91
round 92
round 93
round 94
round 95
coin 49 2
coin 6 31
round 96
round 97
round 98
round 99
round 100
coin 27 31
coin 28 2
round 101
bot 0 1 31
round 102
bot 0 2 32
round 103
bot 0 3 33
round 104
bot 0 4 0
round 105
bot 0 5 1
coin 7 29
coin 48 4
round 106
bot 0 6 2
round 107
bot 0 7 3
round 108
bot 0 8 4
round 109
bot 0 9 5
round 110
bot 0 10 6
coin 31 10
coin 24 23
round 111
round 112
round 113
round 114
round 115
coin 55 19
coin 0 14
round 116
round 117
round 118
round 119
round 120
bot 0 9 7
coin 13 9
coin 42 24
round 121
bot 0 8 8
round 122
bot 0 7 9
round 123
bot 0 6 10
round 124
round 125
coin 33 8
coin 22 25
round 126
round 127
round 128
round 129
round 130
bot 0 7 10
coin 30 14
coin 25 19
round 131
bot 0 8 10
round 132
bot 0 9 10
round 133
bot 0 10 10
round 134
round 135
coin 16 20
coin 39 13
round 136
round 137
round 138
bot 0 10 11
round 139
bot 0 10 12
round 140
bot 0 10 13
coin 49 1
coin 6 32
round 141
bot 0 10 14
round 142
bot 0 10 15
round 143
bot 0 10 16
round 144
bot 0 10 17
round 145
bot 0 10 16
coin 29 23
coin 26 10
round 146
bot 0 10 15
round 147
bot 0 10 14
round 148
bot 0 10 13
round 149
bot 0 10 12
round 150
bot 0 10 11
coin 49 7
coin 6 26
round 151
bot 0 10 10
round 152
round 153
round 154
round 155
coin 32 9
coin 23 24
round 156
round 157
round 158
round 159
round 160
coin 22 2
coin 33 31
round 161
round 162
round 163
round 164
round 165
coin 6 11
coin 49 22
round 166
round 167
bot 0 9 11
round 168
bot 0 8 12
round 169
bot 0 7 13
coin_collected 7 15 0
bot_coins 0 4
round 170
bot 0 6 14
coin 55 3
coin 0 30
round 171
bot 0 5 15
round 172
bot 0 4 16
round 173
bot 0 3 17
round 174
bot 0 2 18
round 175
bot 0 1 18
coin 38 8
coin 17 25
round 176
bot 0 0 18
coin_collected 55 19 0
bot_coins 0 5
round 177
bot 0 55 18
round 178
bot 0 54 18
round 179
bot 0 53 18
round 180
bot 0 52 18
coin 53 3
coin 2 30
round 181
bot 0 51 18
round 182
bot 0 50 18
coin_collected 48 18 0
bot_coins 0 6
round 183
bot 0 51 18
round 184
bot 0 52 18
round 185
bot 0 53 18
coin 29 7
coin 26 26
round 186
bot 0 54 18
round 187
bot 0 55 18
round 188
bot 0 0 18
round 189
bot 0 1 18
round 190
bot 0 2 18
coin 26 22
coin 29 11
round 191
bot 0 3 18
round 192
bot 0 4 18
round 193
bot 0 5 18
round 194
bot 0 6 18
round 195
bot 0 7 18
coin 17 10
coin 38 23
round 196
bot 0 8 18
round 197
bot 0 9 18
round 198
bot 0 10 18
round 199
bot 0 11 18
round 200
bot 0 12 18
coin 16 22
coin 39 11
match_over 0
