match
match_id 1639397585142_aa
match_time 1639397585199
num_bots 1
##MatchConfig
mode FRIENDLY
num_rounds 200
random_seed 42
move_time_limit 5000
coin_spawn_period 5
coin_spawn_volume 10
##MapConfig
map_size 59 29
view_radius 5
mining_radius 1
attack_radius 3
block 4 0
block 5 0
block 6 0
block 7 0
block 8 0
block 9 0
block 33 0
block 34 0
block 35 0
block 36 0
block 37 0
block 38 0
block 39 0
block 6 1
block 7 1
block 8 1
block 9 1
block 33 1
block 34 1
block 35 1
block 36 1
block 37 1
block 38 1
block 39 1
block 48 1
block 49 1
block 6 2
block 7 2
block 8 2
block 9 2
block 28 2
block 29 2
block 30 2
block 31 2
block 32 2
block 33 2
block 34 2
block 35 2
block 36 2
block 37 2
block 38 2
block 39 2
block 48 2
block 49 2
block 6 3
block 7 3
block 8 3
block 9 3
block 28 3
block 29 3
block 30 3
block 31 3
block 32 3
block 33 3
block 34 3
block 35 3
block 36 3
block 37 3
block 38 3
block 39 3
block 48 3
block 49 3
block 1 4
block 2 4
block 29 4
block 30 4
block 31 4
block 32 4
block 33 4
block 34 4
block 35 4
block 36 4
block 37 4
block 38 4
block 39 4
block 48 4
block 49 4
block 1 5
block 2 5
block 48 5
block 49 5
block 1 6
block 2 6
block 1 7
block 2 7
block 14 7
block 15 7
block 16 7
block 1 8
block 2 8
block 14 8
block 15 8
block 16 8
block 14 9
block 15 9
block 16 9
block 14 10
block 15 10
block 16 10
block 14 11
block 15 11
block 16 11
block 5 12
block 6 12
block 14 12
block 15 12
block 16 12
block 5 13
block 6 13
block 14 13
block 15 13
block 16 13
block 22 13
block 23 13
block 5 14
block 6 14
block 22 14
block 23 14
block 50 14
block 51 14
block 52 14
block 53 14
block 54 14
block 55 14
block 56 14
block 4 15
block 5 15
block 6 15
block 7 15
block 8 15
block 22 15
block 23 15
block 50 15
block 51 15
block 52 15
block 53 15
block 54 15
block 55 15
block 56 15
block 4 16
block 5 16
block 6 16
block 7 16
block 8 16
block 22 16
block 23 16
block 50 16
block 51 16
block 52 16
block 53 16
block 54 16
block 55 16
block 56 16
block 22 17
block 23 17
block 43 20
block 44 20
block 45 20
block 46 20
block 47 20
block 48 20
block 36 21
block 37 21
block 38 21
block 43 21
block 44 21
block 45 21
block 46 21
block 47 21
block 48 21
block 36 22
block 37 22
block 38 22
block 43 22
block 44 22
block 45 22
block 46 22
block 47 22
block 48 22
block 43 23
block 44 23
block 45 23
block 46 23
block 47 23
block 48 23
block 33 27
block 34 27
block 35 27
block 36 27
block 37 27
block 38 27
block 39 27
block 4 28
block 5 28
block 6 28
block 7 28
block 8 28
block 33 28
block 34 28
block 35 28
block 36 28
block 37 28
block 38 28
block 39 28
##BotsAndCoinsInfo
bot_name 0 starter-bot
bot 0 43 16
bot_coins 0 0
coin 33 9
coin 25 19
coin 15 15
coin 43 13
coin 9 23
coin 49 6
coin 17 8
coin 41 20
coin 48 25
coin 10 3
round 1
bot 0 42 15
round 2
bot 0 41 14
round 3
bot 0 40 13
round 4
bot 0 39 12
round 5
bot 0 38 11
coin 11 22
coin 47 6
coin 46 15
coin 12 13
coin 2 20
coin 56 8
coin 31 1
coin 27 27
coin 23 2
coin 35 26
round 6
bot 0 37 10
round 7
bot 0 36 9
round 8
bot 0 35 8
round 9
bot 0 34 7
round 10
bot 0 33 6
coin 38 26
coin 20 2
coin 36 19
coin 22 9
coin 48 19
coin 10 9
coin 41 8
coin 17 20
coin 53 11
coin 5 17
round 11
bot 0 32 6
round 12
bot 0 31 6
round 13
bot 0 30 6
round 14
bot 0 29 5
round 15
bot 0 28 4
coin 54 1
coin 4 27
coin 55 17
coin 3 11
coin 6 8
coin 52 20
coin 25 27
coin 32 1
coin 31 22
coin 27 6
round 16
bot 0 27 3
round 17
bot 0 26 2
round 18
bot 0 25 1
round 19
bot 0 24 0
round 20
bot 0 23 1
coin_collected 23 2 0
bot_coins 0 1
coin 4 22
coin 54 6
coin 45 24
coin 13 4
coin 17 15
coin 41 13
coin 5 1
coin 53 27
coin 58 14
coin 0 14
round 21
bot 0 22 0
round 22
bot 0 21 1
round 23
bot 0 20 0
round 24
bot 0 19 1
round 25
bot 0 18 0
coin 32 0
coin 26 28
coin 53 10
coin 5 18
coin 42 19
coin 17 9
coin 10 22
coin 48 6
coin 41 5
coin 17 23
round 26
bot 0 17 1
round 27
bot 0 16 0
round 28
bot 0 15 1
round 29
bot 0 14 0
round 30
bot 0 13 1
coin 21 6
coin 37 23
coin 13 20
coin 45 8
coin 29 13
coin 29 15
coin 42 25
coin 16 3
coin 21 5
coin 36 23
round 31
bot 0 12 0
round 32
bot 0 11 1
round 33
bot 0 10 0
round 34
bot 0 9 28
round 35
bot 0 8 27
coin 44 18
coin 13 10
coin 0 5
coin 58 23
coin 19 24
coin 39 5
coin 26 6
coin 32 22
coin 50 11
coin 8 17
round 36
bot 0 7 26
round 37
bot 0 6 25
round 38
bot 0 5 24
round 39
bot 0 4 23
coin_collected 4 22 0
bot_coins 0 2
round 40
bot 0 3 22
coin 54 4
coin 4 24
coin 8 19
coin 50 9
coin 57 20
coin 1 9
coin 35 22
coin 23 6
coin 2 22
coin 56 6
round 41
bot 0 2 21
coin_collected 2 20 0
bot_coins 0 3
coin_collected 2 22 0
bot_coins 0 4
round 42
bot 0 1 20
round 43
bot 0 0 19
round 44
bot 0 1 18
round 45
bot 0 0 17
coin 53 9
coin 5 19
coin 33 6
coin 25 22
coin 18 22
coin 40 6
coin 1 21
coin 57 7
coin 16 21
coin 42 7
round 46
bot 0 1 16
round 47
bot 0 0 15
coin_collected 0 14 0
bot_coins 0 5
round 48
bot 0 1 14
round 49
bot 0 0 13
round 50
bot 0 1 12
coin 10 17
coin 48 11
coin 24 3
coin 34 25
coin 17 12
coin 41 16
coin 3 26
coin 55 2
coin 7 17
coin 51 11
round 51
bot 0 0 11
round 52
bot 0 1 10
coin_collected 1 9 0
bot_coins 0 6
round 53
bot 0 0 9
round 54
bot 0 0 8
round 55
bot 0 0 7
coin 2 19
coin 56 9
coin 9 9
coin 49 19
coin 28 27
coin 30 1
coin 48 12
coin 10 16
coin 28 15
coin 30 13
round 56
bot 0 0 6
coin_collected 0 5 0
bot_coins 0 7
round 57
bot 0 0 5
round 58
bot 0 0 4
round 59
bot 0 1 3
round 60
bot 0 2 3
coin 44 12
coin 14 16
coin 55 6
coin 3 22
coin 58 4
coin 0 24
coin 50 6
coin 8 22
coin 45 26
coin 13 2
round 61
bot 0 3 4
round 62
bot 0 4 5
round 63
bot 0 5 6
round 64
bot 0 6 7
coin_collected 6 8 0
bot_coins 0 8
round 65
bot 0 7 8
coin 31 27
coin 27 1
coin 36 26
coin 22 2
coin 30 25
coin 27 3
coin 33 26
coin 25 2
coin 3 27
coin 55 1
round 66
bot 0 8 7
round 67
bot 0 9 8
coin_collected 9 9 0
bot_coins 0 9
round 68
bot 0 10 7
round 69
bot 0 11 8
round 70
bot 0 12 7
coin 11 28
coin 47 0
coin 42 1
coin 16 27
coin 28 25
coin 30 5
coin 20 14
coin 38 14
coin 38 18
coin 20 10
round 71
bot 0 13 6
round 72
bot 0 14 6
round 73
bot 0 15 6
round 74
bot 0 16 6
round 75
bot 0 17 7
coin_collected 17 8 0
bot_coins 0 10
coin 22 18
coin 36 10
coin 5 7
coin 53 21
coin 56 20
coin 3 8
coin 29 5
coin 29 23
coin 31 5
coin 27 23
round 76
bot 0 18 6
round 77
bot 0 19 7
round 78
bot 0 20 8
round 79
bot 0 21 9
coin_collected 22 9 0
bot_coins 0 11
round 80
bot 0 22 10
coin 38 7
coin 20 21
coin 7 13
coin 49 15
coin 54 2
coin 4 26
coin 16 25
coin 42 3
coin 53 25
coin 5 3
round 81
bot 0 23 11
round 82
bot 0 24 12
round 83
bot 0 25 11
round 84
bot 0 26 12
round 85
bot 0 27 13
coin 45 10
coin 13 18
coin 41 10
coin 17 18
coin 24 8
coin 34 20
coin 9 8
coin 49 20
coin 56 1
coin 2 27
round 86
bot 0 28 14
coin_collected 28 15 0
bot_coins 0 12
round 87
bot 0 29 15
coin_collected 29 15 0
bot_coins 0 13
round 88
bot 0 30 16
round 89
bot 0 31 17
round 90
bot 0 32 18
coin 32 27
coin 26 1
coin 25 10
coin 33 18
coin 17 4
coin 41 24
coin 46 2
coin 12 26
coin 29 20
coin 29 8
round 91
bot 0 33 19
coin_collected 33 18 0
bot_coins 0 14
round 92
bot 0 34 20
coin_collected 34 20 0
bot_coins 0 15
round 93
bot 0 35 20
round 94
bot 0 36 20
coin_collected 36 19 0
bot_coins 0 16
round 95
bot 0 37 20
coin 51 7
coin 7 21
coin 31 16
coin 27 12
coin 46 24
coin 12 4
coin 42 14
coin 16 14
coin 34 9
coin 24 19
round 96
bot 0 38 20
round 97
bot 0 39 21
round 98
bot 0 40 22
round 99
bot 0 41 21
coin_collected 41 20 0
bot_coins 0 17
round 100
bot 0 42 20
coin_collected 42 19 0
bot_coins 0 18
coin 10 18
coin 48 10
coin 39 14
coin 19 14
coin 24 28
coin 32 28
coin 37 13
coin 21 15
coin 18 12
coin 40 16
round 101
bot 0 43 19
round 102
bot 0 44 18
coin_collected 44 18 0
bot_coins 0 19
round 103
bot 0 45 17
round 104
bot 0 46 16
coin_collected 46 15 0
bot_coins 0 20
round 105
bot 0 47 15
coin 40 3
coin 18 25
coin 12 3
coin 46 25
coin 9 15
coin 49 13
coin 32 21
coin 26 7
coin 43 1
coin 15 27
round 106
bot 0 46 14
round 107
bot 0 45 13
round 108
bot 0 44 12
coin_collected 44 12 0
bot_coins 0 21
round 109
bot 0 43 11
round 110
bot 0 42 10
coin_collected 41 10 0
bot_coins 0 22
coin 49 10
coin 9 18
coin 27 10
coin 31 18
coin 46 16
coin 12 12
coin 50 2
coin 8 26
coin 34 22
coin 24 6
round 111
bot 0 41 9
coin_collected 41 8 0
bot_coins 0 23
round 112
bot 0 40 8
round 113
bot 0 39 7
coin_collected 38 7 0
bot_coins 0 24
round 114
bot 0 38 6
round 115
bot 0 39 5
coin_collected 39 5 0
bot_coins 0 25
coin 18 1
coin 40 27
coin 29 25
coin 28 4
coin 26 23
coin 32 5
coin 22 12
coin 36 16
coin 53 13
coin 4 14
round 116
bot 0 40 4
coin_collected 40 3 0
bot_coins 0 26
round 117
bot 0 41 3
coin_collected 42 3 0
bot_coins 0 27
round 118
bot 0 42 2
coin_collected 42 1 0
bot_coins 0 28
round 119
bot 0 43 1
coin_collected 43 1 0
bot_coins 0 29
round 120
bot 0 44 0
coin 57 3
coin 1 25
coin 43 26
coin 15 2
coin 24 18
coin 34 10
coin 38 20
coin 20 8
coin 28 1
coin 30 27
round 121
bot 0 45 1
round 122
bot 0 46 0
coin_collected 47 0 0
bot_coins 0 30
round 123
bot 0 47 0
round 124
bot 0 48 0
round 125
bot 0 49 0
coin 27 18
coin 31 10
coin 42 4
coin 16 24
coin 50 22
coin 8 6
coin 35 9
coin 23 19
coin 26 19
coin 32 9
round 126
bot 0 50 1
coin_collected 50 2 0
bot_coins 0 31
round 127
bot 0 51 0
round 128
bot 0 50 28
round 129
bot 0 49 27
round 130
bot 0 48 26
coin_collected 48 25 0
bot_coins 0 32
coin 42 28
coin 16 0
coin 32 10
coin 26 18
coin 38 13
coin 20 15
coin 7 14
coin 51 13
coin 30 20
coin 28 8
round 131
bot 0 49 25
round 132
bot 0 50 24
round 133
bot 0 51 23
round 134
bot 0 52 22
round 135
bot 0 53 21
coin_collected 53 21 0
bot_coins 0 33
coin 29 1
coin 29 27
coin 6 25
coin 52 3
coin 12 9
coin 46 19
coin 49 14
coin 9 14
coin 1 1
coin 57 27
round 136
bot 0 52 20
coin_collected 52 20 0
bot_coins 0 34
round 137
bot 0 53 19
round 138
bot 0 52 18
round 139
bot 0 53 18
round 140
bot 0 54 18
coin 21 8
coin 37 20
coin 4 21
coin 54 7
coin 55 13
coin 3 15
coin 0 7
coin 58 21
coin 25 25
coin 33 5
round 141
bot 0 55 18
coin_collected 55 17 0
bot_coins 0 35
round 142
bot 0 56 17
round 143
bot 0 57 16
round 144
bot 0 57 15
round 145
bot 0 57 14
coin_collected 58 14 0
bot_coins 0 36
coin 36 25
coin 22 3
coin 0 27
coin 58 1
coin 54 3
coin 4 25
coin 9 16
coin 49 12
coin 33 17
coin 25 11
round 146
bot 0 56 13
coin_collected 55 13 0
bot_coins 0 37
round 147
bot 0 55 12
round 148
bot 0 54 11
coin_collected 53 11 0
bot_coins 0 38
round 149
bot 0 53 10
coin_collected 53 9 0
bot_coins 0 39
coin_collected 53 10 0
bot_coins 0 40
round 150
bot 0 52 9
coin 55 4
coin 3 24
coin 28 28
coin 30 0
coin 57 24
coin 1 3
coin 28 26
coin 31 0
coin 52 11
coin 6 17
round 151
bot 0 51 8
coin_collected 51 7 0
bot_coins 0 41
round 152
bot 0 50 7
coin_collected 50 6 0
bot_coins 0 42
round 153
bot 0 51 6
round 154
bot 0 52 5
round 155
bot 0 53 4
coin_collected 54 4 0
bot_coins 0 43
coin 42 15
coin 17 13
coin 10 25
coin 47 3
coin 54 19
coin 4 9
coin 55 23
coin 3 5
coin 25 18
coin 33 10
round 156
bot 0 54 3
coin_collected 54 2 0
bot_coins 0 44
coin_collected 54 3 0
bot_coins 0 45
round 157
bot 0 55 2
coin_collected 55 1 0
bot_coins 0 46
coin_collected 55 2 0
bot_coins 0 47
round 158
bot 0 56 1
coin_collected 56 1 0
bot_coins 0 48
round 159
bot 0 57 0
round 160
bot 0 58 28
coin 1 13
coin 57 15
coin 27 2
coin 31 26
coin 35 25
coin 23 3
coin 11 7
coin 49 21
coin 15 26
coin 43 2
round 161
bot 0 0 27
coin_collected 0 27 0
bot_coins 0 49
round 162
bot 0 1 26
coin_collected 1 25 0
bot_coins 0 50
round 163
bot 0 2 25
round 164
bot 0 3 24
coin_collected 3 24 0
bot_coins 0 51
coin_collected 4 24 0
bot_coins 0 52
round 165
bot 0 4 23
coin 44 14
coin 14 14
coin 44 3
coin 14 25
coin 30 11
coin 28 17
coin 26 3
coin 32 25
coin 48 13
coin 10 15
round 166
bot 0 5 22
round 167
bot 0 6 21
coin_collected 7 21 0
bot_coins 0 53
round 168
bot 0 7 20
round 169
bot 0 6 19
coin_collected 5 19 0
bot_coins 0 54
round 170
bot 0 7 18
coin_collected 7 17 0
bot_coins 0 55
coin 55 7
coin 3 21
coin 52 21
coin 6 7
coin 46 6
coin 12 22
coin 47 19
coin 11 9
coin 34 18
coin 24 10
round 171
bot 0 8 17
coin_collected 8 17 0
bot_coins 0 56
round 172
bot 0 9 16
coin_collected 9 15 0
bot_coins 0 57
coin_collected 9 16 0
bot_coins 0 58
coin_collected 10 16 0
bot_coins 0 59
round 173
bot 0 10 15
coin_collected 10 15 0
bot_coins 0 60
round 174
bot 0 11 14
round 175
bot 0 12 13
coin_collected 12 12 0
bot_coins 0 61
coin_collected 12 13 0
bot_coins 0 62
coin 13 16
coin 45 12
coin 49 23
coin 9 5
coin 33 13
coin 25 15
coin 34 13
coin 24 15
coin 19 15
coin 39 13
round 176
bot 0 13 14
coin_collected 14 14 0
bot_coins 0 63
round 177
bot 0 14 15
coin_collected 14 16 0
bot_coins 0 64
coin_collected 15 15 0
bot_coins 0 65
round 178
bot 0 15 16
round 179
bot 0 16 17
round 180
bot 0 17 18
coin_collected 17 18 0
bot_coins 0 66
coin 33 8
coin 25 20
coin 31 28
coin 27 0
coin 27 7
coin 31 21
coin 19 6
coin 39 22
coin 32 8
coin 26 20
round 181
bot 0 18 17
round 182
bot 0 19 18
round 183
bot 0 20 19
round 184
bot 0 21 20
round 185
bot 0 22 21
coin 23 21
coin 35 7
coin 30 17
coin 28 11
coin 8 24
coin 50 4
coin 7 25
coin 51 3
coin 47 4
coin 11 24
round 186
bot 0 23 22
coin_collected 23 21 0
bot_coins 0 67
round 187
bot 0 24 23
round 188
bot 0 25 24
coin_collected 25 25 0
bot_coins 0 68
round 189
bot 0 26 25
round 190
bot 0 27 26
coin_collected 27 27 0
bot_coins 0 69
coin_collected 28 26 0
bot_coins 0 70
coin 16 18
coin 42 10
coin 39 20
coin 19 8
coin 30 21
coin 28 7
coin 46 7
coin 12 21
coin 48 28
coin 10 0
round 191
bot 0 28 25
coin_collected 28 25 0
bot_coins 0 71
coin_collected 29 25 0
bot_coins 0 72
round 192
bot 0 29 26
coin_collected 29 27 0
bot_coins 0 73
round 193
bot 0 30 27
coin_collected 30 27 0
bot_coins 0 74
coin_collected 31 27 0
bot_coins 0 75
round 194
bot 0 31 26
coin_collected 31 26 0
bot_coins 0 76
round 195
bot 0 32 26
coin_collected 32 25 0
bot_coins 0 77
coin_collected 32 27 0
bot_coins 0 78
coin_collected 33 26 0
bot_coins 0 79
coin 31 8
coin 27 20
coin 17 0
coin 41 28
coin 36 24
coin 22 4
coin 29 16
coin 29 12
coin 14 21
coin 44 7
round 196
bot 0 33 26
round 197
bot 0 34 26
coin_collected 35 26 0
bot_coins 0 80
coin_collected 34 25 0
bot_coins 0 81
round 198
bot 0 33 25
round 199
bot 0 32 24
round 200
bot 0 31 24
coin 41 11
coin 17 17
coin 40 8
coin 18 20
coin 49 8
coin 9 20
coin 42 1
coin 16 26
coin 54 17
coin 4 11
match_over 0
