match
match_id 1639335425189_ak
match_time 1639335425192
num_bots 1
##MatchConfig
mode FRIENDLY
num_rounds 200
random_seed 42
move_time_limit 5000
coin_spawn_period 5
coin_spawn_volume 10
##MapConfig
map_size 69 27
view_radius 6
mining_radius 2
attack_radius 4
block 7 0
block 8 0
block 9 0
block 10 0
block 11 0
block 12 0
block 13 0
block 14 0
block 15 0
block 43 0
block 44 0
block 45 0
block 46 0
block 47 0
block 48 0
block 49 0
block 65 0
block 66 0
block 67 0
block 7 1
block 8 1
block 9 1
block 43 1
block 44 1
block 45 1
block 46 1
block 47 1
block 48 1
block 49 1
block 65 1
block 66 1
block 67 1
block 36 2
block 37 2
block 38 2
block 39 2
block 40 2
block 43 2
block 44 2
block 45 2
block 46 2
block 47 2
block 48 2
block 49 2
block 32 3
block 33 3
block 34 3
block 35 3
block 36 3
block 37 3
block 38 3
block 39 3
block 40 3
block 43 3
block 44 3
block 45 3
block 46 3
block 47 3
block 48 3
block 49 3
block 32 4
block 33 4
block 34 4
block 35 4
block 36 4
block 37 4
block 38 4
block 39 4
block 40 4
block 32 5
block 33 5
block 34 5
block 35 5
block 36 5
block 37 5
block 38 5
block 39 5
block 40 5
block 42 5
block 43 5
block 44 5
block 45 5
block 49 5
block 50 5
block 51 5
block 32 6
block 33 6
block 34 6
block 35 6
block 42 6
block 43 6
block 44 6
block 45 6
block 49 6
block 50 6
block 51 6
block 52 6
block 53 6
block 49 7
block 50 7
block 51 7
block 52 7
block 53 7
block 0 8
block 22 8
block 23 8
block 24 8
block 25 8
block 26 8
block 40 8
block 41 8
block 42 8
block 43 8
block 44 8
block 45 8
block 46 8
block 48 8
block 49 8
block 50 8
block 51 8
block 52 8
block 53 8
block 54 8
block 56 8
block 57 8
block 58 8
block 59 8
block 60 8
block 61 8
block 62 8
block 66 8
block 67 8
block 68 8
block 0 9
block 22 9
block 23 9
block 24 9
block 25 9
block 26 9
block 40 9
block 41 9
block 42 9
block 43 9
block 44 9
block 45 9
block 46 9
block 48 9
block 49 9
block 50 9
block 51 9
block 52 9
block 53 9
block 54 9
block 56 9
block 57 9
block 58 9
block 59 9
block 60 9
block 61 9
block 62 9
block 66 9
block 67 9
block 68 9
block 0 10
block 3 10
block 4 10
block 22 10
block 23 10
block 24 10
block 25 10
block 26 10
block 40 10
block 41 10
block 42 10
block 43 10
block 44 10
block 45 10
block 46 10
block 48 10
block 49 10
block 50 10
block 51 10
block 52 10
block 53 10
block 54 10
block 56 10
block 57 10
block 58 10
block 59 10
block 60 10
block 61 10
block 62 10
block 66 10
block 67 10
block 68 10
block 0 11
block 3 11
block 4 11
block 15 11
block 16 11
block 17 11
block 18 11
block 19 11
block 22 11
block 23 11
block 24 11
block 25 11
block 26 11
block 40 11
block 41 11
block 42 11
block 43 11
block 44 11
block 45 11
block 46 11
block 48 11
block 49 11
block 50 11
block 51 11
block 52 11
block 53 11
block 54 11
block 56 11
block 57 11
block 58 11
block 59 11
block 60 11
block 61 11
block 62 11
block 63 11
block 64 11
block 65 11
block 66 11
block 67 11
block 68 11
block 0 12
block 3 12
block 4 12
block 15 12
block 16 12
block 17 12
block 18 12
block 19 12
block 22 12
block 23 12
block 24 12
block 25 12
block 26 12
block 28 12
block 29 12
block 30 12
block 31 12
block 32 12
block 33 12
block 48 12
block 49 12
block 50 12
block 51 12
block 52 12
block 53 12
block 54 12
block 56 12
block 57 12
block 58 12
block 59 12
block 60 12
block 61 12
block 62 12
block 63 12
block 64 12
block 65 12
block 66 12
block 67 12
block 68 12
block 0 13
block 22 13
block 23 13
block 24 13
block 25 13
block 26 13
block 28 13
block 29 13
block 30 13
block 31 13
block 32 13
block 33 13
block 48 13
block 49 13
block 50 13
block 51 13
block 52 13
block 53 13
block 54 13
block 61 13
block 62 13
block 63 13
block 64 13
block 65 13
block 66 13
block 67 13
block 68 13
block 0 14
block 22 14
block 23 14
block 24 14
block 25 14
block 26 14
block 28 14
block 29 14
block 30 14
block 31 14
block 32 14
block 33 14
block 48 14
block 49 14
block 50 14
block 51 14
block 52 14
block 53 14
block 54 14
block 61 14
block 62 14
block 63 14
block 64 14
block 65 14
block 66 14
block 67 14
block 68 14
block 28 15
block 29 15
block 30 15
block 31 15
block 32 15
block 33 15
block 61 15
block 62 15
block 63 15
block 64 15
block 65 15
block 66 15
block 67 15
block 7 16
block 8 16
block 9 16
block 10 16
block 11 16
block 12 16
block 13 16
block 28 16
block 29 16
block 30 16
block 31 16
block 32 16
block 33 16
block 34 16
block 35 16
block 36 16
block 37 16
block 38 16
block 53 16
block 54 16
block 55 16
block 56 16
block 61 16
block 62 16
block 63 16
block 64 16
block 65 16
block 66 16
block 67 16
block 5 17
block 6 17
block 7 17
block 8 17
block 9 17
block 10 17
block 11 17
block 12 17
block 13 17
block 28 17
block 29 17
block 30 17
block 31 17
block 32 17
block 33 17
block 34 17
block 35 17
block 36 17
block 37 17
block 38 17
block 39 17
block 40 17
block 41 17
block 42 17
block 43 17
block 53 17
block 54 17
block 55 17
block 56 17
block 57 17
block 5 18
block 6 18
block 7 18
block 8 18
block 9 18
block 10 18
block 11 18
block 12 18
block 13 18
block 28 18
block 29 18
block 30 18
block 31 18
block 32 18
block 33 18
block 34 18
block 35 18
block 36 18
block 37 18
block 38 18
block 39 18
block 40 18
block 41 18
block 42 18
block 43 18
block 54 18
block 55 18
block 56 18
block 57 18
block 5 19
block 6 19
block 7 19
block 8 19
block 9 19
block 10 19
block 11 19
block 12 19
block 13 19
block 34 19
block 35 19
block 36 19
block 37 19
block 38 19
block 39 19
block 40 19
block 41 19
block 42 19
block 43 19
block 54 19
block 55 19
block 56 19
block 57 19
block 5 20
block 6 20
block 7 20
block 8 20
block 9 20
block 10 20
block 11 20
block 12 20
block 13 20
block 34 20
block 35 20
block 36 20
block 37 20
block 38 20
block 54 20
block 55 20
block 56 20
block 57 20
block 5 21
block 6 21
block 7 21
block 8 21
block 9 21
block 10 21
block 11 21
block 12 21
block 13 21
block 34 21
block 35 21
block 36 21
block 37 21
block 38 21
block 54 21
block 55 21
block 56 21
block 57 21
block 62 21
block 63 21
block 64 21
block 65 21
block 66 21
block 67 21
block 68 21
block 5 22
block 6 22
block 7 22
block 8 22
block 9 22
block 10 22
block 11 22
block 12 22
block 13 22
block 34 22
block 35 22
block 36 22
block 37 22
block 38 22
block 54 22
block 55 22
block 56 22
block 57 22
block 62 22
block 63 22
block 64 22
block 65 22
block 66 22
block 67 22
block 68 22
block 5 23
block 6 23
block 7 23
block 54 23
block 55 23
block 56 23
block 57 23
block 62 23
block 63 23
block 64 23
block 65 23
block 66 23
block 67 23
block 68 23
block 43 24
block 44 24
block 45 24
block 46 24
block 47 24
block 48 24
block 49 24
block 62 24
block 63 24
block 64 24
block 65 24
block 66 24
block 67 24
block 68 24
block 10 25
block 11 25
block 12 25
block 13 25
block 14 25
block 15 25
block 43 25
block 44 25
block 45 25
block 46 25
block 47 25
block 48 25
block 49 25
block 62 25
block 63 25
block 64 25
block 65 25
block 66 25
block 67 25
block 68 25
block 10 26
block 11 26
block 12 26
block 13 26
block 14 26
block 15 26
block 43 26
block 44 26
block 45 26
block 46 26
block 47 26
block 48 26
block 49 26
block 62 26
block 63 26
block 64 26
block 65 26
block 66 26
block 67 26
block 68 26
##BotsAndCoinsInfo
bot_name 0 starter-bot
bot 0 56 7
bot_coins 0 0
coin 29 3
coin 39 23
coin 9 15
coin 59 13
coin 30 19
coin 38 7
coin 4 20
coin 64 6
coin 7 2
coin 61 24
round 1
bot 0 56 6
round 2
bot 0 56 5
round 3
bot 0 56 4
round 4
bot 0 56 3
round 5
bot 0 56 2
coin 23 26
coin 42 0
coin 47 9
coin 21 17
coin 59 5
coin 9 23
coin 33 7
coin 33 19
coin 46 7
coin 22 19
round 6
bot 0 56 1
round 7
bot 0 55 1
round 8
bot 0 54 1
round 9
bot 0 53 1
round 10
bot 0 52 1
coin 14 4
coin 53 22
coin 23 24
coin 45 4
coin 26 0
coin 42 26
coin 61 22
coin 7 4
coin 58 3
coin 10 23
round 11
round 12
round 13
match_over 0
round 14
