match
match_id 1639352677464_aj
match_time 1639352677470
num_bots 1
##MatchConfig
mode FRIENDLY
num_rounds 200
random_seed 42
move_time_limit 5000
coin_spawn_period 5
coin_spawn_volume 10
##MapConfig
map_size 75 35
view_radius 6
mining_radius 1
attack_radius 4
block 52 0
block 53 0
block 54 0
block 55 0
block 56 0
block 62 0
block 63 0
block 64 0
block 65 0
block 4 1
block 5 1
block 6 1
block 7 1
block 8 1
block 9 1
block 52 1
block 53 1
block 54 1
block 55 1
block 56 1
block 62 1
block 63 1
block 64 1
block 65 1
block 4 2
block 5 2
block 6 2
block 7 2
block 8 2
block 9 2
block 17 2
block 18 2
block 19 2
block 20 2
block 38 2
block 39 2
block 40 2
block 52 2
block 53 2
block 54 2
block 55 2
block 56 2
block 62 2
block 63 2
block 64 2
block 65 2
block 4 3
block 5 3
block 6 3
block 7 3
block 8 3
block 9 3
block 17 3
block 18 3
block 19 3
block 20 3
block 38 3
block 39 3
block 40 3
block 52 3
block 53 3
block 54 3
block 55 3
block 56 3
block 4 4
block 5 4
block 6 4
block 7 4
block 8 4
block 9 4
block 38 4
block 39 4
block 40 4
block 4 5
block 5 5
block 6 5
block 7 5
block 8 5
block 9 5
block 4 6
block 5 6
block 6 6
block 7 6
block 8 6
block 9 6
block 4 7
block 5 7
block 6 7
block 7 7
block 8 7
block 9 7
block 24 7
block 25 7
block 26 7
block 27 7
block 28 7
block 29 7
block 30 7
block 24 8
block 25 8
block 26 8
block 27 8
block 28 8
block 29 8
block 30 8
block 24 9
block 25 9
block 26 9
block 27 9
block 28 9
block 24 10
block 25 10
block 26 10
block 27 10
block 28 10
block 29 11
block 30 11
block 31 11
block 32 11
block 33 11
block 34 11
block 56 11
block 57 11
block 58 11
block 29 12
block 30 12
block 31 12
block 32 12
block 33 12
block 34 12
block 41 12
block 42 12
block 43 12
block 44 12
block 56 12
block 57 12
block 58 12
block 61 12
block 62 12
block 63 12
block 64 12
block 17 13
block 18 13
block 19 13
block 20 13
block 21 13
block 29 13
block 30 13
block 31 13
block 32 13
block 33 13
block 34 13
block 37 13
block 38 13
block 39 13
block 40 13
block 41 13
block 42 13
block 43 13
block 44 13
block 56 13
block 57 13
block 58 13
block 61 13
block 62 13
block 63 13
block 64 13
block 6 14
block 7 14
block 17 14
block 18 14
block 19 14
block 20 14
block 21 14
block 37 14
block 38 14
block 39 14
block 40 14
block 41 14
block 42 14
block 43 14
block 44 14
block 53 14
block 54 14
block 55 14
block 56 14
block 57 14
block 58 14
block 6 15
block 7 15
block 17 15
block 18 15
block 19 15
block 20 15
block 21 15
block 37 15
block 38 15
block 39 15
block 40 15
block 41 15
block 42 15
block 43 15
block 44 15
block 53 15
block 54 15
block 55 15
block 56 15
block 57 15
block 58 15
block 67 15
block 68 15
block 69 15
block 70 15
block 71 15
block 72 15
block 6 16
block 7 16
block 17 16
block 18 16
block 19 16
block 20 16
block 21 16
block 23 16
block 24 16
block 37 16
block 38 16
block 39 16
block 40 16
block 41 16
block 42 16
block 43 16
block 44 16
block 53 16
block 54 16
block 55 16
block 56 16
block 57 16
block 58 16
block 67 16
block 68 16
block 69 16
block 70 16
block 71 16
block 72 16
block 6 17
block 7 17
block 23 17
block 24 17
block 53 17
block 54 17
block 55 17
block 56 17
block 57 17
block 58 17
block 67 17
block 68 17
block 69 17
block 70 17
block 71 17
block 72 17
block 23 18
block 24 18
block 53 18
block 54 18
block 55 18
block 56 18
block 57 18
block 58 18
block 67 18
block 68 18
block 69 18
block 70 18
block 71 18
block 72 18
block 23 19
block 24 19
block 53 19
block 54 19
block 55 19
block 56 19
block 57 19
block 58 19
block 67 19
block 68 19
block 69 19
block 70 19
block 71 19
block 72 19
block 23 20
block 24 20
block 47 20
block 48 20
block 49 20
block 67 20
block 68 20
block 69 20
block 70 20
block 71 20
block 72 20
block 23 21
block 24 21
block 47 21
block 48 21
block 49 21
block 54 21
block 55 21
block 23 22
block 24 22
block 47 22
block 48 22
block 49 22
block 54 22
block 55 22
block 47 23
block 48 23
block 49 23
block 54 23
block 55 23
block 47 24
block 48 24
block 49 24
block 37 25
block 38 25
block 39 25
block 40 25
block 41 25
block 42 25
block 43 25
block 46 25
block 47 25
block 48 25
block 49 25
block 50 25
block 37 26
block 38 26
block 39 26
block 40 26
block 41 26
block 42 26
block 43 26
block 46 26
block 47 26
block 48 26
block 49 26
block 50 26
block 51 26
block 52 26
block 53 26
block 54 26
block 37 27
block 38 27
block 39 27
block 40 27
block 41 27
block 42 27
block 43 27
block 46 27
block 47 27
block 48 27
block 49 27
block 50 27
block 51 27
block 52 27
block 53 27
block 54 27
block 39 28
block 40 28
block 46 28
block 47 28
block 48 28
block 49 28
block 50 28
block 51 28
block 52 28
block 53 28
block 54 28
block 5 29
block 6 29
block 7 29
block 8 29
block 9 29
block 10 29
block 39 29
block 40 29
block 46 29
block 47 29
block 48 29
block 49 29
block 50 29
block 51 29
block 52 29
block 53 29
block 54 29
block 55 29
block 5 30
block 6 30
block 7 30
block 8 30
block 9 30
block 10 30
block 46 30
block 47 30
block 48 30
block 49 30
block 50 30
block 51 30
block 52 30
block 53 30
block 54 30
block 55 30
block 5 31
block 6 31
block 7 31
block 8 31
block 9 31
block 10 31
block 30 31
block 31 31
block 32 31
block 33 31
block 34 31
block 51 31
block 52 31
block 53 31
block 54 31
block 55 31
block 5 32
block 6 32
block 7 32
block 8 32
block 9 32
block 10 32
block 30 32
block 31 32
block 32 32
block 33 32
block 34 32
block 51 32
block 52 32
block 53 32
block 54 32
block 55 32
block 5 33
block 6 33
block 7 33
block 8 33
block 9 33
block 10 33
block 30 33
block 31 33
block 32 33
block 33 33
block 34 33
block 5 34
block 6 34
block 7 34
block 8 34
block 9 34
block 10 34
block 52 34
block 53 34
block 54 34
block 55 34
block 56 34
block 62 34
block 63 34
block 64 34
block 65 34
##BotsAndCoinsInfo
bot_name 0 starter-bot
bot 0 41 4
bot_coins 0 0
coin 4 33
coin 70 1
coin 46 24
coin 29 10
coin 45 25
coin 29 9
coin 3 3
coin 71 31
coin 19 4
coin 56 30
round 1
bot 0 41 3
round 2
bot 0 41 2
round 3
bot 0 41 1
round 4
bot 0 40 1
round 5
bot 0 39 1
coin 32 30
coin 42 4
coin 51 7
coin 23 27
coin 26 17
coin 48 17
coin 3 5
coin 71 29
coin 43 9
coin 31 25
round 6
bot 0 38 1
round 7
bot 0 37 1
round 8
bot 0 36 1
round 9
bot 0 35 1
round 10
bot 0 34 1
coin 50 8
coin 24 26
coin 26 23
coin 48 11
coin 66 16
coin 8 18
coin 55 4
coin 19 30
coin 36 26
coin 38 8
round 11
bot 0 33 1
round 12
bot 0 32 1
round 13
bot 0 31 1
round 14
bot 0 30 1
round 15
bot 0 29 1
coin 55 6
coin 19 28
coin 5 10
coin 69 24
coin 17 32
coin 57 2
coin 12 33
coin 61 1
coin 13 34
coin 61 0
round 16
bot 0 28 1
round 17
bot 0 27 1
round 18
bot 0 26 1
round 19
bot 0 25 1
round 20
bot 0 24 1
coin 29 5
coin 45 29
coin 23 7
coin 51 25
coin 50 14
coin 25 20
coin 7 28
coin 67 6
coin 10 3
coin 64 31
round 21
bot 0 23 1
round 22
bot 0 22 1
round 23
bot 0 21 1
round 24
bot 0 20 1
round 25
bot 0 19 1
coin 43 0
coin 31 34
coin 8 0
coin 66 34
coin 35 0
coin 39 34
coin 13 14
coin 61 20
coin 36 3
coin 38 31
round 26
bot 0 18 1
round 27
bot 0 17 1
round 28
bot 0 16 1
round 29
bot 0 15 1
round 30
bot 0 15 0
coin 22 19
coin 52 15
coin 2 16
coin 73 18
coin 44 9
coin 30 25
coin 23 4
coin 50 31
coin 0 19
coin 74 15
round 31
bot 0 14 0
round 32
bot 0 13 0
coin_collected 13 34 0
bot_coins 0 1
round 33
bot 0 12 0
round 34
bot 0 11 0
round 35
bot 0 10 0
coin 40 1
coin 34 34
coin 28 14
coin 46 20
coin 73 33
coin 1 1
coin 11 0
coin 63 33
coin 49 31
coin 25 3
round 36
bot 0 9 0
coin_collected 8 0 0
bot_coins 0 2
round 37
bot 0 8 0
round 38
bot 0 7 0
round 39
bot 0 6 0
round 40
bot 0 5 0
coin 0 29
coin 74 5
coin 53 7
coin 21 27
coin 7 0
coin 67 34
coin 10 4
coin 64 30
coin 23 9
coin 52 25
round 41
bot 0 4 0
round 42
bot 0 3 0
round 43
bot 0 2 0
round 44
bot 0 1 0
coin_collected 1 1 0
bot_coins 0 3
round 45
bot 0 0 0
coin 72 26
coin 2 8
coin 50 24
coin 23 10
coin 59 33
coin 15 1
coin 51 1
coin 23 33
coin 26 22
coin 48 12
round 46
bot 0 74 0
round 47
bot 0 73 0
round 48
bot 0 72 0
round 49
bot 0 71 0
round 50
bot 0 71 34
coin 45 20
coin 29 14
coin 57 29
coin 17 5
coin 8 11
coin 66 23
coin 9 16
coin 65 18
coin 25 6
coin 48 31
round 51
bot 0 71 33
round 52
bot 0 70 33
round 53
bot 0 69 33
round 54
bot 0 68 33
round 55
bot 0 67 33
coin_collected 67 34 0
bot_coins 0 4
coin 71 14
coin 3 20
coin 73 16
coin 1 18
coin 6 8
coin 68 26
coin 31 5
coin 43 29
coin 56 9
coin 18 25
round 56
bot 0 66 33
coin_collected 66 34 0
bot_coins 0 5
round 57
bot 0 65 33
round 58
bot 0 64 33
coin_collected 63 33 0
bot_coins 0 6
round 59
bot 0 63 33
round 60
bot 0 62 33
coin 21 33
coin 51 2
coin 8 23
coin 66 11
coin 2 27
coin 72 7
coin 22 28
coin 52 6
coin 58 27
coin 16 7
round 61
bot 0 61 33
round 62
bot 0 60 33
coin_collected 59 33 0
bot_coins 0 7
round 63
bot 0 59 33
round 64
bot 0 58 33
round 65
bot 0 57 33
coin 53 25
coin 21 9
coin 13 12
coin 61 22
coin 73 19
coin 1 15
coin 0 17
coin 74 17
coin 2 23
coin 72 11
round 66
bot 0 56 33
round 67
bot 0 55 33
round 68
bot 0 54 33
round 69
bot 0 53 33
round 70
bot 0 52 33
coin 22 17
coin 52 17
coin 46 13
coin 28 21
coin 30 9
coin 44 25
coin 3 28
coin 71 6
coin 22 16
coin 52 18
round 71
bot 0 51 33
round 72
bot 0 50 33
round 73
bot 0 49 33
round 74
bot 0 48 33
round 75
bot 0 47 33
coin 56 31
coin 18 4
coin 71 10
coin 3 24
coin 31 14
coin 43 20
coin 51 24
coin 23 11
coin 17 31
coin 57 3
round 76
bot 0 46 33
round 77
bot 0 45 33
round 78
bot 0 44 33
round 79
bot 0 43 33
round 80
bot 0 42 33
coin 35 31
coin 39 5
coin 65 20
coin 9 14
coin 40 5
coin 34 29
coin 5 14
coin 69 21
coin 29 31
coin 45 3
round 81
bot 0 41 33
round 82
bot 0 40 33
round 83
bot 0 41 33
round 84
bot 0 40 33
round 85
bot 0 41 33
coin 74 29
coin 0 5
coin 66 8
coin 8 26
coin 31 1
coin 43 33
coin 12 16
coin 62 18
coin 4 17
coin 70 14
round 86
bot 0 40 33
round 87
bot 0 41 33
round 88
bot 0 40 33
round 89
bot 0 41 33
round 90
bot 0 40 33
coin 70 29
coin 3 4
coin 35 4
coin 39 30
coin 24 0
coin 50 34
coin 36 15
coin 38 19
coin 42 28
coin 32 6
round 91
bot 0 41 33
round 92
bot 0 40 33
round 93
bot 0 41 33
round 94
bot 0 40 33
round 95
bot 0 41 33
coin 23 3
coin 50 32
coin 40 12
coin 34 22
coin 66 14
coin 8 20
coin 14 13
coin 60 21
coin 43 19
coin 31 15
round 96
bot 0 40 33
round 97
bot 0 41 33
round 98
bot 0 40 33
round 99
bot 0 41 33
round 100
bot 0 40 33
coin 9 28
coin 65 6
coin 3 18
coin 72 14
coin 44 27
coin 30 6
coin 72 31
coin 2 3
coin 4 20
coin 69 14
round 101
bot 0 41 33
round 102
bot 0 40 33
round 103
bot 0 41 33
round 104
bot 0 40 33
round 105
bot 0 41 33
coin 0 28
coin 74 6
coin 37 3
coin 37 31
coin 19 0
coin 55 33
coin 59 26
coin 15 8
coin 8 8
coin 66 26
round 106
bot 0 40 33
round 107
bot 0 41 33
round 108
bot 0 40 33
round 109
bot 0 41 33
round 110
bot 0 40 33
coin 50 16
coin 25 18
coin 61 28
coin 13 6
coin 48 8
coin 26 26
coin 16 28
coin 58 6
coin 49 12
coin 25 22
round 111
bot 0 41 33
round 112
bot 0 40 33
round 113
bot 0 41 33
round 114
bot 0 40 33
round 115
bot 0 41 33
coin 30 22
coin 44 11
coin 43 22
coin 31 10
coin 66 24
coin 8 10
coin 36 16
coin 38 18
coin 52 14
coin 22 20
round 116
bot 0 40 33
round 117
bot 0 41 33
round 118
bot 0 40 33
round 119
bot 0 41 33
round 120
bot 0 40 33
coin 36 21
coin 38 12
coin 56 10
coin 18 24
coin 63 21
coin 11 13
coin 16 21
coin 59 13
coin 30 10
coin 44 24
round 121
bot 0 41 33
round 122
bot 0 40 33
round 123
bot 0 41 33
round 124
bot 0 40 33
round 125
bot 0 41 33
coin 18 30
coin 56 4
coin 56 25
coin 18 9
coin 3 25
coin 71 9
coin 59 9
coin 15 25
coin 15 26
coin 59 8
round 126
bot 0 40 33
round 127
bot 0 41 33
round 128
bot 0 40 33
round 129
bot 0 41 33
round 130
bot 0 40 33
coin 8 9
coin 66 25
coin 60 26
coin 14 8
coin 64 32
coin 10 2
coin 65 22
coin 9 12
coin 24 1
coin 50 33
round 131
bot 0 41 33
round 132
bot 0 40 33
round 133
bot 0 41 33
round 134
bot 0 40 33
round 135
bot 0 41 33
coin 44 10
coin 30 24
coin 63 11
coin 11 23
coin 35 24
coin 39 10
coin 35 26
coin 39 8
coin 18 17
coin 56 20
round 136
bot 0 40 33
round 137
bot 0 41 33
round 138
bot 0 40 33
round 139
bot 0 41 33
round 140
bot 0 40 33
coin 66 19
coin 8 15
coin 27 12
coin 46 22
coin 10 6
coin 64 28
coin 18 28
coin 56 6
coin 0 20
coin 74 14
round 141
bot 0 41 33
round 142
bot 0 40 33
round 143
bot 0 41 33
round 144
bot 0 40 33
round 145
bot 0 41 33
coin 15 18
coin 59 16
coin 19 22
coin 55 12
coin 32 34
coin 42 0
coin 63 5
coin 11 29
coin 41 8
coin 33 26
round 146
bot 0 40 33
round 147
bot 0 41 33
round 148
bot 0 40 33
round 149
bot 0 41 33
round 150
bot 0 40 33
coin 47 14
coin 27 20
coin 11 31
coin 63 3
coin 60 14
coin 14 20
coin 13 13
coin 61 21
coin 16 22
coin 59 12
round 151
bot 0 41 33
round 152
bot 0 40 33
round 153
bot 0 41 33
round 154
bot 0 40 33
round 155
bot 0 41 33
coin 65 23
coin 9 11
coin 33 34
coin 41 0
coin 68 29
coin 3 6
coin 55 24
coin 19 10
coin 30 0
coin 44 34
round 156
bot 0 40 33
round 157
bot 0 41 33
round 158
bot 0 40 33
round 159
bot 0 41 33
round 160
bot 0 40 33
coin 12 30
coin 62 4
coin 69 29
coin 3 7
coin 37 12
coin 37 22
coin 28 11
coin 46 23
coin 36 32
coin 37 2
round 161
bot 0 41 33
round 162
bot 0 40 33
round 163
bot 0 41 33
round 164
bot 0 40 33
round 165
bot 0 41 33
coin 23 28
coin 51 6
coin 41 28
coin 33 6
coin 11 21
coin 63 14
coin 8 0
coin 66 34
coin 45 26
coin 29 6
round 166
bot 0 40 33
round 167
bot 0 41 33
round 168
bot 0 40 33
round 169
bot 0 41 33
round 170
bot 0 40 33
coin 10 5
coin 64 29
coin 57 26
coin 17 8
coin 61 29
coin 13 5
coin 66 18
coin 8 16
coin 9 23
coin 65 11
round 171
bot 0 41 33
round 172
bot 0 40 33
round 173
bot 0 41 33
round 174
bot 0 40 33
round 175
bot 0 41 33
coin 24 32
coin 50 2
coin 66 12
coin 8 22
coin 60 19
coin 14 15
coin 32 10
coin 42 24
coin 7 12
coin 67 22
round 176
bot 0 40 33
round 177
bot 0 41 33
round 178
bot 0 40 33
round 179
bot 0 41 33
round 180
bot 0 40 33
coin 23 6
coin 55 28
coin 30 14
coin 44 20
coin 31 24
coin 43 10
coin 65 31
coin 11 3
coin 73 15
coin 1 19
round 181
bot 0 41 33
round 182
bot 0 40 33
round 183
bot 0 41 33
round 184
bot 0 40 33
round 185
bot 0 41 33
coin 45 11
coin 29 23
coin 43 17
coin 31 17
coin 2 6
coin 72 28
coin 4 9
coin 70 25
coin 65 28
coin 10 7
round 186
bot 0 40 33
round 187
bot 0 41 33
round 188
bot 0 40 33
round 189
bot 0 41 33
round 190
bot 0 40 33
coin 27 6
coin 45 28
coin 27 25
coin 47 9
coin 27 2
coin 47 32
coin 17 30
coin 57 4
coin 65 16
coin 9 18
round 191
bot 0 41 33
round 192
bot 0 40 33
round 193
bot 0 41 33
round 194
bot 0 40 33
round 195
bot 0 41 33
coin 32 25
coin 42 9
coin 23 5
coin 49 32
coin 56 21
coin 18 12
coin 42 17
coin 32 17
coin 42 20
coin 32 14
round 196
bot 0 40 33
round 197
bot 0 41 33
round 198
bot 0 40 33
round 199
bot 0 41 33
round 200
bot 0 40 33
coin 43 2
coin 31 30
coin 22 18
coin 52 16
coin 28 13
coin 46 21
coin 44 26
coin 31 8
coin 60 32
coin 14 2
match_over 0
