match
match_id 1639151956998_as
match_time 1639151957010
num_bots 1
##MatchConfig
mode FRIENDLY
num_rounds 200
random_seed 42
move_time_limit 1000
coin_spawn_period 5
coin_spawn_volume 2
##MapConfig
map_size 66 24
view_radius 5
mining_radius 2
attack_radius 4
block 7 0
block 8 0
block 9 0
block 10 0
block 58 0
block 59 0
block 60 0
block 61 0
block 7 1
block 8 1
block 9 1
block 10 1
block 12 1
block 13 1
block 14 1
block 15 1
block 16 1
block 58 1
block 59 1
block 60 1
block 61 1
block 0 2
block 1 2
block 2 2
block 3 2
block 4 2
block 5 2
block 12 2
block 13 2
block 14 2
block 15 2
block 16 2
block 58 2
block 59 2
block 60 2
block 61 2
block 0 3
block 1 3
block 2 3
block 3 3
block 4 3
block 5 3
block 6 3
block 7 3
block 58 3
block 59 3
block 60 3
block 61 3
block 4 4
block 5 4
block 6 4
block 7 4
block 4 5
block 5 5
block 6 5
block 7 5
block 4 6
block 5 6
block 6 6
block 7 6
block 4 7
block 5 7
block 6 7
block 7 7
block 8 7
block 9 7
block 10 7
block 11 7
block 12 7
block 13 7
block 4 8
block 5 8
block 6 8
block 7 8
block 8 8
block 9 8
block 10 8
block 11 8
block 12 8
block 13 8
block 4 9
block 5 9
block 6 9
block 7 9
block 0 10
block 1 10
block 2 10
block 3 10
block 60 10
block 61 10
block 62 10
block 63 10
block 64 10
block 65 10
block 0 11
block 1 11
block 2 11
block 3 11
block 29 11
block 30 11
block 31 11
block 32 11
block 33 11
block 34 11
block 35 11
block 36 11
block 37 11
block 60 11
block 61 11
block 62 11
block 63 11
block 64 11
block 65 11
block 0 12
block 1 12
block 2 12
block 3 12
block 29 12
block 30 12
block 31 12
block 32 12
block 33 12
block 34 12
block 35 12
block 36 12
block 37 12
block 38 12
block 39 12
block 60 12
block 61 12
block 62 12
block 63 12
block 64 12
block 65 12
block 0 13
block 1 13
block 2 13
block 3 13
block 8 13
block 9 13
block 10 13
block 11 13
block 12 13
block 25 13
block 26 13
block 27 13
block 28 13
block 29 13
block 30 13
block 31 13
block 32 13
block 33 13
block 34 13
block 35 13
block 36 13
block 37 13
block 38 13
block 39 13
block 60 13
block 61 13
block 62 13
block 63 13
block 64 13
block 65 13
block 0 14
block 1 14
block 2 14
block 3 14
block 8 14
block 9 14
block 10 14
block 11 14
block 12 14
block 13 14
block 14 14
block 15 14
block 25 14
block 26 14
block 27 14
block 28 14
block 29 14
block 30 14
block 31 14
block 32 14
block 33 14
block 34 14
block 35 14
block 36 14
block 37 14
block 38 14
block 39 14
block 60 14
block 61 14
block 62 14
block 63 14
block 64 14
block 65 14
block 0 15
block 1 15
block 2 15
block 3 15
block 8 15
block 9 15
block 10 15
block 11 15
block 12 15
block 13 15
block 14 15
block 15 15
block 16 15
block 25 15
block 26 15
block 27 15
block 28 15
block 29 15
block 30 15
block 31 15
block 32 15
block 33 15
block 34 15
block 35 15
block 57 15
block 58 15
block 59 15
block 60 15
block 61 15
block 62 15
block 63 15
block 64 15
block 65 15
block 0 16
block 1 16
block 2 16
block 3 16
block 8 16
block 9 16
block 10 16
block 11 16
block 12 16
block 13 16
block 14 16
block 15 16
block 16 16
block 25 16
block 26 16
block 27 16
block 28 16
block 29 16
block 30 16
block 31 16
block 32 16
block 33 16
block 57 16
block 58 16
block 59 16
block 60 16
block 61 16
block 62 16
block 63 16
block 64 16
block 65 16
block 7 17
block 8 17
block 9 17
block 10 17
block 11 17
block 12 17
block 13 17
block 14 17
block 15 17
block 16 17
block 25 17
block 26 17
block 27 17
block 28 17
block 29 17
block 30 17
block 31 17
block 32 17
block 33 17
block 57 17
block 58 17
block 59 17
block 60 17
block 61 17
block 62 17
block 7 18
block 8 18
block 9 18
block 10 18
block 11 18
block 12 18
block 13 18
block 14 18
block 15 18
block 16 18
block 25 18
block 26 18
block 27 18
block 28 18
block 29 18
block 30 18
block 31 18
block 57 18
block 58 18
block 59 18
block 60 18
block 61 18
block 62 18
block 7 19
block 8 19
block 9 19
block 10 19
block 11 19
block 12 19
block 13 19
block 14 19
block 15 19
block 16 19
block 26 19
block 27 19
block 28 19
block 29 19
block 30 19
block 31 19
block 7 20
block 8 20
block 9 20
block 10 20
block 11 20
block 12 20
block 14 20
block 15 20
block 16 20
block 26 20
block 27 20
block 28 20
block 29 20
block 30 20
block 31 20
block 7 21
block 8 21
block 9 21
block 10 21
block 11 21
block 12 21
block 27 21
block 28 21
block 29 21
block 30 21
block 31 21
block 7 22
block 8 22
block 9 22
block 10 22
block 27 22
block 28 22
block 29 22
block 30 22
block 31 22
block 45 22
block 46 22
block 47 22
block 48 22
block 49 22
block 50 22
block 51 22
block 52 22
block 7 23
block 8 23
block 9 23
block 10 23
block 45 23
block 46 23
block 47 23
block 48 23
block 49 23
block 50 23
block 51 23
block 52 23
##BotsAndCoinsInfo
bot_name 0 starter-bot
bot 0 44 8
bot_coins 0 0
coin 62 3
coin 3 20
round 1
bot 0 43 8
round 2
bot 0 42 8
round 3
bot 0 41 8
round 4
bot 0 40 8
round 5
bot 0 39 8
coin 32 20
coin 33 3
round 6
bot 0 38 8
round 7
bot 0 37 8
round 8
bot 0 36 8
round 9
bot 0 35 8
round 10
bot 0 36 7
coin 36 15
coin 29 8
round 11
bot 0 37 6
round 12
bot 0 38 5
round 13
bot 0 39 4
round 14
bot 0 40 3
round 15
bot 0 41 2
coin 23 14
coin 42 9
round 16
bot 0 42 1
round 17
bot 0 42 2
round 18
bot 0 42 3
round 19
bot 0 42 4
round 20
bot 0 42 5
coin 43 5
coin 22 18
round 21
bot 0 42 6
coin_collected 43 5 0
bot_coins 0 1
round 22
bot 0 42 7
coin_collected 42 9 0
bot_coins 0 2
round 23
bot 0 42 8
round 24
bot 0 42 9
round 25
bot 0 42 10
coin 44 14
coin 21 9
round 26
bot 0 43 10
round 27
bot 0 44 10
round 28
bot 0 45 10
round 29
bot 0 46 10
round 30
bot 0 47 10
coin 24 12
coin 41 11
round 31
bot 0 48 10
round 32
bot 0 49 10
round 33
bot 0 50 10
round 34
bot 0 51 11
round 35
bot 0 52 12
coin 2 8
coin 63 17
round 36
bot 0 53 13
round 37
bot 0 54 14
round 38
bot 0 55 15
round 39
bot 0 56 16
round 40
coin 48 18
coin 17 5
round 41
bot 0 56 15
round 42
bot 0 56 14
round 43
bot 0 56 13
round 44
bot 0 56 12
round 45
bot 0 56 11
coin 55 17
coin 10 6
round 46
bot 0 56 10
round 47
bot 0 56 9
round 48
bot 0 56 8
round 49
bot 0 57 7
round 50
bot 0 58 6
coin 32 7
coin 34 16
round 51
bot 0 59 5
round 52
bot 0 60 4
round 53
round 54
round 55
coin 14 9
coin 51 14
round 56
bot 0 61 4
coin_collected 62 3 0
bot_coins 0 3
round 57
bot 0 62 4
round 58
bot 0 63 4
round 59
bot 0 64 4
round 60
bot 0 65 4
coin 23 9
coin 42 14
round 61
bot 0 0 4
round 62
bot 0 1 4
round 63
round 64
round 65
coin 10 10
coin 55 13
round 66
round 67
round 68
round 69
round 70
coin 37 6
coin 25 19
round 71
round 72
round 73
round 74
round 75
coin 22 12
coin 43 11
round 76
round 77
round 78
bot 0 0 5
round 79
bot 0 65 6
round 80
bot 0 64 7
coin 56 5
coin 7 16
round 81
bot 0 63 8
round 82
bot 0 62 9
round 83
round 84
round 85
coin 65 23
coin 0 0
round 86
round 87
round 88
round 89
round 90
coin 54 13
coin 11 10
round 91
round 92
round 93
round 94
round 95
coin 43 12
coin 22 11
round 96
round 97
round 98
round 99
round 100
coin 35 1
coin 30 23
round 101
round 102
round 103
round 104
round 105
coin 23 1
coin 42 22
round 106
round 107
round 108
round 109
round 110
coin 65 6
coin 0 17
round 111
round 112
round 113
round 114
round 115
coin 1 23
coin 64 0
round 116
round 117
round 118
round 119
round 120
coin 6 19
coin 59 4
round 121
bot 0 63 9
round 122
bot 0 64 9
round 123
bot 0 65 9
round 124
bot 0 0 9
round 125
bot 0 1 9
coin_collected 2 8 0
bot_coins 0 4
coin 37 8
coin 28 12
round 126
bot 0 2 9
round 127
bot 0 3 9
round 128
round 129
bot 0 4 10
round 130
bot 0 5 11
coin 8 4
coin 57 19
round 131
bot 0 6 12
round 132
bot 0 7 13
round 133
round 134
round 135
coin 2 9
coin 64 17
round 136
round 137
round 138
round 139
round 140
coin 55 19
coin 10 4
round 141
round 142
round 143
round 144
bot 0 6 13
round 145
bot 0 5 13
coin 27 3
coin 38 20
round 146
bot 0 4 13
round 147
round 148
round 149
round 150
coin 1 9
coin 65 17
round 151
round 152
round 153
round 154
round 155
coin 26 1
coin 39 22
round 156
round 157
round 158
round 159
round 160
coin 26 2
coin 39 21
round 161
round 162
round 163
bot 0 5 14
round 164
bot 0 6 15
coin_collected 7 16 0
bot_coins 0 5
round 165
bot 0 7 16
coin 38 7
coin 24 16
round 166
round 167
round 168
round 169
round 170
bot 0 6 17
coin_collected 6 19 0
bot_coins 0 6
coin 45 3
coin 20 20
round 171
bot 0 5 18
round 172
bot 0 4 19
coin_collected 3 20 0
bot_coins 0 7
round 173
bot 0 3 20
round 174
bot 0 2 21
round 175
bot 0 1 22
coin_collected 1 23 0
bot_coins 0 8
coin 16 5
coin 49 18
round 176
bot 0 2 23
round 177
bot 0 3 0
round 178
bot 0 4 1
round 179
round 180
coin 13 13
coin 52 10
round 181
round 182
round 183
round 184
round 185
coin 1 5
coin 64 18
round 186
round 187
round 188
round 189
round 190
coin 62 4
coin 3 19
round 191
bot 0 5 1
round 192
bot 0 6 1
round 193
round 194
round 195
coin 65 21
coin 65 2
round 196
round 197
bot 0 6 0
round 198
bot 0 6 23
round 199
bot 0 6 22
round 200
bot 0 6 21
coin 54 10
coin 11 12
match_over 0
